[ 2002-01-03T23:10:09+08:00 ] 127.0.0.1 /
INFO: [ app_begin ] --START--
INFO: Run ReadHtmlCache Behavior [ RunTime:0.000000s ]
INFO: [ app_begin ] --END-- [ RunTime:0.000000s ]
NOTIC: [2048] Declaration of IndexAction::show() should be compatible with that of Action::show() E:\www\szjiusc\Lib\Action\IndexAction.class.php 第 70 行.
INFO: [ view_template ] --START--
INFO: Run LocationTemplate Behavior [ RunTime:0.004225s ]
INFO: [ view_template ] --END-- [ RunTime:0.004367s ]
INFO: [ view_parse ] --START--
INFO: Run ParseTemplate Behavior [ RunTime:0.016012s ]
INFO: [ view_parse ] --END-- [ RunTime:0.016195s ]
INFO: [ view_filter ] --START--
INFO: Run ContentReplace Behavior [ RunTime:0.000730s ]
INFO: Run TokenBuild Behavior [ RunTime:0.000749s ]
INFO: Run WriteHtmlCache Behavior [ RunTime:0.000595s ]
INFO: Run ShowRuntime Behavior [ RunTime:0.000990s ]
INFO: [ view_filter ] --END-- [ RunTime:0.003819s ]
INFO: [ view_end ] --START--
INFO: Run ShowPageTrace Behavior [ RunTime:-0.004919s ]
INFO: [ view_end ] --END-- [ RunTime:-0.004823s ]

[ 2002-01-03T23:10:15+08:00 ] 127.0.0.1 /
INFO: [ app_begin ] --START--
INFO: Run ReadHtmlCache Behavior [ RunTime:0.000000s ]
INFO: [ app_begin ] --END-- [ RunTime:0.000000s ]
NOTIC: [2048] Declaration of IndexAction::show() should be compatible with that of Action::show() E:\www\szjiusc\Lib\Action\IndexAction.class.php 第 70 行.
INFO: [ view_template ] --START--
INFO: Run LocationTemplate Behavior [ RunTime:0.000690s ]
INFO: [ view_template ] --END-- [ RunTime:0.008371s ]
INFO: [ view_parse ] --START--
INFO: Run ParseTemplate Behavior [ RunTime:0.013982s ]
INFO: [ view_parse ] --END-- [ RunTime:0.014306s ]
INFO: [ view_filter ] --START--
INFO: Run ContentReplace Behavior [ RunTime:-0.008873s ]
INFO: Run TokenBuild Behavior [ RunTime:0.000000s ]
INFO: Run WriteHtmlCache Behavior [ RunTime:0.000000s ]
INFO: Run ShowRuntime Behavior [ RunTime:0.000000s ]
INFO: [ view_filter ] --END-- [ RunTime:-0.008773s ]
INFO: [ view_end ] --START--
INFO: Run ShowPageTrace Behavior [ RunTime:0.000000s ]
INFO: [ view_end ] --END-- [ RunTime:0.000000s ]

[ 2002-01-03T23:10:17+08:00 ] 127.0.0.1 /index.php/Index/show/id/1
INFO: [ route_check ] --START--
INFO: Run CheckRoute Behavior [ RunTime:0.019440s ]
INFO: [ route_check ] --END-- [ RunTime:0.019588s ]
INFO: [ app_begin ] --START--
INFO: Run ReadHtmlCache Behavior [ RunTime:0.001247s ]
INFO: [ app_begin ] --END-- [ RunTime:0.001582s ]
NOTIC: [2048] Declaration of IndexAction::show() should be compatible with that of Action::show() E:\www\szjiusc\Lib\Action\IndexAction.class.php 第 70 行.
INFO: [ view_template ] --START--
INFO: Run LocationTemplate Behavior [ RunTime:0.001549s ]
INFO: [ view_template ] --END-- [ RunTime:0.001880s ]
INFO: [ view_parse ] --START--
INFO: Run ParseTemplate Behavior [ RunTime:0.043265s ]
INFO: [ view_parse ] --END-- [ RunTime:0.043538s ]
INFO: [ view_filter ] --START--
INFO: Run ContentReplace Behavior [ RunTime:0.000770s ]
INFO: Run TokenBuild Behavior [ RunTime:0.000770s ]
INFO: Run WriteHtmlCache Behavior [ RunTime:0.000461s ]
INFO: Run ShowRuntime Behavior [ RunTime:0.001003s ]
INFO: [ view_filter ] --END-- [ RunTime:0.003632s ]
INFO: [ view_end ] --START--
INFO: Run ShowPageTrace Behavior [ RunTime:0.001198s ]
INFO: [ view_end ] --END-- [ RunTime:0.001444s ]

[ 2002-01-03T23:10:25+08:00 ] 127.0.0.1 /index.php/Index/addCart
INFO: [ route_check ] --START--
INFO: Run CheckRoute Behavior [ RunTime:-0.004774s ]
INFO: [ route_check ] --END-- [ RunTime:-0.004497s ]
INFO: [ app_begin ] --START--
INFO: Run ReadHtmlCache Behavior [ RunTime:-0.010280s ]
INFO: [ app_begin ] --END-- [ RunTime:-0.010176s ]
NOTIC: [2048] Declaration of IndexAction::show() should be compatible with that of Action::show() E:\www\szjiusc\Lib\Action\IndexAction.class.php 第 70 行.
NOTIC: [8] Undefined index:  cart D:\ThinkPHP\Extend\Library\ORG\Util\Cart.class.php 第 23 行.
NOTIC: [8] Undefined index:  cart D:\ThinkPHP\Extend\Library\ORG\Util\Cart.class.php 第 25 行.
NOTIC: [8] Undefined index:  cart D:\ThinkPHP\Extend\Library\ORG\Util\Cart.class.php 第 26 行.
NOTIC: [8] Undefined index:  cart D:\ThinkPHP\Extend\Library\ORG\Util\Cart.class.php 第 27 行.
NOTIC: [8] Undefined index:  cart D:\ThinkPHP\Extend\Library\ORG\Util\Cart.class.php 第 28 行.
NOTIC: [8] Undefined index:  cart D:\ThinkPHP\Extend\Library\ORG\Util\Cart.class.php 第 29 行.

[ 2002-01-03T23:10:33+08:00 ] 127.0.0.1 /index.php/Index/addCart
INFO: [ route_check ] --START--
INFO: Run CheckRoute Behavior [ RunTime:0.001674s ]
INFO: [ route_check ] --END-- [ RunTime:0.001967s ]
INFO: [ app_begin ] --START--
INFO: Run ReadHtmlCache Behavior [ RunTime:0.001117s ]
INFO: [ app_begin ] --END-- [ RunTime:0.001467s ]
NOTIC: [2048] Declaration of IndexAction::show() should be compatible with that of Action::show() E:\www\szjiusc\Lib\Action\IndexAction.class.php 第 70 行.
NOTIC: [8] Undefined index:  coupon D:\ThinkPHP\Extend\Library\ORG\Util\Cart.class.php 第 25 行.
NOTIC: [8] Undefined index:  discount D:\ThinkPHP\Extend\Library\ORG\Util\Cart.class.php 第 26 行.
NOTIC: [8] Undefined index:  coupon_price D:\ThinkPHP\Extend\Library\ORG\Util\Cart.class.php 第 27 行.

[ 2002-01-03T23:11:20+08:00 ] ERR: (ThinkException) 无法加载模块:index
[ 2002-01-03T23:11:24+08:00 ] ERR: (ThinkException) 非法操作:cart
[ 2002-01-03T23:11:24+08:00 ] 127.0.0.1 /index.php/Index/cart
INFO: [ route_check ] --START--
INFO: Run CheckRoute Behavior [ RunTime:0.002402s ]
INFO: [ route_check ] --END-- [ RunTime:0.002532s ]
INFO: [ app_begin ] --START--
INFO: Run ReadHtmlCache Behavior [ RunTime:0.000000s ]
INFO: [ app_begin ] --END-- [ RunTime:0.000000s ]
NOTIC: [2048] Declaration of IndexAction::show() should be compatible with that of Action::show() E:\www\szjiusc\Lib\Action\IndexAction.class.php 第 70 行.
NOTIC: [8] Undefined index:  class D:\ThinkPHP\Lib\Core\ThinkException.class.php 第 63 行.
NOTIC: [8] Undefined index:  type D:\ThinkPHP\Lib\Core\ThinkException.class.php 第 63 行.
NOTIC: [8] Undefined index:  file D:\ThinkPHP\Lib\Core\ThinkException.class.php 第 62 行.
NOTIC: [8] Undefined index:  line D:\ThinkPHP\Lib\Core\ThinkException.class.php 第 62 行.
NOTIC: [4096] Object of class IndexAction could not be converted to string D:\ThinkPHP\Lib\Core\ThinkException.class.php 第 64 行.
NOTIC: [8] Array to string conversion D:\ThinkPHP\Lib\Core\ThinkException.class.php 第 64 行.
NOTIC: [8] Undefined index:  class D:\ThinkPHP\Lib\Core\ThinkException.class.php 第 63 行.
NOTIC: [8] Undefined index:  type D:\ThinkPHP\Lib\Core\ThinkException.class.php 第 63 行.
NOTIC: [8] Undefined index:  class D:\ThinkPHP\Lib\Core\ThinkException.class.php 第 63 行.
NOTIC: [8] Undefined index:  type D:\ThinkPHP\Lib\Core\ThinkException.class.php 第 63 行.

[ 2002-01-03T23:11:28+08:00 ] ERR: (ThinkException) 非法操作:Cart
[ 2002-01-03T23:11:28+08:00 ] 127.0.0.1 /index.php/Index/Cart
INFO: [ route_check ] --START--
INFO: Run CheckRoute Behavior [ RunTime:0.001451s ]
INFO: [ route_check ] --END-- [ RunTime:0.001733s ]
INFO: [ app_begin ] --START--
INFO: Run ReadHtmlCache Behavior [ RunTime:0.001138s ]
INFO: [ app_begin ] --END-- [ RunTime:0.001470s ]
NOTIC: [2048] Declaration of IndexAction::show() should be compatible with that of Action::show() E:\www\szjiusc\Lib\Action\IndexAction.class.php 第 70 行.
NOTIC: [8] Undefined index:  class D:\ThinkPHP\Lib\Core\ThinkException.class.php 第 63 行.
NOTIC: [8] Undefined index:  type D:\ThinkPHP\Lib\Core\ThinkException.class.php 第 63 行.
NOTIC: [8] Undefined index:  file D:\ThinkPHP\Lib\Core\ThinkException.class.php 第 62 行.
NOTIC: [8] Undefined index:  line D:\ThinkPHP\Lib\Core\ThinkException.class.php 第 62 行.
NOTIC: [4096] Object of class IndexAction could not be converted to string D:\ThinkPHP\Lib\Core\ThinkException.class.php 第 64 行.
NOTIC: [8] Array to string conversion D:\ThinkPHP\Lib\Core\ThinkException.class.php 第 64 行.
NOTIC: [8] Undefined index:  class D:\ThinkPHP\Lib\Core\ThinkException.class.php 第 63 行.
NOTIC: [8] Undefined index:  type D:\ThinkPHP\Lib\Core\ThinkException.class.php 第 63 行.
NOTIC: [8] Undefined index:  class D:\ThinkPHP\Lib\Core\ThinkException.class.php 第 63 行.
NOTIC: [8] Undefined index:  type D:\ThinkPHP\Lib\Core\ThinkException.class.php 第 63 行.

[ 2002-01-03T23:12:15+08:00 ] ERR: (ThinkException) 模板不存在[E:/www/szjiusc/Tpl/Index/myCart.html]
[ 2002-01-03T23:12:15+08:00 ] 127.0.0.1 /index.php/Index/myCart
INFO: [ route_check ] --START--
INFO: Run CheckRoute Behavior [ RunTime:0.001398s ]
INFO: [ route_check ] --END-- [ RunTime:0.001537s ]
INFO: [ app_begin ] --START--
INFO: Run ReadHtmlCache Behavior [ RunTime:0.001151s ]
INFO: [ app_begin ] --END-- [ RunTime:0.001531s ]
NOTIC: [2048] Declaration of IndexAction::show() should be compatible with that of Action::show() E:\www\szjiusc\Lib\Action\IndexAction.class.php 第 70 行.
NOTIC: [8] Undefined index:  coupon D:\ThinkPHP\Extend\Library\ORG\Util\Cart.class.php 第 25 行.
NOTIC: [8] Undefined index:  discount D:\ThinkPHP\Extend\Library\ORG\Util\Cart.class.php 第 26 行.
NOTIC: [8] Undefined index:  coupon_price D:\ThinkPHP\Extend\Library\ORG\Util\Cart.class.php 第 27 行.
INFO: [ view_template ] --START--
NOTIC: [8] Undefined index:  class D:\ThinkPHP\Lib\Core\ThinkException.class.php 第 63 行.
NOTIC: [8] Undefined index:  type D:\ThinkPHP\Lib\Core\ThinkException.class.php 第 63 行.
NOTIC: [8] Undefined index:  class D:\ThinkPHP\Lib\Core\ThinkException.class.php 第 63 行.
NOTIC: [8] Undefined index:  type D:\ThinkPHP\Lib\Core\ThinkException.class.php 第 63 行.
NOTIC: [8] Undefined index:  file D:\ThinkPHP\Lib\Core\ThinkException.class.php 第 62 行.
NOTIC: [8] Undefined index:  line D:\ThinkPHP\Lib\Core\ThinkException.class.php 第 62 行.
NOTIC: [4096] Object of class IndexAction could not be converted to string D:\ThinkPHP\Lib\Core\ThinkException.class.php 第 64 行.
NOTIC: [8] Undefined index:  class D:\ThinkPHP\Lib\Core\ThinkException.class.php 第 63 行.
NOTIC: [8] Undefined index:  type D:\ThinkPHP\Lib\Core\ThinkException.class.php 第 63 行.
NOTIC: [8] Undefined index:  class D:\ThinkPHP\Lib\Core\ThinkException.class.php 第 63 行.
NOTIC: [8] Undefined index:  type D:\ThinkPHP\Lib\Core\ThinkException.class.php 第 63 行.

[ 2002-01-03T23:12:57+08:00 ] 127.0.0.1 /index.php/Index/mycart
INFO: [ route_check ] --START--
INFO: Run CheckRoute Behavior [ RunTime:0.010163s ]
INFO: [ route_check ] --END-- [ RunTime:0.010311s ]
INFO: [ app_begin ] --START--
INFO: Run ReadHtmlCache Behavior [ RunTime:0.001156s ]
INFO: [ app_begin ] --END-- [ RunTime:0.001404s ]
NOTIC: [2048] Declaration of IndexAction::show() should be compatible with that of Action::show() E:\www\szjiusc\Lib\Action\IndexAction.class.php 第 70 行.
NOTIC: [8] Undefined index:  coupon D:\ThinkPHP\Extend\Library\ORG\Util\Cart.class.php 第 25 行.
NOTIC: [8] Undefined index:  discount D:\ThinkPHP\Extend\Library\ORG\Util\Cart.class.php 第 26 行.
NOTIC: [8] Undefined index:  coupon_price D:\ThinkPHP\Extend\Library\ORG\Util\Cart.class.php 第 27 行.
INFO: [ view_template ] --START--
INFO: Run LocationTemplate Behavior [ RunTime:0.001062s ]
INFO: [ view_template ] --END-- [ RunTime:0.001333s ]
INFO: [ view_parse ] --START--
NOTIC: [8] Undefined index:  image E:\www\szjiusc\Runtime\Cache\82fc55699211f8be4da108fa402bbc82.php 第 96 行.
INFO: Run ParseTemplate Behavior [ RunTime:0.028867s ]
INFO: [ view_parse ] --END-- [ RunTime:0.028970s ]
INFO: [ view_filter ] --START--
INFO: Run ContentReplace Behavior [ RunTime:0.000000s ]
INFO: Run TokenBuild Behavior [ RunTime:0.007781s ]
INFO: Run WriteHtmlCache Behavior [ RunTime:0.000971s ]
INFO: Run ShowRuntime Behavior [ RunTime:0.001326s ]
INFO: [ view_filter ] --END-- [ RunTime:0.010547s ]
INFO: [ view_end ] --START--
INFO: Run ShowPageTrace Behavior [ RunTime:-0.010931s ]
INFO: [ view_end ] --END-- [ RunTime:-0.010828s ]

[ 2002-01-03T23:15:10+08:00 ] 127.0.0.1 /index.php/Index/mycart
INFO: [ route_check ] --START--
INFO: Run CheckRoute Behavior [ RunTime:0.000000s ]
INFO: [ route_check ] --END-- [ RunTime:0.000000s ]
INFO: [ app_begin ] --START--
INFO: Run ReadHtmlCache Behavior [ RunTime:0.001600s ]
INFO: [ app_begin ] --END-- [ RunTime:0.001943s ]
NOTIC: [2048] Declaration of IndexAction::show() should be compatible with that of Action::show() E:\www\szjiusc\Lib\Action\IndexAction.class.php 第 70 行.
NOTIC: [8] Undefined index:  coupon D:\ThinkPHP\Extend\Library\ORG\Util\Cart.class.php 第 25 行.
NOTIC: [8] Undefined index:  discount D:\ThinkPHP\Extend\Library\ORG\Util\Cart.class.php 第 26 行.
NOTIC: [8] Undefined index:  coupon_price D:\ThinkPHP\Extend\Library\ORG\Util\Cart.class.php 第 27 行.
INFO: [ view_template ] --START--
INFO: Run LocationTemplate Behavior [ RunTime:0.001545s ]
INFO: [ view_template ] --END-- [ RunTime:0.001873s ]
INFO: [ view_parse ] --START--
NOTIC: [8] Undefined index:  image E:\www\szjiusc\Runtime\Cache\82fc55699211f8be4da108fa402bbc82.php 第 97 行.
INFO: Run ParseTemplate Behavior [ RunTime:0.014757s ]
INFO: [ view_parse ] --END-- [ RunTime:0.014998s ]
INFO: [ view_filter ] --START--
INFO: Run ContentReplace Behavior [ RunTime:0.013997s ]
INFO: Run TokenBuild Behavior [ RunTime:0.001172s ]
INFO: Run WriteHtmlCache Behavior [ RunTime:0.000806s ]
INFO: Run ShowRuntime Behavior [ RunTime:0.001500s ]
INFO: [ view_filter ] --END-- [ RunTime:0.018163s ]
INFO: [ view_end ] --START--
INFO: Run ShowPageTrace Behavior [ RunTime:-0.012456s ]
INFO: [ view_end ] --END-- [ RunTime:-0.012352s ]

[ 2002-01-03T23:15:16+08:00 ] 127.0.0.1 /index.php/Index/addCart
INFO: [ route_check ] --START--
INFO: Run CheckRoute Behavior [ RunTime:0.009741s ]
INFO: [ route_check ] --END-- [ RunTime:0.010023s ]
INFO: [ app_begin ] --START--
INFO: Run ReadHtmlCache Behavior [ RunTime:0.001077s ]
INFO: [ app_begin ] --END-- [ RunTime:0.001283s ]
NOTIC: [2048] Declaration of IndexAction::show() should be compatible with that of Action::show() E:\www\szjiusc\Lib\Action\IndexAction.class.php 第 70 行.
NOTIC: [8] Undefined index:  coupon D:\ThinkPHP\Extend\Library\ORG\Util\Cart.class.php 第 25 行.
NOTIC: [8] Undefined index:  discount D:\ThinkPHP\Extend\Library\ORG\Util\Cart.class.php 第 26 行.
NOTIC: [8] Undefined index:  coupon_price D:\ThinkPHP\Extend\Library\ORG\Util\Cart.class.php 第 27 行.

[ 2002-01-03T23:15:18+08:00 ] 127.0.0.1 /index.php/Index/mycart
INFO: [ route_check ] --START--
INFO: Run CheckRoute Behavior [ RunTime:0.000000s ]
INFO: [ route_check ] --END-- [ RunTime:0.000000s ]
INFO: [ app_begin ] --START--
INFO: Run ReadHtmlCache Behavior [ RunTime:0.000000s ]
INFO: [ app_begin ] --END-- [ RunTime:0.000000s ]
NOTIC: [2048] Declaration of IndexAction::show() should be compatible with that of Action::show() E:\www\szjiusc\Lib\Action\IndexAction.class.php 第 70 行.
NOTIC: [8] Undefined index:  coupon D:\ThinkPHP\Extend\Library\ORG\Util\Cart.class.php 第 25 行.
NOTIC: [8] Undefined index:  discount D:\ThinkPHP\Extend\Library\ORG\Util\Cart.class.php 第 26 行.
NOTIC: [8] Undefined index:  coupon_price D:\ThinkPHP\Extend\Library\ORG\Util\Cart.class.php 第 27 行.
INFO: [ view_template ] --START--
INFO: Run LocationTemplate Behavior [ RunTime:0.000060s ]
INFO: [ view_template ] --END-- [ RunTime:0.000204s ]
INFO: [ view_parse ] --START--
NOTIC: [8] Undefined index:  image E:\www\szjiusc\Runtime\Cache\82fc55699211f8be4da108fa402bbc82.php 第 97 行.
NOTIC: [8] Undefined index:  image E:\www\szjiusc\Runtime\Cache\82fc55699211f8be4da108fa402bbc82.php 第 97 行.
INFO: Run ParseTemplate Behavior [ RunTime:0.033866s ]
INFO: [ view_parse ] --END-- [ RunTime:0.034112s ]
INFO: [ view_filter ] --START--
INFO: Run ContentReplace Behavior [ RunTime:0.011868s ]
INFO: Run TokenBuild Behavior [ RunTime:-0.015551s ]
INFO: Run WriteHtmlCache Behavior [ RunTime:-0.007831s ]
INFO: Run ShowRuntime Behavior [ RunTime:0.000000s ]
INFO: [ view_filter ] --END-- [ RunTime:-0.003425s ]
INFO: [ view_end ] --START--
INFO: Run ShowPageTrace Behavior [ RunTime:0.000000s ]
INFO: [ view_end ] --END-- [ RunTime:0.000000s ]

[ 2002-01-03T23:15:44+08:00 ] 127.0.0.1 /index.php/Index/mycart
INFO: [ route_check ] --START--
INFO: Run CheckRoute Behavior [ RunTime:0.001411s ]
INFO: [ route_check ] --END-- [ RunTime:0.001684s ]
INFO: [ app_begin ] --START--
INFO: Run ReadHtmlCache Behavior [ RunTime:0.000000s ]
INFO: [ app_begin ] --END-- [ RunTime:0.000000s ]
NOTIC: [2048] Declaration of IndexAction::show() should be compatible with that of Action::show() E:\www\szjiusc\Lib\Action\IndexAction.class.php 第 70 行.
NOTIC: [8] Undefined index:  coupon D:\ThinkPHP\Extend\Library\ORG\Util\Cart.class.php 第 25 行.
NOTIC: [8] Undefined index:  discount D:\ThinkPHP\Extend\Library\ORG\Util\Cart.class.php 第 26 行.
NOTIC: [8] Undefined index:  coupon_price D:\ThinkPHP\Extend\Library\ORG\Util\Cart.class.php 第 27 行.
INFO: [ view_template ] --START--
INFO: Run LocationTemplate Behavior [ RunTime:0.000000s ]
INFO: [ view_template ] --END-- [ RunTime:0.000000s ]
INFO: [ view_parse ] --START--
NOTIC: [8] Undefined index:  image E:\www\szjiusc\Runtime\Cache\82fc55699211f8be4da108fa402bbc82.php 第 97 行.
NOTIC: [8] Undefined index:  image E:\www\szjiusc\Runtime\Cache\82fc55699211f8be4da108fa402bbc82.php 第 97 行.
INFO: Run ParseTemplate Behavior [ RunTime:0.046548s ]
INFO: [ view_parse ] --END-- [ RunTime:0.046684s ]
INFO: [ view_filter ] --START--
INFO: Run ContentReplace Behavior [ RunTime:0.000809s ]
INFO: Run TokenBuild Behavior [ RunTime:0.000820s ]
INFO: Run WriteHtmlCache Behavior [ RunTime:0.000520s ]
INFO: Run ShowRuntime Behavior [ RunTime:0.000987s ]
INFO: [ view_filter ] --END-- [ RunTime:0.003783s ]
INFO: [ view_end ] --START--
INFO: Run ShowPageTrace Behavior [ RunTime:0.001156s ]
INFO: [ view_end ] --END-- [ RunTime:0.001409s ]

[ 2002-01-03T23:16:06+08:00 ] 127.0.0.1 /index.php/Index/mycart
INFO: [ route_check ] --START--
INFO: Run CheckRoute Behavior [ RunTime:0.001568s ]
INFO: [ route_check ] --END-- [ RunTime:0.001842s ]
INFO: [ app_begin ] --START--
INFO: Run ReadHtmlCache Behavior [ RunTime:0.001055s ]
INFO: [ app_begin ] --END-- [ RunTime:0.001295s ]
NOTIC: [2048] Declaration of IndexAction::show() should be compatible with that of Action::show() E:\www\szjiusc\Lib\Action\IndexAction.class.php 第 70 行.
NOTIC: [8] Undefined index:  coupon D:\ThinkPHP\Extend\Library\ORG\Util\Cart.class.php 第 25 行.
NOTIC: [8] Undefined index:  discount D:\ThinkPHP\Extend\Library\ORG\Util\Cart.class.php 第 26 行.
NOTIC: [8] Undefined index:  coupon_price D:\ThinkPHP\Extend\Library\ORG\Util\Cart.class.php 第 27 行.
INFO: [ view_template ] --START--
INFO: Run LocationTemplate Behavior [ RunTime:0.000980s ]
INFO: [ view_template ] --END-- [ RunTime:0.001247s ]
INFO: [ view_parse ] --START--
NOTIC: [8] Undefined index:  image E:\www\szjiusc\Runtime\Cache\82fc55699211f8be4da108fa402bbc82.php 第 95 行.
NOTIC: [8] Undefined index:  image E:\www\szjiusc\Runtime\Cache\82fc55699211f8be4da108fa402bbc82.php 第 95 行.
INFO: Run ParseTemplate Behavior [ RunTime:0.022524s ]
INFO: [ view_parse ] --END-- [ RunTime:0.022789s ]
INFO: [ view_filter ] --START--
INFO: Run ContentReplace Behavior [ RunTime:0.000837s ]
INFO: Run TokenBuild Behavior [ RunTime:0.000799s ]
INFO: Run WriteHtmlCache Behavior [ RunTime:0.000608s ]
INFO: Run ShowRuntime Behavior [ RunTime:0.000975s ]
INFO: [ view_filter ] --END-- [ RunTime:0.004204s ]
INFO: [ view_end ] --START--
INFO: Run ShowPageTrace Behavior [ RunTime:0.001216s ]
INFO: [ view_end ] --END-- [ RunTime:0.001582s ]

[ 2002-01-03T23:16:19+08:00 ] 127.0.0.1 /index.php/Index/clearCart
INFO: [ route_check ] --START--
INFO: Run CheckRoute Behavior [ RunTime:0.000520s ]
INFO: [ route_check ] --END-- [ RunTime:0.000653s ]
INFO: [ app_begin ] --START--
INFO: Run ReadHtmlCache Behavior [ RunTime:0.000000s ]
INFO: [ app_begin ] --END-- [ RunTime:0.000000s ]
NOTIC: [2048] Declaration of IndexAction::show() should be compatible with that of Action::show() E:\www\szjiusc\Lib\Action\IndexAction.class.php 第 70 行.
NOTIC: [8] Undefined index:  coupon D:\ThinkPHP\Extend\Library\ORG\Util\Cart.class.php 第 25 行.
NOTIC: [8] Undefined index:  discount D:\ThinkPHP\Extend\Library\ORG\Util\Cart.class.php 第 26 行.
NOTIC: [8] Undefined index:  coupon_price D:\ThinkPHP\Extend\Library\ORG\Util\Cart.class.php 第 27 行.

[ 2002-01-03T23:16:22+08:00 ] 127.0.0.1 /index.php/Index/mycart
INFO: [ route_check ] --START--
INFO: Run CheckRoute Behavior [ RunTime:0.000000s ]
INFO: [ route_check ] --END-- [ RunTime:0.000000s ]
INFO: [ app_begin ] --START--
INFO: Run ReadHtmlCache Behavior [ RunTime:0.000000s ]
INFO: [ app_begin ] --END-- [ RunTime:0.000000s ]
NOTIC: [2048] Declaration of IndexAction::show() should be compatible with that of Action::show() E:\www\szjiusc\Lib\Action\IndexAction.class.php 第 70 行.
NOTIC: [8] Undefined index:  cart D:\ThinkPHP\Extend\Library\ORG\Util\Cart.class.php 第 23 行.
NOTIC: [8] Undefined index:  cart D:\ThinkPHP\Extend\Library\ORG\Util\Cart.class.php 第 25 行.
NOTIC: [8] Undefined index:  cart D:\ThinkPHP\Extend\Library\ORG\Util\Cart.class.php 第 26 行.
NOTIC: [8] Undefined index:  cart D:\ThinkPHP\Extend\Library\ORG\Util\Cart.class.php 第 27 行.
NOTIC: [8] Undefined index:  cart D:\ThinkPHP\Extend\Library\ORG\Util\Cart.class.php 第 28 行.
NOTIC: [8] Undefined index:  cart D:\ThinkPHP\Extend\Library\ORG\Util\Cart.class.php 第 29 行.
INFO: [ view_template ] --START--
INFO: Run LocationTemplate Behavior [ RunTime:0.000892s ]
INFO: [ view_template ] --END-- [ RunTime:0.001173s ]
INFO: [ view_parse ] --START--
INFO: Run ParseTemplate Behavior [ RunTime:0.026967s ]
INFO: [ view_parse ] --END-- [ RunTime:0.027085s ]
INFO: [ view_filter ] --START--
INFO: Run ContentReplace Behavior [ RunTime:0.000000s ]
INFO: Run TokenBuild Behavior [ RunTime:0.000000s ]
INFO: Run WriteHtmlCache Behavior [ RunTime:0.000000s ]
INFO: Run ShowRuntime Behavior [ RunTime:0.000000s ]
INFO: [ view_filter ] --END-- [ RunTime:0.000000s ]
INFO: [ view_end ] --START--
INFO: Run ShowPageTrace Behavior [ RunTime:0.001196s ]
INFO: [ view_end ] --END-- [ RunTime:0.001433s ]

[ 2002-01-03T23:16:25+08:00 ] 127.0.0.1 /index.php/Index/clearCart
INFO: [ route_check ] --START--
INFO: Run CheckRoute Behavior [ RunTime:0.001447s ]
INFO: [ route_check ] --END-- [ RunTime:0.001761s ]
INFO: [ app_begin ] --START--
INFO: Run ReadHtmlCache Behavior [ RunTime:0.001102s ]
INFO: [ app_begin ] --END-- [ RunTime:0.001308s ]
NOTIC: [2048] Declaration of IndexAction::show() should be compatible with that of Action::show() E:\www\szjiusc\Lib\Action\IndexAction.class.php 第 70 行.
NOTIC: [8] Undefined index:  cart D:\ThinkPHP\Extend\Library\ORG\Util\Cart.class.php 第 23 行.
NOTIC: [8] Undefined index:  cart D:\ThinkPHP\Extend\Library\ORG\Util\Cart.class.php 第 25 行.
NOTIC: [8] Undefined index:  cart D:\ThinkPHP\Extend\Library\ORG\Util\Cart.class.php 第 26 行.
NOTIC: [8] Undefined index:  cart D:\ThinkPHP\Extend\Library\ORG\Util\Cart.class.php 第 27 行.
NOTIC: [8] Undefined index:  cart D:\ThinkPHP\Extend\Library\ORG\Util\Cart.class.php 第 28 行.
NOTIC: [8] Undefined index:  cart D:\ThinkPHP\Extend\Library\ORG\Util\Cart.class.php 第 29 行.

[ 2002-01-03T23:20:12+08:00 ] 127.0.0.1 /index.php/Index/mycart
INFO: [ route_check ] --START--
INFO: Run CheckRoute Behavior [ RunTime:0.001856s ]
INFO: [ route_check ] --END-- [ RunTime:-0.012137s ]
INFO: [ app_begin ] --START--
INFO: Run ReadHtmlCache Behavior [ RunTime:0.000000s ]
INFO: [ app_begin ] --END-- [ RunTime:0.000000s ]
NOTIC: [2048] Declaration of IndexAction::show() should be compatible with that of Action::show() E:\www\szjiusc\Lib\Action\IndexAction.class.php 第 70 行.
NOTIC: [8] Undefined index:  cart D:\ThinkPHP\Extend\Library\ORG\Util\Cart.class.php 第 23 行.
NOTIC: [8] Undefined index:  cart D:\ThinkPHP\Extend\Library\ORG\Util\Cart.class.php 第 25 行.
NOTIC: [8] Undefined index:  cart D:\ThinkPHP\Extend\Library\ORG\Util\Cart.class.php 第 26 行.
NOTIC: [8] Undefined index:  cart D:\ThinkPHP\Extend\Library\ORG\Util\Cart.class.php 第 27 行.
NOTIC: [8] Undefined index:  cart D:\ThinkPHP\Extend\Library\ORG\Util\Cart.class.php 第 28 行.
NOTIC: [8] Undefined index:  cart D:\ThinkPHP\Extend\Library\ORG\Util\Cart.class.php 第 29 行.
INFO: [ view_template ] --START--
INFO: Run LocationTemplate Behavior [ RunTime:0.016584s ]
INFO: [ view_template ] --END-- [ RunTime:0.016735s ]
INFO: [ view_parse ] --START--
INFO: Run ParseTemplate Behavior [ RunTime:0.026101s ]
INFO: [ view_parse ] --END-- [ RunTime:0.026380s ]
INFO: [ view_filter ] --START--
INFO: Run ContentReplace Behavior [ RunTime:0.000000s ]
INFO: Run TokenBuild Behavior [ RunTime:0.000000s ]
INFO: Run WriteHtmlCache Behavior [ RunTime:0.000000s ]
INFO: Run ShowRuntime Behavior [ RunTime:0.015625s ]
INFO: [ view_filter ] --END-- [ RunTime:0.015625s ]
INFO: [ view_end ] --START--
INFO: Run ShowPageTrace Behavior [ RunTime:0.000000s ]
INFO: [ view_end ] --END-- [ RunTime:0.000000s ]

[ 2002-01-03T23:20:14+08:00 ] 127.0.0.1 /index.php/Index/clearCart
INFO: [ route_check ] --START--
INFO: Run CheckRoute Behavior [ RunTime:0.001477s ]
INFO: [ route_check ] --END-- [ RunTime:0.001758s ]
INFO: [ app_begin ] --START--
INFO: Run ReadHtmlCache Behavior [ RunTime:0.001081s ]
INFO: [ app_begin ] --END-- [ RunTime:0.001295s ]
NOTIC: [2048] Declaration of IndexAction::show() should be compatible with that of Action::show() E:\www\szjiusc\Lib\Action\IndexAction.class.php 第 70 行.
NOTIC: [8] Undefined index:  cart D:\ThinkPHP\Extend\Library\ORG\Util\Cart.class.php 第 23 行.
NOTIC: [8] Undefined index:  cart D:\ThinkPHP\Extend\Library\ORG\Util\Cart.class.php 第 25 行.
NOTIC: [8] Undefined index:  cart D:\ThinkPHP\Extend\Library\ORG\Util\Cart.class.php 第 26 行.
NOTIC: [8] Undefined index:  cart D:\ThinkPHP\Extend\Library\ORG\Util\Cart.class.php 第 27 行.
NOTIC: [8] Undefined index:  cart D:\ThinkPHP\Extend\Library\ORG\Util\Cart.class.php 第 28 行.
NOTIC: [8] Undefined index:  cart D:\ThinkPHP\Extend\Library\ORG\Util\Cart.class.php 第 29 行.

[ 2002-01-03T23:20:17+08:00 ] 127.0.0.1 /index.php/Index/clearCart
INFO: [ route_check ] --START--
INFO: Run CheckRoute Behavior [ RunTime:0.000000s ]
INFO: [ route_check ] --END-- [ RunTime:0.000000s ]
INFO: [ app_begin ] --START--
INFO: Run ReadHtmlCache Behavior [ RunTime:0.000000s ]
INFO: [ app_begin ] --END-- [ RunTime:0.000000s ]
NOTIC: [2048] Declaration of IndexAction::show() should be compatible with that of Action::show() E:\www\szjiusc\Lib\Action\IndexAction.class.php 第 70 行.
NOTIC: [8] Undefined index:  cart D:\ThinkPHP\Extend\Library\ORG\Util\Cart.class.php 第 23 行.
NOTIC: [8] Undefined index:  cart D:\ThinkPHP\Extend\Library\ORG\Util\Cart.class.php 第 25 行.
NOTIC: [8] Undefined index:  cart D:\ThinkPHP\Extend\Library\ORG\Util\Cart.class.php 第 26 行.
NOTIC: [8] Undefined index:  cart D:\ThinkPHP\Extend\Library\ORG\Util\Cart.class.php 第 27 行.
NOTIC: [8] Undefined index:  cart D:\ThinkPHP\Extend\Library\ORG\Util\Cart.class.php 第 28 行.
NOTIC: [8] Undefined index:  cart D:\ThinkPHP\Extend\Library\ORG\Util\Cart.class.php 第 29 行.

[ 2002-01-03T23:21:12+08:00 ] 127.0.0.1 /index.php/Index/mycart
INFO: [ route_check ] --START--
INFO: Run CheckRoute Behavior [ RunTime:0.001387s ]
INFO: [ route_check ] --END-- [ RunTime:0.001790s ]
INFO: [ app_begin ] --START--
INFO: Run ReadHtmlCache Behavior [ RunTime:0.001434s ]
INFO: [ app_begin ] --END-- [ RunTime:0.010152s ]
NOTIC: [2048] Declaration of IndexAction::show() should be compatible with that of Action::show() E:\www\szjiusc\Lib\Action\IndexAction.class.php 第 70 行.
NOTIC: [8] Undefined index:  cart D:\ThinkPHP\Extend\Library\ORG\Util\Cart.class.php 第 23 行.
NOTIC: [8] Undefined index:  cart D:\ThinkPHP\Extend\Library\ORG\Util\Cart.class.php 第 25 行.
NOTIC: [8] Undefined index:  cart D:\ThinkPHP\Extend\Library\ORG\Util\Cart.class.php 第 26 行.
NOTIC: [8] Undefined index:  cart D:\ThinkPHP\Extend\Library\ORG\Util\Cart.class.php 第 27 行.
NOTIC: [8] Undefined index:  cart D:\ThinkPHP\Extend\Library\ORG\Util\Cart.class.php 第 28 行.
NOTIC: [8] Undefined index:  cart D:\ThinkPHP\Extend\Library\ORG\Util\Cart.class.php 第 29 行.
INFO: [ view_template ] --START--
INFO: Run LocationTemplate Behavior [ RunTime:0.000000s ]
INFO: [ view_template ] --END-- [ RunTime:0.000000s ]
INFO: [ view_parse ] --START--
INFO: Run ParseTemplate Behavior [ RunTime:0.015625s ]
INFO: [ view_parse ] --END-- [ RunTime:0.015625s ]
INFO: [ view_filter ] --START--
INFO: Run ContentReplace Behavior [ RunTime:0.000000s ]
INFO: Run TokenBuild Behavior [ RunTime:0.000000s ]
INFO: Run WriteHtmlCache Behavior [ RunTime:0.000000s ]
INFO: Run ShowRuntime Behavior [ RunTime:0.015625s ]
INFO: [ view_filter ] --END-- [ RunTime:0.015625s ]
INFO: [ view_end ] --START--
INFO: Run ShowPageTrace Behavior [ RunTime:0.000000s ]
INFO: [ view_end ] --END-- [ RunTime:0.000000s ]

[ 2002-01-03T23:21:15+08:00 ] 127.0.0.1 /index.php/Index/clearCart
INFO: [ route_check ] --START--
INFO: Run CheckRoute Behavior [ RunTime:0.001212s ]
INFO: [ route_check ] --END-- [ RunTime:0.001353s ]
INFO: [ app_begin ] --START--
INFO: Run ReadHtmlCache Behavior [ RunTime:0.001096s ]
INFO: [ app_begin ] --END-- [ RunTime:0.001312s ]
NOTIC: [2048] Declaration of IndexAction::show() should be compatible with that of Action::show() E:\www\szjiusc\Lib\Action\IndexAction.class.php 第 70 行.
NOTIC: [8] Undefined index:  cart D:\ThinkPHP\Extend\Library\ORG\Util\Cart.class.php 第 23 行.
NOTIC: [8] Undefined index:  cart D:\ThinkPHP\Extend\Library\ORG\Util\Cart.class.php 第 25 行.
NOTIC: [8] Undefined index:  cart D:\ThinkPHP\Extend\Library\ORG\Util\Cart.class.php 第 26 行.
NOTIC: [8] Undefined index:  cart D:\ThinkPHP\Extend\Library\ORG\Util\Cart.class.php 第 27 行.
NOTIC: [8] Undefined index:  cart D:\ThinkPHP\Extend\Library\ORG\Util\Cart.class.php 第 28 行.
NOTIC: [8] Undefined index:  cart D:\ThinkPHP\Extend\Library\ORG\Util\Cart.class.php 第 29 行.

[ 2002-01-03T23:21:21+08:00 ] 127.0.0.1 /index.php/Index/clearCart
INFO: [ route_check ] --START--
INFO: Run CheckRoute Behavior [ RunTime:0.001472s ]
INFO: [ route_check ] --END-- [ RunTime:0.001755s ]
INFO: [ app_begin ] --START--
INFO: Run ReadHtmlCache Behavior [ RunTime:0.001136s ]
INFO: [ app_begin ] --END-- [ RunTime:0.001353s ]
NOTIC: [2048] Declaration of IndexAction::show() should be compatible with that of Action::show() E:\www\szjiusc\Lib\Action\IndexAction.class.php 第 70 行.
NOTIC: [8] Undefined index:  cart D:\ThinkPHP\Extend\Library\ORG\Util\Cart.class.php 第 23 行.
NOTIC: [8] Undefined index:  cart D:\ThinkPHP\Extend\Library\ORG\Util\Cart.class.php 第 25 行.
NOTIC: [8] Undefined index:  cart D:\ThinkPHP\Extend\Library\ORG\Util\Cart.class.php 第 26 行.
NOTIC: [8] Undefined index:  cart D:\ThinkPHP\Extend\Library\ORG\Util\Cart.class.php 第 27 行.
NOTIC: [8] Undefined index:  cart D:\ThinkPHP\Extend\Library\ORG\Util\Cart.class.php 第 28 行.
NOTIC: [8] Undefined index:  cart D:\ThinkPHP\Extend\Library\ORG\Util\Cart.class.php 第 29 行.

[ 2002-01-03T23:21:40+08:00 ] 127.0.0.1 /index.php/Index/mycart
INFO: [ route_check ] --START--
INFO: Run CheckRoute Behavior [ RunTime:0.001426s ]
INFO: [ route_check ] --END-- [ RunTime:0.001807s ]
INFO: [ app_begin ] --START--
INFO: Run ReadHtmlCache Behavior [ RunTime:0.001053s ]
INFO: [ app_begin ] --END-- [ RunTime:0.001361s ]
NOTIC: [2048] Declaration of IndexAction::show() should be compatible with that of Action::show() E:\www\szjiusc\Lib\Action\IndexAction.class.php 第 70 行.
NOTIC: [8] Undefined index:  cart D:\ThinkPHP\Extend\Library\ORG\Util\Cart.class.php 第 23 行.
NOTIC: [8] Undefined index:  cart D:\ThinkPHP\Extend\Library\ORG\Util\Cart.class.php 第 25 行.
NOTIC: [8] Undefined index:  cart D:\ThinkPHP\Extend\Library\ORG\Util\Cart.class.php 第 26 行.
NOTIC: [8] Undefined index:  cart D:\ThinkPHP\Extend\Library\ORG\Util\Cart.class.php 第 27 行.
NOTIC: [8] Undefined index:  cart D:\ThinkPHP\Extend\Library\ORG\Util\Cart.class.php 第 28 行.
NOTIC: [8] Undefined index:  cart D:\ThinkPHP\Extend\Library\ORG\Util\Cart.class.php 第 29 行.
INFO: [ view_template ] --START--
INFO: Run LocationTemplate Behavior [ RunTime:0.009502s ]
INFO: [ view_template ] --END-- [ RunTime:0.009771s ]
INFO: [ view_parse ] --START--
INFO: Run ParseTemplate Behavior [ RunTime:0.035215s ]
INFO: [ view_parse ] --END-- [ RunTime:0.035495s ]
INFO: [ view_filter ] --START--
INFO: Run ContentReplace Behavior [ RunTime:0.000751s ]
INFO: Run TokenBuild Behavior [ RunTime:0.000817s ]
INFO: Run WriteHtmlCache Behavior [ RunTime:-0.013012s ]
INFO: Run ShowRuntime Behavior [ RunTime:0.000000s ]
INFO: [ view_filter ] --END-- [ RunTime:-0.011072s ]
INFO: [ view_end ] --START--
INFO: Run ShowPageTrace Behavior [ RunTime:0.000000s ]
INFO: [ view_end ] --END-- [ RunTime:0.000000s ]

[ 2002-01-03T23:21:42+08:00 ] 127.0.0.1 /index.php/Index/clearCart
INFO: [ route_check ] --START--
INFO: Run CheckRoute Behavior [ RunTime:0.001432s ]
INFO: [ route_check ] --END-- [ RunTime:0.001709s ]
INFO: [ app_begin ] --START--
INFO: Run ReadHtmlCache Behavior [ RunTime:0.001288s ]
INFO: [ app_begin ] --END-- [ RunTime:0.001501s ]
NOTIC: [2048] Declaration of IndexAction::show() should be compatible with that of Action::show() E:\www\szjiusc\Lib\Action\IndexAction.class.php 第 70 行.
NOTIC: [8] Undefined index:  cart D:\ThinkPHP\Extend\Library\ORG\Util\Cart.class.php 第 23 行.
NOTIC: [8] Undefined index:  cart D:\ThinkPHP\Extend\Library\ORG\Util\Cart.class.php 第 25 行.
NOTIC: [8] Undefined index:  cart D:\ThinkPHP\Extend\Library\ORG\Util\Cart.class.php 第 26 行.
NOTIC: [8] Undefined index:  cart D:\ThinkPHP\Extend\Library\ORG\Util\Cart.class.php 第 27 行.
NOTIC: [8] Undefined index:  cart D:\ThinkPHP\Extend\Library\ORG\Util\Cart.class.php 第 28 行.
NOTIC: [8] Undefined index:  cart D:\ThinkPHP\Extend\Library\ORG\Util\Cart.class.php 第 29 行.

[ 2002-01-03T23:21:50+08:00 ] 127.0.0.1 /index.php/Index/addCart
INFO: [ route_check ] --START--
INFO: Run CheckRoute Behavior [ RunTime:0.001479s ]
INFO: [ route_check ] --END-- [ RunTime:0.001758s ]
INFO: [ app_begin ] --START--
INFO: Run ReadHtmlCache Behavior [ RunTime:0.001140s ]
INFO: [ app_begin ] --END-- [ RunTime:0.001350s ]
NOTIC: [2048] Declaration of IndexAction::show() should be compatible with that of Action::show() E:\www\szjiusc\Lib\Action\IndexAction.class.php 第 70 行.
NOTIC: [8] Undefined index:  cart D:\ThinkPHP\Extend\Library\ORG\Util\Cart.class.php 第 23 行.
NOTIC: [8] Undefined index:  cart D:\ThinkPHP\Extend\Library\ORG\Util\Cart.class.php 第 25 行.
NOTIC: [8] Undefined index:  cart D:\ThinkPHP\Extend\Library\ORG\Util\Cart.class.php 第 26 行.
NOTIC: [8] Undefined index:  cart D:\ThinkPHP\Extend\Library\ORG\Util\Cart.class.php 第 27 行.
NOTIC: [8] Undefined index:  cart D:\ThinkPHP\Extend\Library\ORG\Util\Cart.class.php 第 28 行.
NOTIC: [8] Undefined index:  cart D:\ThinkPHP\Extend\Library\ORG\Util\Cart.class.php 第 29 行.

[ 2002-01-03T23:21:53+08:00 ] 127.0.0.1 /index.php/Index/mycart
INFO: [ route_check ] --START--
INFO: Run CheckRoute Behavior [ RunTime:0.000000s ]
INFO: [ route_check ] --END-- [ RunTime:0.000000s ]
INFO: [ app_begin ] --START--
INFO: Run ReadHtmlCache Behavior [ RunTime:0.000000s ]
INFO: [ app_begin ] --END-- [ RunTime:0.000000s ]
NOTIC: [2048] Declaration of IndexAction::show() should be compatible with that of Action::show() E:\www\szjiusc\Lib\Action\IndexAction.class.php 第 70 行.
NOTIC: [8] Undefined index:  coupon D:\ThinkPHP\Extend\Library\ORG\Util\Cart.class.php 第 25 行.
NOTIC: [8] Undefined index:  discount D:\ThinkPHP\Extend\Library\ORG\Util\Cart.class.php 第 26 行.
NOTIC: [8] Undefined index:  coupon_price D:\ThinkPHP\Extend\Library\ORG\Util\Cart.class.php 第 27 行.
INFO: [ view_template ] --START--
INFO: Run LocationTemplate Behavior [ RunTime:0.000626s ]
INFO: [ view_template ] --END-- [ RunTime:0.000775s ]
INFO: [ view_parse ] --START--
NOTIC: [8] Undefined index:  image E:\www\szjiusc\Runtime\Cache\82fc55699211f8be4da108fa402bbc82.php 第 97 行.
INFO: Run ParseTemplate Behavior [ RunTime:0.039939s ]
INFO: [ view_parse ] --END-- [ RunTime:0.040182s ]
INFO: [ view_filter ] --START--
INFO: Run ContentReplace Behavior [ RunTime:0.009752s ]
INFO: Run TokenBuild Behavior [ RunTime:0.000908s ]
INFO: Run WriteHtmlCache Behavior [ RunTime:-0.011019s ]
INFO: Run ShowRuntime Behavior [ RunTime:0.000000s ]
INFO: [ view_filter ] --END-- [ RunTime:-0.010074s ]
INFO: [ view_end ] --START--
INFO: Run ShowPageTrace Behavior [ RunTime:0.000000s ]
INFO: [ view_end ] --END-- [ RunTime:0.000000s ]

[ 2002-01-03T23:21:55+08:00 ] 127.0.0.1 /index.php/Index/clearCart
INFO: [ route_check ] --START--
INFO: Run CheckRoute Behavior [ RunTime:0.001480s ]
INFO: [ route_check ] --END-- [ RunTime:0.001770s ]
INFO: [ app_begin ] --START--
INFO: Run ReadHtmlCache Behavior [ RunTime:0.014019s ]
INFO: [ app_begin ] --END-- [ RunTime:0.014247s ]
NOTIC: [2048] Declaration of IndexAction::show() should be compatible with that of Action::show() E:\www\szjiusc\Lib\Action\IndexAction.class.php 第 70 行.
NOTIC: [8] Undefined index:  coupon D:\ThinkPHP\Extend\Library\ORG\Util\Cart.class.php 第 25 行.
NOTIC: [8] Undefined index:  discount D:\ThinkPHP\Extend\Library\ORG\Util\Cart.class.php 第 26 行.
NOTIC: [8] Undefined index:  coupon_price D:\ThinkPHP\Extend\Library\ORG\Util\Cart.class.php 第 27 行.

[ 2002-01-03T23:22:28+08:00 ] 127.0.0.1 /index.php/Index/mycart
INFO: [ route_check ] --START--
INFO: Run CheckRoute Behavior [ RunTime:0.000000s ]
INFO: [ route_check ] --END-- [ RunTime:0.000000s ]
INFO: [ app_begin ] --START--
INFO: Run ReadHtmlCache Behavior [ RunTime:0.010080s ]
INFO: [ app_begin ] --END-- [ RunTime:0.010230s ]
NOTIC: [2048] Declaration of IndexAction::show() should be compatible with that of Action::show() E:\www\szjiusc\Lib\Action\IndexAction.class.php 第 70 行.
NOTIC: [8] Undefined index:  cart D:\ThinkPHP\Extend\Library\ORG\Util\Cart.class.php 第 23 行.
NOTIC: [8] Undefined index:  cart D:\ThinkPHP\Extend\Library\ORG\Util\Cart.class.php 第 25 行.
NOTIC: [8] Undefined index:  cart D:\ThinkPHP\Extend\Library\ORG\Util\Cart.class.php 第 26 行.
NOTIC: [8] Undefined index:  cart D:\ThinkPHP\Extend\Library\ORG\Util\Cart.class.php 第 27 行.
NOTIC: [8] Undefined index:  cart D:\ThinkPHP\Extend\Library\ORG\Util\Cart.class.php 第 28 行.
NOTIC: [8] Undefined index:  cart D:\ThinkPHP\Extend\Library\ORG\Util\Cart.class.php 第 29 行.
INFO: [ view_template ] --START--
INFO: Run LocationTemplate Behavior [ RunTime:0.001532s ]
INFO: [ view_template ] --END-- [ RunTime:0.001906s ]
INFO: [ view_parse ] --START--
INFO: Run ParseTemplate Behavior [ RunTime:0.028323s ]
INFO: [ view_parse ] --END-- [ RunTime:0.028671s ]
INFO: [ view_filter ] --START--
INFO: Run ContentReplace Behavior [ RunTime:0.001102s ]
INFO: Run TokenBuild Behavior [ RunTime:0.001097s ]
INFO: Run WriteHtmlCache Behavior [ RunTime:0.000786s ]
INFO: Run ShowRuntime Behavior [ RunTime:-0.013754s ]
INFO: [ view_filter ] --END-- [ RunTime:-0.010246s ]
INFO: [ view_end ] --START--
INFO: Run ShowPageTrace Behavior [ RunTime:0.009589s ]
INFO: [ view_end ] --END-- [ RunTime:0.009738s ]

[ 2002-01-03T23:22:32+08:00 ] 127.0.0.1 /index.php/Index/addCart
INFO: [ route_check ] --START--
INFO: Run CheckRoute Behavior [ RunTime:0.001959s ]
INFO: [ route_check ] --END-- [ RunTime:0.002242s ]
INFO: [ app_begin ] --START--
INFO: Run ReadHtmlCache Behavior [ RunTime:0.001292s ]
INFO: [ app_begin ] --END-- [ RunTime:0.001506s ]
NOTIC: [2048] Declaration of IndexAction::show() should be compatible with that of Action::show() E:\www\szjiusc\Lib\Action\IndexAction.class.php 第 70 行.
NOTIC: [8] Undefined index:  cart D:\ThinkPHP\Extend\Library\ORG\Util\Cart.class.php 第 23 行.
NOTIC: [8] Undefined index:  cart D:\ThinkPHP\Extend\Library\ORG\Util\Cart.class.php 第 25 行.
NOTIC: [8] Undefined index:  cart D:\ThinkPHP\Extend\Library\ORG\Util\Cart.class.php 第 26 行.
NOTIC: [8] Undefined index:  cart D:\ThinkPHP\Extend\Library\ORG\Util\Cart.class.php 第 27 行.
NOTIC: [8] Undefined index:  cart D:\ThinkPHP\Extend\Library\ORG\Util\Cart.class.php 第 28 行.
NOTIC: [8] Undefined index:  cart D:\ThinkPHP\Extend\Library\ORG\Util\Cart.class.php 第 29 行.

[ 2002-01-03T23:22:38+08:00 ] 127.0.0.1 /index.php/Index/mycart
INFO: [ route_check ] --START--
INFO: Run CheckRoute Behavior [ RunTime:0.000000s ]
INFO: [ route_check ] --END-- [ RunTime:0.000000s ]
INFO: [ app_begin ] --START--
INFO: Run ReadHtmlCache Behavior [ RunTime:0.000000s ]
INFO: [ app_begin ] --END-- [ RunTime:0.000025s ]
NOTIC: [2048] Declaration of IndexAction::show() should be compatible with that of Action::show() E:\www\szjiusc\Lib\Action\IndexAction.class.php 第 70 行.
NOTIC: [8] Undefined index:  coupon D:\ThinkPHP\Extend\Library\ORG\Util\Cart.class.php 第 25 行.
NOTIC: [8] Undefined index:  discount D:\ThinkPHP\Extend\Library\ORG\Util\Cart.class.php 第 26 行.
NOTIC: [8] Undefined index:  coupon_price D:\ThinkPHP\Extend\Library\ORG\Util\Cart.class.php 第 27 行.
INFO: [ view_template ] --START--
INFO: Run LocationTemplate Behavior [ RunTime:0.000770s ]
INFO: [ view_template ] --END-- [ RunTime:0.001035s ]
INFO: [ view_parse ] --START--
NOTIC: [8] Undefined index:  image E:\www\szjiusc\Runtime\Cache\82fc55699211f8be4da108fa402bbc82.php 第 97 行.
INFO: Run ParseTemplate Behavior [ RunTime:0.027913s ]
INFO: [ view_parse ] --END-- [ RunTime:0.028176s ]
INFO: [ view_filter ] --START--
INFO: Run ContentReplace Behavior [ RunTime:-0.010355s ]
INFO: Run TokenBuild Behavior [ RunTime:0.000000s ]
INFO: Run WriteHtmlCache Behavior [ RunTime:0.000000s ]
INFO: Run ShowRuntime Behavior [ RunTime:0.000000s ]
INFO: [ view_filter ] --END-- [ RunTime:-0.010257s ]
INFO: [ view_end ] --START--
INFO: Run ShowPageTrace Behavior [ RunTime:0.000000s ]
INFO: [ view_end ] --END-- [ RunTime:0.000000s ]

[ 2002-01-03T23:22:42+08:00 ] 127.0.0.1 /index.php/Index/clearCart
INFO: [ route_check ] --START--
INFO: Run CheckRoute Behavior [ RunTime:0.001653s ]
INFO: [ route_check ] --END-- [ RunTime:0.001937s ]
INFO: [ app_begin ] --START--
INFO: Run ReadHtmlCache Behavior [ RunTime:0.009694s ]
INFO: [ app_begin ] --END-- [ RunTime:0.014602s ]
NOTIC: [2048] Declaration of IndexAction::show() should be compatible with that of Action::show() E:\www\szjiusc\Lib\Action\IndexAction.class.php 第 70 行.
NOTIC: [8] Undefined index:  coupon D:\ThinkPHP\Extend\Library\ORG\Util\Cart.class.php 第 25 行.
NOTIC: [8] Undefined index:  discount D:\ThinkPHP\Extend\Library\ORG\Util\Cart.class.php 第 26 行.
NOTIC: [8] Undefined index:  coupon_price D:\ThinkPHP\Extend\Library\ORG\Util\Cart.class.php 第 27 行.

[ 2002-01-03T23:23:02+08:00 ] 127.0.0.1 /index.php/Index/mycart
INFO: [ route_check ] --START--
INFO: Run CheckRoute Behavior [ RunTime:0.001441s ]
INFO: [ route_check ] --END-- [ RunTime:0.001717s ]
INFO: [ app_begin ] --START--
INFO: Run ReadHtmlCache Behavior [ RunTime:0.001125s ]
INFO: [ app_begin ] --END-- [ RunTime:0.001374s ]
NOTIC: [2048] Declaration of IndexAction::show() should be compatible with that of Action::show() E:\www\szjiusc\Lib\Action\IndexAction.class.php 第 70 行.
NOTIC: [8] Undefined index:  cart D:\ThinkPHP\Extend\Library\ORG\Util\Cart.class.php 第 23 行.
NOTIC: [8] Undefined index:  cart D:\ThinkPHP\Extend\Library\ORG\Util\Cart.class.php 第 25 行.
NOTIC: [8] Undefined index:  cart D:\ThinkPHP\Extend\Library\ORG\Util\Cart.class.php 第 26 行.
NOTIC: [8] Undefined index:  cart D:\ThinkPHP\Extend\Library\ORG\Util\Cart.class.php 第 27 行.
NOTIC: [8] Undefined index:  cart D:\ThinkPHP\Extend\Library\ORG\Util\Cart.class.php 第 28 行.
NOTIC: [8] Undefined index:  cart D:\ThinkPHP\Extend\Library\ORG\Util\Cart.class.php 第 29 行.
INFO: [ view_template ] --START--
INFO: Run LocationTemplate Behavior [ RunTime:0.000875s ]
INFO: [ view_template ] --END-- [ RunTime:0.001169s ]
INFO: [ view_parse ] --START--
INFO: Run ParseTemplate Behavior [ RunTime:0.023123s ]
INFO: [ view_parse ] --END-- [ RunTime:0.023402s ]
INFO: [ view_filter ] --START--
INFO: Run ContentReplace Behavior [ RunTime:0.000901s ]
INFO: Run TokenBuild Behavior [ RunTime:0.000926s ]
INFO: Run WriteHtmlCache Behavior [ RunTime:0.000691s ]
INFO: Run ShowRuntime Behavior [ RunTime:0.001267s ]
INFO: [ view_filter ] --END-- [ RunTime:0.004461s ]
INFO: [ view_end ] --START--
INFO: Run ShowPageTrace Behavior [ RunTime:0.001228s ]
INFO: [ view_end ] --END-- [ RunTime:0.001468s ]

[ 2002-01-03T23:23:05+08:00 ] 127.0.0.1 /index.php/Index/addCart
INFO: [ route_check ] --START--
INFO: Run CheckRoute Behavior [ RunTime:0.000000s ]
INFO: [ route_check ] --END-- [ RunTime:0.000000s ]
INFO: [ app_begin ] --START--
INFO: Run ReadHtmlCache Behavior [ RunTime:0.000000s ]
INFO: [ app_begin ] --END-- [ RunTime:0.000000s ]
NOTIC: [2048] Declaration of IndexAction::show() should be compatible with that of Action::show() E:\www\szjiusc\Lib\Action\IndexAction.class.php 第 70 行.
NOTIC: [8] Undefined index:  cart D:\ThinkPHP\Extend\Library\ORG\Util\Cart.class.php 第 23 行.
NOTIC: [8] Undefined index:  cart D:\ThinkPHP\Extend\Library\ORG\Util\Cart.class.php 第 25 行.
NOTIC: [8] Undefined index:  cart D:\ThinkPHP\Extend\Library\ORG\Util\Cart.class.php 第 26 行.
NOTIC: [8] Undefined index:  cart D:\ThinkPHP\Extend\Library\ORG\Util\Cart.class.php 第 27 行.
NOTIC: [8] Undefined index:  cart D:\ThinkPHP\Extend\Library\ORG\Util\Cart.class.php 第 28 行.
NOTIC: [8] Undefined index:  cart D:\ThinkPHP\Extend\Library\ORG\Util\Cart.class.php 第 29 行.

[ 2002-01-03T23:23:07+08:00 ] 127.0.0.1 /index.php/Index/mycart
INFO: [ route_check ] --START--
INFO: Run CheckRoute Behavior [ RunTime:0.001545s ]
INFO: [ route_check ] --END-- [ RunTime:0.001823s ]
INFO: [ app_begin ] --START--
INFO: Run ReadHtmlCache Behavior [ RunTime:0.007241s ]
INFO: [ app_begin ] --END-- [ RunTime:0.007352s ]
NOTIC: [2048] Declaration of IndexAction::show() should be compatible with that of Action::show() E:\www\szjiusc\Lib\Action\IndexAction.class.php 第 70 行.
NOTIC: [8] Undefined index:  coupon D:\ThinkPHP\Extend\Library\ORG\Util\Cart.class.php 第 25 行.
NOTIC: [8] Undefined index:  discount D:\ThinkPHP\Extend\Library\ORG\Util\Cart.class.php 第 26 行.
NOTIC: [8] Undefined index:  coupon_price D:\ThinkPHP\Extend\Library\ORG\Util\Cart.class.php 第 27 行.
INFO: [ view_template ] --START--
INFO: Run LocationTemplate Behavior [ RunTime:0.000970s ]
INFO: [ view_template ] --END-- [ RunTime:0.001240s ]
INFO: [ view_parse ] --START--
NOTIC: [8] Undefined index:  image E:\www\szjiusc\Runtime\Cache\82fc55699211f8be4da108fa402bbc82.php 第 97 行.
INFO: Run ParseTemplate Behavior [ RunTime:0.012432s ]
INFO: [ view_parse ] --END-- [ RunTime:0.012671s ]
INFO: [ view_filter ] --START--
INFO: Run ContentReplace Behavior [ RunTime:0.000752s ]
INFO: Run TokenBuild Behavior [ RunTime:0.000881s ]
INFO: Run WriteHtmlCache Behavior [ RunTime:0.000497s ]
INFO: Run ShowRuntime Behavior [ RunTime:0.000973s ]
INFO: [ view_filter ] --END-- [ RunTime:0.003853s ]
INFO: [ view_end ] --START--
INFO: Run ShowPageTrace Behavior [ RunTime:0.001279s ]
INFO: [ view_end ] --END-- [ RunTime:0.001520s ]

[ 2002-01-03T23:23:15+08:00 ] 127.0.0.1 /index.php/Index/clearCart
INFO: [ route_check ] --START--
INFO: Run CheckRoute Behavior [ RunTime:0.001485s ]
INFO: [ route_check ] --END-- [ RunTime:0.001760s ]
INFO: [ app_begin ] --START--
INFO: Run ReadHtmlCache Behavior [ RunTime:0.001501s ]
INFO: [ app_begin ] --END-- [ RunTime:0.002450s ]
NOTIC: [2048] Declaration of IndexAction::show() should be compatible with that of Action::show() E:\www\szjiusc\Lib\Action\IndexAction.class.php 第 70 行.
NOTIC: [8] Undefined index:  coupon D:\ThinkPHP\Extend\Library\ORG\Util\Cart.class.php 第 25 行.
NOTIC: [8] Undefined index:  discount D:\ThinkPHP\Extend\Library\ORG\Util\Cart.class.php 第 26 行.
NOTIC: [8] Undefined index:  coupon_price D:\ThinkPHP\Extend\Library\ORG\Util\Cart.class.php 第 27 行.

[ 2002-01-03T23:23:33+08:00 ] 127.0.0.1 /index.php/Index/show/id/1
INFO: [ route_check ] --START--
INFO: Run CheckRoute Behavior [ RunTime:0.010012s ]
INFO: [ route_check ] --END-- [ RunTime:0.010157s ]
INFO: [ app_begin ] --START--
INFO: Run ReadHtmlCache Behavior [ RunTime:0.000000s ]
INFO: [ app_begin ] --END-- [ RunTime:0.000000s ]
NOTIC: [2048] Declaration of IndexAction::show() should be compatible with that of Action::show() E:\www\szjiusc\Lib\Action\IndexAction.class.php 第 70 行.
INFO: [ view_template ] --START--
INFO: Run LocationTemplate Behavior [ RunTime:0.000000s ]
INFO: [ view_template ] --END-- [ RunTime:0.000000s ]
INFO: [ view_parse ] --START--
INFO: Run ParseTemplate Behavior [ RunTime:0.025762s ]
INFO: [ view_parse ] --END-- [ RunTime:0.025926s ]
INFO: [ view_filter ] --START--
INFO: Run ContentReplace Behavior [ RunTime:0.005066s ]
INFO: Run TokenBuild Behavior [ RunTime:0.000000s ]
INFO: Run WriteHtmlCache Behavior [ RunTime:0.000000s ]
INFO: Run ShowRuntime Behavior [ RunTime:0.000000s ]
INFO: [ view_filter ] --END-- [ RunTime:0.005165s ]
INFO: [ view_end ] --START--
INFO: Run ShowPageTrace Behavior [ RunTime:0.000000s ]
INFO: [ view_end ] --END-- [ RunTime:0.000000s ]

[ 2002-01-03T23:23:38+08:00 ] 127.0.0.1 /index.php/Index/addCart
INFO: [ route_check ] --START--
INFO: Run CheckRoute Behavior [ RunTime:0.001406s ]
INFO: [ route_check ] --END-- [ RunTime:0.001678s ]
INFO: [ app_begin ] --START--
INFO: Run ReadHtmlCache Behavior [ RunTime:0.001079s ]
INFO: [ app_begin ] --END-- [ RunTime:0.001943s ]
NOTIC: [2048] Declaration of IndexAction::show() should be compatible with that of Action::show() E:\www\szjiusc\Lib\Action\IndexAction.class.php 第 70 行.
NOTIC: [8] Undefined index:  cart D:\ThinkPHP\Extend\Library\ORG\Util\Cart.class.php 第 23 行.
NOTIC: [8] Undefined index:  cart D:\ThinkPHP\Extend\Library\ORG\Util\Cart.class.php 第 25 行.
NOTIC: [8] Undefined index:  cart D:\ThinkPHP\Extend\Library\ORG\Util\Cart.class.php 第 26 行.
NOTIC: [8] Undefined index:  cart D:\ThinkPHP\Extend\Library\ORG\Util\Cart.class.php 第 27 行.
NOTIC: [8] Undefined index:  cart D:\ThinkPHP\Extend\Library\ORG\Util\Cart.class.php 第 28 行.
NOTIC: [8] Undefined index:  cart D:\ThinkPHP\Extend\Library\ORG\Util\Cart.class.php 第 29 行.

[ 2002-01-03T23:23:40+08:00 ] 127.0.0.1 /index.php/Index/mycart
INFO: [ route_check ] --START--
INFO: Run CheckRoute Behavior [ RunTime:0.001431s ]
INFO: [ route_check ] --END-- [ RunTime:0.001790s ]
INFO: [ app_begin ] --START--
INFO: Run ReadHtmlCache Behavior [ RunTime:0.001071s ]
INFO: [ app_begin ] --END-- [ RunTime:0.001318s ]
NOTIC: [2048] Declaration of IndexAction::show() should be compatible with that of Action::show() E:\www\szjiusc\Lib\Action\IndexAction.class.php 第 70 行.
NOTIC: [8] Undefined index:  coupon D:\ThinkPHP\Extend\Library\ORG\Util\Cart.class.php 第 25 行.
NOTIC: [8] Undefined index:  discount D:\ThinkPHP\Extend\Library\ORG\Util\Cart.class.php 第 26 行.
NOTIC: [8] Undefined index:  coupon_price D:\ThinkPHP\Extend\Library\ORG\Util\Cart.class.php 第 27 行.
INFO: [ view_template ] --START--
INFO: Run LocationTemplate Behavior [ RunTime:0.000757s ]
INFO: [ view_template ] --END-- [ RunTime:0.001008s ]
INFO: [ view_parse ] --START--
NOTIC: [8] Undefined index:  image E:\www\szjiusc\Runtime\Cache\82fc55699211f8be4da108fa402bbc82.php 第 97 行.
INFO: Run ParseTemplate Behavior [ RunTime:0.024004s ]
INFO: [ view_parse ] --END-- [ RunTime:0.024263s ]
INFO: [ view_filter ] --START--
INFO: Run ContentReplace Behavior [ RunTime:0.000772s ]
INFO: Run TokenBuild Behavior [ RunTime:0.000794s ]
INFO: Run WriteHtmlCache Behavior [ RunTime:0.000463s ]
INFO: Run ShowRuntime Behavior [ RunTime:0.001329s ]
INFO: [ view_filter ] --END-- [ RunTime:0.004496s ]
INFO: [ view_end ] --START--
INFO: Run ShowPageTrace Behavior [ RunTime:0.001216s ]
INFO: [ view_end ] --END-- [ RunTime:0.001461s ]

[ 2002-01-03T23:26:21+08:00 ] 127.0.0.1 /index.php/Index/mycart
INFO: [ route_check ] --START--
INFO: Run CheckRoute Behavior [ RunTime:0.000000s ]
INFO: [ route_check ] --END-- [ RunTime:0.000000s ]
INFO: [ app_begin ] --START--
INFO: Run ReadHtmlCache Behavior [ RunTime:0.001268s ]
INFO: [ app_begin ] --END-- [ RunTime:0.001411s ]
NOTIC: [2048] Declaration of IndexAction::show() should be compatible with that of Action::show() E:\www\szjiusc\Lib\Action\IndexAction.class.php 第 70 行.
NOTIC: [8] Undefined index:  coupon D:\ThinkPHP\Extend\Library\ORG\Util\Cart.class.php 第 25 行.
NOTIC: [8] Undefined index:  discount D:\ThinkPHP\Extend\Library\ORG\Util\Cart.class.php 第 26 行.
NOTIC: [8] Undefined index:  coupon_price D:\ThinkPHP\Extend\Library\ORG\Util\Cart.class.php 第 27 行.
INFO: [ view_template ] --START--
INFO: Run LocationTemplate Behavior [ RunTime:0.000665s ]
INFO: [ view_template ] --END-- [ RunTime:0.000782s ]
INFO: [ view_parse ] --START--
NOTIC: [8] Undefined index:  image E:\www\szjiusc\Runtime\Cache\82fc55699211f8be4da108fa402bbc82.php 第 100 行.
INFO: Run ParseTemplate Behavior [ RunTime:0.015625s ]
INFO: [ view_parse ] --END-- [ RunTime:0.015625s ]
INFO: [ view_filter ] --START--
INFO: Run ContentReplace Behavior [ RunTime:0.000000s ]
INFO: Run TokenBuild Behavior [ RunTime:0.000000s ]
INFO: Run WriteHtmlCache Behavior [ RunTime:0.000000s ]
INFO: Run ShowRuntime Behavior [ RunTime:0.000839s ]
INFO: [ view_filter ] --END-- [ RunTime:0.000980s ]
INFO: [ view_end ] --START--
INFO: Run ShowPageTrace Behavior [ RunTime:0.001717s ]
INFO: [ view_end ] --END-- [ RunTime:0.001969s ]

[ 2002-01-03T23:26:24+08:00 ] ERR: (ThinkException) 非法操作:delCart
[ 2002-01-03T23:26:24+08:00 ] 127.0.0.1 /index.php/Index/delCart
INFO: [ route_check ] --START--
INFO: Run CheckRoute Behavior [ RunTime:0.001445s ]
INFO: [ route_check ] --END-- [ RunTime:0.001725s ]
INFO: [ app_begin ] --START--
INFO: Run ReadHtmlCache Behavior [ RunTime:0.001171s ]
INFO: [ app_begin ] --END-- [ RunTime:0.001406s ]
NOTIC: [2048] Declaration of IndexAction::show() should be compatible with that of Action::show() E:\www\szjiusc\Lib\Action\IndexAction.class.php 第 70 行.
NOTIC: [8] Undefined index:  class D:\ThinkPHP\Lib\Core\ThinkException.class.php 第 63 行.
NOTIC: [8] Undefined index:  type D:\ThinkPHP\Lib\Core\ThinkException.class.php 第 63 行.
NOTIC: [8] Undefined index:  file D:\ThinkPHP\Lib\Core\ThinkException.class.php 第 62 行.
NOTIC: [8] Undefined index:  line D:\ThinkPHP\Lib\Core\ThinkException.class.php 第 62 行.
NOTIC: [4096] Object of class IndexAction could not be converted to string D:\ThinkPHP\Lib\Core\ThinkException.class.php 第 64 行.
NOTIC: [8] Array to string conversion D:\ThinkPHP\Lib\Core\ThinkException.class.php 第 64 行.
NOTIC: [8] Undefined index:  class D:\ThinkPHP\Lib\Core\ThinkException.class.php 第 63 行.
NOTIC: [8] Undefined index:  type D:\ThinkPHP\Lib\Core\ThinkException.class.php 第 63 行.
NOTIC: [8] Undefined index:  class D:\ThinkPHP\Lib\Core\ThinkException.class.php 第 63 行.
NOTIC: [8] Undefined index:  type D:\ThinkPHP\Lib\Core\ThinkException.class.php 第 63 行.

[ 2002-01-03T23:27:12+08:00 ] 127.0.0.1 /index.php/Index/mycart
INFO: [ route_check ] --START--
INFO: Run CheckRoute Behavior [ RunTime:0.001438s ]
INFO: [ route_check ] --END-- [ RunTime:0.001717s ]
INFO: [ app_begin ] --START--
INFO: Run ReadHtmlCache Behavior [ RunTime:0.002194s ]
INFO: [ app_begin ] --END-- [ RunTime:0.002452s ]
NOTIC: [2048] Declaration of IndexAction::show() should be compatible with that of Action::show() E:\www\szjiusc\Lib\Action\IndexAction.class.php 第 70 行.
NOTIC: [8] Undefined index:  coupon D:\ThinkPHP\Extend\Library\ORG\Util\Cart.class.php 第 25 行.
NOTIC: [8] Undefined index:  discount D:\ThinkPHP\Extend\Library\ORG\Util\Cart.class.php 第 26 行.
NOTIC: [8] Undefined index:  coupon_price D:\ThinkPHP\Extend\Library\ORG\Util\Cart.class.php 第 27 行.
INFO: [ view_template ] --START--
INFO: Run LocationTemplate Behavior [ RunTime:0.000836s ]
INFO: [ view_template ] --END-- [ RunTime:0.001096s ]
INFO: [ view_parse ] --START--
NOTIC: [8] Undefined index:  image E:\www\szjiusc\Runtime\Cache\82fc55699211f8be4da108fa402bbc82.php 第 100 行.
INFO: Run ParseTemplate Behavior [ RunTime:0.022869s ]
INFO: [ view_parse ] --END-- [ RunTime:0.023118s ]
INFO: [ view_filter ] --START--
INFO: Run ContentReplace Behavior [ RunTime:0.000769s ]
INFO: Run TokenBuild Behavior [ RunTime:0.000764s ]
INFO: Run WriteHtmlCache Behavior [ RunTime:0.000511s ]
INFO: Run ShowRuntime Behavior [ RunTime:0.000957s ]
INFO: [ view_filter ] --END-- [ RunTime:0.003622s ]
INFO: [ view_end ] --START--
INFO: Run ShowPageTrace Behavior [ RunTime:0.001277s ]
INFO: [ view_end ] --END-- [ RunTime:0.002491s ]

[ 2002-01-03T23:27:15+08:00 ] ERR: (ThinkException) 非法操作:delCart
[ 2002-01-03T23:27:15+08:00 ] 127.0.0.1 /index.php/Index/delCart
INFO: [ route_check ] --START--
INFO: Run CheckRoute Behavior [ RunTime:0.001486s ]
INFO: [ route_check ] --END-- [ RunTime:0.001767s ]
INFO: [ app_begin ] --START--
INFO: Run ReadHtmlCache Behavior [ RunTime:0.010662s ]
INFO: [ app_begin ] --END-- [ RunTime:0.013938s ]
NOTIC: [2048] Declaration of IndexAction::show() should be compatible with that of Action::show() E:\www\szjiusc\Lib\Action\IndexAction.class.php 第 70 行.
NOTIC: [8] Undefined index:  class D:\ThinkPHP\Lib\Core\ThinkException.class.php 第 63 行.
NOTIC: [8] Undefined index:  type D:\ThinkPHP\Lib\Core\ThinkException.class.php 第 63 行.
NOTIC: [8] Undefined index:  file D:\ThinkPHP\Lib\Core\ThinkException.class.php 第 62 行.
NOTIC: [8] Undefined index:  line D:\ThinkPHP\Lib\Core\ThinkException.class.php 第 62 行.
NOTIC: [4096] Object of class IndexAction could not be converted to string D:\ThinkPHP\Lib\Core\ThinkException.class.php 第 64 行.
NOTIC: [8] Array to string conversion D:\ThinkPHP\Lib\Core\ThinkException.class.php 第 64 行.
NOTIC: [8] Undefined index:  class D:\ThinkPHP\Lib\Core\ThinkException.class.php 第 63 行.
NOTIC: [8] Undefined index:  type D:\ThinkPHP\Lib\Core\ThinkException.class.php 第 63 行.
NOTIC: [8] Undefined index:  class D:\ThinkPHP\Lib\Core\ThinkException.class.php 第 63 行.
NOTIC: [8] Undefined index:  type D:\ThinkPHP\Lib\Core\ThinkException.class.php 第 63 行.

[ 2002-01-03T23:30:17+08:00 ] 127.0.0.1 /
INFO: [ app_begin ] --START--
INFO: Run ReadHtmlCache Behavior [ RunTime:0.010920s ]
INFO: [ app_begin ] --END-- [ RunTime:0.011071s ]
NOTIC: [2048] Declaration of IndexAction::show() should be compatible with that of Action::show() E:\www\szjiusc\Lib\Action\IndexAction.class.php 第 75 行.
INFO: [ view_template ] --START--
INFO: Run LocationTemplate Behavior [ RunTime:0.001542s ]
INFO: [ view_template ] --END-- [ RunTime:0.001854s ]
INFO: [ view_parse ] --START--
INFO: Run ParseTemplate Behavior [ RunTime:0.021578s ]
INFO: [ view_parse ] --END-- [ RunTime:0.021894s ]
INFO: [ view_filter ] --START--
INFO: Run ContentReplace Behavior [ RunTime:0.001086s ]
INFO: Run TokenBuild Behavior [ RunTime:0.001788s ]
INFO: Run WriteHtmlCache Behavior [ RunTime:0.001129s ]
INFO: Run ShowRuntime Behavior [ RunTime:0.001672s ]
INFO: [ view_filter ] --END-- [ RunTime:0.006373s ]
INFO: [ view_end ] --START--
INFO: Run ShowPageTrace Behavior [ RunTime:0.001527s ]
INFO: [ view_end ] --END-- [ RunTime:0.001773s ]

[ 2002-01-03T23:30:19+08:00 ] 127.0.0.1 /index.php/Index/show/id/1
INFO: [ route_check ] --START--
INFO: Run CheckRoute Behavior [ RunTime:0.000000s ]
INFO: [ route_check ] --END-- [ RunTime:0.000000s ]
INFO: [ app_begin ] --START--
INFO: Run ReadHtmlCache Behavior [ RunTime:0.000000s ]
INFO: [ app_begin ] --END-- [ RunTime:0.000000s ]
NOTIC: [2048] Declaration of IndexAction::show() should be compatible with that of Action::show() E:\www\szjiusc\Lib\Action\IndexAction.class.php 第 75 行.
INFO: [ view_template ] --START--
INFO: Run LocationTemplate Behavior [ RunTime:0.001204s ]
INFO: [ view_template ] --END-- [ RunTime:0.012394s ]
INFO: [ view_parse ] --START--
INFO: Run ParseTemplate Behavior [ RunTime:0.018202s ]
INFO: [ view_parse ] --END-- [ RunTime:0.018606s ]
INFO: [ view_filter ] --START--
INFO: Run ContentReplace Behavior [ RunTime:0.000771s ]
INFO: Run TokenBuild Behavior [ RunTime:0.000922s ]
INFO: Run WriteHtmlCache Behavior [ RunTime:0.000516s ]
INFO: Run ShowRuntime Behavior [ RunTime:0.000974s ]
INFO: [ view_filter ] --END-- [ RunTime:0.003826s ]
INFO: [ view_end ] --START--
INFO: Run ShowPageTrace Behavior [ RunTime:0.001158s ]
INFO: [ view_end ] --END-- [ RunTime:0.001389s ]

[ 2002-01-03T23:31:02+08:00 ] 127.0.0.1 /index.php/Index/show/id/1
INFO: [ route_check ] --START--
INFO: Run CheckRoute Behavior [ RunTime:0.001493s ]
INFO: [ route_check ] --END-- [ RunTime:0.001798s ]
INFO: [ app_begin ] --START--
INFO: Run ReadHtmlCache Behavior [ RunTime:0.001109s ]
INFO: [ app_begin ] --END-- [ RunTime:0.001375s ]
NOTIC: [2048] Declaration of IndexAction::show() should be compatible with that of Action::show() E:\www\szjiusc\Lib\Action\IndexAction.class.php 第 75 行.
INFO: [ view_template ] --START--
INFO: Run LocationTemplate Behavior [ RunTime:0.000748s ]
INFO: [ view_template ] --END-- [ RunTime:0.001058s ]
INFO: [ view_parse ] --START--
INFO: Run ParseTemplate Behavior [ RunTime:0.022818s ]
INFO: [ view_parse ] --END-- [ RunTime:0.023086s ]
INFO: [ view_filter ] --START--
INFO: Run ContentReplace Behavior [ RunTime:0.001089s ]
INFO: Run TokenBuild Behavior [ RunTime:0.000843s ]
INFO: Run WriteHtmlCache Behavior [ RunTime:0.000550s ]
INFO: Run ShowRuntime Behavior [ RunTime:0.001035s ]
INFO: [ view_filter ] --END-- [ RunTime:0.005660s ]
INFO: [ view_end ] --START--
INFO: Run ShowPageTrace Behavior [ RunTime:0.001389s ]
INFO: [ view_end ] --END-- [ RunTime:0.001638s ]

[ 2002-01-03T23:31:28+08:00 ] 127.0.0.1 /index.php/Index/show/id/1
INFO: [ route_check ] --START--
INFO: Run CheckRoute Behavior [ RunTime:0.001635s ]
INFO: [ route_check ] --END-- [ RunTime:0.001911s ]
INFO: [ app_begin ] --START--
INFO: Run ReadHtmlCache Behavior [ RunTime:0.001090s ]
INFO: [ app_begin ] --END-- [ RunTime:0.001530s ]
NOTIC: [2048] Declaration of IndexAction::show() should be compatible with that of Action::show() E:\www\szjiusc\Lib\Action\IndexAction.class.php 第 75 行.
INFO: [ view_template ] --START--
INFO: Run LocationTemplate Behavior [ RunTime:0.000000s ]
INFO: [ view_template ] --END-- [ RunTime:0.000000s ]
INFO: [ view_parse ] --START--
INFO: Run ParseTemplate Behavior [ RunTime:0.024627s ]
INFO: [ view_parse ] --END-- [ RunTime:0.024796s ]
INFO: [ view_filter ] --START--
INFO: Run ContentReplace Behavior [ RunTime:0.000770s ]
INFO: Run TokenBuild Behavior [ RunTime:0.000792s ]
INFO: Run WriteHtmlCache Behavior [ RunTime:0.000503s ]
INFO: Run ShowRuntime Behavior [ RunTime:0.001047s ]
INFO: [ view_filter ] --END-- [ RunTime:0.003769s ]
INFO: [ view_end ] --START--
INFO: Run ShowPageTrace Behavior [ RunTime:0.003256s ]
INFO: [ view_end ] --END-- [ RunTime:0.003527s ]

[ 2002-01-03T23:31:29+08:00 ] 127.0.0.1 /index.php/Index/mycart
INFO: [ route_check ] --START--
INFO: Run CheckRoute Behavior [ RunTime:0.001464s ]
INFO: [ route_check ] --END-- [ RunTime:0.001739s ]
INFO: [ app_begin ] --START--
INFO: Run ReadHtmlCache Behavior [ RunTime:0.001076s ]
INFO: [ app_begin ] --END-- [ RunTime:0.001320s ]
NOTIC: [2048] Declaration of IndexAction::show() should be compatible with that of Action::show() E:\www\szjiusc\Lib\Action\IndexAction.class.php 第 75 行.
NOTIC: [8] Undefined index:  cart D:\ThinkPHP\Extend\Library\ORG\Util\Cart.class.php 第 23 行.
NOTIC: [8] Undefined index:  cart D:\ThinkPHP\Extend\Library\ORG\Util\Cart.class.php 第 25 行.
NOTIC: [8] Undefined index:  cart D:\ThinkPHP\Extend\Library\ORG\Util\Cart.class.php 第 26 行.
NOTIC: [8] Undefined index:  cart D:\ThinkPHP\Extend\Library\ORG\Util\Cart.class.php 第 27 行.
NOTIC: [8] Undefined index:  cart D:\ThinkPHP\Extend\Library\ORG\Util\Cart.class.php 第 28 行.
NOTIC: [8] Undefined index:  cart D:\ThinkPHP\Extend\Library\ORG\Util\Cart.class.php 第 29 行.
INFO: [ view_template ] --START--
INFO: Run LocationTemplate Behavior [ RunTime:0.001580s ]
INFO: [ view_template ] --END-- [ RunTime:0.001908s ]
INFO: [ view_parse ] --START--
INFO: Run ParseTemplate Behavior [ RunTime:0.026905s ]
INFO: [ view_parse ] --END-- [ RunTime:0.019837s ]
INFO: [ view_filter ] --START--
INFO: Run ContentReplace Behavior [ RunTime:0.000757s ]
INFO: Run TokenBuild Behavior [ RunTime:0.000754s ]
INFO: Run WriteHtmlCache Behavior [ RunTime:0.000458s ]
INFO: Run ShowRuntime Behavior [ RunTime:0.001147s ]
INFO: [ view_filter ] --END-- [ RunTime:0.003760s ]
INFO: [ view_end ] --START--
INFO: Run ShowPageTrace Behavior [ RunTime:0.001196s ]
INFO: [ view_end ] --END-- [ RunTime:0.001436s ]

[ 2002-01-03T23:31:35+08:00 ] 127.0.0.1 /index.php/Index/addCart
INFO: [ route_check ] --START--
INFO: Run CheckRoute Behavior [ RunTime:0.001660s ]
INFO: [ route_check ] --END-- [ RunTime:0.001940s ]
INFO: [ app_begin ] --START--
INFO: Run ReadHtmlCache Behavior [ RunTime:0.001235s ]
INFO: [ app_begin ] --END-- [ RunTime:0.001453s ]
NOTIC: [2048] Declaration of IndexAction::show() should be compatible with that of Action::show() E:\www\szjiusc\Lib\Action\IndexAction.class.php 第 75 行.
NOTIC: [8] Undefined index:  cart D:\ThinkPHP\Extend\Library\ORG\Util\Cart.class.php 第 23 行.
NOTIC: [8] Undefined index:  cart D:\ThinkPHP\Extend\Library\ORG\Util\Cart.class.php 第 25 行.
NOTIC: [8] Undefined index:  cart D:\ThinkPHP\Extend\Library\ORG\Util\Cart.class.php 第 26 行.
NOTIC: [8] Undefined index:  cart D:\ThinkPHP\Extend\Library\ORG\Util\Cart.class.php 第 27 行.
NOTIC: [8] Undefined index:  cart D:\ThinkPHP\Extend\Library\ORG\Util\Cart.class.php 第 28 行.
NOTIC: [8] Undefined index:  cart D:\ThinkPHP\Extend\Library\ORG\Util\Cart.class.php 第 29 行.

[ 2002-01-03T23:31:42+08:00 ] 127.0.0.1 /index.php/Index/addCart
INFO: [ route_check ] --START--
INFO: Run CheckRoute Behavior [ RunTime:0.001586s ]
INFO: [ route_check ] --END-- [ RunTime:0.001884s ]
INFO: [ app_begin ] --START--
INFO: Run ReadHtmlCache Behavior [ RunTime:0.001123s ]
INFO: [ app_begin ] --END-- [ RunTime:0.001331s ]
NOTIC: [2048] Declaration of IndexAction::show() should be compatible with that of Action::show() E:\www\szjiusc\Lib\Action\IndexAction.class.php 第 75 行.
NOTIC: [8] Undefined index:  coupon D:\ThinkPHP\Extend\Library\ORG\Util\Cart.class.php 第 25 行.
NOTIC: [8] Undefined index:  discount D:\ThinkPHP\Extend\Library\ORG\Util\Cart.class.php 第 26 行.
NOTIC: [8] Undefined index:  coupon_price D:\ThinkPHP\Extend\Library\ORG\Util\Cart.class.php 第 27 行.

[ 2002-01-03T23:31:46+08:00 ] 127.0.0.1 /index.php/Index/addCart
INFO: [ route_check ] --START--
INFO: Run CheckRoute Behavior [ RunTime:0.001410s ]
INFO: [ route_check ] --END-- [ RunTime:0.001682s ]
INFO: [ app_begin ] --START--
INFO: Run ReadHtmlCache Behavior [ RunTime:0.001077s ]
INFO: [ app_begin ] --END-- [ RunTime:0.011211s ]
NOTIC: [2048] Declaration of IndexAction::show() should be compatible with that of Action::show() E:\www\szjiusc\Lib\Action\IndexAction.class.php 第 75 行.
NOTIC: [8] Undefined index:  coupon D:\ThinkPHP\Extend\Library\ORG\Util\Cart.class.php 第 25 行.
NOTIC: [8] Undefined index:  discount D:\ThinkPHP\Extend\Library\ORG\Util\Cart.class.php 第 26 行.
NOTIC: [8] Undefined index:  coupon_price D:\ThinkPHP\Extend\Library\ORG\Util\Cart.class.php 第 27 行.

[ 2002-01-03T23:31:49+08:00 ] 127.0.0.1 /index.php/Index/mycart
INFO: [ route_check ] --START--
INFO: Run CheckRoute Behavior [ RunTime:0.000000s ]
INFO: [ route_check ] --END-- [ RunTime:0.000000s ]
INFO: [ app_begin ] --START--
INFO: Run ReadHtmlCache Behavior [ RunTime:0.015625s ]
INFO: [ app_begin ] --END-- [ RunTime:0.015625s ]
NOTIC: [2048] Declaration of IndexAction::show() should be compatible with that of Action::show() E:\www\szjiusc\Lib\Action\IndexAction.class.php 第 75 行.
NOTIC: [8] Undefined index:  coupon D:\ThinkPHP\Extend\Library\ORG\Util\Cart.class.php 第 25 行.
NOTIC: [8] Undefined index:  discount D:\ThinkPHP\Extend\Library\ORG\Util\Cart.class.php 第 26 行.
NOTIC: [8] Undefined index:  coupon_price D:\ThinkPHP\Extend\Library\ORG\Util\Cart.class.php 第 27 行.
INFO: [ view_template ] --START--
INFO: Run LocationTemplate Behavior [ RunTime:0.000000s ]
INFO: [ view_template ] --END-- [ RunTime:0.000000s ]
INFO: [ view_parse ] --START--
NOTIC: [8] Undefined index:  image E:\www\szjiusc\Runtime\Cache\82fc55699211f8be4da108fa402bbc82.php 第 100 行.
NOTIC: [8] Undefined index:  image E:\www\szjiusc\Runtime\Cache\82fc55699211f8be4da108fa402bbc82.php 第 100 行.
NOTIC: [8] Undefined index:  image E:\www\szjiusc\Runtime\Cache\82fc55699211f8be4da108fa402bbc82.php 第 100 行.
INFO: Run ParseTemplate Behavior [ RunTime:0.043756s ]
INFO: [ view_parse ] --END-- [ RunTime:0.043907s ]
INFO: [ view_filter ] --START--
INFO: Run ContentReplace Behavior [ RunTime:0.000872s ]
INFO: Run TokenBuild Behavior [ RunTime:0.000898s ]
INFO: Run WriteHtmlCache Behavior [ RunTime:0.006657s ]
INFO: Run ShowRuntime Behavior [ RunTime:0.001461s ]
INFO: [ view_filter ] --END-- [ RunTime:0.010598s ]
INFO: [ view_end ] --START--
INFO: Run ShowPageTrace Behavior [ RunTime:0.002135s ]
INFO: [ view_end ] --END-- [ RunTime:0.002378s ]

[ 2002-01-03T23:31:52+08:00 ] 127.0.0.1 /index.php/Index/mycart
INFO: [ route_check ] --START--
INFO: Run CheckRoute Behavior [ RunTime:0.000000s ]
INFO: [ route_check ] --END-- [ RunTime:0.000000s ]
INFO: [ app_begin ] --START--
INFO: Run ReadHtmlCache Behavior [ RunTime:0.000000s ]
INFO: [ app_begin ] --END-- [ RunTime:0.000000s ]
NOTIC: [2048] Declaration of IndexAction::show() should be compatible with that of Action::show() E:\www\szjiusc\Lib\Action\IndexAction.class.php 第 75 行.
NOTIC: [8] Undefined index:  coupon D:\ThinkPHP\Extend\Library\ORG\Util\Cart.class.php 第 25 行.
NOTIC: [8] Undefined index:  discount D:\ThinkPHP\Extend\Library\ORG\Util\Cart.class.php 第 26 行.
NOTIC: [8] Undefined index:  coupon_price D:\ThinkPHP\Extend\Library\ORG\Util\Cart.class.php 第 27 行.
INFO: [ view_template ] --START--
INFO: Run LocationTemplate Behavior [ RunTime:0.000000s ]
INFO: [ view_template ] --END-- [ RunTime:0.000000s ]
INFO: [ view_parse ] --START--
NOTIC: [8] Undefined index:  image E:\www\szjiusc\Runtime\Cache\82fc55699211f8be4da108fa402bbc82.php 第 100 行.
NOTIC: [8] Undefined index:  image E:\www\szjiusc\Runtime\Cache\82fc55699211f8be4da108fa402bbc82.php 第 100 行.
NOTIC: [8] Undefined index:  image E:\www\szjiusc\Runtime\Cache\82fc55699211f8be4da108fa402bbc82.php 第 100 行.
INFO: Run ParseTemplate Behavior [ RunTime:0.026942s ]
INFO: [ view_parse ] --END-- [ RunTime:0.027073s ]
INFO: [ view_filter ] --START--
INFO: Run ContentReplace Behavior [ RunTime:0.000000s ]
INFO: Run TokenBuild Behavior [ RunTime:0.000000s ]
INFO: Run WriteHtmlCache Behavior [ RunTime:0.000000s ]
INFO: Run ShowRuntime Behavior [ RunTime:0.000000s ]
INFO: [ view_filter ] --END-- [ RunTime:0.004002s ]
INFO: [ view_end ] --START--
INFO: Run ShowPageTrace Behavior [ RunTime:0.000000s ]
INFO: [ view_end ] --END-- [ RunTime:0.000000s ]

