[ 2013-05-21T20:16:55+08:00 ] 127.0.0.1 /
INFO: [ app_begin ] --START--
INFO: Run ReadHtmlCache Behavior [ RunTime:0.001366s ]
INFO: [ app_begin ] --END-- [ RunTime:0.001484s ]
INFO: [ view_template ] --START--
INFO: Run LocationTemplate Behavior [ RunTime:0.001949s ]
INFO: [ view_template ] --END-- [ RunTime:0.002023s ]
INFO: [ view_parse ] --START--
INFO: Run ParseTemplate Behavior [ RunTime:0.011826s ]
INFO: [ view_parse ] --END-- [ RunTime:0.011932s ]
INFO: [ view_filter ] --START--
INFO: Run ContentReplace Behavior [ RunTime:0.001082s ]
INFO: Run TokenBuild Behavior [ RunTime:0.001030s ]
INFO: Run WriteHtmlCache Behavior [ RunTime:0.001156s ]
INFO: Run ShowRuntime Behavior [ RunTime:0.001303s ]
INFO: [ view_filter ] --END-- [ RunTime:0.004752s ]
INFO: [ view_end ] --START--
INFO: Run ShowPageTrace Behavior [ RunTime:0.001283s ]
INFO: [ view_end ] --END-- [ RunTime:0.001345s ]

[ 2013-05-21T20:22:53+08:00 ] 127.0.0.1 /
INFO: [ app_begin ] --START--
INFO: Run ReadHtmlCache Behavior [ RunTime:0.001229s ]
INFO: [ app_begin ] --END-- [ RunTime:0.001337s ]
NOTIC: [2048] Declaration of IndexAction::show() should be compatible with that of Action::show() E:\www\szjiusc\Lib\Action\IndexAction.class.php 第 18 行.
INFO: [ view_template ] --START--
INFO: Run LocationTemplate Behavior [ RunTime:0.001973s ]
INFO: [ view_template ] --END-- [ RunTime:0.002050s ]
INFO: [ view_parse ] --START--
INFO: Run ParseTemplate Behavior [ RunTime:0.012000s ]
INFO: [ view_parse ] --END-- [ RunTime:0.012127s ]
INFO: [ view_filter ] --START--
INFO: Run ContentReplace Behavior [ RunTime:0.001132s ]
INFO: Run TokenBuild Behavior [ RunTime:0.001027s ]
INFO: Run WriteHtmlCache Behavior [ RunTime:0.000989s ]
INFO: Run ShowRuntime Behavior [ RunTime:0.001148s ]
INFO: [ view_filter ] --END-- [ RunTime:0.004481s ]
INFO: [ view_end ] --START--
INFO: Run ShowPageTrace Behavior [ RunTime:0.001298s ]
INFO: [ view_end ] --END-- [ RunTime:0.001362s ]

[ 2013-05-21T20:24:10+08:00 ] 127.0.0.1 /
INFO: [ app_begin ] --START--
INFO: Run ReadHtmlCache Behavior [ RunTime:0.001000s ]
INFO: [ app_begin ] --END-- [ RunTime:0.001157s ]
NOTIC: [2048] Declaration of IndexAction::show() should be compatible with that of Action::show() E:\www\szjiusc\Lib\Action\IndexAction.class.php 第 18 行.
INFO: [ view_template ] --START--
INFO: Run LocationTemplate Behavior [ RunTime:0.000992s ]
INFO: [ view_template ] --END-- [ RunTime:0.001110s ]
INFO: [ view_parse ] --START--
INFO: Run ParseTemplate Behavior [ RunTime:0.013322s ]
INFO: [ view_parse ] --END-- [ RunTime:0.013485s ]
INFO: [ view_filter ] --START--
INFO: Run ContentReplace Behavior [ RunTime:0.000979s ]
INFO: Run TokenBuild Behavior [ RunTime:0.000423s ]
INFO: Run WriteHtmlCache Behavior [ RunTime:0.000324s ]
INFO: Run ShowRuntime Behavior [ RunTime:0.000541s ]
INFO: [ view_filter ] --END-- [ RunTime:0.002443s ]
INFO: [ view_end ] --START--
INFO: Run ShowPageTrace Behavior [ RunTime:0.000699s ]
INFO: [ view_end ] --END-- [ RunTime:0.000774s ]

[ 2013-05-21T20:24:42+08:00 ] 127.0.0.1 /
INFO: [ app_begin ] --START--
INFO: Run ReadHtmlCache Behavior [ RunTime:0.000979s ]
INFO: [ app_begin ] --END-- [ RunTime:0.001156s ]
NOTIC: [2048] Declaration of IndexAction::show() should be compatible with that of Action::show() E:\www\szjiusc\Lib\Action\IndexAction.class.php 第 18 行.
INFO: [ view_template ] --START--
INFO: Run LocationTemplate Behavior [ RunTime:0.000693s ]
INFO: [ view_template ] --END-- [ RunTime:0.000789s ]
INFO: [ view_parse ] --START--
INFO: Run ParseTemplate Behavior [ RunTime:0.010595s ]
INFO: [ view_parse ] --END-- [ RunTime:0.010766s ]
INFO: [ view_filter ] --START--
INFO: Run ContentReplace Behavior [ RunTime:0.000496s ]
INFO: Run TokenBuild Behavior [ RunTime:0.000437s ]
INFO: Run WriteHtmlCache Behavior [ RunTime:0.000296s ]
INFO: Run ShowRuntime Behavior [ RunTime:0.000515s ]
INFO: [ view_filter ] --END-- [ RunTime:0.001934s ]
INFO: [ view_end ] --START--
INFO: Run ShowPageTrace Behavior [ RunTime:0.000625s ]
INFO: [ view_end ] --END-- [ RunTime:0.000703s ]

[ 2013-05-21T20:25:59+08:00 ] 127.0.0.1 /
INFO: [ app_begin ] --START--
INFO: Run ReadHtmlCache Behavior [ RunTime:0.001616s ]
INFO: [ app_begin ] --END-- [ RunTime:0.001757s ]
NOTIC: [2048] Declaration of IndexAction::show() should be compatible with that of Action::show() E:\www\szjiusc\Lib\Action\IndexAction.class.php 第 18 行.
INFO: [ view_template ] --START--
INFO: Run LocationTemplate Behavior [ RunTime:0.001905s ]
INFO: [ view_template ] --END-- [ RunTime:0.001977s ]
INFO: [ view_parse ] --START--
INFO: Run ParseTemplate Behavior [ RunTime:0.012769s ]
INFO: [ view_parse ] --END-- [ RunTime:0.012922s ]
INFO: [ view_filter ] --START--
INFO: Run ContentReplace Behavior [ RunTime:0.001096s ]
INFO: Run TokenBuild Behavior [ RunTime:0.001184s ]
INFO: Run WriteHtmlCache Behavior [ RunTime:0.001190s ]
INFO: Run ShowRuntime Behavior [ RunTime:0.001636s ]
INFO: [ view_filter ] --END-- [ RunTime:0.005318s ]
INFO: [ view_end ] --START--
INFO: Run ShowPageTrace Behavior [ RunTime:0.001411s ]
INFO: [ view_end ] --END-- [ RunTime:0.001479s ]

[ 2013-05-21T20:26:03+08:00 ] 127.0.0.1 /index.php/Index/show/id/2
INFO: [ route_check ] --START--
INFO: Run CheckRoute Behavior [ RunTime:0.001770s ]
INFO: [ route_check ] --END-- [ RunTime:0.001892s ]
INFO: [ app_begin ] --START--
INFO: Run ReadHtmlCache Behavior [ RunTime:0.000742s ]
INFO: [ app_begin ] --END-- [ RunTime:0.000863s ]
NOTIC: [2048] Declaration of IndexAction::show() should be compatible with that of Action::show() E:\www\szjiusc\Lib\Action\IndexAction.class.php 第 18 行.
INFO: [ view_template ] --START--
INFO: Run LocationTemplate Behavior [ RunTime:0.001625s ]
INFO: [ view_template ] --END-- [ RunTime:0.001759s ]
INFO: [ view_parse ] --START--
INFO: Run ParseTemplate Behavior [ RunTime:0.011315s ]
INFO: [ view_parse ] --END-- [ RunTime:0.011437s ]
INFO: [ view_filter ] --START--
INFO: Run ContentReplace Behavior [ RunTime:0.000586s ]
INFO: Run TokenBuild Behavior [ RunTime:0.000457s ]
INFO: Run WriteHtmlCache Behavior [ RunTime:0.000348s ]
INFO: Run ShowRuntime Behavior [ RunTime:0.000900s ]
INFO: [ view_filter ] --END-- [ RunTime:0.003773s ]
INFO: [ view_end ] --START--
INFO: Run ShowPageTrace Behavior [ RunTime:0.000775s ]
INFO: [ view_end ] --END-- [ RunTime:0.000848s ]

[ 2013-05-21T20:26:08+08:00 ] 127.0.0.1 /index.php/Index/show/id/1
INFO: [ route_check ] --START--
INFO: Run CheckRoute Behavior [ RunTime:0.001097s ]
INFO: [ route_check ] --END-- [ RunTime:0.001213s ]
INFO: [ app_begin ] --START--
INFO: Run ReadHtmlCache Behavior [ RunTime:0.000725s ]
INFO: [ app_begin ] --END-- [ RunTime:0.000800s ]
NOTIC: [2048] Declaration of IndexAction::show() should be compatible with that of Action::show() E:\www\szjiusc\Lib\Action\IndexAction.class.php 第 18 行.
INFO: [ view_template ] --START--
INFO: Run LocationTemplate Behavior [ RunTime:0.000501s ]
INFO: [ view_template ] --END-- [ RunTime:0.000583s ]
INFO: [ view_parse ] --START--
INFO: Run ParseTemplate Behavior [ RunTime:0.008231s ]
INFO: [ view_parse ] --END-- [ RunTime:0.008329s ]
INFO: [ view_filter ] --START--
INFO: Run ContentReplace Behavior [ RunTime:0.000427s ]
INFO: Run TokenBuild Behavior [ RunTime:0.000427s ]
INFO: Run WriteHtmlCache Behavior [ RunTime:0.000299s ]
INFO: Run ShowRuntime Behavior [ RunTime:0.000488s ]
INFO: [ view_filter ] --END-- [ RunTime:0.001811s ]
INFO: [ view_end ] --START--
INFO: Run ShowPageTrace Behavior [ RunTime:0.000608s ]
INFO: [ view_end ] --END-- [ RunTime:0.000664s ]

[ 2013-05-21T20:27:26+08:00 ] 127.0.0.1 /index.php/Index/show/id/2
INFO: [ route_check ] --START--
INFO: Run CheckRoute Behavior [ RunTime:0.001368s ]
INFO: [ route_check ] --END-- [ RunTime:0.001516s ]
INFO: [ app_begin ] --START--
INFO: Run ReadHtmlCache Behavior [ RunTime:0.000823s ]
INFO: [ app_begin ] --END-- [ RunTime:0.000922s ]
NOTIC: [2048] Declaration of IndexAction::show() should be compatible with that of Action::show() E:\www\szjiusc\Lib\Action\IndexAction.class.php 第 18 行.
INFO: [ view_template ] --START--
INFO: Run LocationTemplate Behavior [ RunTime:0.001139s ]
INFO: [ view_template ] --END-- [ RunTime:0.001256s ]
INFO: [ view_parse ] --START--
INFO: Run ParseTemplate Behavior [ RunTime:0.132977s ]
INFO: [ view_parse ] --END-- [ RunTime:0.133114s ]
INFO: [ view_filter ] --START--
INFO: Run ContentReplace Behavior [ RunTime:0.000448s ]
INFO: Run TokenBuild Behavior [ RunTime:0.000409s ]
INFO: Run WriteHtmlCache Behavior [ RunTime:0.000423s ]
INFO: Run ShowRuntime Behavior [ RunTime:0.000644s ]
INFO: [ view_filter ] --END-- [ RunTime:0.002137s ]
INFO: [ view_end ] --START--
INFO: Run ShowPageTrace Behavior [ RunTime:0.000912s ]
INFO: [ view_end ] --END-- [ RunTime:0.001010s ]

[ 2013-05-21T20:28:00+08:00 ] 127.0.0.1 /index.php/Index/show/id/2
INFO: [ route_check ] --START--
INFO: Run CheckRoute Behavior [ RunTime:0.000879s ]
INFO: [ route_check ] --END-- [ RunTime:0.000973s ]
INFO: [ app_begin ] --START--
INFO: Run ReadHtmlCache Behavior [ RunTime:0.001168s ]
INFO: [ app_begin ] --END-- [ RunTime:0.001258s ]
NOTIC: [2048] Declaration of IndexAction::show() should be compatible with that of Action::show() E:\www\szjiusc\Lib\Action\IndexAction.class.php 第 18 行.
INFO: [ view_template ] --START--
INFO: Run LocationTemplate Behavior [ RunTime:0.001072s ]
INFO: [ view_template ] --END-- [ RunTime:0.001144s ]
INFO: [ view_parse ] --START--
INFO: Run ParseTemplate Behavior [ RunTime:0.012514s ]
INFO: [ view_parse ] --END-- [ RunTime:0.012652s ]
INFO: [ view_filter ] --START--
INFO: Run ContentReplace Behavior [ RunTime:0.001160s ]
INFO: Run TokenBuild Behavior [ RunTime:0.001124s ]
INFO: Run WriteHtmlCache Behavior [ RunTime:0.001161s ]
INFO: Run ShowRuntime Behavior [ RunTime:0.001298s ]
INFO: [ view_filter ] --END-- [ RunTime:0.004951s ]
INFO: [ view_end ] --START--
INFO: Run ShowPageTrace Behavior [ RunTime:0.001575s ]
INFO: [ view_end ] --END-- [ RunTime:0.001653s ]

[ 2013-05-21T20:28:38+08:00 ] 127.0.0.1 /index.php/Index/show/id/2
INFO: [ route_check ] --START--
INFO: Run CheckRoute Behavior [ RunTime:0.002850s ]
INFO: [ route_check ] --END-- [ RunTime:0.002991s ]
INFO: [ app_begin ] --START--
INFO: Run ReadHtmlCache Behavior [ RunTime:0.001107s ]
INFO: [ app_begin ] --END-- [ RunTime:0.001193s ]
NOTIC: [2048] Declaration of IndexAction::show() should be compatible with that of Action::show() E:\www\szjiusc\Lib\Action\IndexAction.class.php 第 18 行.
INFO: [ view_template ] --START--
INFO: Run LocationTemplate Behavior [ RunTime:0.001605s ]
INFO: [ view_template ] --END-- [ RunTime:0.001697s ]
INFO: [ view_parse ] --START--
INFO: Run ParseTemplate Behavior [ RunTime:0.011974s ]
INFO: [ view_parse ] --END-- [ RunTime:0.012100s ]
INFO: [ view_filter ] --START--
INFO: Run ContentReplace Behavior [ RunTime:0.000497s ]
INFO: Run TokenBuild Behavior [ RunTime:0.000407s ]
INFO: Run WriteHtmlCache Behavior [ RunTime:0.000295s ]
INFO: Run ShowRuntime Behavior [ RunTime:0.000497s ]
INFO: [ view_filter ] --END-- [ RunTime:0.001861s ]
INFO: [ view_end ] --START--
INFO: Run ShowPageTrace Behavior [ RunTime:0.000912s ]
INFO: [ view_end ] --END-- [ RunTime:0.000982s ]

[ 2013-05-21T20:29:11+08:00 ] 127.0.0.1 /index.php/Index/show/id/2
INFO: [ route_check ] --START--
INFO: Run CheckRoute Behavior [ RunTime:0.001310s ]
INFO: [ route_check ] --END-- [ RunTime:0.001426s ]
INFO: [ app_begin ] --START--
INFO: Run ReadHtmlCache Behavior [ RunTime:0.000680s ]
INFO: [ app_begin ] --END-- [ RunTime:0.000746s ]
NOTIC: [2048] Declaration of IndexAction::show() should be compatible with that of Action::show() E:\www\szjiusc\Lib\Action\IndexAction.class.php 第 18 行.
INFO: [ view_template ] --START--
INFO: Run LocationTemplate Behavior [ RunTime:0.000520s ]
INFO: [ view_template ] --END-- [ RunTime:0.000590s ]
INFO: [ view_parse ] --START--
INFO: Run ParseTemplate Behavior [ RunTime:0.010282s ]
INFO: [ view_parse ] --END-- [ RunTime:0.010385s ]
INFO: [ view_filter ] --START--
INFO: Run ContentReplace Behavior [ RunTime:0.000686s ]
INFO: Run TokenBuild Behavior [ RunTime:0.000458s ]
INFO: Run WriteHtmlCache Behavior [ RunTime:0.000533s ]
INFO: Run ShowRuntime Behavior [ RunTime:0.000642s ]
INFO: [ view_filter ] --END-- [ RunTime:0.002547s ]
INFO: [ view_end ] --START--
INFO: Run ShowPageTrace Behavior [ RunTime:0.000725s ]
INFO: [ view_end ] --END-- [ RunTime:0.000804s ]

[ 2013-05-21T20:30:36+08:00 ] 127.0.0.1 /index.php/Index/show/id/2
INFO: [ route_check ] --START--
INFO: Run CheckRoute Behavior [ RunTime:0.001009s ]
INFO: [ route_check ] --END-- [ RunTime:0.001148s ]
INFO: [ app_begin ] --START--
INFO: Run ReadHtmlCache Behavior [ RunTime:0.001856s ]
INFO: [ app_begin ] --END-- [ RunTime:0.001985s ]
NOTIC: [2048] Declaration of IndexAction::show() should be compatible with that of Action::show() E:\www\szjiusc\Lib\Action\IndexAction.class.php 第 18 行.
INFO: [ view_template ] --START--
INFO: Run LocationTemplate Behavior [ RunTime:0.001599s ]
INFO: [ view_template ] --END-- [ RunTime:0.001693s ]
INFO: [ view_parse ] --START--
INFO: Run ParseTemplate Behavior [ RunTime:0.015267s ]
INFO: [ view_parse ] --END-- [ RunTime:0.015375s ]
INFO: [ view_filter ] --START--
INFO: Run ContentReplace Behavior [ RunTime:0.001444s ]
INFO: Run TokenBuild Behavior [ RunTime:0.001167s ]
INFO: Run WriteHtmlCache Behavior [ RunTime:0.000973s ]
INFO: Run ShowRuntime Behavior [ RunTime:0.001573s ]
INFO: [ view_filter ] --END-- [ RunTime:0.005397s ]
INFO: [ view_end ] --START--
INFO: Run ShowPageTrace Behavior [ RunTime:0.002003s ]
INFO: [ view_end ] --END-- [ RunTime:0.002099s ]

[ 2013-05-21T20:31:04+08:00 ] 127.0.0.1 /index.php/Index/show/id/2
INFO: [ route_check ] --START--
INFO: Run CheckRoute Behavior [ RunTime:0.002051s ]
INFO: [ route_check ] --END-- [ RunTime:0.002178s ]
INFO: [ app_begin ] --START--
INFO: Run ReadHtmlCache Behavior [ RunTime:0.001045s ]
INFO: [ app_begin ] --END-- [ RunTime:0.001135s ]
NOTIC: [2048] Declaration of IndexAction::show() should be compatible with that of Action::show() E:\www\szjiusc\Lib\Action\IndexAction.class.php 第 18 行.
INFO: [ view_template ] --START--
INFO: Run LocationTemplate Behavior [ RunTime:0.003749s ]
INFO: [ view_template ] --END-- [ RunTime:0.003894s ]
INFO: [ view_parse ] --START--
INFO: Run ParseTemplate Behavior [ RunTime:0.013513s ]
INFO: [ view_parse ] --END-- [ RunTime:0.013648s ]
INFO: [ view_filter ] --START--
INFO: Run ContentReplace Behavior [ RunTime:0.000532s ]
INFO: Run TokenBuild Behavior [ RunTime:0.000448s ]
INFO: Run WriteHtmlCache Behavior [ RunTime:0.000373s ]
INFO: Run ShowRuntime Behavior [ RunTime:0.000516s ]
INFO: [ view_filter ] --END-- [ RunTime:0.002434s ]
INFO: [ view_end ] --START--
INFO: Run ShowPageTrace Behavior [ RunTime:0.000654s ]
INFO: [ view_end ] --END-- [ RunTime:0.000716s ]

[ 2013-05-21T20:31:38+08:00 ] 127.0.0.1 /index.php/Index/show/id/2
INFO: [ route_check ] --START--
INFO: Run CheckRoute Behavior [ RunTime:0.001060s ]
INFO: [ route_check ] --END-- [ RunTime:0.001174s ]
INFO: [ app_begin ] --START--
INFO: Run ReadHtmlCache Behavior [ RunTime:0.000625s ]
INFO: [ app_begin ] --END-- [ RunTime:0.000691s ]
NOTIC: [2048] Declaration of IndexAction::show() should be compatible with that of Action::show() E:\www\szjiusc\Lib\Action\IndexAction.class.php 第 18 行.
INFO: [ view_template ] --START--
INFO: Run LocationTemplate Behavior [ RunTime:0.000435s ]
INFO: [ view_template ] --END-- [ RunTime:0.000529s ]
INFO: [ view_parse ] --START--
INFO: Run ParseTemplate Behavior [ RunTime:0.012499s ]
INFO: [ view_parse ] --END-- [ RunTime:0.012604s ]
INFO: [ view_filter ] --START--
INFO: Run ContentReplace Behavior [ RunTime:0.000455s ]
INFO: Run TokenBuild Behavior [ RunTime:0.000424s ]
INFO: Run WriteHtmlCache Behavior [ RunTime:0.000490s ]
INFO: Run ShowRuntime Behavior [ RunTime:0.000508s ]
INFO: [ view_filter ] --END-- [ RunTime:0.002050s ]
INFO: [ view_end ] --START--
INFO: Run ShowPageTrace Behavior [ RunTime:0.002776s ]
INFO: [ view_end ] --END-- [ RunTime:0.002867s ]

[ 2013-05-21T20:32:47+08:00 ] 127.0.0.1 /index.php/Index/show/id/2
INFO: [ route_check ] --START--
INFO: Run CheckRoute Behavior [ RunTime:0.001027s ]
INFO: [ route_check ] --END-- [ RunTime:0.001120s ]
INFO: [ app_begin ] --START--
INFO: Run ReadHtmlCache Behavior [ RunTime:0.001308s ]
INFO: [ app_begin ] --END-- [ RunTime:0.001426s ]
NOTIC: [2048] Declaration of IndexAction::show() should be compatible with that of Action::show() E:\www\szjiusc\Lib\Action\IndexAction.class.php 第 18 行.
INFO: [ view_template ] --START--
INFO: Run LocationTemplate Behavior [ RunTime:0.001183s ]
INFO: [ view_template ] --END-- [ RunTime:0.001258s ]
INFO: [ view_parse ] --START--
INFO: Run ParseTemplate Behavior [ RunTime:0.014327s ]
INFO: [ view_parse ] --END-- [ RunTime:0.014460s ]
INFO: [ view_filter ] --START--
INFO: Run ContentReplace Behavior [ RunTime:0.001221s ]
INFO: Run TokenBuild Behavior [ RunTime:0.002004s ]
INFO: Run WriteHtmlCache Behavior [ RunTime:0.001411s ]
INFO: Run ShowRuntime Behavior [ RunTime:0.001480s ]
INFO: [ view_filter ] --END-- [ RunTime:0.006416s ]
INFO: [ view_end ] --START--
INFO: Run ShowPageTrace Behavior [ RunTime:0.001624s ]
INFO: [ view_end ] --END-- [ RunTime:0.001725s ]

[ 2013-05-21T20:33:47+08:00 ] 127.0.0.1 /index.php/Index/show/id/2
INFO: [ route_check ] --START--
INFO: Run CheckRoute Behavior [ RunTime:0.002986s ]
INFO: [ route_check ] --END-- [ RunTime:0.003137s ]
INFO: [ app_begin ] --START--
INFO: Run ReadHtmlCache Behavior [ RunTime:0.000836s ]
INFO: [ app_begin ] --END-- [ RunTime:0.000951s ]
NOTIC: [2048] Declaration of IndexAction::show() should be compatible with that of Action::show() E:\www\szjiusc\Lib\Action\IndexAction.class.php 第 18 行.
INFO: [ view_template ] --START--
INFO: Run LocationTemplate Behavior [ RunTime:0.001743s ]
INFO: [ view_template ] --END-- [ RunTime:0.001853s ]
INFO: [ view_parse ] --START--
INFO: Run ParseTemplate Behavior [ RunTime:0.011629s ]
INFO: [ view_parse ] --END-- [ RunTime:0.011743s ]
INFO: [ view_filter ] --START--
INFO: Run ContentReplace Behavior [ RunTime:0.000461s ]
INFO: Run TokenBuild Behavior [ RunTime:0.000408s ]
INFO: Run WriteHtmlCache Behavior [ RunTime:0.000360s ]
INFO: Run ShowRuntime Behavior [ RunTime:0.000755s ]
INFO: [ view_filter ] --END-- [ RunTime:0.002196s ]
INFO: [ view_end ] --START--
INFO: Run ShowPageTrace Behavior [ RunTime:0.000690s ]
INFO: [ view_end ] --END-- [ RunTime:0.000770s ]

[ 2013-05-21T20:34:13+08:00 ] 127.0.0.1 /index.php/Index/show/id/2
INFO: [ route_check ] --START--
INFO: Run CheckRoute Behavior [ RunTime:0.001374s ]
INFO: [ route_check ] --END-- [ RunTime:0.001492s ]
INFO: [ app_begin ] --START--
INFO: Run ReadHtmlCache Behavior [ RunTime:0.000724s ]
INFO: [ app_begin ] --END-- [ RunTime:0.000810s ]
NOTIC: [2048] Declaration of IndexAction::show() should be compatible with that of Action::show() E:\www\szjiusc\Lib\Action\IndexAction.class.php 第 18 行.
INFO: [ view_template ] --START--
INFO: Run LocationTemplate Behavior [ RunTime:0.000513s ]
INFO: [ view_template ] --END-- [ RunTime:0.000593s ]
INFO: [ view_parse ] --START--
INFO: Run ParseTemplate Behavior [ RunTime:0.012164s ]
INFO: [ view_parse ] --END-- [ RunTime:0.012308s ]
INFO: [ view_filter ] --START--
INFO: Run ContentReplace Behavior [ RunTime:0.000726s ]
INFO: Run TokenBuild Behavior [ RunTime:0.000592s ]
INFO: Run WriteHtmlCache Behavior [ RunTime:0.000328s ]
INFO: Run ShowRuntime Behavior [ RunTime:0.000616s ]
INFO: [ view_filter ] --END-- [ RunTime:0.002506s ]
INFO: [ view_end ] --START--
INFO: Run ShowPageTrace Behavior [ RunTime:0.001450s ]
INFO: [ view_end ] --END-- [ RunTime:0.001565s ]

[ 2013-05-21T20:37:06+08:00 ] 127.0.0.1 /index.php/Index/show/id/2
INFO: [ route_check ] --START--
INFO: Run CheckRoute Behavior [ RunTime:0.001572s ]
INFO: [ route_check ] --END-- [ RunTime:0.001675s ]
INFO: [ app_begin ] --START--
INFO: Run ReadHtmlCache Behavior [ RunTime:0.001461s ]
INFO: [ app_begin ] --END-- [ RunTime:0.001532s ]
NOTIC: [2048] Declaration of IndexAction::show() should be compatible with that of Action::show() E:\www\szjiusc\Lib\Action\IndexAction.class.php 第 18 行.
INFO: [ view_template ] --START--
INFO: Run LocationTemplate Behavior [ RunTime:0.002055s ]
INFO: [ view_template ] --END-- [ RunTime:0.002133s ]
INFO: [ view_parse ] --START--
INFO: Run ParseTemplate Behavior [ RunTime:0.016135s ]
INFO: [ view_parse ] --END-- [ RunTime:0.016257s ]
INFO: [ view_filter ] --START--
INFO: Run ContentReplace Behavior [ RunTime:0.001342s ]
INFO: Run TokenBuild Behavior [ RunTime:0.001356s ]
INFO: Run WriteHtmlCache Behavior [ RunTime:0.001425s ]
INFO: Run ShowRuntime Behavior [ RunTime:0.001439s ]
INFO: [ view_filter ] --END-- [ RunTime:0.006148s ]
INFO: [ view_end ] --START--
INFO: Run ShowPageTrace Behavior [ RunTime:0.001380s ]
INFO: [ view_end ] --END-- [ RunTime:0.001477s ]

[ 2013-05-21T20:37:35+08:00 ] 127.0.0.1 /index.php/Index/show/id/2
INFO: [ route_check ] --START--
INFO: Run CheckRoute Behavior [ RunTime:0.000944s ]
INFO: [ route_check ] --END-- [ RunTime:0.001049s ]
INFO: [ app_begin ] --START--
INFO: Run ReadHtmlCache Behavior [ RunTime:0.000575s ]
INFO: [ app_begin ] --END-- [ RunTime:0.000638s ]
NOTIC: [2048] Declaration of IndexAction::show() should be compatible with that of Action::show() E:\www\szjiusc\Lib\Action\IndexAction.class.php 第 18 行.
INFO: [ view_template ] --START--
INFO: Run LocationTemplate Behavior [ RunTime:0.000588s ]
INFO: [ view_template ] --END-- [ RunTime:0.000693s ]
INFO: [ view_parse ] --START--
INFO: Run ParseTemplate Behavior [ RunTime:0.010417s ]
INFO: [ view_parse ] --END-- [ RunTime:0.010568s ]
INFO: [ view_filter ] --START--
INFO: Run ContentReplace Behavior [ RunTime:0.000533s ]
INFO: Run TokenBuild Behavior [ RunTime:0.000413s ]
INFO: Run WriteHtmlCache Behavior [ RunTime:0.000295s ]
INFO: Run ShowRuntime Behavior [ RunTime:0.000721s ]
INFO: [ view_filter ] --END-- [ RunTime:0.002170s ]
INFO: [ view_end ] --START--
INFO: Run ShowPageTrace Behavior [ RunTime:0.000880s ]
INFO: [ view_end ] --END-- [ RunTime:0.000977s ]

[ 2013-05-21T20:39:34+08:00 ] 127.0.0.1 /index.php/Index/show/id/2
INFO: [ route_check ] --START--
INFO: Run CheckRoute Behavior [ RunTime:0.001724s ]
INFO: [ route_check ] --END-- [ RunTime:0.001850s ]
INFO: [ app_begin ] --START--
INFO: Run ReadHtmlCache Behavior [ RunTime:0.001555s ]
INFO: [ app_begin ] --END-- [ RunTime:0.001704s ]
NOTIC: [2048] Declaration of IndexAction::show() should be compatible with that of Action::show() E:\www\szjiusc\Lib\Action\IndexAction.class.php 第 18 行.
INFO: [ view_template ] --START--
INFO: Run LocationTemplate Behavior [ RunTime:0.002355s ]
INFO: [ view_template ] --END-- [ RunTime:0.002472s ]
INFO: [ view_parse ] --START--
INFO: Run ParseTemplate Behavior [ RunTime:0.019371s ]
INFO: [ view_parse ] --END-- [ RunTime:0.019481s ]
INFO: [ view_filter ] --START--
INFO: Run ContentReplace Behavior [ RunTime:0.001149s ]
INFO: Run TokenBuild Behavior [ RunTime:0.001618s ]
INFO: Run WriteHtmlCache Behavior [ RunTime:0.001428s ]
INFO: Run ShowRuntime Behavior [ RunTime:0.001723s ]
INFO: [ view_filter ] --END-- [ RunTime:0.006223s ]
INFO: [ view_end ] --START--
INFO: Run ShowPageTrace Behavior [ RunTime:0.001886s ]
INFO: [ view_end ] --END-- [ RunTime:0.001989s ]

[ 2013-05-21T20:40:23+08:00 ] 127.0.0.1 /index.php/Index/show/id/2
INFO: [ route_check ] --START--
INFO: Run CheckRoute Behavior [ RunTime:0.001201s ]
INFO: [ route_check ] --END-- [ RunTime:0.001314s ]
INFO: [ app_begin ] --START--
INFO: Run ReadHtmlCache Behavior [ RunTime:0.000807s ]
INFO: [ app_begin ] --END-- [ RunTime:0.000881s ]
NOTIC: [2048] Declaration of IndexAction::show() should be compatible with that of Action::show() E:\www\szjiusc\Lib\Action\IndexAction.class.php 第 18 行.
INFO: [ view_template ] --START--
INFO: Run LocationTemplate Behavior [ RunTime:0.000439s ]
INFO: [ view_template ] --END-- [ RunTime:0.000508s ]
INFO: [ view_parse ] --START--
INFO: Run ParseTemplate Behavior [ RunTime:0.009808s ]
INFO: [ view_parse ] --END-- [ RunTime:0.009901s ]
INFO: [ view_filter ] --START--
INFO: Run ContentReplace Behavior [ RunTime:0.000418s ]
INFO: Run TokenBuild Behavior [ RunTime:0.000470s ]
INFO: Run WriteHtmlCache Behavior [ RunTime:0.000294s ]
INFO: Run ShowRuntime Behavior [ RunTime:0.000603s ]
INFO: [ view_filter ] --END-- [ RunTime:0.001997s ]
INFO: [ view_end ] --START--
INFO: Run ShowPageTrace Behavior [ RunTime:0.000778s ]
INFO: [ view_end ] --END-- [ RunTime:0.000854s ]

[ 2013-05-21T20:42:33+08:00 ] 127.0.0.1 /index.php/Index/show/id/2
INFO: [ route_check ] --START--
INFO: Run CheckRoute Behavior [ RunTime:0.001541s ]
INFO: [ route_check ] --END-- [ RunTime:0.001640s ]
INFO: [ app_begin ] --START--
INFO: Run ReadHtmlCache Behavior [ RunTime:0.001286s ]
INFO: [ app_begin ] --END-- [ RunTime:0.001395s ]
NOTIC: [2048] Declaration of IndexAction::show() should be compatible with that of Action::show() E:\www\szjiusc\Lib\Action\IndexAction.class.php 第 18 行.
INFO: [ view_template ] --START--
INFO: Run LocationTemplate Behavior [ RunTime:0.001806s ]
INFO: [ view_template ] --END-- [ RunTime:0.001874s ]
INFO: [ view_parse ] --START--
INFO: Run ParseTemplate Behavior [ RunTime:0.014180s ]
INFO: [ view_parse ] --END-- [ RunTime:0.014275s ]
INFO: [ view_filter ] --START--
INFO: Run ContentReplace Behavior [ RunTime:0.001091s ]
INFO: Run TokenBuild Behavior [ RunTime:0.001083s ]
INFO: Run WriteHtmlCache Behavior [ RunTime:0.000929s ]
INFO: Run ShowRuntime Behavior [ RunTime:0.001441s ]
INFO: [ view_filter ] --END-- [ RunTime:0.004762s ]
INFO: [ view_end ] --START--
INFO: Run ShowPageTrace Behavior [ RunTime:0.001498s ]
INFO: [ view_end ] --END-- [ RunTime:0.001589s ]

[ 2013-05-21T20:44:05+08:00 ] 127.0.0.1 /index.php/Index/show/id/2
INFO: [ route_check ] --START--
INFO: Run CheckRoute Behavior [ RunTime:0.001001s ]
INFO: [ route_check ] --END-- [ RunTime:0.001106s ]
INFO: [ app_begin ] --START--
INFO: Run ReadHtmlCache Behavior [ RunTime:0.000610s ]
INFO: [ app_begin ] --END-- [ RunTime:0.000679s ]
NOTIC: [2048] Declaration of IndexAction::show() should be compatible with that of Action::show() E:\www\szjiusc\Lib\Action\IndexAction.class.php 第 18 行.
INFO: [ view_template ] --START--
INFO: Run LocationTemplate Behavior [ RunTime:0.000465s ]
INFO: [ view_template ] --END-- [ RunTime:0.000539s ]
INFO: [ view_parse ] --START--
INFO: Run ParseTemplate Behavior [ RunTime:0.012013s ]
INFO: [ view_parse ] --END-- [ RunTime:0.012122s ]
INFO: [ view_filter ] --START--
INFO: Run ContentReplace Behavior [ RunTime:0.000454s ]
INFO: Run TokenBuild Behavior [ RunTime:0.000405s ]
INFO: Run WriteHtmlCache Behavior [ RunTime:0.000354s ]
INFO: Run ShowRuntime Behavior [ RunTime:0.000500s ]
INFO: [ view_filter ] --END-- [ RunTime:0.001894s ]
INFO: [ view_end ] --START--
INFO: Run ShowPageTrace Behavior [ RunTime:0.001262s ]
INFO: [ view_end ] --END-- [ RunTime:0.001370s ]

[ 2013-05-21T20:59:24+08:00 ] 127.0.0.1 /index.php/Index/show/id/2
INFO: [ route_check ] --START--
INFO: Run CheckRoute Behavior [ RunTime:0.001686s ]
INFO: [ route_check ] --END-- [ RunTime:0.001810s ]
INFO: [ app_begin ] --START--
INFO: Run ReadHtmlCache Behavior [ RunTime:0.001762s ]
INFO: [ app_begin ] --END-- [ RunTime:0.001912s ]
NOTIC: [2048] Declaration of IndexAction::show() should be compatible with that of Action::show() E:\www\szjiusc\Lib\Action\IndexAction.class.php 第 18 行.
INFO: [ view_template ] --START--
INFO: Run LocationTemplate Behavior [ RunTime:0.002412s ]
INFO: [ view_template ] --END-- [ RunTime:0.002535s ]
INFO: [ view_parse ] --START--
INFO: Run ParseTemplate Behavior [ RunTime:0.014335s ]
INFO: [ view_parse ] --END-- [ RunTime:0.014518s ]
INFO: [ view_filter ] --START--
INFO: Run ContentReplace Behavior [ RunTime:0.001192s ]
INFO: Run TokenBuild Behavior [ RunTime:0.001081s ]
INFO: Run WriteHtmlCache Behavior [ RunTime:0.001248s ]
INFO: Run ShowRuntime Behavior [ RunTime:0.001216s ]
INFO: [ view_filter ] --END-- [ RunTime:0.004956s ]
INFO: [ view_end ] --START--
INFO: Run ShowPageTrace Behavior [ RunTime:0.001335s ]
INFO: [ view_end ] --END-- [ RunTime:0.001414s ]

[ 2013-05-21T21:02:39+08:00 ] 127.0.0.1 /index.php/Index/show/id/2
INFO: [ route_check ] --START--
INFO: Run CheckRoute Behavior [ RunTime:0.001543s ]
INFO: [ route_check ] --END-- [ RunTime:0.001650s ]
INFO: [ app_begin ] --START--
INFO: Run ReadHtmlCache Behavior [ RunTime:0.001575s ]
INFO: [ app_begin ] --END-- [ RunTime:0.001670s ]
NOTIC: [2048] Declaration of IndexAction::show() should be compatible with that of Action::show() E:\www\szjiusc\Lib\Action\IndexAction.class.php 第 18 行.
INFO: [ view_template ] --START--
INFO: Run LocationTemplate Behavior [ RunTime:0.001873s ]
INFO: [ view_template ] --END-- [ RunTime:0.001967s ]
INFO: [ view_parse ] --START--
INFO: Run ParseTemplate Behavior [ RunTime:0.014282s ]
INFO: [ view_parse ] --END-- [ RunTime:0.014395s ]
INFO: [ view_filter ] --START--
INFO: Run ContentReplace Behavior [ RunTime:0.001235s ]
INFO: Run TokenBuild Behavior [ RunTime:0.001309s ]
INFO: Run WriteHtmlCache Behavior [ RunTime:0.001349s ]
INFO: Run ShowRuntime Behavior [ RunTime:0.001672s ]
INFO: [ view_filter ] --END-- [ RunTime:0.005854s ]
INFO: [ view_end ] --START--
INFO: Run ShowPageTrace Behavior [ RunTime:0.001922s ]
INFO: [ view_end ] --END-- [ RunTime:0.002035s ]

[ 2013-05-21T21:02:47+08:00 ] 127.0.0.1 /index.php/Index/show/id/2
INFO: [ route_check ] --START--
INFO: Run CheckRoute Behavior [ RunTime:0.001474s ]
INFO: [ route_check ] --END-- [ RunTime:0.001659s ]
INFO: [ app_begin ] --START--
INFO: Run ReadHtmlCache Behavior [ RunTime:0.001012s ]
INFO: [ app_begin ] --END-- [ RunTime:0.001138s ]
NOTIC: [2048] Declaration of IndexAction::show() should be compatible with that of Action::show() E:\www\szjiusc\Lib\Action\IndexAction.class.php 第 18 行.
INFO: [ view_template ] --START--
INFO: Run LocationTemplate Behavior [ RunTime:0.000754s ]
INFO: [ view_template ] --END-- [ RunTime:0.000886s ]
INFO: [ view_parse ] --START--
INFO: Run ParseTemplate Behavior [ RunTime:0.013231s ]
INFO: [ view_parse ] --END-- [ RunTime:0.013412s ]
INFO: [ view_filter ] --START--
INFO: Run ContentReplace Behavior [ RunTime:0.000650s ]
INFO: Run TokenBuild Behavior [ RunTime:0.000627s ]
INFO: Run WriteHtmlCache Behavior [ RunTime:0.000437s ]
INFO: Run ShowRuntime Behavior [ RunTime:0.000741s ]
INFO: [ view_filter ] --END-- [ RunTime:0.002755s ]
INFO: [ view_end ] --START--
INFO: Run ShowPageTrace Behavior [ RunTime:0.000935s ]
INFO: [ view_end ] --END-- [ RunTime:0.001041s ]

[ 2013-05-21T21:03:10+08:00 ] 127.0.0.1 /index.php/Index/show/id/2
INFO: [ route_check ] --START--
INFO: Run CheckRoute Behavior [ RunTime:0.000986s ]
INFO: [ route_check ] --END-- [ RunTime:0.001117s ]
INFO: [ app_begin ] --START--
INFO: Run ReadHtmlCache Behavior [ RunTime:0.000623s ]
INFO: [ app_begin ] --END-- [ RunTime:0.000688s ]
NOTIC: [2048] Declaration of IndexAction::show() should be compatible with that of Action::show() E:\www\szjiusc\Lib\Action\IndexAction.class.php 第 18 行.
INFO: [ view_template ] --START--
INFO: Run LocationTemplate Behavior [ RunTime:0.000409s ]
INFO: [ view_template ] --END-- [ RunTime:0.000539s ]
INFO: [ view_parse ] --START--
INFO: Run ParseTemplate Behavior [ RunTime:0.009940s ]
INFO: [ view_parse ] --END-- [ RunTime:0.010049s ]
INFO: [ view_filter ] --START--
INFO: Run ContentReplace Behavior [ RunTime:0.000508s ]
INFO: Run TokenBuild Behavior [ RunTime:0.000428s ]
INFO: Run WriteHtmlCache Behavior [ RunTime:0.000303s ]
INFO: Run ShowRuntime Behavior [ RunTime:0.000505s ]
INFO: [ view_filter ] --END-- [ RunTime:0.001917s ]
INFO: [ view_end ] --START--
INFO: Run ShowPageTrace Behavior [ RunTime:0.000636s ]
INFO: [ view_end ] --END-- [ RunTime:0.000710s ]

[ 2013-05-21T21:03:15+08:00 ] 127.0.0.1 /index.php/Index/show/id/2
INFO: [ route_check ] --START--
INFO: Run CheckRoute Behavior [ RunTime:0.001150s ]
INFO: [ route_check ] --END-- [ RunTime:0.001276s ]
INFO: [ app_begin ] --START--
INFO: Run ReadHtmlCache Behavior [ RunTime:0.000940s ]
INFO: [ app_begin ] --END-- [ RunTime:0.001046s ]
NOTIC: [2048] Declaration of IndexAction::show() should be compatible with that of Action::show() E:\www\szjiusc\Lib\Action\IndexAction.class.php 第 18 行.
INFO: [ view_template ] --START--
INFO: Run LocationTemplate Behavior [ RunTime:0.000535s ]
INFO: [ view_template ] --END-- [ RunTime:0.000606s ]
INFO: [ view_parse ] --START--
INFO: Run ParseTemplate Behavior [ RunTime:0.010967s ]
INFO: [ view_parse ] --END-- [ RunTime:0.011086s ]
INFO: [ view_filter ] --START--
INFO: Run ContentReplace Behavior [ RunTime:0.000540s ]
INFO: Run TokenBuild Behavior [ RunTime:0.000410s ]
INFO: Run WriteHtmlCache Behavior [ RunTime:0.000295s ]
INFO: Run ShowRuntime Behavior [ RunTime:0.000504s ]
INFO: [ view_filter ] --END-- [ RunTime:0.001934s ]
INFO: [ view_end ] --START--
INFO: Run ShowPageTrace Behavior [ RunTime:0.000729s ]
INFO: [ view_end ] --END-- [ RunTime:0.000801s ]

[ 2013-05-21T21:03:43+08:00 ] 127.0.0.1 /index.php/Index/show/id/2
INFO: [ route_check ] --START--
INFO: Run CheckRoute Behavior [ RunTime:0.001211s ]
INFO: [ route_check ] --END-- [ RunTime:0.001339s ]
INFO: [ app_begin ] --START--
INFO: Run ReadHtmlCache Behavior [ RunTime:0.000809s ]
INFO: [ app_begin ] --END-- [ RunTime:0.000890s ]
NOTIC: [2048] Declaration of IndexAction::show() should be compatible with that of Action::show() E:\www\szjiusc\Lib\Action\IndexAction.class.php 第 18 行.
INFO: [ view_template ] --START--
INFO: Run LocationTemplate Behavior [ RunTime:0.000486s ]
INFO: [ view_template ] --END-- [ RunTime:0.000565s ]
INFO: [ view_parse ] --START--
INFO: Run ParseTemplate Behavior [ RunTime:0.011647s ]
INFO: [ view_parse ] --END-- [ RunTime:0.011788s ]
INFO: [ view_filter ] --START--
INFO: Run ContentReplace Behavior [ RunTime:0.000665s ]
INFO: Run TokenBuild Behavior [ RunTime:0.000661s ]
INFO: Run WriteHtmlCache Behavior [ RunTime:0.000320s ]
INFO: Run ShowRuntime Behavior [ RunTime:0.000531s ]
INFO: [ view_filter ] --END-- [ RunTime:0.002409s ]
INFO: [ view_end ] --START--
INFO: Run ShowPageTrace Behavior [ RunTime:0.000673s ]
INFO: [ view_end ] --END-- [ RunTime:0.000738s ]

[ 2013-05-21T21:03:58+08:00 ] 127.0.0.1 /index.php/Index/show/id/2
INFO: [ route_check ] --START--
INFO: Run CheckRoute Behavior [ RunTime:0.000957s ]
INFO: [ route_check ] --END-- [ RunTime:0.001102s ]
INFO: [ app_begin ] --START--
INFO: Run ReadHtmlCache Behavior [ RunTime:0.000590s ]
INFO: [ app_begin ] --END-- [ RunTime:0.000655s ]
NOTIC: [2048] Declaration of IndexAction::show() should be compatible with that of Action::show() E:\www\szjiusc\Lib\Action\IndexAction.class.php 第 18 行.
INFO: [ view_template ] --START--
INFO: Run LocationTemplate Behavior [ RunTime:0.000460s ]
INFO: [ view_template ] --END-- [ RunTime:0.000531s ]
INFO: [ view_parse ] --START--
INFO: Run ParseTemplate Behavior [ RunTime:0.009716s ]
INFO: [ view_parse ] --END-- [ RunTime:0.009811s ]
INFO: [ view_filter ] --START--
INFO: Run ContentReplace Behavior [ RunTime:0.000431s ]
INFO: Run TokenBuild Behavior [ RunTime:0.000466s ]
INFO: Run WriteHtmlCache Behavior [ RunTime:0.000366s ]
INFO: Run ShowRuntime Behavior [ RunTime:0.000518s ]
INFO: [ view_filter ] --END-- [ RunTime:0.001948s ]
INFO: [ view_end ] --START--
INFO: Run ShowPageTrace Behavior [ RunTime:0.000605s ]
INFO: [ view_end ] --END-- [ RunTime:0.000663s ]

[ 2013-05-21T21:04:12+08:00 ] 127.0.0.1 /index.php/Index/show/id/2
INFO: [ route_check ] --START--
INFO: Run CheckRoute Behavior [ RunTime:0.001048s ]
INFO: [ route_check ] --END-- [ RunTime:0.001155s ]
INFO: [ app_begin ] --START--
INFO: Run ReadHtmlCache Behavior [ RunTime:0.000644s ]
INFO: [ app_begin ] --END-- [ RunTime:0.000718s ]
NOTIC: [2048] Declaration of IndexAction::show() should be compatible with that of Action::show() E:\www\szjiusc\Lib\Action\IndexAction.class.php 第 18 行.
INFO: [ view_template ] --START--
INFO: Run LocationTemplate Behavior [ RunTime:0.000787s ]
INFO: [ view_template ] --END-- [ RunTime:0.000881s ]
INFO: [ view_parse ] --START--
INFO: Run ParseTemplate Behavior [ RunTime:0.010689s ]
INFO: [ view_parse ] --END-- [ RunTime:0.010819s ]
INFO: [ view_filter ] --START--
INFO: Run ContentReplace Behavior [ RunTime:0.000449s ]
INFO: Run TokenBuild Behavior [ RunTime:0.000414s ]
INFO: Run WriteHtmlCache Behavior [ RunTime:0.000293s ]
INFO: Run ShowRuntime Behavior [ RunTime:0.000488s ]
INFO: [ view_filter ] --END-- [ RunTime:0.001841s ]
INFO: [ view_end ] --START--
INFO: Run ShowPageTrace Behavior [ RunTime:0.000642s ]
INFO: [ view_end ] --END-- [ RunTime:0.000714s ]

[ 2013-05-21T21:04:17+08:00 ] 127.0.0.1 /index.php/Index/show/id/2
INFO: [ route_check ] --START--
INFO: Run CheckRoute Behavior [ RunTime:0.001094s ]
INFO: [ route_check ] --END-- [ RunTime:0.001219s ]
INFO: [ app_begin ] --START--
INFO: Run ReadHtmlCache Behavior [ RunTime:0.000813s ]
INFO: [ app_begin ] --END-- [ RunTime:0.000916s ]
NOTIC: [2048] Declaration of IndexAction::show() should be compatible with that of Action::show() E:\www\szjiusc\Lib\Action\IndexAction.class.php 第 18 行.
INFO: [ view_template ] --START--
INFO: Run LocationTemplate Behavior [ RunTime:0.000619s ]
INFO: [ view_template ] --END-- [ RunTime:0.000731s ]
INFO: [ view_parse ] --START--
INFO: Run ParseTemplate Behavior [ RunTime:0.012063s ]
INFO: [ view_parse ] --END-- [ RunTime:0.012215s ]
INFO: [ view_filter ] --START--
INFO: Run ContentReplace Behavior [ RunTime:0.000536s ]
INFO: Run TokenBuild Behavior [ RunTime:0.000508s ]
INFO: Run WriteHtmlCache Behavior [ RunTime:0.000299s ]
INFO: Run ShowRuntime Behavior [ RunTime:0.000693s ]
INFO: [ view_filter ] --END-- [ RunTime:0.002261s ]
INFO: [ view_end ] --START--
INFO: Run ShowPageTrace Behavior [ RunTime:0.000882s ]
INFO: [ view_end ] --END-- [ RunTime:0.001086s ]

[ 2013-05-21T21:06:53+08:00 ] 127.0.0.1 /index.php/Index/show/id/2
INFO: [ route_check ] --START--
INFO: Run CheckRoute Behavior [ RunTime:0.002141s ]
INFO: [ route_check ] --END-- [ RunTime:0.002261s ]
INFO: [ app_begin ] --START--
INFO: Run ReadHtmlCache Behavior [ RunTime:0.001312s ]
INFO: [ app_begin ] --END-- [ RunTime:0.001384s ]
NOTIC: [2048] Declaration of IndexAction::show() should be compatible with that of Action::show() E:\www\szjiusc\Lib\Action\IndexAction.class.php 第 18 行.
INFO: [ view_template ] --START--
INFO: Run LocationTemplate Behavior [ RunTime:0.001796s ]
INFO: [ view_template ] --END-- [ RunTime:0.001868s ]
INFO: [ view_parse ] --START--
INFO: Run ParseTemplate Behavior [ RunTime:0.013929s ]
INFO: [ view_parse ] --END-- [ RunTime:0.014031s ]
INFO: [ view_filter ] --START--
INFO: Run ContentReplace Behavior [ RunTime:0.001081s ]
INFO: Run TokenBuild Behavior [ RunTime:0.001013s ]
INFO: Run WriteHtmlCache Behavior [ RunTime:0.001262s ]
INFO: Run ShowRuntime Behavior [ RunTime:0.001242s ]
INFO: [ view_filter ] --END-- [ RunTime:0.004827s ]
INFO: [ view_end ] --START--
INFO: Run ShowPageTrace Behavior [ RunTime:0.001231s ]
INFO: [ view_end ] --END-- [ RunTime:0.001295s ]

[ 2013-05-21T21:06:57+08:00 ] 127.0.0.1 /index.php/Index/show/id/2
INFO: [ route_check ] --START--
INFO: Run CheckRoute Behavior [ RunTime:0.000942s ]
INFO: [ route_check ] --END-- [ RunTime:0.001108s ]
INFO: [ app_begin ] --START--
INFO: Run ReadHtmlCache Behavior [ RunTime:0.001055s ]
INFO: [ app_begin ] --END-- [ RunTime:0.001191s ]
NOTIC: [2048] Declaration of IndexAction::show() should be compatible with that of Action::show() E:\www\szjiusc\Lib\Action\IndexAction.class.php 第 18 行.
INFO: [ view_template ] --START--
INFO: Run LocationTemplate Behavior [ RunTime:0.000646s ]
INFO: [ view_template ] --END-- [ RunTime:0.000768s ]
INFO: [ view_parse ] --START--
INFO: Run ParseTemplate Behavior [ RunTime:0.013629s ]
INFO: [ view_parse ] --END-- [ RunTime:0.013793s ]
INFO: [ view_filter ] --START--
INFO: Run ContentReplace Behavior [ RunTime:0.000530s ]
INFO: Run TokenBuild Behavior [ RunTime:0.000453s ]
INFO: Run WriteHtmlCache Behavior [ RunTime:0.000331s ]
INFO: Run ShowRuntime Behavior [ RunTime:0.000536s ]
INFO: [ view_filter ] --END-- [ RunTime:0.002055s ]
INFO: [ view_end ] --START--
INFO: Run ShowPageTrace Behavior [ RunTime:0.000751s ]
INFO: [ view_end ] --END-- [ RunTime:0.000833s ]

[ 2013-05-21T21:07:08+08:00 ] 127.0.0.1 /index.php/Index/show/id/2
INFO: [ route_check ] --START--
INFO: Run CheckRoute Behavior [ RunTime:0.000900s ]
INFO: [ route_check ] --END-- [ RunTime:0.000997s ]
INFO: [ app_begin ] --START--
INFO: Run ReadHtmlCache Behavior [ RunTime:0.000565s ]
INFO: [ app_begin ] --END-- [ RunTime:0.000628s ]
NOTIC: [2048] Declaration of IndexAction::show() should be compatible with that of Action::show() E:\www\szjiusc\Lib\Action\IndexAction.class.php 第 18 行.
INFO: [ view_template ] --START--
INFO: Run LocationTemplate Behavior [ RunTime:0.000491s ]
INFO: [ view_template ] --END-- [ RunTime:0.000560s ]
INFO: [ view_parse ] --START--
INFO: Run ParseTemplate Behavior [ RunTime:0.010871s ]
INFO: [ view_parse ] --END-- [ RunTime:0.010996s ]
INFO: [ view_filter ] --START--
INFO: Run ContentReplace Behavior [ RunTime:0.000444s ]
INFO: Run TokenBuild Behavior [ RunTime:0.000409s ]
INFO: Run WriteHtmlCache Behavior [ RunTime:0.000319s ]
INFO: Run ShowRuntime Behavior [ RunTime:0.000679s ]
INFO: [ view_filter ] --END-- [ RunTime:0.002211s ]
INFO: [ view_end ] --START--
INFO: Run ShowPageTrace Behavior [ RunTime:0.001350s ]
INFO: [ view_end ] --END-- [ RunTime:0.001465s ]

[ 2013-05-21T21:07:38+08:00 ] 127.0.0.1 /index.php/Index/show/id/2
INFO: [ route_check ] --START--
INFO: Run CheckRoute Behavior [ RunTime:0.001375s ]
INFO: [ route_check ] --END-- [ RunTime:0.001513s ]
INFO: [ app_begin ] --START--
INFO: Run ReadHtmlCache Behavior [ RunTime:0.000591s ]
INFO: [ app_begin ] --END-- [ RunTime:0.000663s ]
NOTIC: [2048] Declaration of IndexAction::show() should be compatible with that of Action::show() E:\www\szjiusc\Lib\Action\IndexAction.class.php 第 22 行.
INFO: [ view_template ] --START--
INFO: Run LocationTemplate Behavior [ RunTime:0.000647s ]
INFO: [ view_template ] --END-- [ RunTime:0.000764s ]
INFO: [ view_parse ] --START--
INFO: Run ParseTemplate Behavior [ RunTime:0.011434s ]
INFO: [ view_parse ] --END-- [ RunTime:0.011569s ]
INFO: [ view_filter ] --START--
INFO: Run ContentReplace Behavior [ RunTime:0.000443s ]
INFO: Run TokenBuild Behavior [ RunTime:0.000402s ]
INFO: Run WriteHtmlCache Behavior [ RunTime:0.000318s ]
INFO: Run ShowRuntime Behavior [ RunTime:0.000491s ]
INFO: [ view_filter ] --END-- [ RunTime:0.001829s ]
INFO: [ view_end ] --START--
INFO: Run ShowPageTrace Behavior [ RunTime:0.000859s ]
INFO: [ view_end ] --END-- [ RunTime:0.000968s ]

[ 2013-05-21T21:07:43+08:00 ] 127.0.0.1 /index.php/Index/show/id/2
INFO: [ route_check ] --START--
INFO: Run CheckRoute Behavior [ RunTime:0.000986s ]
INFO: [ route_check ] --END-- [ RunTime:0.001104s ]
INFO: [ app_begin ] --START--
INFO: Run ReadHtmlCache Behavior [ RunTime:0.000709s ]
INFO: [ app_begin ] --END-- [ RunTime:0.000778s ]
NOTIC: [2048] Declaration of IndexAction::show() should be compatible with that of Action::show() E:\www\szjiusc\Lib\Action\IndexAction.class.php 第 22 行.
INFO: [ view_template ] --START--
INFO: Run LocationTemplate Behavior [ RunTime:0.000421s ]
INFO: [ view_template ] --END-- [ RunTime:0.000487s ]
INFO: [ view_parse ] --START--
INFO: Run ParseTemplate Behavior [ RunTime:0.009883s ]
INFO: [ view_parse ] --END-- [ RunTime:0.009978s ]
INFO: [ view_filter ] --START--
INFO: Run ContentReplace Behavior [ RunTime:0.000448s ]
INFO: Run TokenBuild Behavior [ RunTime:0.000403s ]
INFO: Run WriteHtmlCache Behavior [ RunTime:0.000294s ]
INFO: Run ShowRuntime Behavior [ RunTime:0.000492s ]
INFO: [ view_filter ] --END-- [ RunTime:0.001797s ]
INFO: [ view_end ] --START--
INFO: Run ShowPageTrace Behavior [ RunTime:0.000610s ]
INFO: [ view_end ] --END-- [ RunTime:0.000671s ]

[ 2013-05-21T21:08:10+08:00 ] 127.0.0.1 /index.php/Index/show/id/2
INFO: [ route_check ] --START--
INFO: Run CheckRoute Behavior [ RunTime:0.000873s ]
INFO: [ route_check ] --END-- [ RunTime:0.000970s ]
INFO: [ app_begin ] --START--
INFO: Run ReadHtmlCache Behavior [ RunTime:0.000564s ]
INFO: [ app_begin ] --END-- [ RunTime:0.000627s ]
NOTIC: [2048] Declaration of IndexAction::show() should be compatible with that of Action::show() E:\www\szjiusc\Lib\Action\IndexAction.class.php 第 22 行.
INFO: [ view_template ] --START--
INFO: Run LocationTemplate Behavior [ RunTime:0.000413s ]
INFO: [ view_template ] --END-- [ RunTime:0.000476s ]
INFO: [ view_parse ] --START--
INFO: Run ParseTemplate Behavior [ RunTime:0.011857s ]
INFO: [ view_parse ] --END-- [ RunTime:0.011953s ]
INFO: [ view_filter ] --START--
INFO: Run ContentReplace Behavior [ RunTime:0.000455s ]
INFO: Run TokenBuild Behavior [ RunTime:0.000402s ]
INFO: Run WriteHtmlCache Behavior [ RunTime:0.000311s ]
INFO: Run ShowRuntime Behavior [ RunTime:0.000494s ]
INFO: [ view_filter ] --END-- [ RunTime:0.001827s ]
INFO: [ view_end ] --START--
INFO: Run ShowPageTrace Behavior [ RunTime:0.001397s ]
INFO: [ view_end ] --END-- [ RunTime:0.001493s ]

[ 2013-05-21T21:08:12+08:00 ] 127.0.0.1 /index.php/Index/addCart
INFO: [ route_check ] --START--
INFO: Run CheckRoute Behavior [ RunTime:0.001019s ]
INFO: [ route_check ] --END-- [ RunTime:0.001122s ]
INFO: [ app_begin ] --START--
INFO: Run ReadHtmlCache Behavior [ RunTime:0.000604s ]
INFO: [ app_begin ] --END-- [ RunTime:0.000672s ]
NOTIC: [2048] Declaration of IndexAction::show() should be compatible with that of Action::show() E:\www\szjiusc\Lib\Action\IndexAction.class.php 第 22 行.

[ 2013-05-21T21:08:15+08:00 ] 127.0.0.1 /index.php/Index/addCart
INFO: [ route_check ] --START--
INFO: Run CheckRoute Behavior [ RunTime:0.001361s ]
INFO: [ route_check ] --END-- [ RunTime:0.001590s ]
INFO: [ app_begin ] --START--
INFO: Run ReadHtmlCache Behavior [ RunTime:0.000989s ]
INFO: [ app_begin ] --END-- [ RunTime:0.001130s ]
NOTIC: [2048] Declaration of IndexAction::show() should be compatible with that of Action::show() E:\www\szjiusc\Lib\Action\IndexAction.class.php 第 22 行.

[ 2013-05-21T21:09:36+08:00 ] ERR: [1] Class 'Cart' not found E:\www\szjiusc\Lib\Action\IndexAction.class.php 第 19 行.
[ 2013-05-21T21:10:11+08:00 ] ERR: [4] syntax error, unexpected '{' D:\ThinkPHP\Extend\Library\ORG\Util\Cart.class.php 第 14 行.
[ 2013-05-21T21:10:11+08:00 ] 127.0.0.1 /index.php/Index/addCart
INFO: [ route_check ] --START--
INFO: Run CheckRoute Behavior [ RunTime:0.000990s ]
INFO: [ route_check ] --END-- [ RunTime:0.001107s ]
INFO: [ app_begin ] --START--
INFO: Run ReadHtmlCache Behavior [ RunTime:0.000679s ]
INFO: [ app_begin ] --END-- [ RunTime:0.000761s ]
NOTIC: [2048] Declaration of IndexAction::show() should be compatible with that of Action::show() E:\www\szjiusc\Lib\Action\IndexAction.class.php 第 26 行.
NOTIC: [8] Undefined index:  class D:\ThinkPHP\Common\functions.php 第 39 行.
NOTIC: [8] Undefined index:  type D:\ThinkPHP\Common\functions.php 第 39 行.
NOTIC: [8] Undefined index:  file D:\ThinkPHP\Common\functions.php 第 38 行.
NOTIC: [8] Undefined index:  line D:\ThinkPHP\Common\functions.php 第 38 行.

[ 2013-05-21T21:10:44+08:00 ] ERR: [4] syntax error, unexpected '{' D:\ThinkPHP\Extend\Library\ORG\Util\Cart.class.php 第 70 行.
[ 2013-05-21T21:10:44+08:00 ] 127.0.0.1 /index.php/Index/addCart
INFO: [ route_check ] --START--
INFO: Run CheckRoute Behavior [ RunTime:0.000925s ]
INFO: [ route_check ] --END-- [ RunTime:0.001023s ]
INFO: [ app_begin ] --START--
INFO: Run ReadHtmlCache Behavior [ RunTime:0.000593s ]
INFO: [ app_begin ] --END-- [ RunTime:0.000659s ]
NOTIC: [2048] Declaration of IndexAction::show() should be compatible with that of Action::show() E:\www\szjiusc\Lib\Action\IndexAction.class.php 第 26 行.
NOTIC: [8] Undefined index:  class D:\ThinkPHP\Common\functions.php 第 39 行.
NOTIC: [8] Undefined index:  type D:\ThinkPHP\Common\functions.php 第 39 行.
NOTIC: [8] Undefined index:  file D:\ThinkPHP\Common\functions.php 第 38 行.
NOTIC: [8] Undefined index:  line D:\ThinkPHP\Common\functions.php 第 38 行.

[ 2013-05-21T21:11:56+08:00 ] ERR: [4] syntax error, unexpected '{' D:\ThinkPHP\Extend\Library\ORG\Util\Cart.class.php 第 70 行.
[ 2013-05-21T21:11:56+08:00 ] 127.0.0.1 /index.php/Index/addCart
INFO: [ route_check ] --START--
INFO: Run CheckRoute Behavior [ RunTime:0.002054s ]
INFO: [ route_check ] --END-- [ RunTime:0.002198s ]
INFO: [ app_begin ] --START--
INFO: Run ReadHtmlCache Behavior [ RunTime:0.001850s ]
INFO: [ app_begin ] --END-- [ RunTime:0.001955s ]
NOTIC: [2048] Declaration of IndexAction::show() should be compatible with that of Action::show() E:\www\szjiusc\Lib\Action\IndexAction.class.php 第 26 行.
NOTIC: [8] Undefined index:  class D:\ThinkPHP\Common\functions.php 第 39 行.
NOTIC: [8] Undefined index:  type D:\ThinkPHP\Common\functions.php 第 39 行.
NOTIC: [8] Undefined index:  file D:\ThinkPHP\Common\functions.php 第 38 行.
NOTIC: [8] Undefined index:  line D:\ThinkPHP\Common\functions.php 第 38 行.

[ 2013-05-21T21:12:02+08:00 ] 127.0.0.1 /index.php/Index/show/id/2
INFO: [ route_check ] --START--
INFO: Run CheckRoute Behavior [ RunTime:0.001027s ]
INFO: [ route_check ] --END-- [ RunTime:0.001137s ]
INFO: [ app_begin ] --START--
INFO: Run ReadHtmlCache Behavior [ RunTime:0.000855s ]
INFO: [ app_begin ] --END-- [ RunTime:0.000939s ]
NOTIC: [2048] Declaration of IndexAction::show() should be compatible with that of Action::show() E:\www\szjiusc\Lib\Action\IndexAction.class.php 第 26 行.
INFO: [ view_template ] --START--
INFO: Run LocationTemplate Behavior [ RunTime:0.002455s ]
INFO: [ view_template ] --END-- [ RunTime:0.002547s ]
INFO: [ view_parse ] --START--
INFO: Run ParseTemplate Behavior [ RunTime:0.016045s ]
INFO: [ view_parse ] --END-- [ RunTime:0.016157s ]
INFO: [ view_filter ] --START--
INFO: Run ContentReplace Behavior [ RunTime:0.001162s ]
INFO: Run TokenBuild Behavior [ RunTime:0.001044s ]
INFO: Run WriteHtmlCache Behavior [ RunTime:0.001252s ]
INFO: Run ShowRuntime Behavior [ RunTime:0.001527s ]
INFO: [ view_filter ] --END-- [ RunTime:0.005197s ]
INFO: [ view_end ] --START--
INFO: Run ShowPageTrace Behavior [ RunTime:0.001371s ]
INFO: [ view_end ] --END-- [ RunTime:0.001446s ]

[ 2013-05-21T21:12:07+08:00 ] ERR: [4] syntax error, unexpected '{' D:\ThinkPHP\Extend\Library\ORG\Util\Cart.class.php 第 70 行.
[ 2013-05-21T21:12:07+08:00 ] 127.0.0.1 /index.php/Index/addCart
INFO: [ route_check ] --START--
INFO: Run CheckRoute Behavior [ RunTime:0.000976s ]
INFO: [ route_check ] --END-- [ RunTime:0.001079s ]
INFO: [ app_begin ] --START--
INFO: Run ReadHtmlCache Behavior [ RunTime:0.000601s ]
INFO: [ app_begin ] --END-- [ RunTime:0.000661s ]
NOTIC: [2048] Declaration of IndexAction::show() should be compatible with that of Action::show() E:\www\szjiusc\Lib\Action\IndexAction.class.php 第 26 行.
NOTIC: [8] Undefined index:  class D:\ThinkPHP\Common\functions.php 第 39 行.
NOTIC: [8] Undefined index:  type D:\ThinkPHP\Common\functions.php 第 39 行.
NOTIC: [8] Undefined index:  file D:\ThinkPHP\Common\functions.php 第 38 行.
NOTIC: [8] Undefined index:  line D:\ThinkPHP\Common\functions.php 第 38 行.

[ 2013-05-21T21:13:09+08:00 ] 127.0.0.1 /index.php/Index/addCart
INFO: [ route_check ] --START--
INFO: Run CheckRoute Behavior [ RunTime:0.000978s ]
INFO: [ route_check ] --END-- [ RunTime:0.001108s ]
INFO: [ app_begin ] --START--
INFO: Run ReadHtmlCache Behavior [ RunTime:0.000616s ]
INFO: [ app_begin ] --END-- [ RunTime:0.000701s ]
NOTIC: [2048] Declaration of IndexAction::show() should be compatible with that of Action::show() E:\www\szjiusc\Lib\Action\IndexAction.class.php 第 26 行.
NOTIC: [2] Invalid argument supplied for foreach() D:\ThinkPHP\Extend\Library\ORG\Util\Cart.class.php 第 81 行.

[ 2013-05-21T21:16:45+08:00 ] 127.0.0.1 /index.php/Index/addCart
INFO: [ route_check ] --START--
INFO: Run CheckRoute Behavior [ RunTime:0.001546s ]
INFO: [ route_check ] --END-- [ RunTime:0.001652s ]
INFO: [ app_begin ] --START--
INFO: Run ReadHtmlCache Behavior [ RunTime:0.001541s ]
INFO: [ app_begin ] --END-- [ RunTime:0.001660s ]
NOTIC: [2048] Declaration of IndexAction::show() should be compatible with that of Action::show() E:\www\szjiusc\Lib\Action\IndexAction.class.php 第 26 行.

[ 2013-05-21T21:17:57+08:00 ] 127.0.0.1 /index.php/Index/addCart
INFO: [ route_check ] --START--
INFO: Run CheckRoute Behavior [ RunTime:0.001017s ]
INFO: [ route_check ] --END-- [ RunTime:0.001132s ]
INFO: [ app_begin ] --START--
INFO: Run ReadHtmlCache Behavior [ RunTime:0.000835s ]
INFO: [ app_begin ] --END-- [ RunTime:0.000937s ]
NOTIC: [2048] Declaration of IndexAction::show() should be compatible with that of Action::show() E:\www\szjiusc\Lib\Action\IndexAction.class.php 第 26 行.
NOTIC: [8] Undefined index:  cart E:\www\szjiusc\Lib\Action\IndexAction.class.php 第 23 行.

[ 2013-05-21T21:19:37+08:00 ] 127.0.0.1 /index.php/Index/addCart
INFO: [ route_check ] --START--
INFO: Run CheckRoute Behavior [ RunTime:0.001506s ]
INFO: [ route_check ] --END-- [ RunTime:0.001603s ]
INFO: [ app_begin ] --START--
INFO: Run ReadHtmlCache Behavior [ RunTime:0.001147s ]
INFO: [ app_begin ] --END-- [ RunTime:0.001238s ]
NOTIC: [2048] Declaration of IndexAction::show() should be compatible with that of Action::show() E:\www\szjiusc\Lib\Action\IndexAction.class.php 第 25 行.
NOTIC: [8] Undefined index:  cart E:\www\szjiusc\Lib\Action\IndexAction.class.php 第 22 行.

[ 2013-05-21T21:21:35+08:00 ] 127.0.0.1 /index.php/Index/addCart
INFO: [ route_check ] --START--
INFO: Run CheckRoute Behavior [ RunTime:0.000900s ]
INFO: [ route_check ] --END-- [ RunTime:0.000997s ]
INFO: [ app_begin ] --START--
INFO: Run ReadHtmlCache Behavior [ RunTime:0.000677s ]
INFO: [ app_begin ] --END-- [ RunTime:0.000745s ]
NOTIC: [2048] Declaration of IndexAction::show() should be compatible with that of Action::show() E:\www\szjiusc\Lib\Action\IndexAction.class.php 第 25 行.

[ 2013-05-21T21:21:45+08:00 ] 127.0.0.1 /index.php/Index/addCart
INFO: [ route_check ] --START--
INFO: Run CheckRoute Behavior [ RunTime:0.001660s ]
INFO: [ route_check ] --END-- [ RunTime:0.001776s ]
INFO: [ app_begin ] --START--
INFO: Run ReadHtmlCache Behavior [ RunTime:0.001351s ]
INFO: [ app_begin ] --END-- [ RunTime:0.001445s ]
NOTIC: [2048] Declaration of IndexAction::show() should be compatible with that of Action::show() E:\www\szjiusc\Lib\Action\IndexAction.class.php 第 25 行.

[ 2013-05-21T21:23:11+08:00 ] 127.0.0.1 /index.php/Index/addCart
INFO: [ route_check ] --START--
INFO: Run CheckRoute Behavior [ RunTime:0.001010s ]
INFO: [ route_check ] --END-- [ RunTime:0.001111s ]
INFO: [ app_begin ] --START--
INFO: Run ReadHtmlCache Behavior [ RunTime:0.000581s ]
INFO: [ app_begin ] --END-- [ RunTime:0.000637s ]
NOTIC: [2048] Declaration of IndexAction::show() should be compatible with that of Action::show() E:\www\szjiusc\Lib\Action\IndexAction.class.php 第 25 行.
NOTIC: [2] Invalid argument supplied for foreach() D:\ThinkPHP\Extend\Library\ORG\Util\Cart.class.php 第 85 行.

[ 2013-05-21T21:28:15+08:00 ] 127.0.0.1 /index.php/Index/addCart
INFO: [ route_check ] --START--
INFO: Run CheckRoute Behavior [ RunTime:0.001475s ]
INFO: [ route_check ] --END-- [ RunTime:0.001573s ]
INFO: [ app_begin ] --START--
INFO: Run ReadHtmlCache Behavior [ RunTime:0.001160s ]
INFO: [ app_begin ] --END-- [ RunTime:0.001220s ]
NOTIC: [2048] Declaration of IndexAction::show() should be compatible with that of Action::show() E:\www\szjiusc\Lib\Action\IndexAction.class.php 第 25 行.
NOTIC: [8] Undefined index:  number D:\ThinkPHP\Extend\Library\ORG\Util\Cart.class.php 第 31 行.
NOTIC: [8] Undefined index:  total D:\ThinkPHP\Extend\Library\ORG\Util\Cart.class.php 第 34 行.
NOTIC: [8] Undefined index:  discount D:\ThinkPHP\Extend\Library\ORG\Util\Cart.class.php 第 36 行.

[ 2013-05-21T21:28:20+08:00 ] 127.0.0.1 /index.php/Index/addCart
INFO: [ route_check ] --START--
INFO: Run CheckRoute Behavior [ RunTime:0.001286s ]
INFO: [ route_check ] --END-- [ RunTime:0.001422s ]
INFO: [ app_begin ] --START--
INFO: Run ReadHtmlCache Behavior [ RunTime:0.000646s ]
INFO: [ app_begin ] --END-- [ RunTime:0.000710s ]
NOTIC: [2048] Declaration of IndexAction::show() should be compatible with that of Action::show() E:\www\szjiusc\Lib\Action\IndexAction.class.php 第 25 行.
NOTIC: [8] Undefined index:  number D:\ThinkPHP\Extend\Library\ORG\Util\Cart.class.php 第 31 行.
NOTIC: [8] Undefined index:  total D:\ThinkPHP\Extend\Library\ORG\Util\Cart.class.php 第 34 行.
NOTIC: [8] Undefined index:  discount D:\ThinkPHP\Extend\Library\ORG\Util\Cart.class.php 第 36 行.

[ 2013-05-21T21:29:11+08:00 ] 127.0.0.1 /index.php/Index/addCart
INFO: [ route_check ] --START--
INFO: Run CheckRoute Behavior [ RunTime:0.001281s ]
INFO: [ route_check ] --END-- [ RunTime:0.001403s ]
INFO: [ app_begin ] --START--
INFO: Run ReadHtmlCache Behavior [ RunTime:0.001176s ]
INFO: [ app_begin ] --END-- [ RunTime:0.001269s ]
NOTIC: [2048] Declaration of IndexAction::show() should be compatible with that of Action::show() E:\www\szjiusc\Lib\Action\IndexAction.class.php 第 25 行.
NOTIC: [8] Undefined index:  number D:\ThinkPHP\Extend\Library\ORG\Util\Cart.class.php 第 31 行.
NOTIC: [8] Undefined index:  total D:\ThinkPHP\Extend\Library\ORG\Util\Cart.class.php 第 34 行.
NOTIC: [8] Undefined index:  discount D:\ThinkPHP\Extend\Library\ORG\Util\Cart.class.php 第 36 行.

[ 2013-05-21T21:29:15+08:00 ] 127.0.0.1 /index.php/Index/addCart
INFO: [ route_check ] --START--
INFO: Run CheckRoute Behavior [ RunTime:0.000902s ]
INFO: [ route_check ] --END-- [ RunTime:0.000998s ]
INFO: [ app_begin ] --START--
INFO: Run ReadHtmlCache Behavior [ RunTime:0.000614s ]
INFO: [ app_begin ] --END-- [ RunTime:0.000685s ]
NOTIC: [2048] Declaration of IndexAction::show() should be compatible with that of Action::show() E:\www\szjiusc\Lib\Action\IndexAction.class.php 第 25 行.
NOTIC: [8] Undefined index:  number D:\ThinkPHP\Extend\Library\ORG\Util\Cart.class.php 第 31 行.
NOTIC: [8] Undefined index:  total D:\ThinkPHP\Extend\Library\ORG\Util\Cart.class.php 第 34 行.
NOTIC: [8] Undefined index:  discount D:\ThinkPHP\Extend\Library\ORG\Util\Cart.class.php 第 36 行.
NOTIC: [8] Undefined variable: arry D:\ThinkPHP\Extend\Library\ORG\Util\Cart.class.php 第 89 行.
NOTIC: [2] array_diff() [<a href='function.array-diff'>function.array-diff</a>]: Argument #1 is not an array D:\ThinkPHP\Extend\Library\ORG\Util\Cart.class.php 第 89 行.

[ 2013-05-21T21:29:32+08:00 ] 127.0.0.1 /index.php/Index/addCart
INFO: [ route_check ] --START--
INFO: Run CheckRoute Behavior [ RunTime:0.001268s ]
INFO: [ route_check ] --END-- [ RunTime:0.001409s ]
INFO: [ app_begin ] --START--
INFO: Run ReadHtmlCache Behavior [ RunTime:0.000795s ]
INFO: [ app_begin ] --END-- [ RunTime:0.000875s ]
NOTIC: [2048] Declaration of IndexAction::show() should be compatible with that of Action::show() E:\www\szjiusc\Lib\Action\IndexAction.class.php 第 25 行.
NOTIC: [8] Undefined index:  number D:\ThinkPHP\Extend\Library\ORG\Util\Cart.class.php 第 31 行.
NOTIC: [8] Undefined index:  total D:\ThinkPHP\Extend\Library\ORG\Util\Cart.class.php 第 34 行.
NOTIC: [8] Undefined index:  discount D:\ThinkPHP\Extend\Library\ORG\Util\Cart.class.php 第 36 行.
NOTIC: [8] Undefined variable: arry D:\ThinkPHP\Extend\Library\ORG\Util\Cart.class.php 第 89 行.
NOTIC: [2] array_diff() [<a href='function.array-diff'>function.array-diff</a>]: Argument #1 is not an array D:\ThinkPHP\Extend\Library\ORG\Util\Cart.class.php 第 89 行.

[ 2013-05-21T21:30:52+08:00 ] 127.0.0.1 /index.php/Index/show/id/2
INFO: [ route_check ] --START--
INFO: Run CheckRoute Behavior [ RunTime:0.001675s ]
INFO: [ route_check ] --END-- [ RunTime:0.001782s ]
INFO: [ app_begin ] --START--
INFO: Run ReadHtmlCache Behavior [ RunTime:0.001261s ]
INFO: [ app_begin ] --END-- [ RunTime:0.001340s ]
NOTIC: [2048] Declaration of IndexAction::show() should be compatible with that of Action::show() E:\www\szjiusc\Lib\Action\IndexAction.class.php 第 25 行.
INFO: [ view_template ] --START--
INFO: Run LocationTemplate Behavior [ RunTime:0.002119s ]
INFO: [ view_template ] --END-- [ RunTime:0.002219s ]
INFO: [ view_parse ] --START--
INFO: Run ParseTemplate Behavior [ RunTime:0.017905s ]
INFO: [ view_parse ] --END-- [ RunTime:0.018018s ]
INFO: [ view_filter ] --START--
INFO: Run ContentReplace Behavior [ RunTime:0.001260s ]
INFO: Run TokenBuild Behavior [ RunTime:0.001121s ]
INFO: Run WriteHtmlCache Behavior [ RunTime:0.000947s ]
INFO: Run ShowRuntime Behavior [ RunTime:0.001354s ]
INFO: [ view_filter ] --END-- [ RunTime:0.004925s ]
INFO: [ view_end ] --START--
INFO: Run ShowPageTrace Behavior [ RunTime:0.002000s ]
INFO: [ view_end ] --END-- [ RunTime:0.002123s ]

[ 2013-05-21T21:31:26+08:00 ] 127.0.0.1 /index.php/Index/show/id/2
INFO: [ route_check ] --START--
INFO: Run CheckRoute Behavior [ RunTime:0.000874s ]
INFO: [ route_check ] --END-- [ RunTime:0.001018s ]
INFO: [ app_begin ] --START--
INFO: Run ReadHtmlCache Behavior [ RunTime:0.000560s ]
INFO: [ app_begin ] --END-- [ RunTime:0.000660s ]
NOTIC: [2048] Declaration of IndexAction::show() should be compatible with that of Action::show() E:\www\szjiusc\Lib\Action\IndexAction.class.php 第 25 行.
INFO: [ view_template ] --START--
INFO: Run LocationTemplate Behavior [ RunTime:0.000417s ]
INFO: [ view_template ] --END-- [ RunTime:0.000479s ]
INFO: [ view_parse ] --START--
INFO: Run ParseTemplate Behavior [ RunTime:0.010104s ]
INFO: [ view_parse ] --END-- [ RunTime:0.010239s ]
INFO: [ view_filter ] --START--
INFO: Run ContentReplace Behavior [ RunTime:0.000433s ]
INFO: Run TokenBuild Behavior [ RunTime:0.000428s ]
INFO: Run WriteHtmlCache Behavior [ RunTime:0.000297s ]
INFO: Run ShowRuntime Behavior [ RunTime:0.000487s ]
INFO: [ view_filter ] --END-- [ RunTime:0.001805s ]
INFO: [ view_end ] --START--
INFO: Run ShowPageTrace Behavior [ RunTime:0.000692s ]
INFO: [ view_end ] --END-- [ RunTime:0.000838s ]

[ 2013-05-21T21:31:55+08:00 ] 127.0.0.1 /index.php/Index/show/id/2
INFO: [ route_check ] --START--
INFO: Run CheckRoute Behavior [ RunTime:0.000992s ]
INFO: [ route_check ] --END-- [ RunTime:0.001095s ]
INFO: [ app_begin ] --START--
INFO: Run ReadHtmlCache Behavior [ RunTime:0.000583s ]
INFO: [ app_begin ] --END-- [ RunTime:0.000647s ]
NOTIC: [2048] Declaration of IndexAction::show() should be compatible with that of Action::show() E:\www\szjiusc\Lib\Action\IndexAction.class.php 第 25 行.
INFO: [ view_template ] --START--
INFO: Run LocationTemplate Behavior [ RunTime:0.000418s ]
INFO: [ view_template ] --END-- [ RunTime:0.000483s ]
INFO: [ view_parse ] --START--
INFO: Run ParseTemplate Behavior [ RunTime:0.010005s ]
INFO: [ view_parse ] --END-- [ RunTime:0.010101s ]
INFO: [ view_filter ] --START--
INFO: Run ContentReplace Behavior [ RunTime:0.000419s ]
INFO: Run TokenBuild Behavior [ RunTime:0.000427s ]
INFO: Run WriteHtmlCache Behavior [ RunTime:0.000306s ]
INFO: Run ShowRuntime Behavior [ RunTime:0.000526s ]
INFO: [ view_filter ] --END-- [ RunTime:0.001844s ]
INFO: [ view_end ] --START--
INFO: Run ShowPageTrace Behavior [ RunTime:0.000618s ]
INFO: [ view_end ] --END-- [ RunTime:0.000674s ]

[ 2013-05-21T21:32:18+08:00 ] 127.0.0.1 /index.php/Index/show/id/2
INFO: [ route_check ] --START--
INFO: Run CheckRoute Behavior [ RunTime:0.000940s ]
INFO: [ route_check ] --END-- [ RunTime:0.001039s ]
INFO: [ app_begin ] --START--
INFO: Run ReadHtmlCache Behavior [ RunTime:0.000556s ]
INFO: [ app_begin ] --END-- [ RunTime:0.000618s ]
NOTIC: [2048] Declaration of IndexAction::show() should be compatible with that of Action::show() E:\www\szjiusc\Lib\Action\IndexAction.class.php 第 25 行.
INFO: [ view_template ] --START--
INFO: Run LocationTemplate Behavior [ RunTime:0.000409s ]
INFO: [ view_template ] --END-- [ RunTime:0.000471s ]
INFO: [ view_parse ] --START--
INFO: Run ParseTemplate Behavior [ RunTime:0.009961s ]
INFO: [ view_parse ] --END-- [ RunTime:0.010054s ]
INFO: [ view_filter ] --START--
INFO: Run ContentReplace Behavior [ RunTime:0.000449s ]
INFO: Run TokenBuild Behavior [ RunTime:0.000426s ]
INFO: Run WriteHtmlCache Behavior [ RunTime:0.000306s ]
INFO: Run ShowRuntime Behavior [ RunTime:0.000662s ]
INFO: [ view_filter ] --END-- [ RunTime:0.002023s ]
INFO: [ view_end ] --START--
INFO: Run ShowPageTrace Behavior [ RunTime:0.000634s ]
INFO: [ view_end ] --END-- [ RunTime:0.000692s ]

[ 2013-05-21T21:32:28+08:00 ] 127.0.0.1 /index.php/Index/show/id/2
INFO: [ route_check ] --START--
INFO: Run CheckRoute Behavior [ RunTime:0.001129s ]
INFO: [ route_check ] --END-- [ RunTime:0.001259s ]
INFO: [ app_begin ] --START--
INFO: Run ReadHtmlCache Behavior [ RunTime:0.000650s ]
INFO: [ app_begin ] --END-- [ RunTime:0.000730s ]
NOTIC: [2048] Declaration of IndexAction::show() should be compatible with that of Action::show() E:\www\szjiusc\Lib\Action\IndexAction.class.php 第 25 行.
INFO: [ view_template ] --START--
INFO: Run LocationTemplate Behavior [ RunTime:0.000482s ]
INFO: [ view_template ] --END-- [ RunTime:0.000555s ]
INFO: [ view_parse ] --START--
INFO: Run ParseTemplate Behavior [ RunTime:0.012373s ]
INFO: [ view_parse ] --END-- [ RunTime:0.012479s ]
INFO: [ view_filter ] --START--
INFO: Run ContentReplace Behavior [ RunTime:0.000480s ]
INFO: Run TokenBuild Behavior [ RunTime:0.000463s ]
INFO: Run WriteHtmlCache Behavior [ RunTime:0.000324s ]
INFO: Run ShowRuntime Behavior [ RunTime:0.000504s ]
INFO: [ view_filter ] --END-- [ RunTime:0.002008s ]
INFO: [ view_end ] --START--
INFO: Run ShowPageTrace Behavior [ RunTime:0.000663s ]
INFO: [ view_end ] --END-- [ RunTime:0.000745s ]

[ 2013-05-21T21:32:53+08:00 ] 127.0.0.1 /index.php/Index/show/id/2
INFO: [ route_check ] --START--
INFO: Run CheckRoute Behavior [ RunTime:0.001533s ]
INFO: [ route_check ] --END-- [ RunTime:0.001634s ]
INFO: [ app_begin ] --START--
INFO: Run ReadHtmlCache Behavior [ RunTime:0.001402s ]
INFO: [ app_begin ] --END-- [ RunTime:0.001476s ]
NOTIC: [2048] Declaration of IndexAction::show() should be compatible with that of Action::show() E:\www\szjiusc\Lib\Action\IndexAction.class.php 第 25 行.
INFO: [ view_template ] --START--
INFO: Run LocationTemplate Behavior [ RunTime:0.002879s ]
INFO: [ view_template ] --END-- [ RunTime:0.002983s ]
INFO: [ view_parse ] --START--
INFO: Run ParseTemplate Behavior [ RunTime:0.016973s ]
INFO: [ view_parse ] --END-- [ RunTime:0.017116s ]
INFO: [ view_filter ] --START--
INFO: Run ContentReplace Behavior [ RunTime:0.004284s ]
INFO: Run TokenBuild Behavior [ RunTime:0.001188s ]
INFO: Run WriteHtmlCache Behavior [ RunTime:0.000922s ]
INFO: Run ShowRuntime Behavior [ RunTime:0.001143s ]
INFO: [ view_filter ] --END-- [ RunTime:0.007761s ]
INFO: [ view_end ] --START--
INFO: Run ShowPageTrace Behavior [ RunTime:0.001420s ]
INFO: [ view_end ] --END-- [ RunTime:0.001483s ]

[ 2013-05-21T21:33:03+08:00 ] 127.0.0.1 /index.php/Index/show/id/2
INFO: [ route_check ] --START--
INFO: Run CheckRoute Behavior [ RunTime:0.000991s ]
INFO: [ route_check ] --END-- [ RunTime:0.001089s ]
INFO: [ app_begin ] --START--
INFO: Run ReadHtmlCache Behavior [ RunTime:0.000569s ]
INFO: [ app_begin ] --END-- [ RunTime:0.000632s ]
NOTIC: [2048] Declaration of IndexAction::show() should be compatible with that of Action::show() E:\www\szjiusc\Lib\Action\IndexAction.class.php 第 25 行.
INFO: [ view_template ] --START--
INFO: Run LocationTemplate Behavior [ RunTime:0.000415s ]
INFO: [ view_template ] --END-- [ RunTime:0.000479s ]
INFO: [ view_parse ] --START--
INFO: Run ParseTemplate Behavior [ RunTime:0.010140s ]
INFO: [ view_parse ] --END-- [ RunTime:0.010236s ]
INFO: [ view_filter ] --START--
INFO: Run ContentReplace Behavior [ RunTime:0.000470s ]
INFO: Run TokenBuild Behavior [ RunTime:0.000405s ]
INFO: Run WriteHtmlCache Behavior [ RunTime:0.000306s ]
INFO: Run ShowRuntime Behavior [ RunTime:0.000486s ]
INFO: [ view_filter ] --END-- [ RunTime:0.001827s ]
INFO: [ view_end ] --START--
INFO: Run ShowPageTrace Behavior [ RunTime:0.000637s ]
INFO: [ view_end ] --END-- [ RunTime:0.000695s ]

[ 2013-05-21T21:34:09+08:00 ] 127.0.0.1 /index.php/Index/show/id/2
INFO: [ route_check ] --START--
INFO: Run CheckRoute Behavior [ RunTime:0.000911s ]
INFO: [ route_check ] --END-- [ RunTime:0.001009s ]
INFO: [ app_begin ] --START--
INFO: Run ReadHtmlCache Behavior [ RunTime:0.000586s ]
INFO: [ app_begin ] --END-- [ RunTime:0.000653s ]
NOTIC: [2048] Declaration of IndexAction::show() should be compatible with that of Action::show() E:\www\szjiusc\Lib\Action\IndexAction.class.php 第 25 行.
INFO: [ view_template ] --START--
INFO: Run LocationTemplate Behavior [ RunTime:0.000421s ]
INFO: [ view_template ] --END-- [ RunTime:0.000505s ]
INFO: [ view_parse ] --START--
INFO: Run ParseTemplate Behavior [ RunTime:0.010181s ]
INFO: [ view_parse ] --END-- [ RunTime:0.010323s ]
INFO: [ view_filter ] --START--
INFO: Run ContentReplace Behavior [ RunTime:0.000540s ]
INFO: Run TokenBuild Behavior [ RunTime:0.000500s ]
INFO: Run WriteHtmlCache Behavior [ RunTime:0.000343s ]
INFO: Run ShowRuntime Behavior [ RunTime:0.000510s ]
INFO: [ view_filter ] --END-- [ RunTime:0.002298s ]
INFO: [ view_end ] --START--
INFO: Run ShowPageTrace Behavior [ RunTime:0.000697s ]
INFO: [ view_end ] --END-- [ RunTime:0.000763s ]

[ 2013-05-21T21:34:48+08:00 ] 127.0.0.1 /index.php/Index/show/id/2
INFO: [ route_check ] --START--
INFO: Run CheckRoute Behavior [ RunTime:0.001032s ]
INFO: [ route_check ] --END-- [ RunTime:0.001157s ]
INFO: [ app_begin ] --START--
INFO: Run ReadHtmlCache Behavior [ RunTime:0.000621s ]
INFO: [ app_begin ] --END-- [ RunTime:0.000688s ]
NOTIC: [2048] Declaration of IndexAction::show() should be compatible with that of Action::show() E:\www\szjiusc\Lib\Action\IndexAction.class.php 第 25 行.
INFO: [ view_template ] --START--
INFO: Run LocationTemplate Behavior [ RunTime:0.000422s ]
INFO: [ view_template ] --END-- [ RunTime:0.000486s ]
INFO: [ view_parse ] --START--
INFO: Run ParseTemplate Behavior [ RunTime:0.010306s ]
INFO: [ view_parse ] --END-- [ RunTime:0.010436s ]
INFO: [ view_filter ] --START--
INFO: Run ContentReplace Behavior [ RunTime:0.000616s ]
INFO: Run TokenBuild Behavior [ RunTime:0.000590s ]
INFO: Run WriteHtmlCache Behavior [ RunTime:0.000432s ]
INFO: Run ShowRuntime Behavior [ RunTime:0.000715s ]
INFO: [ view_filter ] --END-- [ RunTime:0.002608s ]
INFO: [ view_end ] --START--
INFO: Run ShowPageTrace Behavior [ RunTime:0.001347s ]
INFO: [ view_end ] --END-- [ RunTime:0.001453s ]

[ 2013-05-21T21:34:54+08:00 ] 127.0.0.1 /index.php/Index/addCart
INFO: [ route_check ] --START--
INFO: Run CheckRoute Behavior [ RunTime:0.001573s ]
INFO: [ route_check ] --END-- [ RunTime:0.001684s ]
INFO: [ app_begin ] --START--
INFO: Run ReadHtmlCache Behavior [ RunTime:0.001591s ]
INFO: [ app_begin ] --END-- [ RunTime:0.001706s ]
NOTIC: [2048] Declaration of IndexAction::show() should be compatible with that of Action::show() E:\www\szjiusc\Lib\Action\IndexAction.class.php 第 25 行.
NOTIC: [8] Undefined index:  number D:\ThinkPHP\Extend\Library\ORG\Util\Cart.class.php 第 31 行.
NOTIC: [8] Undefined index:  total D:\ThinkPHP\Extend\Library\ORG\Util\Cart.class.php 第 34 行.
NOTIC: [8] Undefined index:  discount D:\ThinkPHP\Extend\Library\ORG\Util\Cart.class.php 第 36 行.
NOTIC: [8] Undefined variable: arry D:\ThinkPHP\Extend\Library\ORG\Util\Cart.class.php 第 89 行.
NOTIC: [2] array_diff() [<a href='function.array-diff'>function.array-diff</a>]: Argument #1 is not an array D:\ThinkPHP\Extend\Library\ORG\Util\Cart.class.php 第 89 行.

[ 2013-05-21T21:35:40+08:00 ] 127.0.0.1 /index.php/Index/addCart
INFO: [ route_check ] --START--
INFO: Run CheckRoute Behavior [ RunTime:0.001091s ]
INFO: [ route_check ] --END-- [ RunTime:0.001205s ]
INFO: [ app_begin ] --START--
INFO: Run ReadHtmlCache Behavior [ RunTime:0.000762s ]
INFO: [ app_begin ] --END-- [ RunTime:0.000842s ]
NOTIC: [2048] Declaration of IndexAction::show() should be compatible with that of Action::show() E:\www\szjiusc\Lib\Action\IndexAction.class.php 第 25 行.
NOTIC: [8] Undefined index:  number D:\ThinkPHP\Extend\Library\ORG\Util\Cart.class.php 第 31 行.
NOTIC: [8] Undefined index:  total D:\ThinkPHP\Extend\Library\ORG\Util\Cart.class.php 第 34 行.
NOTIC: [8] Undefined index:  discount D:\ThinkPHP\Extend\Library\ORG\Util\Cart.class.php 第 36 行.
NOTIC: [8] Undefined variable: arry D:\ThinkPHP\Extend\Library\ORG\Util\Cart.class.php 第 89 行.
NOTIC: [2] array_diff() [<a href='function.array-diff'>function.array-diff</a>]: Argument #1 is not an array D:\ThinkPHP\Extend\Library\ORG\Util\Cart.class.php 第 89 行.

[ 2013-05-21T21:36:30+08:00 ] 127.0.0.1 /index.php/Index/show/id/2
INFO: [ route_check ] --START--
INFO: Run CheckRoute Behavior [ RunTime:0.000983s ]
INFO: [ route_check ] --END-- [ RunTime:0.001094s ]
INFO: [ app_begin ] --START--
INFO: Run ReadHtmlCache Behavior [ RunTime:0.000588s ]
INFO: [ app_begin ] --END-- [ RunTime:0.000658s ]
NOTIC: [2048] Declaration of IndexAction::show() should be compatible with that of Action::show() E:\www\szjiusc\Lib\Action\IndexAction.class.php 第 25 行.
INFO: [ view_template ] --START--
INFO: Run LocationTemplate Behavior [ RunTime:0.001993s ]
INFO: [ view_template ] --END-- [ RunTime:0.002088s ]
INFO: [ view_parse ] --START--
INFO: Run ParseTemplate Behavior [ RunTime:0.013649s ]
INFO: [ view_parse ] --END-- [ RunTime:0.013746s ]
INFO: [ view_filter ] --START--
INFO: Run ContentReplace Behavior [ RunTime:0.001157s ]
INFO: Run TokenBuild Behavior [ RunTime:0.003231s ]
INFO: Run WriteHtmlCache Behavior [ RunTime:0.001753s ]
INFO: Run ShowRuntime Behavior [ RunTime:0.001207s ]
INFO: [ view_filter ] --END-- [ RunTime:0.007627s ]
INFO: [ view_end ] --START--
INFO: Run ShowPageTrace Behavior [ RunTime:0.001771s ]
INFO: [ view_end ] --END-- [ RunTime:0.001864s ]

[ 2013-05-21T21:36:47+08:00 ] 127.0.0.1 /index.php/Index/show/id/2
INFO: [ route_check ] --START--
INFO: Run CheckRoute Behavior [ RunTime:0.000901s ]
INFO: [ route_check ] --END-- [ RunTime:0.001000s ]
INFO: [ app_begin ] --START--
INFO: Run ReadHtmlCache Behavior [ RunTime:0.000602s ]
INFO: [ app_begin ] --END-- [ RunTime:0.000665s ]
NOTIC: [2048] Declaration of IndexAction::show() should be compatible with that of Action::show() E:\www\szjiusc\Lib\Action\IndexAction.class.php 第 25 行.
INFO: [ view_template ] --START--
INFO: Run LocationTemplate Behavior [ RunTime:0.000655s ]
INFO: [ view_template ] --END-- [ RunTime:0.000746s ]
INFO: [ view_parse ] --START--
INFO: Run ParseTemplate Behavior [ RunTime:0.011690s ]
INFO: [ view_parse ] --END-- [ RunTime:0.011837s ]
INFO: [ view_filter ] --START--
INFO: Run ContentReplace Behavior [ RunTime:0.000469s ]
INFO: Run TokenBuild Behavior [ RunTime:0.000412s ]
INFO: Run WriteHtmlCache Behavior [ RunTime:0.000317s ]
INFO: Run ShowRuntime Behavior [ RunTime:0.000526s ]
INFO: [ view_filter ] --END-- [ RunTime:0.001890s ]
INFO: [ view_end ] --START--
INFO: Run ShowPageTrace Behavior [ RunTime:0.000639s ]
INFO: [ view_end ] --END-- [ RunTime:0.000697s ]

[ 2013-05-21T21:36:51+08:00 ] 127.0.0.1 /index.php/Index/addCart
INFO: [ route_check ] --START--
INFO: Run CheckRoute Behavior [ RunTime:0.000994s ]
INFO: [ route_check ] --END-- [ RunTime:0.001098s ]
INFO: [ app_begin ] --START--
INFO: Run ReadHtmlCache Behavior [ RunTime:0.000622s ]
INFO: [ app_begin ] --END-- [ RunTime:0.000685s ]
NOTIC: [2048] Declaration of IndexAction::show() should be compatible with that of Action::show() E:\www\szjiusc\Lib\Action\IndexAction.class.php 第 25 行.
NOTIC: [8] Undefined index:  number D:\ThinkPHP\Extend\Library\ORG\Util\Cart.class.php 第 31 行.
NOTIC: [8] Undefined index:  total D:\ThinkPHP\Extend\Library\ORG\Util\Cart.class.php 第 34 行.
NOTIC: [8] Undefined index:  discount D:\ThinkPHP\Extend\Library\ORG\Util\Cart.class.php 第 36 行.
NOTIC: [8] Undefined variable: arry D:\ThinkPHP\Extend\Library\ORG\Util\Cart.class.php 第 89 行.
NOTIC: [2] array_diff() [<a href='function.array-diff'>function.array-diff</a>]: Argument #1 is not an array D:\ThinkPHP\Extend\Library\ORG\Util\Cart.class.php 第 89 行.

[ 2013-05-21T21:37:01+08:00 ] 127.0.0.1 /index.php/Index/addCart
INFO: [ route_check ] --START--
INFO: Run CheckRoute Behavior [ RunTime:0.001531s ]
INFO: [ route_check ] --END-- [ RunTime:0.001626s ]
INFO: [ app_begin ] --START--
INFO: Run ReadHtmlCache Behavior [ RunTime:0.001357s ]
INFO: [ app_begin ] --END-- [ RunTime:0.001435s ]
NOTIC: [2048] Declaration of IndexAction::show() should be compatible with that of Action::show() E:\www\szjiusc\Lib\Action\IndexAction.class.php 第 25 行.
NOTIC: [8] Undefined index:  number D:\ThinkPHP\Extend\Library\ORG\Util\Cart.class.php 第 31 行.
NOTIC: [8] Undefined index:  total D:\ThinkPHP\Extend\Library\ORG\Util\Cart.class.php 第 34 行.
NOTIC: [8] Undefined index:  discount D:\ThinkPHP\Extend\Library\ORG\Util\Cart.class.php 第 36 行.
NOTIC: [8] Undefined variable: arry D:\ThinkPHP\Extend\Library\ORG\Util\Cart.class.php 第 89 行.
NOTIC: [2] array_diff() [<a href='function.array-diff'>function.array-diff</a>]: Argument #1 is not an array D:\ThinkPHP\Extend\Library\ORG\Util\Cart.class.php 第 89 行.

[ 2013-05-21T21:37:23+08:00 ] 127.0.0.1 /index.php/Index/addCart
INFO: [ route_check ] --START--
INFO: Run CheckRoute Behavior [ RunTime:0.000862s ]
INFO: [ route_check ] --END-- [ RunTime:0.000950s ]
INFO: [ app_begin ] --START--
INFO: Run ReadHtmlCache Behavior [ RunTime:0.000553s ]
INFO: [ app_begin ] --END-- [ RunTime:0.000610s ]
NOTIC: [2048] Declaration of IndexAction::show() should be compatible with that of Action::show() E:\www\szjiusc\Lib\Action\IndexAction.class.php 第 25 行.
NOTIC: [8] Undefined index:  number D:\ThinkPHP\Extend\Library\ORG\Util\Cart.class.php 第 31 行.
NOTIC: [8] Undefined index:  total D:\ThinkPHP\Extend\Library\ORG\Util\Cart.class.php 第 34 行.
NOTIC: [8] Undefined index:  discount D:\ThinkPHP\Extend\Library\ORG\Util\Cart.class.php 第 36 行.
NOTIC: [8] Undefined variable: arry D:\ThinkPHP\Extend\Library\ORG\Util\Cart.class.php 第 89 行.
NOTIC: [2] array_diff() [<a href='function.array-diff'>function.array-diff</a>]: Argument #1 is not an array D:\ThinkPHP\Extend\Library\ORG\Util\Cart.class.php 第 89 行.

[ 2013-05-21T21:39:15+08:00 ] 127.0.0.1 /index.php/Index/show/id/1
INFO: [ route_check ] --START--
INFO: Run CheckRoute Behavior [ RunTime:0.001520s ]
INFO: [ route_check ] --END-- [ RunTime:0.001623s ]
INFO: [ app_begin ] --START--
INFO: Run ReadHtmlCache Behavior [ RunTime:0.001231s ]
INFO: [ app_begin ] --END-- [ RunTime:0.001316s ]
NOTIC: [2048] Declaration of IndexAction::show() should be compatible with that of Action::show() E:\www\szjiusc\Lib\Action\IndexAction.class.php 第 25 行.
INFO: [ view_template ] --START--
INFO: Run LocationTemplate Behavior [ RunTime:0.002752s ]
INFO: [ view_template ] --END-- [ RunTime:0.002870s ]
INFO: [ view_parse ] --START--
INFO: Run ParseTemplate Behavior [ RunTime:0.019088s ]
INFO: [ view_parse ] --END-- [ RunTime:0.019216s ]
INFO: [ view_filter ] --START--
INFO: Run ContentReplace Behavior [ RunTime:0.001130s ]
INFO: Run TokenBuild Behavior [ RunTime:0.001144s ]
INFO: Run WriteHtmlCache Behavior [ RunTime:0.000941s ]
INFO: Run ShowRuntime Behavior [ RunTime:0.001355s ]
INFO: [ view_filter ] --END-- [ RunTime:0.004818s ]
INFO: [ view_end ] --START--
INFO: Run ShowPageTrace Behavior [ RunTime:0.001889s ]
INFO: [ view_end ] --END-- [ RunTime:0.002008s ]

[ 2013-05-21T21:39:20+08:00 ] 127.0.0.1 /index.php/Index/addCart
INFO: [ route_check ] --START--
INFO: Run CheckRoute Behavior [ RunTime:0.000941s ]
INFO: [ route_check ] --END-- [ RunTime:0.001042s ]
INFO: [ app_begin ] --START--
INFO: Run ReadHtmlCache Behavior [ RunTime:0.000575s ]
INFO: [ app_begin ] --END-- [ RunTime:0.000633s ]
NOTIC: [2048] Declaration of IndexAction::show() should be compatible with that of Action::show() E:\www\szjiusc\Lib\Action\IndexAction.class.php 第 25 行.
NOTIC: [8] Undefined index:  number D:\ThinkPHP\Extend\Library\ORG\Util\Cart.class.php 第 31 行.
NOTIC: [8] Undefined index:  total D:\ThinkPHP\Extend\Library\ORG\Util\Cart.class.php 第 34 行.
NOTIC: [8] Undefined index:  discount D:\ThinkPHP\Extend\Library\ORG\Util\Cart.class.php 第 36 行.

[ 2013-05-21T21:43:24+08:00 ] 127.0.0.1 /index.php/Index/show/id/1
INFO: [ route_check ] --START--
INFO: Run CheckRoute Behavior [ RunTime:0.001514s ]
INFO: [ route_check ] --END-- [ RunTime:0.001617s ]
INFO: [ app_begin ] --START--
INFO: Run ReadHtmlCache Behavior [ RunTime:0.001181s ]
INFO: [ app_begin ] --END-- [ RunTime:0.001258s ]
NOTIC: [2048] Declaration of IndexAction::show() should be compatible with that of Action::show() E:\www\szjiusc\Lib\Action\IndexAction.class.php 第 34 行.
INFO: [ view_template ] --START--
INFO: Run LocationTemplate Behavior [ RunTime:0.001843s ]
INFO: [ view_template ] --END-- [ RunTime:0.001921s ]
INFO: [ view_parse ] --START--
INFO: Run ParseTemplate Behavior [ RunTime:0.014039s ]
INFO: [ view_parse ] --END-- [ RunTime:0.014136s ]
INFO: [ view_filter ] --START--
INFO: Run ContentReplace Behavior [ RunTime:0.001248s ]
INFO: Run TokenBuild Behavior [ RunTime:0.001853s ]
INFO: Run WriteHtmlCache Behavior [ RunTime:0.001315s ]
INFO: Run ShowRuntime Behavior [ RunTime:0.001368s ]
INFO: [ view_filter ] --END-- [ RunTime:0.006061s ]
INFO: [ view_end ] --START--
INFO: Run ShowPageTrace Behavior [ RunTime:0.001280s ]
INFO: [ view_end ] --END-- [ RunTime:0.001658s ]

[ 2013-05-21T21:44:23+08:00 ] 127.0.0.1 /index.php/Index/show/id/1
INFO: [ route_check ] --START--
INFO: Run CheckRoute Behavior [ RunTime:0.000959s ]
INFO: [ route_check ] --END-- [ RunTime:0.001079s ]
INFO: [ app_begin ] --START--
INFO: Run ReadHtmlCache Behavior [ RunTime:0.000678s ]
INFO: [ app_begin ] --END-- [ RunTime:0.000769s ]
NOTIC: [2048] Declaration of IndexAction::show() should be compatible with that of Action::show() E:\www\szjiusc\Lib\Action\IndexAction.class.php 第 34 行.
INFO: [ view_template ] --START--
INFO: Run LocationTemplate Behavior [ RunTime:0.000639s ]
INFO: [ view_template ] --END-- [ RunTime:0.000758s ]
INFO: [ view_parse ] --START--
INFO: Run ParseTemplate Behavior [ RunTime:0.013808s ]
INFO: [ view_parse ] --END-- [ RunTime:0.013931s ]
INFO: [ view_filter ] --START--
INFO: Run ContentReplace Behavior [ RunTime:0.000592s ]
INFO: Run TokenBuild Behavior [ RunTime:0.000475s ]
INFO: Run WriteHtmlCache Behavior [ RunTime:0.000715s ]
INFO: Run ShowRuntime Behavior [ RunTime:0.000755s ]
INFO: [ view_filter ] --END-- [ RunTime:0.002800s ]
INFO: [ view_end ] --START--
INFO: Run ShowPageTrace Behavior [ RunTime:0.001313s ]
INFO: [ view_end ] --END-- [ RunTime:0.001417s ]

[ 2013-05-21T21:44:25+08:00 ] 127.0.0.1 /index.php/Index/clearCart
INFO: [ route_check ] --START--
INFO: Run CheckRoute Behavior [ RunTime:0.001261s ]
INFO: [ route_check ] --END-- [ RunTime:0.001387s ]
INFO: [ app_begin ] --START--
INFO: Run ReadHtmlCache Behavior [ RunTime:0.000894s ]
INFO: [ app_begin ] --END-- [ RunTime:0.000989s ]
NOTIC: [2048] Declaration of IndexAction::show() should be compatible with that of Action::show() E:\www\szjiusc\Lib\Action\IndexAction.class.php 第 34 行.

[ 2013-05-21T21:44:36+08:00 ] 127.0.0.1 /index.php/Index/addCart
INFO: [ route_check ] --START--
INFO: Run CheckRoute Behavior [ RunTime:0.000972s ]
INFO: [ route_check ] --END-- [ RunTime:0.001082s ]
INFO: [ app_begin ] --START--
INFO: Run ReadHtmlCache Behavior [ RunTime:0.000702s ]
INFO: [ app_begin ] --END-- [ RunTime:0.000767s ]
NOTIC: [2048] Declaration of IndexAction::show() should be compatible with that of Action::show() E:\www\szjiusc\Lib\Action\IndexAction.class.php 第 34 行.
NOTIC: [8] Undefined index:  number D:\ThinkPHP\Extend\Library\ORG\Util\Cart.class.php 第 31 行.
NOTIC: [8] Undefined index:  total D:\ThinkPHP\Extend\Library\ORG\Util\Cart.class.php 第 34 行.
NOTIC: [8] Undefined index:  discount D:\ThinkPHP\Extend\Library\ORG\Util\Cart.class.php 第 36 行.

[ 2013-05-21T21:44:46+08:00 ] 127.0.0.1 /index.php/Index/addCart
INFO: [ route_check ] --START--
INFO: Run CheckRoute Behavior [ RunTime:0.001010s ]
INFO: [ route_check ] --END-- [ RunTime:0.001115s ]
INFO: [ app_begin ] --START--
INFO: Run ReadHtmlCache Behavior [ RunTime:0.000598s ]
INFO: [ app_begin ] --END-- [ RunTime:0.000664s ]
NOTIC: [2048] Declaration of IndexAction::show() should be compatible with that of Action::show() E:\www\szjiusc\Lib\Action\IndexAction.class.php 第 34 行.
NOTIC: [8] Undefined index:  number D:\ThinkPHP\Extend\Library\ORG\Util\Cart.class.php 第 31 行.
NOTIC: [8] Undefined index:  total D:\ThinkPHP\Extend\Library\ORG\Util\Cart.class.php 第 34 行.
NOTIC: [8] Undefined index:  discount D:\ThinkPHP\Extend\Library\ORG\Util\Cart.class.php 第 36 行.
NOTIC: [8] Undefined variable: arry D:\ThinkPHP\Extend\Library\ORG\Util\Cart.class.php 第 89 行.
NOTIC: [2] array_diff() [<a href='function.array-diff'>function.array-diff</a>]: Argument #1 is not an array D:\ThinkPHP\Extend\Library\ORG\Util\Cart.class.php 第 89 行.

[ 2013-05-21T21:44:53+08:00 ] 127.0.0.1 /index.php/Index/addCart
INFO: [ route_check ] --START--
INFO: Run CheckRoute Behavior [ RunTime:0.001436s ]
INFO: [ route_check ] --END-- [ RunTime:0.001577s ]
INFO: [ app_begin ] --START--
INFO: Run ReadHtmlCache Behavior [ RunTime:0.000912s ]
INFO: [ app_begin ] --END-- [ RunTime:0.001022s ]
NOTIC: [2048] Declaration of IndexAction::show() should be compatible with that of Action::show() E:\www\szjiusc\Lib\Action\IndexAction.class.php 第 34 行.
NOTIC: [8] Undefined index:  number D:\ThinkPHP\Extend\Library\ORG\Util\Cart.class.php 第 31 行.
NOTIC: [8] Undefined index:  total D:\ThinkPHP\Extend\Library\ORG\Util\Cart.class.php 第 34 行.
NOTIC: [8] Undefined index:  discount D:\ThinkPHP\Extend\Library\ORG\Util\Cart.class.php 第 36 行.
NOTIC: [8] Undefined variable: arry D:\ThinkPHP\Extend\Library\ORG\Util\Cart.class.php 第 89 行.
NOTIC: [2] array_diff() [<a href='function.array-diff'>function.array-diff</a>]: Argument #1 is not an array D:\ThinkPHP\Extend\Library\ORG\Util\Cart.class.php 第 89 行.

[ 2013-05-21T21:47:48+08:00 ] 127.0.0.1 /index.php/Index/addCart
INFO: [ route_check ] --START--
INFO: Run CheckRoute Behavior [ RunTime:0.001652s ]
INFO: [ route_check ] --END-- [ RunTime:0.001768s ]
INFO: [ app_begin ] --START--
INFO: Run ReadHtmlCache Behavior [ RunTime:0.001537s ]
INFO: [ app_begin ] --END-- [ RunTime:0.001678s ]
NOTIC: [2048] Declaration of IndexAction::show() should be compatible with that of Action::show() E:\www\szjiusc\Lib\Action\IndexAction.class.php 第 34 行.
NOTIC: [8] Undefined index:  number D:\ThinkPHP\Extend\Library\ORG\Util\Cart.class.php 第 31 行.
NOTIC: [8] Undefined index:  total D:\ThinkPHP\Extend\Library\ORG\Util\Cart.class.php 第 34 行.
NOTIC: [8] Undefined index:  discount D:\ThinkPHP\Extend\Library\ORG\Util\Cart.class.php 第 36 行.
NOTIC: [8] Undefined variable: arry D:\ThinkPHP\Extend\Library\ORG\Util\Cart.class.php 第 88 行.
NOTIC: [2] array_diff() [<a href='function.array-diff'>function.array-diff</a>]: Argument #1 is not an array D:\ThinkPHP\Extend\Library\ORG\Util\Cart.class.php 第 88 行.

[ 2013-05-21T21:48:11+08:00 ] 127.0.0.1 /index.php/Index/addCart
INFO: [ route_check ] --START--
INFO: Run CheckRoute Behavior [ RunTime:0.000914s ]
INFO: [ route_check ] --END-- [ RunTime:0.001014s ]
INFO: [ app_begin ] --START--
INFO: Run ReadHtmlCache Behavior [ RunTime:0.000620s ]
INFO: [ app_begin ] --END-- [ RunTime:0.000680s ]
NOTIC: [2048] Declaration of IndexAction::show() should be compatible with that of Action::show() E:\www\szjiusc\Lib\Action\IndexAction.class.php 第 34 行.
NOTIC: [8] Undefined index:  number D:\ThinkPHP\Extend\Library\ORG\Util\Cart.class.php 第 31 行.
NOTIC: [8] Undefined index:  total D:\ThinkPHP\Extend\Library\ORG\Util\Cart.class.php 第 34 行.
NOTIC: [8] Undefined index:  discount D:\ThinkPHP\Extend\Library\ORG\Util\Cart.class.php 第 36 行.
NOTIC: [8] Undefined variable: arry D:\ThinkPHP\Extend\Library\ORG\Util\Cart.class.php 第 88 行.
NOTIC: [2] array_diff() [<a href='function.array-diff'>function.array-diff</a>]: Argument #1 is not an array D:\ThinkPHP\Extend\Library\ORG\Util\Cart.class.php 第 88 行.

[ 2013-05-21T21:53:44+08:00 ] 127.0.0.1 /index.php/Index/addCart
INFO: [ route_check ] --START--
INFO: Run CheckRoute Behavior [ RunTime:0.001512s ]
INFO: [ route_check ] --END-- [ RunTime:0.001612s ]
INFO: [ app_begin ] --START--
INFO: Run ReadHtmlCache Behavior [ RunTime:0.001232s ]
INFO: [ app_begin ] --END-- [ RunTime:0.001305s ]
NOTIC: [2048] Declaration of IndexAction::show() should be compatible with that of Action::show() E:\www\szjiusc\Lib\Action\IndexAction.class.php 第 34 行.
NOTIC: [8] Undefined index:  number D:\ThinkPHP\Extend\Library\ORG\Util\Cart.class.php 第 31 行.
NOTIC: [8] Undefined index:  total D:\ThinkPHP\Extend\Library\ORG\Util\Cart.class.php 第 34 行.
NOTIC: [8] Undefined index:  discount D:\ThinkPHP\Extend\Library\ORG\Util\Cart.class.php 第 36 行.
NOTIC: [8] Undefined variable: arry D:\ThinkPHP\Extend\Library\ORG\Util\Cart.class.php 第 88 行.
NOTIC: [2] array_diff() [<a href='function.array-diff'>function.array-diff</a>]: Argument #1 is not an array D:\ThinkPHP\Extend\Library\ORG\Util\Cart.class.php 第 88 行.

[ 2013-05-21T21:53:59+08:00 ] 127.0.0.1 /index.php/Index/addCart
INFO: [ route_check ] --START--
INFO: Run CheckRoute Behavior [ RunTime:0.000958s ]
INFO: [ route_check ] --END-- [ RunTime:0.001058s ]
INFO: [ app_begin ] --START--
INFO: Run ReadHtmlCache Behavior [ RunTime:0.000580s ]
INFO: [ app_begin ] --END-- [ RunTime:0.000641s ]
NOTIC: [2048] Declaration of IndexAction::show() should be compatible with that of Action::show() E:\www\szjiusc\Lib\Action\IndexAction.class.php 第 34 行.
NOTIC: [8] Undefined index:  number D:\ThinkPHP\Extend\Library\ORG\Util\Cart.class.php 第 31 行.
NOTIC: [8] Undefined index:  total D:\ThinkPHP\Extend\Library\ORG\Util\Cart.class.php 第 34 行.
NOTIC: [8] Undefined index:  discount D:\ThinkPHP\Extend\Library\ORG\Util\Cart.class.php 第 36 行.
NOTIC: [8] Undefined variable: arry D:\ThinkPHP\Extend\Library\ORG\Util\Cart.class.php 第 88 行.
NOTIC: [2] array_diff() [<a href='function.array-diff'>function.array-diff</a>]: Argument #1 is not an array D:\ThinkPHP\Extend\Library\ORG\Util\Cart.class.php 第 88 行.

[ 2013-05-21T21:58:03+08:00 ] 127.0.0.1 /index.php/Index/diff_array
INFO: [ route_check ] --START--
INFO: Run CheckRoute Behavior [ RunTime:0.001524s ]
INFO: [ route_check ] --END-- [ RunTime:0.001616s ]
INFO: [ app_begin ] --START--
INFO: Run ReadHtmlCache Behavior [ RunTime:0.001194s ]
INFO: [ app_begin ] --END-- [ RunTime:0.001267s ]
NOTIC: [2048] Declaration of IndexAction::show() should be compatible with that of Action::show() E:\www\szjiusc\Lib\Action\IndexAction.class.php 第 40 行.

[ 2013-05-21T21:58:25+08:00 ] 127.0.0.1 /index.php/Index/diff_array
INFO: [ route_check ] --START--
INFO: Run CheckRoute Behavior [ RunTime:0.001013s ]
INFO: [ route_check ] --END-- [ RunTime:0.001164s ]
INFO: [ app_begin ] --START--
INFO: Run ReadHtmlCache Behavior [ RunTime:0.001016s ]
INFO: [ app_begin ] --END-- [ RunTime:0.001139s ]
NOTIC: [2048] Declaration of IndexAction::show() should be compatible with that of Action::show() E:\www\szjiusc\Lib\Action\IndexAction.class.php 第 40 行.

[ 2013-05-21T21:58:52+08:00 ] 127.0.0.1 /index.php/Index/diff_array
INFO: [ route_check ] --START--
INFO: Run CheckRoute Behavior [ RunTime:0.001119s ]
INFO: [ route_check ] --END-- [ RunTime:0.001286s ]
INFO: [ app_begin ] --START--
INFO: Run ReadHtmlCache Behavior [ RunTime:0.000623s ]
INFO: [ app_begin ] --END-- [ RunTime:0.000697s ]
NOTIC: [2048] Declaration of IndexAction::show() should be compatible with that of Action::show() E:\www\szjiusc\Lib\Action\IndexAction.class.php 第 40 行.

[ 2013-05-21T21:59:34+08:00 ] 127.0.0.1 /index.php/Index/diff_array
INFO: [ route_check ] --START--
INFO: Run CheckRoute Behavior [ RunTime:0.000940s ]
INFO: [ route_check ] --END-- [ RunTime:0.001051s ]
INFO: [ app_begin ] --START--
INFO: Run ReadHtmlCache Behavior [ RunTime:0.000602s ]
INFO: [ app_begin ] --END-- [ RunTime:0.000669s ]
NOTIC: [2048] Declaration of IndexAction::show() should be compatible with that of Action::show() E:\www\szjiusc\Lib\Action\IndexAction.class.php 第 45 行.

[ 2013-05-21T22:00:28+08:00 ] 127.0.0.1 /index.php/Index/addCart
INFO: [ route_check ] --START--
INFO: Run CheckRoute Behavior [ RunTime:0.001684s ]
INFO: [ route_check ] --END-- [ RunTime:0.001806s ]
INFO: [ app_begin ] --START--
INFO: Run ReadHtmlCache Behavior [ RunTime:0.001369s ]
INFO: [ app_begin ] --END-- [ RunTime:0.001457s ]
NOTIC: [2048] Declaration of IndexAction::show() should be compatible with that of Action::show() E:\www\szjiusc\Lib\Action\IndexAction.class.php 第 45 行.
NOTIC: [8] Undefined index:  number D:\ThinkPHP\Extend\Library\ORG\Util\Cart.class.php 第 31 行.
NOTIC: [8] Undefined index:  total D:\ThinkPHP\Extend\Library\ORG\Util\Cart.class.php 第 34 行.
NOTIC: [8] Undefined index:  discount D:\ThinkPHP\Extend\Library\ORG\Util\Cart.class.php 第 36 行.
NOTIC: [8] Undefined variable: arry D:\ThinkPHP\Extend\Library\ORG\Util\Cart.class.php 第 88 行.
NOTIC: [2] array_diff() [<a href='function.array-diff'>function.array-diff</a>]: Argument #1 is not an array D:\ThinkPHP\Extend\Library\ORG\Util\Cart.class.php 第 88 行.

[ 2013-05-21T22:01:46+08:00 ] 127.0.0.1 /index.php/Index/show/id/2
INFO: [ route_check ] --START--
INFO: Run CheckRoute Behavior [ RunTime:0.000997s ]
INFO: [ route_check ] --END-- [ RunTime:0.001102s ]
INFO: [ app_begin ] --START--
INFO: Run ReadHtmlCache Behavior [ RunTime:0.000619s ]
INFO: [ app_begin ] --END-- [ RunTime:0.000689s ]
NOTIC: [2048] Declaration of IndexAction::show() should be compatible with that of Action::show() E:\www\szjiusc\Lib\Action\IndexAction.class.php 第 45 行.
INFO: [ view_template ] --START--
INFO: Run LocationTemplate Behavior [ RunTime:0.001832s ]
INFO: [ view_template ] --END-- [ RunTime:0.001902s ]
INFO: [ view_parse ] --START--
INFO: Run ParseTemplate Behavior [ RunTime:0.013309s ]
INFO: [ view_parse ] --END-- [ RunTime:0.013405s ]
INFO: [ view_filter ] --START--
INFO: Run ContentReplace Behavior [ RunTime:0.001376s ]
INFO: Run TokenBuild Behavior [ RunTime:0.001828s ]
INFO: Run WriteHtmlCache Behavior [ RunTime:0.001304s ]
INFO: Run ShowRuntime Behavior [ RunTime:0.001143s ]
INFO: [ view_filter ] --END-- [ RunTime:0.005912s ]
INFO: [ view_end ] --START--
INFO: Run ShowPageTrace Behavior [ RunTime:0.001245s ]
INFO: [ view_end ] --END-- [ RunTime:0.001303s ]

[ 2013-05-21T22:01:51+08:00 ] 127.0.0.1 /index.php/Index/addCart
INFO: [ route_check ] --START--
INFO: Run CheckRoute Behavior [ RunTime:0.001782s ]
INFO: [ route_check ] --END-- [ RunTime:0.001904s ]
INFO: [ app_begin ] --START--
INFO: Run ReadHtmlCache Behavior [ RunTime:0.000687s ]
INFO: [ app_begin ] --END-- [ RunTime:0.000818s ]
NOTIC: [2048] Declaration of IndexAction::show() should be compatible with that of Action::show() E:\www\szjiusc\Lib\Action\IndexAction.class.php 第 45 行.
NOTIC: [8] Undefined index:  number D:\ThinkPHP\Extend\Library\ORG\Util\Cart.class.php 第 31 行.
NOTIC: [8] Undefined index:  total D:\ThinkPHP\Extend\Library\ORG\Util\Cart.class.php 第 34 行.
NOTIC: [8] Undefined index:  discount D:\ThinkPHP\Extend\Library\ORG\Util\Cart.class.php 第 36 行.

