[ 2013-05-28T21:37:22+08:00 ] 127.0.0.1 /index.php/Index
INFO: [ route_check ] --START--
INFO: Run CheckRoute Behavior [ RunTime:0.002387s ]
INFO: [ route_check ] --END-- [ RunTime:0.002522s ]
INFO: [ app_begin ] --START--
INFO: Run ReadHtmlCache Behavior [ RunTime:0.011564s ]
INFO: [ app_begin ] --END-- [ RunTime:0.011666s ]
NOTIC: [2048] Declaration of IndexAction::show() should be compatible with that of Action::show() E:\www\szjiusc\Lib\Action\IndexAction.class.php 第 116 行.
INFO: [ view_template ] --START--
INFO: Run LocationTemplate Behavior [ RunTime:0.025331s ]
INFO: [ view_template ] --END-- [ RunTime:0.025461s ]
INFO: [ view_parse ] --START--
INFO: Run ParseTemplate Behavior [ RunTime:0.150589s ]
INFO: [ view_parse ] --END-- [ RunTime:0.150706s ]
INFO: [ view_filter ] --START--
INFO: Run ContentReplace Behavior [ RunTime:0.017374s ]
INFO: Run TokenBuild Behavior [ RunTime:0.011316s ]
INFO: Run WriteHtmlCache Behavior [ RunTime:0.001272s ]
INFO: Run ShowRuntime Behavior [ RunTime:0.010500s ]
INFO: [ view_filter ] --END-- [ RunTime:0.040774s ]
INFO: [ view_end ] --START--
INFO: Run ShowPageTrace Behavior [ RunTime:0.006679s ]
INFO: [ view_end ] --END-- [ RunTime:0.006764s ]

[ 2013-05-28T21:58:59+08:00 ] 127.0.0.1 /index.php/Index/mycart
INFO: [ route_check ] --START--
INFO: Run CheckRoute Behavior [ RunTime:0.006051s ]
INFO: [ route_check ] --END-- [ RunTime:0.006199s ]
INFO: [ app_begin ] --START--
INFO: Run ReadHtmlCache Behavior [ RunTime:0.011778s ]
INFO: [ app_begin ] --END-- [ RunTime:0.011926s ]
NOTIC: [2048] Declaration of IndexAction::show() should be compatible with that of Action::show() E:\www\szjiusc\Lib\Action\IndexAction.class.php 第 116 行.
NOTIC: [8] Undefined index:  cart D:\ThinkPHP\Extend\Library\ORG\Util\Cart.class.php 第 24 行.
NOTIC: [8] Undefined index:  cart D:\ThinkPHP\Extend\Library\ORG\Util\Cart.class.php 第 26 行.
NOTIC: [8] Undefined index:  cart D:\ThinkPHP\Extend\Library\ORG\Util\Cart.class.php 第 27 行.
NOTIC: [8] Undefined index:  cart D:\ThinkPHP\Extend\Library\ORG\Util\Cart.class.php 第 28 行.
NOTIC: [8] Undefined index:  cart D:\ThinkPHP\Extend\Library\ORG\Util\Cart.class.php 第 29 行.
NOTIC: [8] Undefined index:  cart D:\ThinkPHP\Extend\Library\ORG\Util\Cart.class.php 第 30 行.
INFO: [ view_template ] --START--
INFO: Run LocationTemplate Behavior [ RunTime:0.008689s ]
INFO: [ view_template ] --END-- [ RunTime:0.008796s ]
INFO: [ view_parse ] --START--
INFO: Run ParseTemplate Behavior [ RunTime:0.085356s ]
INFO: [ view_parse ] --END-- [ RunTime:0.085477s ]
INFO: [ view_filter ] --START--
INFO: Run ContentReplace Behavior [ RunTime:0.032547s ]
INFO: Run TokenBuild Behavior [ RunTime:0.011518s ]
INFO: Run WriteHtmlCache Behavior [ RunTime:0.005935s ]
INFO: Run ShowRuntime Behavior [ RunTime:0.005694s ]
INFO: [ view_filter ] --END-- [ RunTime:0.056148s ]
INFO: [ view_end ] --START--
INFO: Run ShowPageTrace Behavior [ RunTime:0.006715s ]
INFO: [ view_end ] --END-- [ RunTime:0.006815s ]

[ 2013-05-28T21:59:04+08:00 ] 127.0.0.1 /index.php/Index
INFO: [ route_check ] --START--
INFO: Run CheckRoute Behavior [ RunTime:0.001016s ]
INFO: [ route_check ] --END-- [ RunTime:0.001122s ]
INFO: [ app_begin ] --START--
INFO: Run ReadHtmlCache Behavior [ RunTime:0.000641s ]
INFO: [ app_begin ] --END-- [ RunTime:0.000713s ]
NOTIC: [2048] Declaration of IndexAction::show() should be compatible with that of Action::show() E:\www\szjiusc\Lib\Action\IndexAction.class.php 第 116 行.
INFO: [ view_template ] --START--
INFO: Run LocationTemplate Behavior [ RunTime:0.001343s ]
INFO: [ view_template ] --END-- [ RunTime:0.001421s ]
INFO: [ view_parse ] --START--
INFO: Run ParseTemplate Behavior [ RunTime:0.031203s ]
INFO: [ view_parse ] --END-- [ RunTime:0.031315s ]
INFO: [ view_filter ] --START--
INFO: Run ContentReplace Behavior [ RunTime:0.000603s ]
INFO: Run TokenBuild Behavior [ RunTime:0.000443s ]
INFO: Run WriteHtmlCache Behavior [ RunTime:0.000399s ]
INFO: Run ShowRuntime Behavior [ RunTime:0.000632s ]
INFO: [ view_filter ] --END-- [ RunTime:0.002274s ]
INFO: [ view_end ] --START--
INFO: Run ShowPageTrace Behavior [ RunTime:0.000821s ]
INFO: [ view_end ] --END-- [ RunTime:0.000890s ]

[ 2013-05-28T21:59:08+08:00 ] 127.0.0.1 /index.php/Index/show/id/1
INFO: [ route_check ] --START--
INFO: Run CheckRoute Behavior [ RunTime:0.000920s ]
INFO: [ route_check ] --END-- [ RunTime:0.001018s ]
INFO: [ app_begin ] --START--
INFO: Run ReadHtmlCache Behavior [ RunTime:0.000909s ]
INFO: [ app_begin ] --END-- [ RunTime:0.001011s ]
NOTIC: [2048] Declaration of IndexAction::show() should be compatible with that of Action::show() E:\www\szjiusc\Lib\Action\IndexAction.class.php 第 116 行.
INFO: [ view_template ] --START--
INFO: Run LocationTemplate Behavior [ RunTime:0.001641s ]
INFO: [ view_template ] --END-- [ RunTime:0.001773s ]
INFO: [ view_parse ] --START--
INFO: Run ParseTemplate Behavior [ RunTime:0.027835s ]
INFO: [ view_parse ] --END-- [ RunTime:0.027982s ]
INFO: [ view_filter ] --START--
INFO: Run ContentReplace Behavior [ RunTime:0.000687s ]
INFO: Run TokenBuild Behavior [ RunTime:0.000591s ]
INFO: Run WriteHtmlCache Behavior [ RunTime:0.000411s ]
INFO: Run ShowRuntime Behavior [ RunTime:0.000688s ]
INFO: [ view_filter ] --END-- [ RunTime:0.002645s ]
INFO: [ view_end ] --START--
INFO: Run ShowPageTrace Behavior [ RunTime:0.000910s ]
INFO: [ view_end ] --END-- [ RunTime:0.001011s ]

[ 2013-05-28T21:59:14+08:00 ] 127.0.0.1 /index.php/Index/addCart
INFO: [ route_check ] --START--
INFO: Run CheckRoute Behavior [ RunTime:0.000874s ]
INFO: [ route_check ] --END-- [ RunTime:0.000967s ]
INFO: [ app_begin ] --START--
INFO: Run ReadHtmlCache Behavior [ RunTime:0.000584s ]
INFO: [ app_begin ] --END-- [ RunTime:0.000642s ]
NOTIC: [2048] Declaration of IndexAction::show() should be compatible with that of Action::show() E:\www\szjiusc\Lib\Action\IndexAction.class.php 第 116 行.
NOTIC: [8] Undefined index:  cart D:\ThinkPHP\Extend\Library\ORG\Util\Cart.class.php 第 24 行.
NOTIC: [8] Undefined index:  cart D:\ThinkPHP\Extend\Library\ORG\Util\Cart.class.php 第 26 行.
NOTIC: [8] Undefined index:  cart D:\ThinkPHP\Extend\Library\ORG\Util\Cart.class.php 第 27 行.
NOTIC: [8] Undefined index:  cart D:\ThinkPHP\Extend\Library\ORG\Util\Cart.class.php 第 28 行.
NOTIC: [8] Undefined index:  cart D:\ThinkPHP\Extend\Library\ORG\Util\Cart.class.php 第 29 行.
NOTIC: [8] Undefined index:  cart D:\ThinkPHP\Extend\Library\ORG\Util\Cart.class.php 第 30 行.

[ 2013-05-28T21:59:19+08:00 ] 127.0.0.1 /index.php/Index/addCart
INFO: [ route_check ] --START--
INFO: Run CheckRoute Behavior [ RunTime:0.001278s ]
INFO: [ route_check ] --END-- [ RunTime:0.001406s ]
INFO: [ app_begin ] --START--
INFO: Run ReadHtmlCache Behavior [ RunTime:0.000626s ]
INFO: [ app_begin ] --END-- [ RunTime:0.000689s ]
NOTIC: [2048] Declaration of IndexAction::show() should be compatible with that of Action::show() E:\www\szjiusc\Lib\Action\IndexAction.class.php 第 116 行.
NOTIC: [8] Undefined index:  discount D:\ThinkPHP\Extend\Library\ORG\Util\Cart.class.php 第 27 行.

[ 2013-05-28T21:59:22+08:00 ] 127.0.0.1 /index.php/Index/mycart
INFO: [ route_check ] --START--
INFO: Run CheckRoute Behavior [ RunTime:0.000979s ]
INFO: [ route_check ] --END-- [ RunTime:0.001105s ]
INFO: [ app_begin ] --START--
INFO: Run ReadHtmlCache Behavior [ RunTime:0.000695s ]
INFO: [ app_begin ] --END-- [ RunTime:0.000771s ]
NOTIC: [2048] Declaration of IndexAction::show() should be compatible with that of Action::show() E:\www\szjiusc\Lib\Action\IndexAction.class.php 第 116 行.
NOTIC: [8] Undefined index:  discount D:\ThinkPHP\Extend\Library\ORG\Util\Cart.class.php 第 27 行.
INFO: [ view_template ] --START--
INFO: Run LocationTemplate Behavior [ RunTime:0.000449s ]
INFO: [ view_template ] --END-- [ RunTime:0.000520s ]
INFO: [ view_parse ] --START--
NOTIC: [8] Undefined index:  image E:\www\szjiusc\Runtime\Cache\82fc55699211f8be4da108fa402bbc82.php 第 171 行.
NOTIC: [8] Undefined index:  image E:\www\szjiusc\Runtime\Cache\82fc55699211f8be4da108fa402bbc82.php 第 171 行.
INFO: Run ParseTemplate Behavior [ RunTime:0.012614s ]
INFO: [ view_parse ] --END-- [ RunTime:0.012741s ]
INFO: [ view_filter ] --START--
INFO: Run ContentReplace Behavior [ RunTime:0.000509s ]
INFO: Run TokenBuild Behavior [ RunTime:0.000403s ]
INFO: Run WriteHtmlCache Behavior [ RunTime:0.000305s ]
INFO: Run ShowRuntime Behavior [ RunTime:0.000580s ]
INFO: [ view_filter ] --END-- [ RunTime:0.001981s ]
INFO: [ view_end ] --START--
INFO: Run ShowPageTrace Behavior [ RunTime:0.000847s ]
INFO: [ view_end ] --END-- [ RunTime:0.000940s ]

[ 2013-05-28T22:00:37+08:00 ] 127.0.0.1 /index.php/Index/checkCoupon
INFO: [ route_check ] --START--
INFO: Run CheckRoute Behavior [ RunTime:0.001630s ]
INFO: [ route_check ] --END-- [ RunTime:0.001909s ]
INFO: [ app_begin ] --START--
INFO: Run ReadHtmlCache Behavior [ RunTime:0.001172s ]
INFO: [ app_begin ] --END-- [ RunTime:0.001314s ]
NOTIC: [2048] Declaration of IndexAction::show() should be compatible with that of Action::show() E:\www\szjiusc\Lib\Action\IndexAction.class.php 第 116 行.
NOTIC: [8] Undefined index:  discount D:\ThinkPHP\Extend\Library\ORG\Util\Cart.class.php 第 27 行.

[ 2013-05-28T22:00:42+08:00 ] 127.0.0.1 /index.php/Index/checkCoupon
INFO: [ route_check ] --START--
INFO: Run CheckRoute Behavior [ RunTime:0.000936s ]
INFO: [ route_check ] --END-- [ RunTime:0.001042s ]
INFO: [ app_begin ] --START--
INFO: Run ReadHtmlCache Behavior [ RunTime:0.001141s ]
INFO: [ app_begin ] --END-- [ RunTime:0.001221s ]
NOTIC: [2048] Declaration of IndexAction::show() should be compatible with that of Action::show() E:\www\szjiusc\Lib\Action\IndexAction.class.php 第 116 行.
NOTIC: [8] Undefined index:  discount D:\ThinkPHP\Extend\Library\ORG\Util\Cart.class.php 第 27 行.

[ 2013-05-28T22:00:52+08:00 ] 127.0.0.1 /index.php/Order
INFO: [ route_check ] --START--
INFO: Run CheckRoute Behavior [ RunTime:0.000902s ]
INFO: [ route_check ] --END-- [ RunTime:0.000999s ]
INFO: [ app_begin ] --START--
INFO: Run ReadHtmlCache Behavior [ RunTime:0.000625s ]
INFO: [ app_begin ] --END-- [ RunTime:0.000692s ]
INFO: [ view_template ] --START--
INFO: Run LocationTemplate Behavior [ RunTime:0.001556s ]
INFO: [ view_template ] --END-- [ RunTime:0.001654s ]
INFO: [ view_parse ] --START--
NOTIC: [8] Undefined variable: firstName E:\www\szjiusc\Runtime\Cache\513a8a5f05f29a7776864f304e9d28ba.php 第 79 行.
NOTIC: [8] Undefined variable: secondName E:\www\szjiusc\Runtime\Cache\513a8a5f05f29a7776864f304e9d28ba.php 第 85 行.
NOTIC: [8] Undefined variable: address E:\www\szjiusc\Runtime\Cache\513a8a5f05f29a7776864f304e9d28ba.php 第 91 行.
NOTIC: [8] Undefined variable: city E:\www\szjiusc\Runtime\Cache\513a8a5f05f29a7776864f304e9d28ba.php 第 97 行.
NOTIC: [8] Undefined variable: postCode E:\www\szjiusc\Runtime\Cache\513a8a5f05f29a7776864f304e9d28ba.php 第 113 行.
NOTIC: [8] Undefined variable: tel E:\www\szjiusc\Runtime\Cache\513a8a5f05f29a7776864f304e9d28ba.php 第 117 行.
NOTIC: [8] Undefined variable: email E:\www\szjiusc\Runtime\Cache\513a8a5f05f29a7776864f304e9d28ba.php 第 122 行.
INFO: Run ParseTemplate Behavior [ RunTime:0.042981s ]
INFO: [ view_parse ] --END-- [ RunTime:0.043054s ]
INFO: [ view_filter ] --START--
INFO: Run ContentReplace Behavior [ RunTime:0.000528s ]
INFO: Run TokenBuild Behavior [ RunTime:0.000411s ]
INFO: Run WriteHtmlCache Behavior [ RunTime:0.000298s ]
INFO: Run ShowRuntime Behavior [ RunTime:0.000534s ]
INFO: [ view_filter ] --END-- [ RunTime:0.002095s ]
INFO: [ view_end ] --START--
INFO: Run ShowPageTrace Behavior [ RunTime:0.000879s ]
INFO: [ view_end ] --END-- [ RunTime:0.000940s ]

[ 2013-05-28T22:05:21+08:00 ] 127.0.0.1 /index.php/Order
INFO: [ route_check ] --START--
INFO: Run CheckRoute Behavior [ RunTime:0.001542s ]
INFO: [ route_check ] --END-- [ RunTime:0.001656s ]
INFO: [ app_begin ] --START--
INFO: Run ReadHtmlCache Behavior [ RunTime:0.001524s ]
INFO: [ app_begin ] --END-- [ RunTime:0.001643s ]
INFO: [ view_template ] --START--
INFO: Run LocationTemplate Behavior [ RunTime:0.002783s ]
INFO: [ view_template ] --END-- [ RunTime:0.002913s ]
INFO: [ view_parse ] --START--
NOTIC: [8] Undefined variable: firstName E:\www\szjiusc\Runtime\Cache\513a8a5f05f29a7776864f304e9d28ba.php 第 80 行.
NOTIC: [8] Undefined variable: secondName E:\www\szjiusc\Runtime\Cache\513a8a5f05f29a7776864f304e9d28ba.php 第 86 行.
NOTIC: [8] Undefined variable: address E:\www\szjiusc\Runtime\Cache\513a8a5f05f29a7776864f304e9d28ba.php 第 92 行.
NOTIC: [8] Undefined variable: city E:\www\szjiusc\Runtime\Cache\513a8a5f05f29a7776864f304e9d28ba.php 第 98 行.
NOTIC: [8] Undefined variable: postCode E:\www\szjiusc\Runtime\Cache\513a8a5f05f29a7776864f304e9d28ba.php 第 114 行.
NOTIC: [8] Undefined variable: tel E:\www\szjiusc\Runtime\Cache\513a8a5f05f29a7776864f304e9d28ba.php 第 118 行.
NOTIC: [8] Undefined variable: email E:\www\szjiusc\Runtime\Cache\513a8a5f05f29a7776864f304e9d28ba.php 第 123 行.
INFO: Run ParseTemplate Behavior [ RunTime:0.020161s ]
INFO: [ view_parse ] --END-- [ RunTime:0.020236s ]
INFO: [ view_filter ] --START--
INFO: Run ContentReplace Behavior [ RunTime:0.001439s ]
INFO: Run TokenBuild Behavior [ RunTime:0.001233s ]
INFO: Run WriteHtmlCache Behavior [ RunTime:0.001191s ]
INFO: Run ShowRuntime Behavior [ RunTime:0.001234s ]
INFO: [ view_filter ] --END-- [ RunTime:0.005351s ]
INFO: [ view_end ] --START--
INFO: Run ShowPageTrace Behavior [ RunTime:0.001277s ]
INFO: [ view_end ] --END-- [ RunTime:0.001335s ]

[ 2013-05-28T22:06:01+08:00 ] 127.0.0.1 /index.php/Order
INFO: [ route_check ] --START--
INFO: Run CheckRoute Behavior [ RunTime:0.000968s ]
INFO: [ route_check ] --END-- [ RunTime:0.001072s ]
INFO: [ app_begin ] --START--
INFO: Run ReadHtmlCache Behavior [ RunTime:0.000608s ]
INFO: [ app_begin ] --END-- [ RunTime:0.000673s ]
INFO: [ view_template ] --START--
INFO: Run LocationTemplate Behavior [ RunTime:0.000630s ]
INFO: [ view_template ] --END-- [ RunTime:0.000722s ]
INFO: [ view_parse ] --START--
NOTIC: [8] Undefined variable: firstName E:\www\szjiusc\Runtime\Cache\513a8a5f05f29a7776864f304e9d28ba.php 第 80 行.
NOTIC: [8] Undefined variable: secondName E:\www\szjiusc\Runtime\Cache\513a8a5f05f29a7776864f304e9d28ba.php 第 86 行.
NOTIC: [8] Undefined variable: address E:\www\szjiusc\Runtime\Cache\513a8a5f05f29a7776864f304e9d28ba.php 第 92 行.
NOTIC: [8] Undefined variable: city E:\www\szjiusc\Runtime\Cache\513a8a5f05f29a7776864f304e9d28ba.php 第 98 行.
NOTIC: [8] Undefined variable: postCode E:\www\szjiusc\Runtime\Cache\513a8a5f05f29a7776864f304e9d28ba.php 第 114 行.
NOTIC: [8] Undefined variable: tel E:\www\szjiusc\Runtime\Cache\513a8a5f05f29a7776864f304e9d28ba.php 第 118 行.
NOTIC: [8] Undefined variable: email E:\www\szjiusc\Runtime\Cache\513a8a5f05f29a7776864f304e9d28ba.php 第 123 行.
INFO: Run ParseTemplate Behavior [ RunTime:0.015629s ]
INFO: [ view_parse ] --END-- [ RunTime:0.015701s ]
INFO: [ view_filter ] --START--
INFO: Run ContentReplace Behavior [ RunTime:0.000526s ]
INFO: Run TokenBuild Behavior [ RunTime:0.000449s ]
INFO: Run WriteHtmlCache Behavior [ RunTime:0.000301s ]
INFO: Run ShowRuntime Behavior [ RunTime:0.000596s ]
INFO: [ view_filter ] --END-- [ RunTime:0.002034s ]
INFO: [ view_end ] --START--
INFO: Run ShowPageTrace Behavior [ RunTime:0.000807s ]
INFO: [ view_end ] --END-- [ RunTime:0.000871s ]

[ 2013-05-28T22:07:17+08:00 ] 127.0.0.1 /index.php/Order
INFO: [ route_check ] --START--
INFO: Run CheckRoute Behavior [ RunTime:0.001251s ]
INFO: [ route_check ] --END-- [ RunTime:0.001399s ]
INFO: [ app_begin ] --START--
INFO: Run ReadHtmlCache Behavior [ RunTime:0.000877s ]
INFO: [ app_begin ] --END-- [ RunTime:0.000985s ]
INFO: [ view_template ] --START--
INFO: Run LocationTemplate Behavior [ RunTime:0.000447s ]
INFO: [ view_template ] --END-- [ RunTime:0.000527s ]
INFO: [ view_parse ] --START--
NOTIC: [8] Undefined variable: firstName E:\www\szjiusc\Runtime\Cache\513a8a5f05f29a7776864f304e9d28ba.php 第 80 行.
NOTIC: [8] Undefined variable: secondName E:\www\szjiusc\Runtime\Cache\513a8a5f05f29a7776864f304e9d28ba.php 第 86 行.
NOTIC: [8] Undefined variable: address E:\www\szjiusc\Runtime\Cache\513a8a5f05f29a7776864f304e9d28ba.php 第 92 行.
NOTIC: [8] Undefined variable: city E:\www\szjiusc\Runtime\Cache\513a8a5f05f29a7776864f304e9d28ba.php 第 98 行.
NOTIC: [8] Undefined variable: postCode E:\www\szjiusc\Runtime\Cache\513a8a5f05f29a7776864f304e9d28ba.php 第 114 行.
NOTIC: [8] Undefined variable: tel E:\www\szjiusc\Runtime\Cache\513a8a5f05f29a7776864f304e9d28ba.php 第 118 行.
NOTIC: [8] Undefined variable: email E:\www\szjiusc\Runtime\Cache\513a8a5f05f29a7776864f304e9d28ba.php 第 123 行.
INFO: Run ParseTemplate Behavior [ RunTime:0.015390s ]
INFO: [ view_parse ] --END-- [ RunTime:0.015463s ]
INFO: [ view_filter ] --START--
INFO: Run ContentReplace Behavior [ RunTime:0.000548s ]
INFO: Run TokenBuild Behavior [ RunTime:0.000413s ]
INFO: Run WriteHtmlCache Behavior [ RunTime:0.000314s ]
INFO: Run ShowRuntime Behavior [ RunTime:0.000509s ]
INFO: [ view_filter ] --END-- [ RunTime:0.001966s ]
INFO: [ view_end ] --START--
INFO: Run ShowPageTrace Behavior [ RunTime:0.000899s ]
INFO: [ view_end ] --END-- [ RunTime:0.001003s ]

[ 2013-05-28T22:07:47+08:00 ] 127.0.0.1 /index.php/Order
INFO: [ route_check ] --START--
INFO: Run CheckRoute Behavior [ RunTime:0.002832s ]
INFO: [ route_check ] --END-- [ RunTime:0.003038s ]
INFO: [ app_begin ] --START--
INFO: Run ReadHtmlCache Behavior [ RunTime:0.001764s ]
INFO: [ app_begin ] --END-- [ RunTime:0.001913s ]
INFO: [ view_template ] --START--
INFO: Run LocationTemplate Behavior [ RunTime:0.001906s ]
INFO: [ view_template ] --END-- [ RunTime:0.002009s ]
INFO: [ view_parse ] --START--
NOTIC: [8] Undefined variable: firstName E:\www\szjiusc\Runtime\Cache\513a8a5f05f29a7776864f304e9d28ba.php 第 80 行.
NOTIC: [8] Undefined variable: secondName E:\www\szjiusc\Runtime\Cache\513a8a5f05f29a7776864f304e9d28ba.php 第 86 行.
NOTIC: [8] Undefined variable: address E:\www\szjiusc\Runtime\Cache\513a8a5f05f29a7776864f304e9d28ba.php 第 92 行.
NOTIC: [8] Undefined variable: city E:\www\szjiusc\Runtime\Cache\513a8a5f05f29a7776864f304e9d28ba.php 第 98 行.
NOTIC: [8] Undefined variable: postCode E:\www\szjiusc\Runtime\Cache\513a8a5f05f29a7776864f304e9d28ba.php 第 114 行.
NOTIC: [8] Undefined variable: tel E:\www\szjiusc\Runtime\Cache\513a8a5f05f29a7776864f304e9d28ba.php 第 118 行.
NOTIC: [8] Undefined variable: email E:\www\szjiusc\Runtime\Cache\513a8a5f05f29a7776864f304e9d28ba.php 第 123 行.
INFO: Run ParseTemplate Behavior [ RunTime:0.023236s ]
INFO: [ view_parse ] --END-- [ RunTime:0.023364s ]
INFO: [ view_filter ] --START--
INFO: Run ContentReplace Behavior [ RunTime:0.001389s ]
INFO: Run TokenBuild Behavior [ RunTime:0.001187s ]
INFO: Run WriteHtmlCache Behavior [ RunTime:0.001108s ]
INFO: Run ShowRuntime Behavior [ RunTime:0.001440s ]
INFO: [ view_filter ] --END-- [ RunTime:0.005359s ]
INFO: [ view_end ] --START--
INFO: Run ShowPageTrace Behavior [ RunTime:0.001386s ]
INFO: [ view_end ] --END-- [ RunTime:0.001452s ]

[ 2013-05-28T22:08:53+08:00 ] 127.0.0.1 /index.php/Order
INFO: [ route_check ] --START--
INFO: Run CheckRoute Behavior [ RunTime:0.000919s ]
INFO: [ route_check ] --END-- [ RunTime:0.001020s ]
INFO: [ app_begin ] --START--
INFO: Run ReadHtmlCache Behavior [ RunTime:0.000619s ]
INFO: [ app_begin ] --END-- [ RunTime:0.000692s ]
INFO: [ view_template ] --START--
INFO: Run LocationTemplate Behavior [ RunTime:0.000487s ]
INFO: [ view_template ] --END-- [ RunTime:0.000574s ]
INFO: [ view_parse ] --START--
NOTIC: [8] Undefined variable: firstName E:\www\szjiusc\Runtime\Cache\513a8a5f05f29a7776864f304e9d28ba.php 第 80 行.
NOTIC: [8] Undefined variable: secondName E:\www\szjiusc\Runtime\Cache\513a8a5f05f29a7776864f304e9d28ba.php 第 86 行.
NOTIC: [8] Undefined variable: address E:\www\szjiusc\Runtime\Cache\513a8a5f05f29a7776864f304e9d28ba.php 第 92 行.
NOTIC: [8] Undefined variable: city E:\www\szjiusc\Runtime\Cache\513a8a5f05f29a7776864f304e9d28ba.php 第 98 行.
NOTIC: [8] Undefined variable: postCode E:\www\szjiusc\Runtime\Cache\513a8a5f05f29a7776864f304e9d28ba.php 第 114 行.
NOTIC: [8] Undefined variable: tel E:\www\szjiusc\Runtime\Cache\513a8a5f05f29a7776864f304e9d28ba.php 第 118 行.
NOTIC: [8] Undefined variable: email E:\www\szjiusc\Runtime\Cache\513a8a5f05f29a7776864f304e9d28ba.php 第 123 行.
INFO: Run ParseTemplate Behavior [ RunTime:0.016691s ]
INFO: [ view_parse ] --END-- [ RunTime:0.016787s ]
INFO: [ view_filter ] --START--
INFO: Run ContentReplace Behavior [ RunTime:0.000877s ]
INFO: Run TokenBuild Behavior [ RunTime:0.000571s ]
INFO: Run WriteHtmlCache Behavior [ RunTime:0.000363s ]
INFO: Run ShowRuntime Behavior [ RunTime:0.000544s ]
INFO: [ view_filter ] --END-- [ RunTime:0.002563s ]
INFO: [ view_end ] --START--
INFO: Run ShowPageTrace Behavior [ RunTime:0.000832s ]
INFO: [ view_end ] --END-- [ RunTime:0.000905s ]

[ 2013-05-28T22:09:51+08:00 ] 127.0.0.1 /index.php/Order
INFO: [ route_check ] --START--
INFO: Run CheckRoute Behavior [ RunTime:0.001674s ]
INFO: [ route_check ] --END-- [ RunTime:0.001785s ]
INFO: [ app_begin ] --START--
INFO: Run ReadHtmlCache Behavior [ RunTime:0.001229s ]
INFO: [ app_begin ] --END-- [ RunTime:0.001305s ]
INFO: [ view_template ] --START--
INFO: Run LocationTemplate Behavior [ RunTime:0.001865s ]
INFO: [ view_template ] --END-- [ RunTime:0.001939s ]
INFO: [ view_parse ] --START--
NOTIC: [8] Undefined variable: firstName E:\www\szjiusc\Runtime\Cache\513a8a5f05f29a7776864f304e9d28ba.php 第 80 行.
NOTIC: [8] Undefined variable: secondName E:\www\szjiusc\Runtime\Cache\513a8a5f05f29a7776864f304e9d28ba.php 第 86 行.
NOTIC: [8] Undefined variable: address E:\www\szjiusc\Runtime\Cache\513a8a5f05f29a7776864f304e9d28ba.php 第 92 行.
NOTIC: [8] Undefined variable: city E:\www\szjiusc\Runtime\Cache\513a8a5f05f29a7776864f304e9d28ba.php 第 98 行.
NOTIC: [8] Undefined variable: postCode E:\www\szjiusc\Runtime\Cache\513a8a5f05f29a7776864f304e9d28ba.php 第 114 行.
NOTIC: [8] Undefined variable: tel E:\www\szjiusc\Runtime\Cache\513a8a5f05f29a7776864f304e9d28ba.php 第 118 行.
NOTIC: [8] Undefined variable: email E:\www\szjiusc\Runtime\Cache\513a8a5f05f29a7776864f304e9d28ba.php 第 123 行.
INFO: Run ParseTemplate Behavior [ RunTime:0.020957s ]
INFO: [ view_parse ] --END-- [ RunTime:0.021031s ]
INFO: [ view_filter ] --START--
INFO: Run ContentReplace Behavior [ RunTime:0.001696s ]
INFO: Run TokenBuild Behavior [ RunTime:0.001411s ]
INFO: Run WriteHtmlCache Behavior [ RunTime:0.001140s ]
INFO: Run ShowRuntime Behavior [ RunTime:0.001537s ]
INFO: [ view_filter ] --END-- [ RunTime:0.006009s ]
INFO: [ view_end ] --START--
INFO: Run ShowPageTrace Behavior [ RunTime:0.001759s ]
INFO: [ view_end ] --END-- [ RunTime:0.001829s ]

[ 2013-05-28T22:10:22+08:00 ] 127.0.0.1 /index.php/Order
INFO: [ route_check ] --START--
INFO: Run CheckRoute Behavior [ RunTime:0.000915s ]
INFO: [ route_check ] --END-- [ RunTime:0.001016s ]
INFO: [ app_begin ] --START--
INFO: Run ReadHtmlCache Behavior [ RunTime:0.000599s ]
INFO: [ app_begin ] --END-- [ RunTime:0.000671s ]
INFO: [ view_template ] --START--
INFO: Run LocationTemplate Behavior [ RunTime:0.000454s ]
INFO: [ view_template ] --END-- [ RunTime:0.000535s ]
INFO: [ view_parse ] --START--
NOTIC: [8] Undefined variable: firstName E:\www\szjiusc\Runtime\Cache\513a8a5f05f29a7776864f304e9d28ba.php 第 80 行.
NOTIC: [8] Undefined variable: secondName E:\www\szjiusc\Runtime\Cache\513a8a5f05f29a7776864f304e9d28ba.php 第 86 行.
NOTIC: [8] Undefined variable: address E:\www\szjiusc\Runtime\Cache\513a8a5f05f29a7776864f304e9d28ba.php 第 92 行.
NOTIC: [8] Undefined variable: city E:\www\szjiusc\Runtime\Cache\513a8a5f05f29a7776864f304e9d28ba.php 第 98 行.
NOTIC: [8] Undefined variable: postCode E:\www\szjiusc\Runtime\Cache\513a8a5f05f29a7776864f304e9d28ba.php 第 114 行.
NOTIC: [8] Undefined variable: tel E:\www\szjiusc\Runtime\Cache\513a8a5f05f29a7776864f304e9d28ba.php 第 118 行.
NOTIC: [8] Undefined variable: email E:\www\szjiusc\Runtime\Cache\513a8a5f05f29a7776864f304e9d28ba.php 第 123 行.
INFO: Run ParseTemplate Behavior [ RunTime:0.015806s ]
INFO: [ view_parse ] --END-- [ RunTime:0.015877s ]
INFO: [ view_filter ] --START--
INFO: Run ContentReplace Behavior [ RunTime:0.000552s ]
INFO: Run TokenBuild Behavior [ RunTime:0.000417s ]
INFO: Run WriteHtmlCache Behavior [ RunTime:0.000300s ]
INFO: Run ShowRuntime Behavior [ RunTime:0.000682s ]
INFO: [ view_filter ] --END-- [ RunTime:0.002126s ]
INFO: [ view_end ] --START--
INFO: Run ShowPageTrace Behavior [ RunTime:0.000796s ]
INFO: [ view_end ] --END-- [ RunTime:0.000882s ]

[ 2013-05-28T22:11:14+08:00 ] 127.0.0.1 /index.php/Order
INFO: [ route_check ] --START--
INFO: Run CheckRoute Behavior [ RunTime:0.000985s ]
INFO: [ route_check ] --END-- [ RunTime:0.001093s ]
INFO: [ app_begin ] --START--
INFO: Run ReadHtmlCache Behavior [ RunTime:0.000602s ]
INFO: [ app_begin ] --END-- [ RunTime:0.000669s ]
INFO: [ view_template ] --START--
INFO: Run LocationTemplate Behavior [ RunTime:0.000435s ]
INFO: [ view_template ] --END-- [ RunTime:0.000509s ]
INFO: [ view_parse ] --START--
NOTIC: [8] Undefined variable: firstName E:\www\szjiusc\Runtime\Cache\513a8a5f05f29a7776864f304e9d28ba.php 第 80 行.
NOTIC: [8] Undefined variable: secondName E:\www\szjiusc\Runtime\Cache\513a8a5f05f29a7776864f304e9d28ba.php 第 86 行.
NOTIC: [8] Undefined variable: address E:\www\szjiusc\Runtime\Cache\513a8a5f05f29a7776864f304e9d28ba.php 第 92 行.
NOTIC: [8] Undefined variable: city E:\www\szjiusc\Runtime\Cache\513a8a5f05f29a7776864f304e9d28ba.php 第 98 行.
NOTIC: [8] Undefined variable: postCode E:\www\szjiusc\Runtime\Cache\513a8a5f05f29a7776864f304e9d28ba.php 第 114 行.
NOTIC: [8] Undefined variable: tel E:\www\szjiusc\Runtime\Cache\513a8a5f05f29a7776864f304e9d28ba.php 第 118 行.
NOTIC: [8] Undefined variable: email E:\www\szjiusc\Runtime\Cache\513a8a5f05f29a7776864f304e9d28ba.php 第 123 行.
INFO: Run ParseTemplate Behavior [ RunTime:0.016978s ]
INFO: [ view_parse ] --END-- [ RunTime:0.017050s ]
INFO: [ view_filter ] --START--
INFO: Run ContentReplace Behavior [ RunTime:0.000568s ]
INFO: Run TokenBuild Behavior [ RunTime:0.000425s ]
INFO: Run WriteHtmlCache Behavior [ RunTime:0.000329s ]
INFO: Run ShowRuntime Behavior [ RunTime:0.000512s ]
INFO: [ view_filter ] --END-- [ RunTime:0.002000s ]
INFO: [ view_end ] --START--
INFO: Run ShowPageTrace Behavior [ RunTime:0.000674s ]
INFO: [ view_end ] --END-- [ RunTime:0.000740s ]

[ 2013-05-28T22:12:42+08:00 ] 127.0.0.1 /index.php/Order
INFO: [ route_check ] --START--
INFO: Run CheckRoute Behavior [ RunTime:0.001518s ]
INFO: [ route_check ] --END-- [ RunTime:0.001621s ]
INFO: [ app_begin ] --START--
INFO: Run ReadHtmlCache Behavior [ RunTime:0.001492s ]
INFO: [ app_begin ] --END-- [ RunTime:0.001584s ]
INFO: [ view_template ] --START--
INFO: Run LocationTemplate Behavior [ RunTime:0.001934s ]
INFO: [ view_template ] --END-- [ RunTime:0.002041s ]
INFO: [ view_parse ] --START--
NOTIC: [8] Undefined variable: firstName E:\www\szjiusc\Runtime\Cache\513a8a5f05f29a7776864f304e9d28ba.php 第 80 行.
NOTIC: [8] Undefined variable: secondName E:\www\szjiusc\Runtime\Cache\513a8a5f05f29a7776864f304e9d28ba.php 第 86 行.
NOTIC: [8] Undefined variable: address E:\www\szjiusc\Runtime\Cache\513a8a5f05f29a7776864f304e9d28ba.php 第 92 行.
NOTIC: [8] Undefined variable: city E:\www\szjiusc\Runtime\Cache\513a8a5f05f29a7776864f304e9d28ba.php 第 98 行.
NOTIC: [8] Undefined variable: postCode E:\www\szjiusc\Runtime\Cache\513a8a5f05f29a7776864f304e9d28ba.php 第 114 行.
NOTIC: [8] Undefined variable: tel E:\www\szjiusc\Runtime\Cache\513a8a5f05f29a7776864f304e9d28ba.php 第 118 行.
NOTIC: [8] Undefined variable: email E:\www\szjiusc\Runtime\Cache\513a8a5f05f29a7776864f304e9d28ba.php 第 123 行.
INFO: Run ParseTemplate Behavior [ RunTime:0.065067s ]
INFO: [ view_parse ] --END-- [ RunTime:0.065143s ]
INFO: [ view_filter ] --START--
INFO: Run ContentReplace Behavior [ RunTime:0.001182s ]
INFO: Run TokenBuild Behavior [ RunTime:0.001139s ]
INFO: Run WriteHtmlCache Behavior [ RunTime:0.001361s ]
INFO: Run ShowRuntime Behavior [ RunTime:0.001332s ]
INFO: [ view_filter ] --END-- [ RunTime:0.005240s ]
INFO: [ view_end ] --START--
INFO: Run ShowPageTrace Behavior [ RunTime:0.001660s ]
INFO: [ view_end ] --END-- [ RunTime:0.001780s ]

[ 2013-05-28T22:14:23+08:00 ] 127.0.0.1 /index.php/Order
INFO: [ route_check ] --START--
INFO: Run CheckRoute Behavior [ RunTime:0.001137s ]
INFO: [ route_check ] --END-- [ RunTime:0.001250s ]
INFO: [ app_begin ] --START--
INFO: Run ReadHtmlCache Behavior [ RunTime:0.000562s ]
INFO: [ app_begin ] --END-- [ RunTime:0.000626s ]
INFO: [ view_template ] --START--
INFO: Run LocationTemplate Behavior [ RunTime:0.000417s ]
INFO: [ view_template ] --END-- [ RunTime:0.000486s ]
INFO: [ view_parse ] --START--
NOTIC: [8] Undefined variable: firstName E:\www\szjiusc\Runtime\Cache\513a8a5f05f29a7776864f304e9d28ba.php 第 80 行.
NOTIC: [8] Undefined variable: secondName E:\www\szjiusc\Runtime\Cache\513a8a5f05f29a7776864f304e9d28ba.php 第 86 行.
NOTIC: [8] Undefined variable: address E:\www\szjiusc\Runtime\Cache\513a8a5f05f29a7776864f304e9d28ba.php 第 92 行.
NOTIC: [8] Undefined variable: city E:\www\szjiusc\Runtime\Cache\513a8a5f05f29a7776864f304e9d28ba.php 第 98 行.
NOTIC: [8] Undefined variable: postCode E:\www\szjiusc\Runtime\Cache\513a8a5f05f29a7776864f304e9d28ba.php 第 114 行.
NOTIC: [8] Undefined variable: tel E:\www\szjiusc\Runtime\Cache\513a8a5f05f29a7776864f304e9d28ba.php 第 118 行.
NOTIC: [8] Undefined variable: email E:\www\szjiusc\Runtime\Cache\513a8a5f05f29a7776864f304e9d28ba.php 第 123 行.
INFO: Run ParseTemplate Behavior [ RunTime:0.016415s ]
INFO: [ view_parse ] --END-- [ RunTime:0.016489s ]
INFO: [ view_filter ] --START--
INFO: Run ContentReplace Behavior [ RunTime:0.000575s ]
INFO: Run TokenBuild Behavior [ RunTime:0.000418s ]
INFO: Run WriteHtmlCache Behavior [ RunTime:0.000299s ]
INFO: Run ShowRuntime Behavior [ RunTime:0.000547s ]
INFO: [ view_filter ] --END-- [ RunTime:0.002010s ]
INFO: [ view_end ] --START--
INFO: Run ShowPageTrace Behavior [ RunTime:0.000749s ]
INFO: [ view_end ] --END-- [ RunTime:0.000827s ]

[ 2013-05-28T22:16:57+08:00 ] 127.0.0.1 /index.php/Order
INFO: [ route_check ] --START--
INFO: Run CheckRoute Behavior [ RunTime:0.002113s ]
INFO: [ route_check ] --END-- [ RunTime:0.002267s ]
INFO: [ app_begin ] --START--
INFO: Run ReadHtmlCache Behavior [ RunTime:0.001277s ]
INFO: [ app_begin ] --END-- [ RunTime:0.001353s ]
INFO: [ view_template ] --START--
INFO: Run LocationTemplate Behavior [ RunTime:0.001850s ]
INFO: [ view_template ] --END-- [ RunTime:0.001930s ]
INFO: [ view_parse ] --START--
NOTIC: [8] Undefined variable: firstName E:\www\szjiusc\Runtime\Cache\513a8a5f05f29a7776864f304e9d28ba.php 第 80 行.
NOTIC: [8] Undefined variable: secondName E:\www\szjiusc\Runtime\Cache\513a8a5f05f29a7776864f304e9d28ba.php 第 86 行.
NOTIC: [8] Undefined variable: address E:\www\szjiusc\Runtime\Cache\513a8a5f05f29a7776864f304e9d28ba.php 第 92 行.
NOTIC: [8] Undefined variable: city E:\www\szjiusc\Runtime\Cache\513a8a5f05f29a7776864f304e9d28ba.php 第 98 行.
NOTIC: [8] Undefined variable: postCode E:\www\szjiusc\Runtime\Cache\513a8a5f05f29a7776864f304e9d28ba.php 第 114 行.
NOTIC: [8] Undefined variable: tel E:\www\szjiusc\Runtime\Cache\513a8a5f05f29a7776864f304e9d28ba.php 第 118 行.
NOTIC: [8] Undefined variable: email E:\www\szjiusc\Runtime\Cache\513a8a5f05f29a7776864f304e9d28ba.php 第 123 行.
INFO: Run ParseTemplate Behavior [ RunTime:0.021226s ]
INFO: [ view_parse ] --END-- [ RunTime:0.021298s ]
INFO: [ view_filter ] --START--
INFO: Run ContentReplace Behavior [ RunTime:0.001247s ]
INFO: Run TokenBuild Behavior [ RunTime:0.002899s ]
INFO: Run WriteHtmlCache Behavior [ RunTime:0.000965s ]
INFO: Run ShowRuntime Behavior [ RunTime:0.001150s ]
INFO: [ view_filter ] --END-- [ RunTime:0.006481s ]
INFO: [ view_end ] --START--
INFO: Run ShowPageTrace Behavior [ RunTime:0.001672s ]
INFO: [ view_end ] --END-- [ RunTime:0.001739s ]

[ 2013-05-28T22:19:33+08:00 ] 127.0.0.1 /index.php/Order
INFO: [ route_check ] --START--
INFO: Run CheckRoute Behavior [ RunTime:0.001675s ]
INFO: [ route_check ] --END-- [ RunTime:0.001846s ]
INFO: [ app_begin ] --START--
INFO: Run ReadHtmlCache Behavior [ RunTime:0.001318s ]
INFO: [ app_begin ] --END-- [ RunTime:0.001418s ]
INFO: [ view_template ] --START--
INFO: Run LocationTemplate Behavior [ RunTime:0.001985s ]
INFO: [ view_template ] --END-- [ RunTime:0.002095s ]
INFO: [ view_parse ] --START--
NOTIC: [8] Undefined variable: firstName E:\www\szjiusc\Runtime\Cache\513a8a5f05f29a7776864f304e9d28ba.php 第 80 行.
NOTIC: [8] Undefined variable: secondName E:\www\szjiusc\Runtime\Cache\513a8a5f05f29a7776864f304e9d28ba.php 第 86 行.
NOTIC: [8] Undefined variable: address E:\www\szjiusc\Runtime\Cache\513a8a5f05f29a7776864f304e9d28ba.php 第 92 行.
NOTIC: [8] Undefined variable: city E:\www\szjiusc\Runtime\Cache\513a8a5f05f29a7776864f304e9d28ba.php 第 98 行.
NOTIC: [8] Undefined variable: postCode E:\www\szjiusc\Runtime\Cache\513a8a5f05f29a7776864f304e9d28ba.php 第 114 行.
NOTIC: [8] Undefined variable: tel E:\www\szjiusc\Runtime\Cache\513a8a5f05f29a7776864f304e9d28ba.php 第 118 行.
NOTIC: [8] Undefined variable: email E:\www\szjiusc\Runtime\Cache\513a8a5f05f29a7776864f304e9d28ba.php 第 123 行.
INFO: Run ParseTemplate Behavior [ RunTime:0.026401s ]
INFO: [ view_parse ] --END-- [ RunTime:0.026481s ]
INFO: [ view_filter ] --START--
INFO: Run ContentReplace Behavior [ RunTime:0.001232s ]
INFO: Run TokenBuild Behavior [ RunTime:0.001064s ]
INFO: Run WriteHtmlCache Behavior [ RunTime:0.002544s ]
INFO: Run ShowRuntime Behavior [ RunTime:0.001170s ]
INFO: [ view_filter ] --END-- [ RunTime:0.006214s ]
INFO: [ view_end ] --START--
INFO: Run ShowPageTrace Behavior [ RunTime:0.001848s ]
INFO: [ view_end ] --END-- [ RunTime:0.001944s ]

[ 2013-05-28T22:20:10+08:00 ] 127.0.0.1 /index.php/Order
INFO: [ route_check ] --START--
INFO: Run CheckRoute Behavior [ RunTime:0.001146s ]
INFO: [ route_check ] --END-- [ RunTime:0.001267s ]
INFO: [ app_begin ] --START--
INFO: Run ReadHtmlCache Behavior [ RunTime:0.000631s ]
INFO: [ app_begin ] --END-- [ RunTime:0.000711s ]
INFO: [ view_template ] --START--
INFO: Run LocationTemplate Behavior [ RunTime:0.000468s ]
INFO: [ view_template ] --END-- [ RunTime:0.000555s ]
INFO: [ view_parse ] --START--
NOTIC: [8] Undefined variable: firstName E:\www\szjiusc\Runtime\Cache\513a8a5f05f29a7776864f304e9d28ba.php 第 80 行.
NOTIC: [8] Undefined variable: secondName E:\www\szjiusc\Runtime\Cache\513a8a5f05f29a7776864f304e9d28ba.php 第 86 行.
NOTIC: [8] Undefined variable: address E:\www\szjiusc\Runtime\Cache\513a8a5f05f29a7776864f304e9d28ba.php 第 92 行.
NOTIC: [8] Undefined variable: city E:\www\szjiusc\Runtime\Cache\513a8a5f05f29a7776864f304e9d28ba.php 第 98 行.
NOTIC: [8] Undefined variable: postCode E:\www\szjiusc\Runtime\Cache\513a8a5f05f29a7776864f304e9d28ba.php 第 114 行.
NOTIC: [8] Undefined variable: tel E:\www\szjiusc\Runtime\Cache\513a8a5f05f29a7776864f304e9d28ba.php 第 118 行.
NOTIC: [8] Undefined variable: email E:\www\szjiusc\Runtime\Cache\513a8a5f05f29a7776864f304e9d28ba.php 第 123 行.
INFO: Run ParseTemplate Behavior [ RunTime:0.018183s ]
INFO: [ view_parse ] --END-- [ RunTime:0.018308s ]
INFO: [ view_filter ] --START--
INFO: Run ContentReplace Behavior [ RunTime:0.000763s ]
INFO: Run TokenBuild Behavior [ RunTime:0.000597s ]
INFO: Run WriteHtmlCache Behavior [ RunTime:0.000423s ]
INFO: Run ShowRuntime Behavior [ RunTime:0.000730s ]
INFO: [ view_filter ] --END-- [ RunTime:0.002776s ]
INFO: [ view_end ] --START--
INFO: Run ShowPageTrace Behavior [ RunTime:0.000950s ]
INFO: [ view_end ] --END-- [ RunTime:0.001062s ]

[ 2013-05-28T22:22:08+08:00 ] 127.0.0.1 /index.php/Order
INFO: [ route_check ] --START--
INFO: Run CheckRoute Behavior [ RunTime:0.002370s ]
INFO: [ route_check ] --END-- [ RunTime:0.002570s ]
INFO: [ app_begin ] --START--
INFO: Run ReadHtmlCache Behavior [ RunTime:0.001267s ]
INFO: [ app_begin ] --END-- [ RunTime:0.001340s ]
INFO: [ view_template ] --START--
INFO: Run LocationTemplate Behavior [ RunTime:0.001953s ]
INFO: [ view_template ] --END-- [ RunTime:0.002027s ]
INFO: [ view_parse ] --START--
NOTIC: [8] Undefined variable: firstName E:\www\szjiusc\Runtime\Cache\513a8a5f05f29a7776864f304e9d28ba.php 第 80 行.
NOTIC: [8] Undefined variable: secondName E:\www\szjiusc\Runtime\Cache\513a8a5f05f29a7776864f304e9d28ba.php 第 86 行.
NOTIC: [8] Undefined variable: address E:\www\szjiusc\Runtime\Cache\513a8a5f05f29a7776864f304e9d28ba.php 第 92 行.
NOTIC: [8] Undefined variable: city E:\www\szjiusc\Runtime\Cache\513a8a5f05f29a7776864f304e9d28ba.php 第 98 行.
NOTIC: [8] Undefined variable: postCode E:\www\szjiusc\Runtime\Cache\513a8a5f05f29a7776864f304e9d28ba.php 第 114 行.
NOTIC: [8] Undefined variable: tel E:\www\szjiusc\Runtime\Cache\513a8a5f05f29a7776864f304e9d28ba.php 第 118 行.
NOTIC: [8] Undefined variable: email E:\www\szjiusc\Runtime\Cache\513a8a5f05f29a7776864f304e9d28ba.php 第 123 行.
INFO: Run ParseTemplate Behavior [ RunTime:0.020210s ]
INFO: [ view_parse ] --END-- [ RunTime:0.020319s ]
INFO: [ view_filter ] --START--
INFO: Run ContentReplace Behavior [ RunTime:0.001945s ]
INFO: Run TokenBuild Behavior [ RunTime:0.001112s ]
INFO: Run WriteHtmlCache Behavior [ RunTime:0.001301s ]
INFO: Run ShowRuntime Behavior [ RunTime:0.001252s ]
INFO: [ view_filter ] --END-- [ RunTime:0.005858s ]
INFO: [ view_end ] --START--
INFO: Run ShowPageTrace Behavior [ RunTime:0.001306s ]
INFO: [ view_end ] --END-- [ RunTime:0.001373s ]

[ 2013-05-28T22:22:54+08:00 ] 127.0.0.1 /index.php/Order
INFO: [ route_check ] --START--
INFO: Run CheckRoute Behavior [ RunTime:0.001048s ]
INFO: [ route_check ] --END-- [ RunTime:0.001163s ]
INFO: [ app_begin ] --START--
INFO: Run ReadHtmlCache Behavior [ RunTime:0.000594s ]
INFO: [ app_begin ] --END-- [ RunTime:0.000660s ]
INFO: [ view_template ] --START--
INFO: Run LocationTemplate Behavior [ RunTime:0.000575s ]
INFO: [ view_template ] --END-- [ RunTime:0.000685s ]
INFO: [ view_parse ] --START--
NOTIC: [8] Undefined variable: firstName E:\www\szjiusc\Runtime\Cache\513a8a5f05f29a7776864f304e9d28ba.php 第 80 行.
NOTIC: [8] Undefined variable: secondName E:\www\szjiusc\Runtime\Cache\513a8a5f05f29a7776864f304e9d28ba.php 第 86 行.
NOTIC: [8] Undefined variable: address E:\www\szjiusc\Runtime\Cache\513a8a5f05f29a7776864f304e9d28ba.php 第 92 行.
NOTIC: [8] Undefined variable: city E:\www\szjiusc\Runtime\Cache\513a8a5f05f29a7776864f304e9d28ba.php 第 98 行.
NOTIC: [8] Undefined variable: postCode E:\www\szjiusc\Runtime\Cache\513a8a5f05f29a7776864f304e9d28ba.php 第 114 行.
NOTIC: [8] Undefined variable: tel E:\www\szjiusc\Runtime\Cache\513a8a5f05f29a7776864f304e9d28ba.php 第 118 行.
NOTIC: [8] Undefined variable: email E:\www\szjiusc\Runtime\Cache\513a8a5f05f29a7776864f304e9d28ba.php 第 123 行.
INFO: Run ParseTemplate Behavior [ RunTime:0.018767s ]
INFO: [ view_parse ] --END-- [ RunTime:0.018841s ]
INFO: [ view_filter ] --START--
INFO: Run ContentReplace Behavior [ RunTime:0.000608s ]
INFO: Run TokenBuild Behavior [ RunTime:0.000427s ]
INFO: Run WriteHtmlCache Behavior [ RunTime:0.000318s ]
INFO: Run ShowRuntime Behavior [ RunTime:0.000607s ]
INFO: [ view_filter ] --END-- [ RunTime:0.002137s ]
INFO: [ view_end ] --START--
INFO: Run ShowPageTrace Behavior [ RunTime:0.000931s ]
INFO: [ view_end ] --END-- [ RunTime:0.001055s ]

[ 2013-05-28T22:23:50+08:00 ] 127.0.0.1 /index.php/Order
INFO: [ route_check ] --START--
INFO: Run CheckRoute Behavior [ RunTime:0.001040s ]
INFO: [ route_check ] --END-- [ RunTime:0.001157s ]
INFO: [ app_begin ] --START--
INFO: Run ReadHtmlCache Behavior [ RunTime:0.000586s ]
INFO: [ app_begin ] --END-- [ RunTime:0.000652s ]
INFO: [ view_template ] --START--
INFO: Run LocationTemplate Behavior [ RunTime:0.000545s ]
INFO: [ view_template ] --END-- [ RunTime:0.000634s ]
INFO: [ view_parse ] --START--
NOTIC: [8] Undefined variable: firstName E:\www\szjiusc\Runtime\Cache\513a8a5f05f29a7776864f304e9d28ba.php 第 80 行.
NOTIC: [8] Undefined variable: secondName E:\www\szjiusc\Runtime\Cache\513a8a5f05f29a7776864f304e9d28ba.php 第 86 行.
NOTIC: [8] Undefined variable: address E:\www\szjiusc\Runtime\Cache\513a8a5f05f29a7776864f304e9d28ba.php 第 92 行.
NOTIC: [8] Undefined variable: city E:\www\szjiusc\Runtime\Cache\513a8a5f05f29a7776864f304e9d28ba.php 第 98 行.
NOTIC: [8] Undefined variable: postCode E:\www\szjiusc\Runtime\Cache\513a8a5f05f29a7776864f304e9d28ba.php 第 114 行.
NOTIC: [8] Undefined variable: tel E:\www\szjiusc\Runtime\Cache\513a8a5f05f29a7776864f304e9d28ba.php 第 118 行.
NOTIC: [8] Undefined variable: email E:\www\szjiusc\Runtime\Cache\513a8a5f05f29a7776864f304e9d28ba.php 第 123 行.
INFO: Run ParseTemplate Behavior [ RunTime:0.016341s ]
INFO: [ view_parse ] --END-- [ RunTime:0.016416s ]
INFO: [ view_filter ] --START--
INFO: Run ContentReplace Behavior [ RunTime:0.000637s ]
INFO: Run TokenBuild Behavior [ RunTime:0.000416s ]
INFO: Run WriteHtmlCache Behavior [ RunTime:0.000522s ]
INFO: Run ShowRuntime Behavior [ RunTime:0.000520s ]
INFO: [ view_filter ] --END-- [ RunTime:0.002301s ]
INFO: [ view_end ] --START--
INFO: Run ShowPageTrace Behavior [ RunTime:0.001079s ]
INFO: [ view_end ] --END-- [ RunTime:0.001208s ]

[ 2013-05-28T22:24:11+08:00 ] 127.0.0.1 /index.php/Order
INFO: [ route_check ] --START--
INFO: Run CheckRoute Behavior [ RunTime:0.001484s ]
INFO: [ route_check ] --END-- [ RunTime:0.001581s ]
INFO: [ app_begin ] --START--
INFO: Run ReadHtmlCache Behavior [ RunTime:0.001393s ]
INFO: [ app_begin ] --END-- [ RunTime:0.001488s ]
INFO: [ view_template ] --START--
INFO: Run LocationTemplate Behavior [ RunTime:0.001972s ]
INFO: [ view_template ] --END-- [ RunTime:0.002069s ]
INFO: [ view_parse ] --START--
NOTIC: [8] Undefined variable: firstName E:\www\szjiusc\Runtime\Cache\513a8a5f05f29a7776864f304e9d28ba.php 第 80 行.
NOTIC: [8] Undefined variable: secondName E:\www\szjiusc\Runtime\Cache\513a8a5f05f29a7776864f304e9d28ba.php 第 86 行.
NOTIC: [8] Undefined variable: address E:\www\szjiusc\Runtime\Cache\513a8a5f05f29a7776864f304e9d28ba.php 第 92 行.
NOTIC: [8] Undefined variable: city E:\www\szjiusc\Runtime\Cache\513a8a5f05f29a7776864f304e9d28ba.php 第 98 行.
NOTIC: [8] Undefined variable: postCode E:\www\szjiusc\Runtime\Cache\513a8a5f05f29a7776864f304e9d28ba.php 第 114 行.
NOTIC: [8] Undefined variable: tel E:\www\szjiusc\Runtime\Cache\513a8a5f05f29a7776864f304e9d28ba.php 第 118 行.
NOTIC: [8] Undefined variable: email E:\www\szjiusc\Runtime\Cache\513a8a5f05f29a7776864f304e9d28ba.php 第 123 行.
INFO: Run ParseTemplate Behavior [ RunTime:0.019626s ]
INFO: [ view_parse ] --END-- [ RunTime:0.019714s ]
INFO: [ view_filter ] --START--
INFO: Run ContentReplace Behavior [ RunTime:0.001607s ]
INFO: Run TokenBuild Behavior [ RunTime:0.001662s ]
INFO: Run WriteHtmlCache Behavior [ RunTime:0.001429s ]
INFO: Run ShowRuntime Behavior [ RunTime:0.001393s ]
INFO: [ view_filter ] --END-- [ RunTime:0.006383s ]
INFO: [ view_end ] --START--
INFO: Run ShowPageTrace Behavior [ RunTime:0.002752s ]
INFO: [ view_end ] --END-- [ RunTime:0.002880s ]

[ 2013-05-28T22:24:58+08:00 ] 127.0.0.1 /index.php/Order
INFO: [ route_check ] --START--
INFO: Run CheckRoute Behavior [ RunTime:0.001265s ]
INFO: [ route_check ] --END-- [ RunTime:0.001410s ]
INFO: [ app_begin ] --START--
INFO: Run ReadHtmlCache Behavior [ RunTime:0.000826s ]
INFO: [ app_begin ] --END-- [ RunTime:0.000924s ]
INFO: [ view_template ] --START--
INFO: Run LocationTemplate Behavior [ RunTime:0.000664s ]
INFO: [ view_template ] --END-- [ RunTime:0.000820s ]
INFO: [ view_parse ] --START--
NOTIC: [8] Undefined variable: firstName E:\www\szjiusc\Runtime\Cache\513a8a5f05f29a7776864f304e9d28ba.php 第 80 行.
NOTIC: [8] Undefined variable: secondName E:\www\szjiusc\Runtime\Cache\513a8a5f05f29a7776864f304e9d28ba.php 第 86 行.
NOTIC: [8] Undefined variable: address E:\www\szjiusc\Runtime\Cache\513a8a5f05f29a7776864f304e9d28ba.php 第 92 行.
NOTIC: [8] Undefined variable: city E:\www\szjiusc\Runtime\Cache\513a8a5f05f29a7776864f304e9d28ba.php 第 98 行.
NOTIC: [8] Undefined variable: postCode E:\www\szjiusc\Runtime\Cache\513a8a5f05f29a7776864f304e9d28ba.php 第 114 行.
NOTIC: [8] Undefined variable: tel E:\www\szjiusc\Runtime\Cache\513a8a5f05f29a7776864f304e9d28ba.php 第 118 行.
NOTIC: [8] Undefined variable: email E:\www\szjiusc\Runtime\Cache\513a8a5f05f29a7776864f304e9d28ba.php 第 123 行.
INFO: Run ParseTemplate Behavior [ RunTime:0.018736s ]
INFO: [ view_parse ] --END-- [ RunTime:0.018826s ]
INFO: [ view_filter ] --START--
INFO: Run ContentReplace Behavior [ RunTime:0.000962s ]
INFO: Run TokenBuild Behavior [ RunTime:0.000820s ]
INFO: Run WriteHtmlCache Behavior [ RunTime:0.000663s ]
INFO: Run ShowRuntime Behavior [ RunTime:0.000897s ]
INFO: [ view_filter ] --END-- [ RunTime:0.003811s ]
INFO: [ view_end ] --START--
INFO: Run ShowPageTrace Behavior [ RunTime:0.001035s ]
INFO: [ view_end ] --END-- [ RunTime:0.001148s ]

[ 2013-05-28T22:25:54+08:00 ] 127.0.0.1 /index.php/Order
INFO: [ route_check ] --START--
INFO: Run CheckRoute Behavior [ RunTime:0.001367s ]
INFO: [ route_check ] --END-- [ RunTime:0.001559s ]
INFO: [ app_begin ] --START--
INFO: Run ReadHtmlCache Behavior [ RunTime:0.000705s ]
INFO: [ app_begin ] --END-- [ RunTime:0.000793s ]
INFO: [ view_template ] --START--
INFO: Run LocationTemplate Behavior [ RunTime:0.000453s ]
INFO: [ view_template ] --END-- [ RunTime:0.000534s ]
INFO: [ view_parse ] --START--
NOTIC: [8] Undefined variable: firstName E:\www\szjiusc\Runtime\Cache\513a8a5f05f29a7776864f304e9d28ba.php 第 80 行.
NOTIC: [8] Undefined variable: secondName E:\www\szjiusc\Runtime\Cache\513a8a5f05f29a7776864f304e9d28ba.php 第 86 行.
NOTIC: [8] Undefined variable: address E:\www\szjiusc\Runtime\Cache\513a8a5f05f29a7776864f304e9d28ba.php 第 92 行.
NOTIC: [8] Undefined variable: city E:\www\szjiusc\Runtime\Cache\513a8a5f05f29a7776864f304e9d28ba.php 第 98 行.
NOTIC: [8] Undefined variable: postCode E:\www\szjiusc\Runtime\Cache\513a8a5f05f29a7776864f304e9d28ba.php 第 114 行.
NOTIC: [8] Undefined variable: tel E:\www\szjiusc\Runtime\Cache\513a8a5f05f29a7776864f304e9d28ba.php 第 118 行.
NOTIC: [8] Undefined variable: email E:\www\szjiusc\Runtime\Cache\513a8a5f05f29a7776864f304e9d28ba.php 第 123 行.
INFO: Run ParseTemplate Behavior [ RunTime:0.021280s ]
INFO: [ view_parse ] --END-- [ RunTime:0.021384s ]
INFO: [ view_filter ] --START--
INFO: Run ContentReplace Behavior [ RunTime:0.000790s ]
INFO: Run TokenBuild Behavior [ RunTime:0.000590s ]
INFO: Run WriteHtmlCache Behavior [ RunTime:0.000390s ]
INFO: Run ShowRuntime Behavior [ RunTime:0.000827s ]
INFO: [ view_filter ] --END-- [ RunTime:0.002864s ]
INFO: [ view_end ] --START--
INFO: Run ShowPageTrace Behavior [ RunTime:0.001057s ]
INFO: [ view_end ] --END-- [ RunTime:0.001175s ]

[ 2013-05-28T22:27:28+08:00 ] 127.0.0.1 /index.php/Order
INFO: [ route_check ] --START--
INFO: Run CheckRoute Behavior [ RunTime:0.014694s ]
INFO: [ route_check ] --END-- [ RunTime:0.014852s ]
INFO: [ app_begin ] --START--
INFO: Run ReadHtmlCache Behavior [ RunTime:0.001233s ]
INFO: [ app_begin ] --END-- [ RunTime:0.001310s ]
INFO: [ view_template ] --START--
INFO: Run LocationTemplate Behavior [ RunTime:0.002042s ]
INFO: [ view_template ] --END-- [ RunTime:0.002158s ]
INFO: [ view_parse ] --START--
NOTIC: [8] Undefined variable: firstName E:\www\szjiusc\Runtime\Cache\513a8a5f05f29a7776864f304e9d28ba.php 第 80 行.
NOTIC: [8] Undefined variable: secondName E:\www\szjiusc\Runtime\Cache\513a8a5f05f29a7776864f304e9d28ba.php 第 86 行.
NOTIC: [8] Undefined variable: address E:\www\szjiusc\Runtime\Cache\513a8a5f05f29a7776864f304e9d28ba.php 第 92 行.
NOTIC: [8] Undefined variable: city E:\www\szjiusc\Runtime\Cache\513a8a5f05f29a7776864f304e9d28ba.php 第 98 行.
NOTIC: [8] Undefined variable: postCode E:\www\szjiusc\Runtime\Cache\513a8a5f05f29a7776864f304e9d28ba.php 第 114 行.
NOTIC: [8] Undefined variable: tel E:\www\szjiusc\Runtime\Cache\513a8a5f05f29a7776864f304e9d28ba.php 第 118 行.
NOTIC: [8] Undefined variable: email E:\www\szjiusc\Runtime\Cache\513a8a5f05f29a7776864f304e9d28ba.php 第 123 行.
INFO: Run ParseTemplate Behavior [ RunTime:0.035596s ]
INFO: [ view_parse ] --END-- [ RunTime:0.035718s ]
INFO: [ view_filter ] --START--
INFO: Run ContentReplace Behavior [ RunTime:0.001874s ]
INFO: Run TokenBuild Behavior [ RunTime:0.001618s ]
INFO: Run WriteHtmlCache Behavior [ RunTime:0.001468s ]
INFO: Run ShowRuntime Behavior [ RunTime:0.001828s ]
INFO: [ view_filter ] --END-- [ RunTime:0.007184s ]
INFO: [ view_end ] --START--
INFO: Run ShowPageTrace Behavior [ RunTime:0.002324s ]
INFO: [ view_end ] --END-- [ RunTime:0.002467s ]

[ 2013-05-28T22:27:57+08:00 ] 127.0.0.1 /index.php/Order
INFO: [ route_check ] --START--
INFO: Run CheckRoute Behavior [ RunTime:0.000953s ]
INFO: [ route_check ] --END-- [ RunTime:0.001047s ]
INFO: [ app_begin ] --START--
INFO: Run ReadHtmlCache Behavior [ RunTime:0.000594s ]
INFO: [ app_begin ] --END-- [ RunTime:0.000661s ]
INFO: [ view_template ] --START--
INFO: Run LocationTemplate Behavior [ RunTime:0.000422s ]
INFO: [ view_template ] --END-- [ RunTime:0.000492s ]
INFO: [ view_parse ] --START--
NOTIC: [8] Undefined variable: firstName E:\www\szjiusc\Runtime\Cache\513a8a5f05f29a7776864f304e9d28ba.php 第 80 行.
NOTIC: [8] Undefined variable: secondName E:\www\szjiusc\Runtime\Cache\513a8a5f05f29a7776864f304e9d28ba.php 第 86 行.
NOTIC: [8] Undefined variable: address E:\www\szjiusc\Runtime\Cache\513a8a5f05f29a7776864f304e9d28ba.php 第 92 行.
NOTIC: [8] Undefined variable: city E:\www\szjiusc\Runtime\Cache\513a8a5f05f29a7776864f304e9d28ba.php 第 98 行.
NOTIC: [8] Undefined variable: postCode E:\www\szjiusc\Runtime\Cache\513a8a5f05f29a7776864f304e9d28ba.php 第 114 行.
NOTIC: [8] Undefined variable: tel E:\www\szjiusc\Runtime\Cache\513a8a5f05f29a7776864f304e9d28ba.php 第 118 行.
NOTIC: [8] Undefined variable: email E:\www\szjiusc\Runtime\Cache\513a8a5f05f29a7776864f304e9d28ba.php 第 123 行.
INFO: Run ParseTemplate Behavior [ RunTime:0.016944s ]
INFO: [ view_parse ] --END-- [ RunTime:0.017017s ]
INFO: [ view_filter ] --START--
INFO: Run ContentReplace Behavior [ RunTime:0.000545s ]
INFO: Run TokenBuild Behavior [ RunTime:0.000417s ]
INFO: Run WriteHtmlCache Behavior [ RunTime:0.000307s ]
INFO: Run ShowRuntime Behavior [ RunTime:0.000530s ]
INFO: [ view_filter ] --END-- [ RunTime:0.001961s ]
INFO: [ view_end ] --START--
INFO: Run ShowPageTrace Behavior [ RunTime:0.000788s ]
INFO: [ view_end ] --END-- [ RunTime:0.000873s ]

[ 2013-05-28T22:28:41+08:00 ] 127.0.0.1 /index.php/Order
INFO: [ route_check ] --START--
INFO: Run CheckRoute Behavior [ RunTime:0.000932s ]
INFO: [ route_check ] --END-- [ RunTime:0.001039s ]
INFO: [ app_begin ] --START--
INFO: Run ReadHtmlCache Behavior [ RunTime:0.000606s ]
INFO: [ app_begin ] --END-- [ RunTime:0.000679s ]
INFO: [ view_template ] --START--
INFO: Run LocationTemplate Behavior [ RunTime:0.000435s ]
INFO: [ view_template ] --END-- [ RunTime:0.000514s ]
INFO: [ view_parse ] --START--
NOTIC: [8] Undefined variable: firstName E:\www\szjiusc\Runtime\Cache\513a8a5f05f29a7776864f304e9d28ba.php 第 80 行.
NOTIC: [8] Undefined variable: secondName E:\www\szjiusc\Runtime\Cache\513a8a5f05f29a7776864f304e9d28ba.php 第 86 行.
NOTIC: [8] Undefined variable: address E:\www\szjiusc\Runtime\Cache\513a8a5f05f29a7776864f304e9d28ba.php 第 92 行.
NOTIC: [8] Undefined variable: city E:\www\szjiusc\Runtime\Cache\513a8a5f05f29a7776864f304e9d28ba.php 第 98 行.
NOTIC: [8] Undefined variable: postCode E:\www\szjiusc\Runtime\Cache\513a8a5f05f29a7776864f304e9d28ba.php 第 114 行.
NOTIC: [8] Undefined variable: tel E:\www\szjiusc\Runtime\Cache\513a8a5f05f29a7776864f304e9d28ba.php 第 118 行.
NOTIC: [8] Undefined variable: email E:\www\szjiusc\Runtime\Cache\513a8a5f05f29a7776864f304e9d28ba.php 第 123 行.
INFO: Run ParseTemplate Behavior [ RunTime:0.035495s ]
INFO: [ view_parse ] --END-- [ RunTime:0.035569s ]
INFO: [ view_filter ] --START--
INFO: Run ContentReplace Behavior [ RunTime:0.000590s ]
INFO: Run TokenBuild Behavior [ RunTime:0.000564s ]
INFO: Run WriteHtmlCache Behavior [ RunTime:0.000598s ]
INFO: Run ShowRuntime Behavior [ RunTime:0.000715s ]
INFO: [ view_filter ] --END-- [ RunTime:0.002718s ]
INFO: [ view_end ] --START--
INFO: Run ShowPageTrace Behavior [ RunTime:0.000943s ]
INFO: [ view_end ] --END-- [ RunTime:0.001054s ]

[ 2013-05-28T22:29:30+08:00 ] 127.0.0.1 /index.php/Order
INFO: [ route_check ] --START--
INFO: Run CheckRoute Behavior [ RunTime:0.001698s ]
INFO: [ route_check ] --END-- [ RunTime:0.001838s ]
INFO: [ app_begin ] --START--
INFO: Run ReadHtmlCache Behavior [ RunTime:0.001276s ]
INFO: [ app_begin ] --END-- [ RunTime:0.001376s ]
INFO: [ view_template ] --START--
INFO: Run LocationTemplate Behavior [ RunTime:0.003053s ]
INFO: [ view_template ] --END-- [ RunTime:0.003211s ]
INFO: [ view_parse ] --START--
NOTIC: [8] Undefined variable: firstName E:\www\szjiusc\Runtime\Cache\513a8a5f05f29a7776864f304e9d28ba.php 第 80 行.
NOTIC: [8] Undefined variable: secondName E:\www\szjiusc\Runtime\Cache\513a8a5f05f29a7776864f304e9d28ba.php 第 86 行.
NOTIC: [8] Undefined variable: address E:\www\szjiusc\Runtime\Cache\513a8a5f05f29a7776864f304e9d28ba.php 第 92 行.
NOTIC: [8] Undefined variable: city E:\www\szjiusc\Runtime\Cache\513a8a5f05f29a7776864f304e9d28ba.php 第 98 行.
NOTIC: [8] Undefined variable: postCode E:\www\szjiusc\Runtime\Cache\513a8a5f05f29a7776864f304e9d28ba.php 第 114 行.
NOTIC: [8] Undefined variable: tel E:\www\szjiusc\Runtime\Cache\513a8a5f05f29a7776864f304e9d28ba.php 第 118 行.
NOTIC: [8] Undefined variable: email E:\www\szjiusc\Runtime\Cache\513a8a5f05f29a7776864f304e9d28ba.php 第 123 行.
INFO: Run ParseTemplate Behavior [ RunTime:0.024231s ]
INFO: [ view_parse ] --END-- [ RunTime:0.024339s ]
INFO: [ view_filter ] --START--
INFO: Run ContentReplace Behavior [ RunTime:0.001463s ]
INFO: Run TokenBuild Behavior [ RunTime:0.001353s ]
INFO: Run WriteHtmlCache Behavior [ RunTime:0.001360s ]
INFO: Run ShowRuntime Behavior [ RunTime:0.001703s ]
INFO: [ view_filter ] --END-- [ RunTime:0.006218s ]
INFO: [ view_end ] --START--
INFO: Run ShowPageTrace Behavior [ RunTime:0.001715s ]
INFO: [ view_end ] --END-- [ RunTime:0.001822s ]

[ 2013-05-28T22:37:10+08:00 ] ERR: (ThinkException) Action:assgin您所请求的方法不存在！
[ 2013-05-28T22:37:10+08:00 ] 127.0.0.1 /index.php/Order
INFO: [ route_check ] --START--
INFO: Run CheckRoute Behavior [ RunTime:0.002518s ]
INFO: [ route_check ] --END-- [ RunTime:0.002683s ]
INFO: [ app_begin ] --START--
INFO: Run ReadHtmlCache Behavior [ RunTime:0.002990s ]
INFO: [ app_begin ] --END-- [ RunTime:0.003146s ]
NOTIC: [8] Array to string conversion D:\ThinkPHP\Lib\Core\ThinkException.class.php 第 64 行.
NOTIC: [8] Array to string conversion D:\ThinkPHP\Lib\Core\ThinkException.class.php 第 64 行.
NOTIC: [8] Undefined index:  file D:\ThinkPHP\Lib\Core\ThinkException.class.php 第 62 行.
NOTIC: [8] Undefined index:  line D:\ThinkPHP\Lib\Core\ThinkException.class.php 第 62 行.
NOTIC: [4096] Object of class OrderAction could not be converted to string D:\ThinkPHP\Lib\Core\ThinkException.class.php 第 64 行.
NOTIC: [8] Undefined index:  class D:\ThinkPHP\Lib\Core\ThinkException.class.php 第 63 行.
NOTIC: [8] Undefined index:  type D:\ThinkPHP\Lib\Core\ThinkException.class.php 第 63 行.
NOTIC: [8] Undefined index:  class D:\ThinkPHP\Lib\Core\ThinkException.class.php 第 63 行.
NOTIC: [8] Undefined index:  type D:\ThinkPHP\Lib\Core\ThinkException.class.php 第 63 行.

[ 2013-05-28T22:37:21+08:00 ] 127.0.0.1 /index.php/Order
INFO: [ route_check ] --START--
INFO: Run CheckRoute Behavior [ RunTime:0.001429s ]
INFO: [ route_check ] --END-- [ RunTime:0.001608s ]
INFO: [ app_begin ] --START--
INFO: Run ReadHtmlCache Behavior [ RunTime:0.001057s ]
INFO: [ app_begin ] --END-- [ RunTime:0.001146s ]
INFO: [ view_template ] --START--
INFO: Run LocationTemplate Behavior [ RunTime:0.001998s ]
INFO: [ view_template ] --END-- [ RunTime:0.002095s ]
INFO: [ view_parse ] --START--
NOTIC: [8] Undefined variable: firstName E:\www\szjiusc\Runtime\Cache\513a8a5f05f29a7776864f304e9d28ba.php 第 80 行.
NOTIC: [8] Undefined variable: secondName E:\www\szjiusc\Runtime\Cache\513a8a5f05f29a7776864f304e9d28ba.php 第 86 行.
NOTIC: [8] Undefined variable: address E:\www\szjiusc\Runtime\Cache\513a8a5f05f29a7776864f304e9d28ba.php 第 92 行.
NOTIC: [8] Undefined variable: city E:\www\szjiusc\Runtime\Cache\513a8a5f05f29a7776864f304e9d28ba.php 第 98 行.
NOTIC: [8] Undefined variable: postCode E:\www\szjiusc\Runtime\Cache\513a8a5f05f29a7776864f304e9d28ba.php 第 114 行.
NOTIC: [8] Undefined variable: tel E:\www\szjiusc\Runtime\Cache\513a8a5f05f29a7776864f304e9d28ba.php 第 118 行.
NOTIC: [8] Undefined variable: email E:\www\szjiusc\Runtime\Cache\513a8a5f05f29a7776864f304e9d28ba.php 第 123 行.
INFO: Run ParseTemplate Behavior [ RunTime:0.021402s ]
INFO: [ view_parse ] --END-- [ RunTime:0.021517s ]
INFO: [ view_filter ] --START--
INFO: Run ContentReplace Behavior [ RunTime:0.001637s ]
INFO: Run TokenBuild Behavior [ RunTime:0.001520s ]
INFO: Run WriteHtmlCache Behavior [ RunTime:0.001090s ]
INFO: Run ShowRuntime Behavior [ RunTime:0.001721s ]
INFO: [ view_filter ] --END-- [ RunTime:0.006301s ]
INFO: [ view_end ] --START--
INFO: Run ShowPageTrace Behavior [ RunTime:0.001881s ]
INFO: [ view_end ] --END-- [ RunTime:0.001982s ]

[ 2013-05-28T22:37:58+08:00 ] 127.0.0.1 /index.php/Order
INFO: [ route_check ] --START--
INFO: Run CheckRoute Behavior [ RunTime:0.001176s ]
INFO: [ route_check ] --END-- [ RunTime:0.001313s ]
INFO: [ app_begin ] --START--
INFO: Run ReadHtmlCache Behavior [ RunTime:0.000859s ]
INFO: [ app_begin ] --END-- [ RunTime:0.000961s ]
INFO: [ view_template ] --START--
INFO: Run LocationTemplate Behavior [ RunTime:0.000508s ]
INFO: [ view_template ] --END-- [ RunTime:0.000589s ]
INFO: [ view_parse ] --START--
NOTIC: [8] Undefined variable: firstName E:\www\szjiusc\Runtime\Cache\513a8a5f05f29a7776864f304e9d28ba.php 第 80 行.
NOTIC: [8] Undefined variable: secondName E:\www\szjiusc\Runtime\Cache\513a8a5f05f29a7776864f304e9d28ba.php 第 86 行.
NOTIC: [8] Undefined variable: address E:\www\szjiusc\Runtime\Cache\513a8a5f05f29a7776864f304e9d28ba.php 第 92 行.
NOTIC: [8] Undefined variable: city E:\www\szjiusc\Runtime\Cache\513a8a5f05f29a7776864f304e9d28ba.php 第 98 行.
NOTIC: [8] Undefined variable: postCode E:\www\szjiusc\Runtime\Cache\513a8a5f05f29a7776864f304e9d28ba.php 第 114 行.
NOTIC: [8] Undefined variable: tel E:\www\szjiusc\Runtime\Cache\513a8a5f05f29a7776864f304e9d28ba.php 第 118 行.
NOTIC: [8] Undefined variable: email E:\www\szjiusc\Runtime\Cache\513a8a5f05f29a7776864f304e9d28ba.php 第 123 行.
INFO: Run ParseTemplate Behavior [ RunTime:0.020074s ]
INFO: [ view_parse ] --END-- [ RunTime:0.020168s ]
INFO: [ view_filter ] --START--
INFO: Run ContentReplace Behavior [ RunTime:0.001086s ]
INFO: Run TokenBuild Behavior [ RunTime:0.000708s ]
INFO: Run WriteHtmlCache Behavior [ RunTime:0.000654s ]
INFO: Run ShowRuntime Behavior [ RunTime:0.000811s ]
INFO: [ view_filter ] --END-- [ RunTime:0.003566s ]
INFO: [ view_end ] --START--
INFO: Run ShowPageTrace Behavior [ RunTime:0.001022s ]
INFO: [ view_end ] --END-- [ RunTime:0.001120s ]

[ 2013-05-28T22:38:27+08:00 ] 127.0.0.1 /index.php/Order
INFO: [ route_check ] --START--
INFO: Run CheckRoute Behavior [ RunTime:0.000904s ]
INFO: [ route_check ] --END-- [ RunTime:0.001008s ]
INFO: [ app_begin ] --START--
INFO: Run ReadHtmlCache Behavior [ RunTime:0.003819s ]
INFO: [ app_begin ] --END-- [ RunTime:0.003932s ]
INFO: [ view_template ] --START--
INFO: Run LocationTemplate Behavior [ RunTime:0.000444s ]
INFO: [ view_template ] --END-- [ RunTime:0.000523s ]
INFO: [ view_parse ] --START--
NOTIC: [8] Undefined variable: C_FirstName E:\www\szjiusc\Runtime\Cache\513a8a5f05f29a7776864f304e9d28ba.php 第 80 行.
NOTIC: [8] Undefined variable: secondName E:\www\szjiusc\Runtime\Cache\513a8a5f05f29a7776864f304e9d28ba.php 第 86 行.
NOTIC: [8] Undefined variable: address E:\www\szjiusc\Runtime\Cache\513a8a5f05f29a7776864f304e9d28ba.php 第 92 行.
NOTIC: [8] Undefined variable: city E:\www\szjiusc\Runtime\Cache\513a8a5f05f29a7776864f304e9d28ba.php 第 98 行.
NOTIC: [8] Undefined variable: postCode E:\www\szjiusc\Runtime\Cache\513a8a5f05f29a7776864f304e9d28ba.php 第 114 行.
NOTIC: [8] Undefined variable: tel E:\www\szjiusc\Runtime\Cache\513a8a5f05f29a7776864f304e9d28ba.php 第 118 行.
NOTIC: [8] Undefined variable: email E:\www\szjiusc\Runtime\Cache\513a8a5f05f29a7776864f304e9d28ba.php 第 123 行.
INFO: Run ParseTemplate Behavior [ RunTime:0.016464s ]
INFO: [ view_parse ] --END-- [ RunTime:0.016535s ]
INFO: [ view_filter ] --START--
INFO: Run ContentReplace Behavior [ RunTime:0.000578s ]
INFO: Run TokenBuild Behavior [ RunTime:0.000416s ]
INFO: Run WriteHtmlCache Behavior [ RunTime:0.000303s ]
INFO: Run ShowRuntime Behavior [ RunTime:0.000514s ]
INFO: [ view_filter ] --END-- [ RunTime:0.001974s ]
INFO: [ view_end ] --START--
INFO: Run ShowPageTrace Behavior [ RunTime:0.000913s ]
INFO: [ view_end ] --END-- [ RunTime:0.000980s ]

[ 2013-05-28T22:38:39+08:00 ] 127.0.0.1 /index.php/Order
INFO: [ route_check ] --START--
INFO: Run CheckRoute Behavior [ RunTime:0.001051s ]
INFO: [ route_check ] --END-- [ RunTime:0.001241s ]
INFO: [ app_begin ] --START--
INFO: Run ReadHtmlCache Behavior [ RunTime:0.000772s ]
INFO: [ app_begin ] --END-- [ RunTime:0.000869s ]
INFO: [ view_template ] --START--
INFO: Run LocationTemplate Behavior [ RunTime:0.000463s ]
INFO: [ view_template ] --END-- [ RunTime:0.000552s ]
INFO: [ view_parse ] --START--
NOTIC: [8] Undefined variable: secondName E:\www\szjiusc\Runtime\Cache\513a8a5f05f29a7776864f304e9d28ba.php 第 86 行.
NOTIC: [8] Undefined variable: address E:\www\szjiusc\Runtime\Cache\513a8a5f05f29a7776864f304e9d28ba.php 第 92 行.
NOTIC: [8] Undefined variable: city E:\www\szjiusc\Runtime\Cache\513a8a5f05f29a7776864f304e9d28ba.php 第 98 行.
NOTIC: [8] Undefined variable: postCode E:\www\szjiusc\Runtime\Cache\513a8a5f05f29a7776864f304e9d28ba.php 第 114 行.
NOTIC: [8] Undefined variable: tel E:\www\szjiusc\Runtime\Cache\513a8a5f05f29a7776864f304e9d28ba.php 第 118 行.
NOTIC: [8] Undefined variable: email E:\www\szjiusc\Runtime\Cache\513a8a5f05f29a7776864f304e9d28ba.php 第 123 行.
INFO: Run ParseTemplate Behavior [ RunTime:0.021673s ]
INFO: [ view_parse ] --END-- [ RunTime:0.021771s ]
INFO: [ view_filter ] --START--
INFO: Run ContentReplace Behavior [ RunTime:0.000947s ]
INFO: Run TokenBuild Behavior [ RunTime:0.000637s ]
INFO: Run WriteHtmlCache Behavior [ RunTime:0.000410s ]
INFO: Run ShowRuntime Behavior [ RunTime:0.000756s ]
INFO: [ view_filter ] --END-- [ RunTime:0.003031s ]
INFO: [ view_end ] --START--
INFO: Run ShowPageTrace Behavior [ RunTime:0.001271s ]
INFO: [ view_end ] --END-- [ RunTime:0.001399s ]

[ 2013-05-28T22:39:09+08:00 ] 127.0.0.1 /index.php/Order
INFO: [ route_check ] --START--
INFO: Run CheckRoute Behavior [ RunTime:0.000984s ]
INFO: [ route_check ] --END-- [ RunTime:0.001156s ]
INFO: [ app_begin ] --START--
INFO: Run ReadHtmlCache Behavior [ RunTime:0.001065s ]
INFO: [ app_begin ] --END-- [ RunTime:0.001231s ]
INFO: [ view_template ] --START--
INFO: Run LocationTemplate Behavior [ RunTime:0.000487s ]
INFO: [ view_template ] --END-- [ RunTime:0.000585s ]
INFO: [ view_parse ] --START--
NOTIC: [8] Undefined variable: C_FirstName E:\www\szjiusc\Runtime\Cache\513a8a5f05f29a7776864f304e9d28ba.php 第 80 行.
NOTIC: [8] Undefined variable: secondName E:\www\szjiusc\Runtime\Cache\513a8a5f05f29a7776864f304e9d28ba.php 第 86 行.
NOTIC: [8] Undefined variable: address E:\www\szjiusc\Runtime\Cache\513a8a5f05f29a7776864f304e9d28ba.php 第 92 行.
NOTIC: [8] Undefined variable: city E:\www\szjiusc\Runtime\Cache\513a8a5f05f29a7776864f304e9d28ba.php 第 98 行.
NOTIC: [8] Undefined variable: postCode E:\www\szjiusc\Runtime\Cache\513a8a5f05f29a7776864f304e9d28ba.php 第 114 行.
NOTIC: [8] Undefined variable: tel E:\www\szjiusc\Runtime\Cache\513a8a5f05f29a7776864f304e9d28ba.php 第 118 行.
NOTIC: [8] Undefined variable: email E:\www\szjiusc\Runtime\Cache\513a8a5f05f29a7776864f304e9d28ba.php 第 123 行.
INFO: Run ParseTemplate Behavior [ RunTime:0.015734s ]
INFO: [ view_parse ] --END-- [ RunTime:0.015830s ]
INFO: [ view_filter ] --START--
INFO: Run ContentReplace Behavior [ RunTime:0.000559s ]
INFO: Run TokenBuild Behavior [ RunTime:0.000503s ]
INFO: Run WriteHtmlCache Behavior [ RunTime:0.000405s ]
INFO: Run ShowRuntime Behavior [ RunTime:0.000752s ]
INFO: [ view_filter ] --END-- [ RunTime:0.002463s ]
INFO: [ view_end ] --START--
INFO: Run ShowPageTrace Behavior [ RunTime:0.001069s ]
INFO: [ view_end ] --END-- [ RunTime:0.001167s ]

[ 2013-05-28T22:39:35+08:00 ] 127.0.0.1 /index.php/Order
INFO: [ route_check ] --START--
INFO: Run CheckRoute Behavior [ RunTime:0.001497s ]
INFO: [ route_check ] --END-- [ RunTime:0.001601s ]
INFO: [ app_begin ] --START--
INFO: Run ReadHtmlCache Behavior [ RunTime:0.001223s ]
INFO: [ app_begin ] --END-- [ RunTime:0.001306s ]
INFO: [ view_template ] --START--
INFO: Run LocationTemplate Behavior [ RunTime:0.002071s ]
INFO: [ view_template ] --END-- [ RunTime:0.002186s ]
INFO: [ view_parse ] --START--
NOTIC: [8] Undefined variable: C_FirstName E:\www\szjiusc\Runtime\Cache\513a8a5f05f29a7776864f304e9d28ba.php 第 80 行.
NOTIC: [8] Undefined variable: secondName E:\www\szjiusc\Runtime\Cache\513a8a5f05f29a7776864f304e9d28ba.php 第 86 行.
NOTIC: [8] Undefined variable: address E:\www\szjiusc\Runtime\Cache\513a8a5f05f29a7776864f304e9d28ba.php 第 92 行.
NOTIC: [8] Undefined variable: city E:\www\szjiusc\Runtime\Cache\513a8a5f05f29a7776864f304e9d28ba.php 第 98 行.
NOTIC: [8] Undefined variable: postCode E:\www\szjiusc\Runtime\Cache\513a8a5f05f29a7776864f304e9d28ba.php 第 114 行.
NOTIC: [8] Undefined variable: tel E:\www\szjiusc\Runtime\Cache\513a8a5f05f29a7776864f304e9d28ba.php 第 118 行.
NOTIC: [8] Undefined variable: email E:\www\szjiusc\Runtime\Cache\513a8a5f05f29a7776864f304e9d28ba.php 第 123 行.
INFO: Run ParseTemplate Behavior [ RunTime:0.022305s ]
INFO: [ view_parse ] --END-- [ RunTime:0.022401s ]
INFO: [ view_filter ] --START--
INFO: Run ContentReplace Behavior [ RunTime:0.001189s ]
INFO: Run TokenBuild Behavior [ RunTime:0.001152s ]
INFO: Run WriteHtmlCache Behavior [ RunTime:0.001952s ]
INFO: Run ShowRuntime Behavior [ RunTime:0.001517s ]
INFO: [ view_filter ] --END-- [ RunTime:0.006166s ]
INFO: [ view_end ] --START--
INFO: Run ShowPageTrace Behavior [ RunTime:0.001442s ]
INFO: [ view_end ] --END-- [ RunTime:0.001534s ]

[ 2013-05-28T22:40:01+08:00 ] 127.0.0.1 /index.php/Order
INFO: [ route_check ] --START--
INFO: Run CheckRoute Behavior [ RunTime:0.000910s ]
INFO: [ route_check ] --END-- [ RunTime:0.001013s ]
INFO: [ app_begin ] --START--
INFO: Run ReadHtmlCache Behavior [ RunTime:0.000577s ]
INFO: [ app_begin ] --END-- [ RunTime:0.000642s ]
INFO: [ view_template ] --START--
INFO: Run LocationTemplate Behavior [ RunTime:0.000504s ]
INFO: [ view_template ] --END-- [ RunTime:0.000586s ]
INFO: [ view_parse ] --START--
NOTIC: [8] Undefined variable: secondName E:\www\szjiusc\Runtime\Cache\513a8a5f05f29a7776864f304e9d28ba.php 第 86 行.
NOTIC: [8] Undefined variable: address E:\www\szjiusc\Runtime\Cache\513a8a5f05f29a7776864f304e9d28ba.php 第 92 行.
NOTIC: [8] Undefined variable: city E:\www\szjiusc\Runtime\Cache\513a8a5f05f29a7776864f304e9d28ba.php 第 98 行.
NOTIC: [8] Undefined variable: postCode E:\www\szjiusc\Runtime\Cache\513a8a5f05f29a7776864f304e9d28ba.php 第 114 行.
NOTIC: [8] Undefined variable: tel E:\www\szjiusc\Runtime\Cache\513a8a5f05f29a7776864f304e9d28ba.php 第 118 行.
NOTIC: [8] Undefined variable: email E:\www\szjiusc\Runtime\Cache\513a8a5f05f29a7776864f304e9d28ba.php 第 123 行.
INFO: Run ParseTemplate Behavior [ RunTime:0.017119s ]
INFO: [ view_parse ] --END-- [ RunTime:0.017191s ]
INFO: [ view_filter ] --START--
INFO: Run ContentReplace Behavior [ RunTime:0.000582s ]
INFO: Run TokenBuild Behavior [ RunTime:0.000427s ]
INFO: Run WriteHtmlCache Behavior [ RunTime:0.000469s ]
INFO: Run ShowRuntime Behavior [ RunTime:0.000805s ]
INFO: [ view_filter ] --END-- [ RunTime:0.002476s ]
INFO: [ view_end ] --START--
INFO: Run ShowPageTrace Behavior [ RunTime:0.001071s ]
INFO: [ view_end ] --END-- [ RunTime:0.001178s ]

[ 2013-05-28T22:40:05+08:00 ] 127.0.0.1 /index.php/Order
INFO: [ route_check ] --START--
INFO: Run CheckRoute Behavior [ RunTime:0.001135s ]
INFO: [ route_check ] --END-- [ RunTime:0.001259s ]
INFO: [ app_begin ] --START--
INFO: Run ReadHtmlCache Behavior [ RunTime:0.000760s ]
INFO: [ app_begin ] --END-- [ RunTime:0.000882s ]
INFO: [ view_template ] --START--
INFO: Run LocationTemplate Behavior [ RunTime:0.000473s ]
INFO: [ view_template ] --END-- [ RunTime:0.000578s ]
INFO: [ view_parse ] --START--
NOTIC: [8] Undefined variable: secondName E:\www\szjiusc\Runtime\Cache\513a8a5f05f29a7776864f304e9d28ba.php 第 86 行.
NOTIC: [8] Undefined variable: address E:\www\szjiusc\Runtime\Cache\513a8a5f05f29a7776864f304e9d28ba.php 第 92 行.
NOTIC: [8] Undefined variable: city E:\www\szjiusc\Runtime\Cache\513a8a5f05f29a7776864f304e9d28ba.php 第 98 行.
NOTIC: [8] Undefined variable: postCode E:\www\szjiusc\Runtime\Cache\513a8a5f05f29a7776864f304e9d28ba.php 第 114 行.
NOTIC: [8] Undefined variable: tel E:\www\szjiusc\Runtime\Cache\513a8a5f05f29a7776864f304e9d28ba.php 第 118 行.
NOTIC: [8] Undefined variable: email E:\www\szjiusc\Runtime\Cache\513a8a5f05f29a7776864f304e9d28ba.php 第 123 行.
INFO: Run ParseTemplate Behavior [ RunTime:0.019232s ]
INFO: [ view_parse ] --END-- [ RunTime:0.019325s ]
INFO: [ view_filter ] --START--
INFO: Run ContentReplace Behavior [ RunTime:0.000576s ]
INFO: Run TokenBuild Behavior [ RunTime:0.001144s ]
INFO: Run WriteHtmlCache Behavior [ RunTime:0.000535s ]
INFO: Run ShowRuntime Behavior [ RunTime:0.001435s ]
INFO: [ view_filter ] --END-- [ RunTime:0.004095s ]
INFO: [ view_end ] --START--
INFO: Run ShowPageTrace Behavior [ RunTime:0.001063s ]
INFO: [ view_end ] --END-- [ RunTime:0.001188s ]

[ 2013-05-28T22:42:55+08:00 ] 127.0.0.1 /index.php/Order
INFO: [ route_check ] --START--
INFO: Run CheckRoute Behavior [ RunTime:0.001836s ]
INFO: [ route_check ] --END-- [ RunTime:0.002291s ]
INFO: [ app_begin ] --START--
INFO: Run ReadHtmlCache Behavior [ RunTime:0.001306s ]
INFO: [ app_begin ] --END-- [ RunTime:0.001402s ]
INFO: [ view_template ] --START--
INFO: Run LocationTemplate Behavior [ RunTime:0.001843s ]
INFO: [ view_template ] --END-- [ RunTime:0.001935s ]
INFO: [ view_parse ] --START--
INFO: Run ParseTemplate Behavior [ RunTime:0.022169s ]
INFO: [ view_parse ] --END-- [ RunTime:0.022270s ]
INFO: [ view_filter ] --START--
INFO: Run ContentReplace Behavior [ RunTime:0.001169s ]
INFO: Run TokenBuild Behavior [ RunTime:0.001380s ]
INFO: Run WriteHtmlCache Behavior [ RunTime:0.001156s ]
INFO: Run ShowRuntime Behavior [ RunTime:0.001183s ]
INFO: [ view_filter ] --END-- [ RunTime:0.005090s ]
INFO: [ view_end ] --START--
INFO: Run ShowPageTrace Behavior [ RunTime:0.001370s ]
INFO: [ view_end ] --END-- [ RunTime:0.001443s ]

[ 2013-05-28T22:46:02+08:00 ] 127.0.0.1 /index.php/Order/index1
INFO: [ route_check ] --START--
INFO: Run CheckRoute Behavior [ RunTime:0.001485s ]
INFO: [ route_check ] --END-- [ RunTime:0.001585s ]
INFO: [ app_begin ] --START--
INFO: Run ReadHtmlCache Behavior [ RunTime:0.001431s ]
INFO: [ app_begin ] --END-- [ RunTime:0.001531s ]
INFO: [ view_template ] --START--
INFO: Run LocationTemplate Behavior [ RunTime:0.001806s ]
INFO: [ view_template ] --END-- [ RunTime:0.001887s ]
INFO: [ view_parse ] --START--
INFO: Run ParseTemplate Behavior [ RunTime:0.027134s ]
INFO: [ view_parse ] --END-- [ RunTime:0.027235s ]
INFO: [ view_filter ] --START--
INFO: Run ContentReplace Behavior [ RunTime:0.001164s ]
INFO: Run TokenBuild Behavior [ RunTime:0.001071s ]
INFO: Run WriteHtmlCache Behavior [ RunTime:0.001139s ]
INFO: Run ShowRuntime Behavior [ RunTime:0.001120s ]
INFO: [ view_filter ] --END-- [ RunTime:0.004732s ]
INFO: [ view_end ] --START--
INFO: Run ShowPageTrace Behavior [ RunTime:0.001291s ]
INFO: [ view_end ] --END-- [ RunTime:0.001352s ]

[ 2013-05-28T22:46:20+08:00 ] 127.0.0.1 /index.php/Order/index1
INFO: [ route_check ] --START--
INFO: Run CheckRoute Behavior [ RunTime:0.000926s ]
INFO: [ route_check ] --END-- [ RunTime:0.001027s ]
INFO: [ app_begin ] --START--
INFO: Run ReadHtmlCache Behavior [ RunTime:0.000626s ]
INFO: [ app_begin ] --END-- [ RunTime:0.000696s ]
INFO: [ view_template ] --START--
INFO: Run LocationTemplate Behavior [ RunTime:0.000472s ]
INFO: [ view_template ] --END-- [ RunTime:0.000557s ]
INFO: [ view_parse ] --START--
INFO: Run ParseTemplate Behavior [ RunTime:0.011744s ]
INFO: [ view_parse ] --END-- [ RunTime:0.011883s ]
INFO: [ view_filter ] --START--
INFO: Run ContentReplace Behavior [ RunTime:0.000635s ]
INFO: Run TokenBuild Behavior [ RunTime:0.000446s ]
INFO: Run WriteHtmlCache Behavior [ RunTime:0.000319s ]
INFO: Run ShowRuntime Behavior [ RunTime:0.000491s ]
INFO: [ view_filter ] --END-- [ RunTime:0.002080s ]
INFO: [ view_end ] --START--
INFO: Run ShowPageTrace Behavior [ RunTime:0.000847s ]
INFO: [ view_end ] --END-- [ RunTime:0.000928s ]

[ 2013-05-28T22:46:50+08:00 ] 127.0.0.1 /index.php/Order/index1
INFO: [ route_check ] --START--
INFO: Run CheckRoute Behavior [ RunTime:0.000989s ]
INFO: [ route_check ] --END-- [ RunTime:0.001091s ]
INFO: [ app_begin ] --START--
INFO: Run ReadHtmlCache Behavior [ RunTime:0.000570s ]
INFO: [ app_begin ] --END-- [ RunTime:0.000635s ]
INFO: [ view_template ] --START--
INFO: Run LocationTemplate Behavior [ RunTime:0.000901s ]
INFO: [ view_template ] --END-- [ RunTime:0.001033s ]
INFO: [ view_parse ] --START--
INFO: Run ParseTemplate Behavior [ RunTime:0.011173s ]
INFO: [ view_parse ] --END-- [ RunTime:0.011288s ]
INFO: [ view_filter ] --START--
INFO: Run ContentReplace Behavior [ RunTime:0.000461s ]
INFO: Run TokenBuild Behavior [ RunTime:0.000520s ]
INFO: Run WriteHtmlCache Behavior [ RunTime:0.000362s ]
INFO: Run ShowRuntime Behavior [ RunTime:0.000497s ]
INFO: [ view_filter ] --END-- [ RunTime:0.002065s ]
INFO: [ view_end ] --START--
INFO: Run ShowPageTrace Behavior [ RunTime:0.000640s ]
INFO: [ view_end ] --END-- [ RunTime:0.000708s ]

[ 2013-05-28T22:48:49+08:00 ] 127.0.0.1 /index.php/Order/index1
INFO: [ route_check ] --START--
INFO: Run CheckRoute Behavior [ RunTime:0.001931s ]
INFO: [ route_check ] --END-- [ RunTime:0.002053s ]
INFO: [ app_begin ] --START--
INFO: Run ReadHtmlCache Behavior [ RunTime:0.001251s ]
INFO: [ app_begin ] --END-- [ RunTime:0.001331s ]
INFO: [ view_template ] --START--
INFO: Run LocationTemplate Behavior [ RunTime:0.001884s ]
INFO: [ view_template ] --END-- [ RunTime:0.001979s ]
INFO: [ view_parse ] --START--
INFO: Run ParseTemplate Behavior [ RunTime:0.015274s ]
INFO: [ view_parse ] --END-- [ RunTime:0.015366s ]
INFO: [ view_filter ] --START--
INFO: Run ContentReplace Behavior [ RunTime:0.001072s ]
INFO: Run TokenBuild Behavior [ RunTime:0.001026s ]
INFO: Run WriteHtmlCache Behavior [ RunTime:0.000991s ]
INFO: Run ShowRuntime Behavior [ RunTime:0.001555s ]
INFO: [ view_filter ] --END-- [ RunTime:0.004875s ]
INFO: [ view_end ] --START--
INFO: Run ShowPageTrace Behavior [ RunTime:0.001368s ]
INFO: [ view_end ] --END-- [ RunTime:0.001478s ]

[ 2013-05-28T22:52:09+08:00 ] 127.0.0.1 /index.php/Order/index1
INFO: [ route_check ] --START--
INFO: Run CheckRoute Behavior [ RunTime:0.002080s ]
INFO: [ route_check ] --END-- [ RunTime:0.002244s ]
INFO: [ app_begin ] --START--
INFO: Run ReadHtmlCache Behavior [ RunTime:0.001317s ]
INFO: [ app_begin ] --END-- [ RunTime:0.001397s ]
INFO: [ view_template ] --START--
INFO: Run LocationTemplate Behavior [ RunTime:0.001974s ]
INFO: [ view_template ] --END-- [ RunTime:0.002074s ]
INFO: [ view_parse ] --START--
INFO: Run ParseTemplate Behavior [ RunTime:0.022103s ]
INFO: [ view_parse ] --END-- [ RunTime:0.022239s ]
INFO: [ view_filter ] --START--
INFO: Run ContentReplace Behavior [ RunTime:0.001106s ]
INFO: Run TokenBuild Behavior [ RunTime:0.001109s ]
INFO: Run WriteHtmlCache Behavior [ RunTime:0.001132s ]
INFO: Run ShowRuntime Behavior [ RunTime:0.001346s ]
INFO: [ view_filter ] --END-- [ RunTime:0.004942s ]
INFO: [ view_end ] --START--
INFO: Run ShowPageTrace Behavior [ RunTime:0.001480s ]
INFO: [ view_end ] --END-- [ RunTime:0.001568s ]

[ 2013-05-28T22:53:15+08:00 ] 127.0.0.1 /index.php/Order/index1
INFO: [ route_check ] --START--
INFO: Run CheckRoute Behavior [ RunTime:0.001039s ]
INFO: [ route_check ] --END-- [ RunTime:0.001153s ]
INFO: [ app_begin ] --START--
INFO: Run ReadHtmlCache Behavior [ RunTime:0.000568s ]
INFO: [ app_begin ] --END-- [ RunTime:0.000631s ]
INFO: [ view_template ] --START--
INFO: Run LocationTemplate Behavior [ RunTime:0.000575s ]
INFO: [ view_template ] --END-- [ RunTime:0.000652s ]
INFO: [ view_parse ] --START--
INFO: Run ParseTemplate Behavior [ RunTime:0.011593s ]
INFO: [ view_parse ] --END-- [ RunTime:0.011706s ]
INFO: [ view_filter ] --START--
INFO: Run ContentReplace Behavior [ RunTime:0.000471s ]
INFO: Run TokenBuild Behavior [ RunTime:0.000406s ]
INFO: Run WriteHtmlCache Behavior [ RunTime:0.000290s ]
INFO: Run ShowRuntime Behavior [ RunTime:0.000496s ]
INFO: [ view_filter ] --END-- [ RunTime:0.001824s ]
INFO: [ view_end ] --START--
INFO: Run ShowPageTrace Behavior [ RunTime:0.000698s ]
INFO: [ view_end ] --END-- [ RunTime:0.000756s ]

[ 2013-05-28T22:54:12+08:00 ] 127.0.0.1 /index.php/Order/index1
INFO: [ route_check ] --START--
INFO: Run CheckRoute Behavior [ RunTime:0.001632s ]
INFO: [ route_check ] --END-- [ RunTime:0.001737s ]
INFO: [ app_begin ] --START--
INFO: Run ReadHtmlCache Behavior [ RunTime:0.001270s ]
INFO: [ app_begin ] --END-- [ RunTime:0.001362s ]
INFO: [ view_template ] --START--
INFO: Run LocationTemplate Behavior [ RunTime:0.002780s ]
INFO: [ view_template ] --END-- [ RunTime:0.002931s ]
INFO: [ view_parse ] --START--
INFO: Run ParseTemplate Behavior [ RunTime:0.016345s ]
INFO: [ view_parse ] --END-- [ RunTime:0.016495s ]
INFO: [ view_filter ] --START--
INFO: Run ContentReplace Behavior [ RunTime:0.001254s ]
INFO: Run TokenBuild Behavior [ RunTime:0.001179s ]
INFO: Run WriteHtmlCache Behavior [ RunTime:0.001162s ]
INFO: Run ShowRuntime Behavior [ RunTime:0.001333s ]
INFO: [ view_filter ] --END-- [ RunTime:0.005177s ]
INFO: [ view_end ] --START--
INFO: Run ShowPageTrace Behavior [ RunTime:0.002123s ]
INFO: [ view_end ] --END-- [ RunTime:0.002220s ]

[ 2013-05-28T22:54:29+08:00 ] 127.0.0.1 /index.php/Order/index1
INFO: [ route_check ] --START--
INFO: Run CheckRoute Behavior [ RunTime:0.000898s ]
INFO: [ route_check ] --END-- [ RunTime:0.000997s ]
INFO: [ app_begin ] --START--
INFO: Run ReadHtmlCache Behavior [ RunTime:0.000596s ]
INFO: [ app_begin ] --END-- [ RunTime:0.000663s ]
INFO: [ view_template ] --START--
INFO: Run LocationTemplate Behavior [ RunTime:0.000456s ]
INFO: [ view_template ] --END-- [ RunTime:0.000541s ]
INFO: [ view_parse ] --START--
INFO: Run ParseTemplate Behavior [ RunTime:0.011489s ]
INFO: [ view_parse ] --END-- [ RunTime:0.011578s ]
INFO: [ view_filter ] --START--
INFO: Run ContentReplace Behavior [ RunTime:0.000434s ]
INFO: Run TokenBuild Behavior [ RunTime:0.000408s ]
INFO: Run WriteHtmlCache Behavior [ RunTime:0.000320s ]
INFO: Run ShowRuntime Behavior [ RunTime:0.000485s ]
INFO: [ view_filter ] --END-- [ RunTime:0.001807s ]
INFO: [ view_end ] --START--
INFO: Run ShowPageTrace Behavior [ RunTime:0.000659s ]
INFO: [ view_end ] --END-- [ RunTime:0.000718s ]

[ 2013-05-28T22:54:35+08:00 ] 127.0.0.1 /index.php/Order/index2
INFO: [ route_check ] --START--
INFO: Run CheckRoute Behavior [ RunTime:0.000918s ]
INFO: [ route_check ] --END-- [ RunTime:0.001017s ]
INFO: [ app_begin ] --START--
INFO: Run ReadHtmlCache Behavior [ RunTime:0.000604s ]
INFO: [ app_begin ] --END-- [ RunTime:0.000669s ]
INFO: [ view_template ] --START--
INFO: Run LocationTemplate Behavior [ RunTime:0.001283s ]
INFO: [ view_template ] --END-- [ RunTime:0.001376s ]
INFO: [ view_parse ] --START--
NOTIC: [8] Undefined variable: goods E:\www\szjiusc\Runtime\Cache\4e1048d004586a45ade6238bcd2d6360.php 第 36 行.
NOTIC: [8] Undefined variable: total_number E:\www\szjiusc\Runtime\Cache\4e1048d004586a45ade6238bcd2d6360.php 第 47 行.
NOTIC: [8] Undefined variable: total_price E:\www\szjiusc\Runtime\Cache\4e1048d004586a45ade6238bcd2d6360.php 第 48 行.
NOTIC: [8] Undefined variable: coupon_price E:\www\szjiusc\Runtime\Cache\4e1048d004586a45ade6238bcd2d6360.php 第 49 行.
NOTIC: [8] Undefined variable: coupon E:\www\szjiusc\Runtime\Cache\4e1048d004586a45ade6238bcd2d6360.php 第 50 行.
INFO: Run ParseTemplate Behavior [ RunTime:0.036880s ]
INFO: [ view_parse ] --END-- [ RunTime:0.036959s ]
INFO: [ view_filter ] --START--
INFO: Run ContentReplace Behavior [ RunTime:0.000529s ]
INFO: Run TokenBuild Behavior [ RunTime:0.000480s ]
INFO: Run WriteHtmlCache Behavior [ RunTime:0.000346s ]
INFO: Run ShowRuntime Behavior [ RunTime:0.000528s ]
INFO: [ view_filter ] --END-- [ RunTime:0.002065s ]
INFO: [ view_end ] --START--
INFO: Run ShowPageTrace Behavior [ RunTime:0.000709s ]
INFO: [ view_end ] --END-- [ RunTime:0.000766s ]

[ 2013-05-28T22:54:54+08:00 ] 127.0.0.1 /index.php/Order/index2
INFO: [ route_check ] --START--
INFO: Run CheckRoute Behavior [ RunTime:0.000998s ]
INFO: [ route_check ] --END-- [ RunTime:0.001141s ]
INFO: [ app_begin ] --START--
INFO: Run ReadHtmlCache Behavior [ RunTime:0.000774s ]
INFO: [ app_begin ] --END-- [ RunTime:0.000874s ]
INFO: [ view_template ] --START--
INFO: Run LocationTemplate Behavior [ RunTime:0.000611s ]
INFO: [ view_template ] --END-- [ RunTime:0.000745s ]
INFO: [ view_parse ] --START--
NOTIC: [8] Undefined variable: goods E:\www\szjiusc\Runtime\Cache\4e1048d004586a45ade6238bcd2d6360.php 第 36 行.
NOTIC: [8] Undefined variable: total_number E:\www\szjiusc\Runtime\Cache\4e1048d004586a45ade6238bcd2d6360.php 第 47 行.
NOTIC: [8] Undefined variable: total_price E:\www\szjiusc\Runtime\Cache\4e1048d004586a45ade6238bcd2d6360.php 第 48 行.
NOTIC: [8] Undefined variable: coupon_price E:\www\szjiusc\Runtime\Cache\4e1048d004586a45ade6238bcd2d6360.php 第 49 行.
NOTIC: [8] Undefined variable: coupon E:\www\szjiusc\Runtime\Cache\4e1048d004586a45ade6238bcd2d6360.php 第 50 行.
INFO: Run ParseTemplate Behavior [ RunTime:0.015052s ]
INFO: [ view_parse ] --END-- [ RunTime:0.015171s ]
INFO: [ view_filter ] --START--
INFO: Run ContentReplace Behavior [ RunTime:0.000692s ]
INFO: Run TokenBuild Behavior [ RunTime:0.000638s ]
INFO: Run WriteHtmlCache Behavior [ RunTime:0.000435s ]
INFO: Run ShowRuntime Behavior [ RunTime:0.001008s ]
INFO: [ view_filter ] --END-- [ RunTime:0.003065s ]
INFO: [ view_end ] --START--
INFO: Run ShowPageTrace Behavior [ RunTime:0.001046s ]
INFO: [ view_end ] --END-- [ RunTime:0.001150s ]

[ 2013-05-28T22:56:50+08:00 ] 127.0.0.1 /index.php/Order/index2
INFO: [ route_check ] --START--
INFO: Run CheckRoute Behavior [ RunTime:0.002162s ]
INFO: [ route_check ] --END-- [ RunTime:0.002299s ]
INFO: [ app_begin ] --START--
INFO: Run ReadHtmlCache Behavior [ RunTime:0.001675s ]
INFO: [ app_begin ] --END-- [ RunTime:0.001796s ]
INFO: [ view_template ] --START--
INFO: Run LocationTemplate Behavior [ RunTime:0.002092s ]
INFO: [ view_template ] --END-- [ RunTime:0.002192s ]
INFO: [ view_parse ] --START--
NOTIC: [8] Undefined variable: goods E:\www\szjiusc\Runtime\Cache\4e1048d004586a45ade6238bcd2d6360.php 第 36 行.
NOTIC: [8] Undefined variable: total_number E:\www\szjiusc\Runtime\Cache\4e1048d004586a45ade6238bcd2d6360.php 第 47 行.
NOTIC: [8] Undefined variable: total_price E:\www\szjiusc\Runtime\Cache\4e1048d004586a45ade6238bcd2d6360.php 第 48 行.
NOTIC: [8] Undefined variable: coupon_price E:\www\szjiusc\Runtime\Cache\4e1048d004586a45ade6238bcd2d6360.php 第 49 行.
NOTIC: [8] Undefined variable: coupon E:\www\szjiusc\Runtime\Cache\4e1048d004586a45ade6238bcd2d6360.php 第 50 行.
INFO: Run ParseTemplate Behavior [ RunTime:0.015731s ]
INFO: [ view_parse ] --END-- [ RunTime:0.015898s ]
INFO: [ view_filter ] --START--
INFO: Run ContentReplace Behavior [ RunTime:0.001276s ]
INFO: Run TokenBuild Behavior [ RunTime:0.001424s ]
INFO: Run WriteHtmlCache Behavior [ RunTime:0.001115s ]
INFO: Run ShowRuntime Behavior [ RunTime:0.001126s ]
INFO: [ view_filter ] --END-- [ RunTime:0.005229s ]
INFO: [ view_end ] --START--
INFO: Run ShowPageTrace Behavior [ RunTime:0.001217s ]
INFO: [ view_end ] --END-- [ RunTime:0.001276s ]

[ 2013-05-28T22:57:30+08:00 ] 127.0.0.1 /index.php/Index/addCart
INFO: [ route_check ] --START--
INFO: Run CheckRoute Behavior [ RunTime:0.000891s ]
INFO: [ route_check ] --END-- [ RunTime:0.000985s ]
INFO: [ app_begin ] --START--
INFO: Run ReadHtmlCache Behavior [ RunTime:0.000575s ]
INFO: [ app_begin ] --END-- [ RunTime:0.000637s ]
NOTIC: [2048] Declaration of IndexAction::show() should be compatible with that of Action::show() E:\www\szjiusc\Lib\Action\IndexAction.class.php 第 116 行.
NOTIC: [8] Undefined index:  cart D:\ThinkPHP\Extend\Library\ORG\Util\Cart.class.php 第 24 行.
NOTIC: [8] Undefined index:  cart D:\ThinkPHP\Extend\Library\ORG\Util\Cart.class.php 第 26 行.
NOTIC: [8] Undefined index:  cart D:\ThinkPHP\Extend\Library\ORG\Util\Cart.class.php 第 27 行.
NOTIC: [8] Undefined index:  cart D:\ThinkPHP\Extend\Library\ORG\Util\Cart.class.php 第 28 行.
NOTIC: [8] Undefined index:  cart D:\ThinkPHP\Extend\Library\ORG\Util\Cart.class.php 第 29 行.
NOTIC: [8] Undefined index:  cart D:\ThinkPHP\Extend\Library\ORG\Util\Cart.class.php 第 30 行.

[ 2013-05-28T22:57:34+08:00 ] 127.0.0.1 /index.php/Index/addCart
INFO: [ route_check ] --START--
INFO: Run CheckRoute Behavior [ RunTime:0.001121s ]
INFO: [ route_check ] --END-- [ RunTime:0.001269s ]
INFO: [ app_begin ] --START--
INFO: Run ReadHtmlCache Behavior [ RunTime:0.000664s ]
INFO: [ app_begin ] --END-- [ RunTime:0.000734s ]
NOTIC: [2048] Declaration of IndexAction::show() should be compatible with that of Action::show() E:\www\szjiusc\Lib\Action\IndexAction.class.php 第 116 行.
NOTIC: [8] Undefined index:  discount D:\ThinkPHP\Extend\Library\ORG\Util\Cart.class.php 第 27 行.

[ 2013-05-28T22:57:40+08:00 ] 127.0.0.1 /index.php/Order/index2
INFO: [ route_check ] --START--
INFO: Run CheckRoute Behavior [ RunTime:0.001076s ]
INFO: [ route_check ] --END-- [ RunTime:0.001214s ]
INFO: [ app_begin ] --START--
INFO: Run ReadHtmlCache Behavior [ RunTime:0.000932s ]
INFO: [ app_begin ] --END-- [ RunTime:0.001076s ]
INFO: [ view_template ] --START--
INFO: Run LocationTemplate Behavior [ RunTime:0.000450s ]
INFO: [ view_template ] --END-- [ RunTime:0.000532s ]
INFO: [ view_parse ] --START--
NOTIC: [8] Undefined variable: goods E:\www\szjiusc\Runtime\Cache\4e1048d004586a45ade6238bcd2d6360.php 第 36 行.
NOTIC: [8] Undefined variable: total_number E:\www\szjiusc\Runtime\Cache\4e1048d004586a45ade6238bcd2d6360.php 第 47 行.
NOTIC: [8] Undefined variable: total_price E:\www\szjiusc\Runtime\Cache\4e1048d004586a45ade6238bcd2d6360.php 第 48 行.
NOTIC: [8] Undefined variable: coupon_price E:\www\szjiusc\Runtime\Cache\4e1048d004586a45ade6238bcd2d6360.php 第 49 行.
NOTIC: [8] Undefined variable: coupon E:\www\szjiusc\Runtime\Cache\4e1048d004586a45ade6238bcd2d6360.php 第 50 行.
INFO: Run ParseTemplate Behavior [ RunTime:0.013962s ]
INFO: [ view_parse ] --END-- [ RunTime:0.014036s ]
INFO: [ view_filter ] --START--
INFO: Run ContentReplace Behavior [ RunTime:0.000464s ]
INFO: Run TokenBuild Behavior [ RunTime:0.000407s ]
INFO: Run WriteHtmlCache Behavior [ RunTime:0.000679s ]
INFO: Run ShowRuntime Behavior [ RunTime:0.000954s ]
INFO: [ view_filter ] --END-- [ RunTime:0.002844s ]
INFO: [ view_end ] --START--
INFO: Run ShowPageTrace Behavior [ RunTime:0.001149s ]
INFO: [ view_end ] --END-- [ RunTime:0.001337s ]

[ 2013-05-28T22:58:29+08:00 ] 127.0.0.1 /index.php/Order/index2
INFO: [ route_check ] --START--
INFO: Run CheckRoute Behavior [ RunTime:0.001065s ]
INFO: [ route_check ] --END-- [ RunTime:0.001186s ]
INFO: [ app_begin ] --START--
INFO: Run ReadHtmlCache Behavior [ RunTime:0.000584s ]
INFO: [ app_begin ] --END-- [ RunTime:0.000653s ]
INFO: [ view_template ] --START--
INFO: Run LocationTemplate Behavior [ RunTime:0.000460s ]
INFO: [ view_template ] --END-- [ RunTime:0.000540s ]
INFO: [ view_parse ] --START--
INFO: Run ParseTemplate Behavior [ RunTime:0.013487s ]
INFO: [ view_parse ] --END-- [ RunTime:0.013592s ]
INFO: [ view_filter ] --START--
INFO: Run ContentReplace Behavior [ RunTime:0.000501s ]
INFO: Run TokenBuild Behavior [ RunTime:0.000417s ]
INFO: Run WriteHtmlCache Behavior [ RunTime:0.000298s ]
INFO: Run ShowRuntime Behavior [ RunTime:0.000554s ]
INFO: [ view_filter ] --END-- [ RunTime:0.001939s ]
INFO: [ view_end ] --START--
INFO: Run ShowPageTrace Behavior [ RunTime:0.000885s ]
INFO: [ view_end ] --END-- [ RunTime:0.000962s ]

[ 2013-05-28T23:01:20+08:00 ] 127.0.0.1 /index.php/Order/index2
INFO: [ route_check ] --START--
INFO: Run CheckRoute Behavior [ RunTime:0.001642s ]
INFO: [ route_check ] --END-- [ RunTime:0.001759s ]
INFO: [ app_begin ] --START--
INFO: Run ReadHtmlCache Behavior [ RunTime:0.001170s ]
INFO: [ app_begin ] --END-- [ RunTime:0.001239s ]
INFO: [ view_template ] --START--
INFO: Run LocationTemplate Behavior [ RunTime:0.001960s ]
INFO: [ view_template ] --END-- [ RunTime:0.002071s ]
INFO: [ view_parse ] --START--
INFO: Run ParseTemplate Behavior [ RunTime:0.017265s ]
INFO: [ view_parse ] --END-- [ RunTime:0.017371s ]
INFO: [ view_filter ] --START--
INFO: Run ContentReplace Behavior [ RunTime:0.001540s ]
INFO: Run TokenBuild Behavior [ RunTime:0.001075s ]
INFO: Run WriteHtmlCache Behavior [ RunTime:0.001128s ]
INFO: Run ShowRuntime Behavior [ RunTime:0.001139s ]
INFO: [ view_filter ] --END-- [ RunTime:0.005087s ]
INFO: [ view_end ] --START--
INFO: Run ShowPageTrace Behavior [ RunTime:0.001676s ]
INFO: [ view_end ] --END-- [ RunTime:0.001771s ]

