[ 2013-05-23T00:11:00+08:00 ] 127.0.0.1 /
INFO: [ app_begin ] --START--
INFO: Run ReadHtmlCache Behavior [ RunTime:0.019900s ]
INFO: [ app_begin ] --END-- [ RunTime:0.020065s ]
NOTIC: [2048] Declaration of IndexAction::show() should be compatible with that of Action::show() E:\www\szjiusc\Lib\Action\IndexAction.class.php 第 45 行.
INFO: [ view_template ] --START--
INFO: Run LocationTemplate Behavior [ RunTime:0.016410s ]
INFO: [ view_template ] --END-- [ RunTime:0.016514s ]
INFO: [ view_parse ] --START--
INFO: Run ParseTemplate Behavior [ RunTime:0.138398s ]
INFO: [ view_parse ] --END-- [ RunTime:0.138540s ]
INFO: [ view_filter ] --START--
INFO: Run ContentReplace Behavior [ RunTime:0.012866s ]
INFO: Run TokenBuild Behavior [ RunTime:0.011536s ]
INFO: Run WriteHtmlCache Behavior [ RunTime:0.005830s ]
INFO: Run ShowRuntime Behavior [ RunTime:0.005687s ]
INFO: [ view_filter ] --END-- [ RunTime:0.036294s ]
INFO: [ view_end ] --START--
INFO: Run ShowPageTrace Behavior [ RunTime:0.002807s ]
INFO: [ view_end ] --END-- [ RunTime:0.002903s ]

[ 2013-05-23T00:11:02+08:00 ] 127.0.0.1 /index.php/Index/show/id/1
INFO: [ route_check ] --START--
INFO: Run CheckRoute Behavior [ RunTime:0.011608s ]
INFO: [ route_check ] --END-- [ RunTime:0.011730s ]
INFO: [ app_begin ] --START--
INFO: Run ReadHtmlCache Behavior [ RunTime:0.000639s ]
INFO: [ app_begin ] --END-- [ RunTime:0.000705s ]
NOTIC: [2048] Declaration of IndexAction::show() should be compatible with that of Action::show() E:\www\szjiusc\Lib\Action\IndexAction.class.php 第 45 行.
INFO: [ view_template ] --START--
INFO: Run LocationTemplate Behavior [ RunTime:0.001258s ]
INFO: [ view_template ] --END-- [ RunTime:0.001328s ]
INFO: [ view_parse ] --START--
INFO: Run ParseTemplate Behavior [ RunTime:0.011360s ]
INFO: [ view_parse ] --END-- [ RunTime:0.011458s ]
INFO: [ view_filter ] --START--
INFO: Run ContentReplace Behavior [ RunTime:0.000548s ]
INFO: Run TokenBuild Behavior [ RunTime:0.000671s ]
INFO: Run WriteHtmlCache Behavior [ RunTime:0.000321s ]
INFO: Run ShowRuntime Behavior [ RunTime:0.001105s ]
INFO: [ view_filter ] --END-- [ RunTime:0.003736s ]
INFO: [ view_end ] --START--
INFO: Run ShowPageTrace Behavior [ RunTime:0.000650s ]
INFO: [ view_end ] --END-- [ RunTime:0.000706s ]

[ 2013-05-23T00:11:15+08:00 ] 127.0.0.1 /index.php/Index/addCart
INFO: [ route_check ] --START--
INFO: Run CheckRoute Behavior [ RunTime:0.001567s ]
INFO: [ route_check ] --END-- [ RunTime:0.001726s ]
INFO: [ app_begin ] --START--
INFO: Run ReadHtmlCache Behavior [ RunTime:0.000934s ]
INFO: [ app_begin ] --END-- [ RunTime:0.001034s ]
NOTIC: [2048] Declaration of IndexAction::show() should be compatible with that of Action::show() E:\www\szjiusc\Lib\Action\IndexAction.class.php 第 45 行.
NOTIC: [8] Undefined index:  cart D:\ThinkPHP\Extend\Library\ORG\Util\Cart.class.php 第 23 行.
NOTIC: [8] Undefined index:  cart D:\ThinkPHP\Extend\Library\ORG\Util\Cart.class.php 第 24 行.
NOTIC: [8] Undefined index:  cart D:\ThinkPHP\Extend\Library\ORG\Util\Cart.class.php 第 25 行.
NOTIC: [8] Undefined index:  cart D:\ThinkPHP\Extend\Library\ORG\Util\Cart.class.php 第 26 行.
NOTIC: [8] Undefined index:  cart D:\ThinkPHP\Extend\Library\ORG\Util\Cart.class.php 第 27 行.
NOTIC: [8] Undefined index:  cart D:\ThinkPHP\Extend\Library\ORG\Util\Cart.class.php 第 28 行.
NOTIC: [8] Undefined index:  cart D:\ThinkPHP\Extend\Library\ORG\Util\Cart.class.php 第 29 行.

[ 2013-05-23T00:11:22+08:00 ] 127.0.0.1 /index.php/Index/addCart
INFO: [ route_check ] --START--
INFO: Run CheckRoute Behavior [ RunTime:0.000879s ]
INFO: [ route_check ] --END-- [ RunTime:0.000972s ]
INFO: [ app_begin ] --START--
INFO: Run ReadHtmlCache Behavior [ RunTime:0.000567s ]
INFO: [ app_begin ] --END-- [ RunTime:0.000624s ]
NOTIC: [2048] Declaration of IndexAction::show() should be compatible with that of Action::show() E:\www\szjiusc\Lib\Action\IndexAction.class.php 第 45 行.
NOTIC: [8] Undefined index:  number D:\ThinkPHP\Extend\Library\ORG\Util\Cart.class.php 第 24 行.
NOTIC: [8] Undefined index:  coupon D:\ThinkPHP\Extend\Library\ORG\Util\Cart.class.php 第 25 行.
NOTIC: [8] Undefined index:  coupon_price D:\ThinkPHP\Extend\Library\ORG\Util\Cart.class.php 第 26 行.
NOTIC: [8] Undefined index:  total D:\ThinkPHP\Extend\Library\ORG\Util\Cart.class.php 第 27 行.
NOTIC: [8] Undefined index:  total_price D:\ThinkPHP\Extend\Library\ORG\Util\Cart.class.php 第 28 行.
NOTIC: [8] Undefined index:  discount D:\ThinkPHP\Extend\Library\ORG\Util\Cart.class.php 第 29 行.

[ 2013-05-23T00:13:40+08:00 ] 127.0.0.1 /index.php/Index/clearCart
INFO: [ route_check ] --START--
INFO: Run CheckRoute Behavior [ RunTime:0.001513s ]
INFO: [ route_check ] --END-- [ RunTime:0.001614s ]
INFO: [ app_begin ] --START--
INFO: Run ReadHtmlCache Behavior [ RunTime:0.001188s ]
INFO: [ app_begin ] --END-- [ RunTime:0.001247s ]
NOTIC: [2048] Declaration of IndexAction::show() should be compatible with that of Action::show() E:\www\szjiusc\Lib\Action\IndexAction.class.php 第 45 行.

[ 2013-05-23T00:13:51+08:00 ] 127.0.0.1 /index.php/Index/addCart
INFO: [ route_check ] --START--
INFO: Run CheckRoute Behavior [ RunTime:0.000922s ]
INFO: [ route_check ] --END-- [ RunTime:0.001020s ]
INFO: [ app_begin ] --START--
INFO: Run ReadHtmlCache Behavior [ RunTime:0.000608s ]
INFO: [ app_begin ] --END-- [ RunTime:0.000673s ]
NOTIC: [2048] Declaration of IndexAction::show() should be compatible with that of Action::show() E:\www\szjiusc\Lib\Action\IndexAction.class.php 第 45 行.
NOTIC: [8] Undefined index:  cart D:\ThinkPHP\Extend\Library\ORG\Util\Cart.class.php 第 23 行.
NOTIC: [8] Undefined index:  cart D:\ThinkPHP\Extend\Library\ORG\Util\Cart.class.php 第 24 行.
NOTIC: [8] Undefined index:  cart D:\ThinkPHP\Extend\Library\ORG\Util\Cart.class.php 第 25 行.
NOTIC: [8] Undefined index:  cart D:\ThinkPHP\Extend\Library\ORG\Util\Cart.class.php 第 26 行.
NOTIC: [8] Undefined index:  cart D:\ThinkPHP\Extend\Library\ORG\Util\Cart.class.php 第 27 行.
NOTIC: [8] Undefined index:  cart D:\ThinkPHP\Extend\Library\ORG\Util\Cart.class.php 第 28 行.
NOTIC: [8] Undefined index:  cart D:\ThinkPHP\Extend\Library\ORG\Util\Cart.class.php 第 29 行.

[ 2013-05-23T00:13:53+08:00 ] 127.0.0.1 /index.php/Index/addCart
INFO: [ route_check ] --START--
INFO: Run CheckRoute Behavior [ RunTime:0.000879s ]
INFO: [ route_check ] --END-- [ RunTime:0.000968s ]
INFO: [ app_begin ] --START--
INFO: Run ReadHtmlCache Behavior [ RunTime:0.000567s ]
INFO: [ app_begin ] --END-- [ RunTime:0.000624s ]
NOTIC: [2048] Declaration of IndexAction::show() should be compatible with that of Action::show() E:\www\szjiusc\Lib\Action\IndexAction.class.php 第 45 行.
NOTIC: [8] Undefined index:  number D:\ThinkPHP\Extend\Library\ORG\Util\Cart.class.php 第 24 行.
NOTIC: [8] Undefined index:  coupon D:\ThinkPHP\Extend\Library\ORG\Util\Cart.class.php 第 25 行.
NOTIC: [8] Undefined index:  coupon_price D:\ThinkPHP\Extend\Library\ORG\Util\Cart.class.php 第 26 行.
NOTIC: [8] Undefined index:  total D:\ThinkPHP\Extend\Library\ORG\Util\Cart.class.php 第 27 行.
NOTIC: [8] Undefined index:  total_price D:\ThinkPHP\Extend\Library\ORG\Util\Cart.class.php 第 28 行.
NOTIC: [8] Undefined index:  discount D:\ThinkPHP\Extend\Library\ORG\Util\Cart.class.php 第 29 行.

[ 2013-05-23T00:14:59+08:00 ] 127.0.0.1 /index.php/Index/clearCart
INFO: [ route_check ] --START--
INFO: Run CheckRoute Behavior [ RunTime:0.000873s ]
INFO: [ route_check ] --END-- [ RunTime:0.000970s ]
INFO: [ app_begin ] --START--
INFO: Run ReadHtmlCache Behavior [ RunTime:0.000568s ]
INFO: [ app_begin ] --END-- [ RunTime:0.000624s ]
NOTIC: [2048] Declaration of IndexAction::show() should be compatible with that of Action::show() E:\www\szjiusc\Lib\Action\IndexAction.class.php 第 45 行.

[ 2013-05-23T00:15:01+08:00 ] 127.0.0.1 /index.php/Index/addCart
INFO: [ route_check ] --START--
INFO: Run CheckRoute Behavior [ RunTime:0.000938s ]
INFO: [ route_check ] --END-- [ RunTime:0.001041s ]
INFO: [ app_begin ] --START--
INFO: Run ReadHtmlCache Behavior [ RunTime:0.000683s ]
INFO: [ app_begin ] --END-- [ RunTime:0.000748s ]
NOTIC: [2048] Declaration of IndexAction::show() should be compatible with that of Action::show() E:\www\szjiusc\Lib\Action\IndexAction.class.php 第 45 行.
NOTIC: [8] Undefined index:  cart D:\ThinkPHP\Extend\Library\ORG\Util\Cart.class.php 第 23 行.
NOTIC: [8] Undefined index:  cart D:\ThinkPHP\Extend\Library\ORG\Util\Cart.class.php 第 24 行.
NOTIC: [8] Undefined index:  cart D:\ThinkPHP\Extend\Library\ORG\Util\Cart.class.php 第 25 行.
NOTIC: [8] Undefined index:  cart D:\ThinkPHP\Extend\Library\ORG\Util\Cart.class.php 第 26 行.
NOTIC: [8] Undefined index:  cart D:\ThinkPHP\Extend\Library\ORG\Util\Cart.class.php 第 27 行.
NOTIC: [8] Undefined index:  cart D:\ThinkPHP\Extend\Library\ORG\Util\Cart.class.php 第 28 行.
NOTIC: [8] Undefined index:  cart D:\ThinkPHP\Extend\Library\ORG\Util\Cart.class.php 第 29 行.

[ 2013-05-23T00:15:02+08:00 ] 127.0.0.1 /index.php/Index/addCart
INFO: [ route_check ] --START--
INFO: Run CheckRoute Behavior [ RunTime:0.000932s ]
INFO: [ route_check ] --END-- [ RunTime:0.001034s ]
INFO: [ app_begin ] --START--
INFO: Run ReadHtmlCache Behavior [ RunTime:0.000620s ]
INFO: [ app_begin ] --END-- [ RunTime:0.000685s ]
NOTIC: [2048] Declaration of IndexAction::show() should be compatible with that of Action::show() E:\www\szjiusc\Lib\Action\IndexAction.class.php 第 45 行.
NOTIC: [8] Undefined index:  number D:\ThinkPHP\Extend\Library\ORG\Util\Cart.class.php 第 24 行.
NOTIC: [8] Undefined index:  coupon D:\ThinkPHP\Extend\Library\ORG\Util\Cart.class.php 第 25 行.
NOTIC: [8] Undefined index:  coupon_price D:\ThinkPHP\Extend\Library\ORG\Util\Cart.class.php 第 26 行.
NOTIC: [8] Undefined index:  total D:\ThinkPHP\Extend\Library\ORG\Util\Cart.class.php 第 27 行.
NOTIC: [8] Undefined index:  total_price D:\ThinkPHP\Extend\Library\ORG\Util\Cart.class.php 第 28 行.
NOTIC: [8] Undefined index:  discount D:\ThinkPHP\Extend\Library\ORG\Util\Cart.class.php 第 29 行.

[ 2013-05-23T00:18:17+08:00 ] 127.0.0.1 /index.php/Index/clearCart
INFO: [ route_check ] --START--
INFO: Run CheckRoute Behavior [ RunTime:0.001613s ]
INFO: [ route_check ] --END-- [ RunTime:0.001724s ]
INFO: [ app_begin ] --START--
INFO: Run ReadHtmlCache Behavior [ RunTime:0.001285s ]
INFO: [ app_begin ] --END-- [ RunTime:0.001368s ]
NOTIC: [2048] Declaration of IndexAction::show() should be compatible with that of Action::show() E:\www\szjiusc\Lib\Action\IndexAction.class.php 第 45 行.

[ 2013-05-23T00:18:20+08:00 ] 127.0.0.1 /index.php/Index/addCart
INFO: [ route_check ] --START--
INFO: Run CheckRoute Behavior [ RunTime:0.000899s ]
INFO: [ route_check ] --END-- [ RunTime:0.001001s ]
INFO: [ app_begin ] --START--
INFO: Run ReadHtmlCache Behavior [ RunTime:0.000577s ]
INFO: [ app_begin ] --END-- [ RunTime:0.000634s ]
NOTIC: [2048] Declaration of IndexAction::show() should be compatible with that of Action::show() E:\www\szjiusc\Lib\Action\IndexAction.class.php 第 45 行.
NOTIC: [8] Undefined index:  cart D:\ThinkPHP\Extend\Library\ORG\Util\Cart.class.php 第 23 行.
NOTIC: [8] Undefined index:  cart D:\ThinkPHP\Extend\Library\ORG\Util\Cart.class.php 第 24 行.
NOTIC: [8] Undefined index:  cart D:\ThinkPHP\Extend\Library\ORG\Util\Cart.class.php 第 25 行.
NOTIC: [8] Undefined index:  cart D:\ThinkPHP\Extend\Library\ORG\Util\Cart.class.php 第 26 行.
NOTIC: [8] Undefined index:  cart D:\ThinkPHP\Extend\Library\ORG\Util\Cart.class.php 第 27 行.
NOTIC: [8] Undefined index:  cart D:\ThinkPHP\Extend\Library\ORG\Util\Cart.class.php 第 28 行.
NOTIC: [8] Undefined index:  cart D:\ThinkPHP\Extend\Library\ORG\Util\Cart.class.php 第 29 行.

[ 2013-05-23T00:18:28+08:00 ] 127.0.0.1 /index.php/Index/addCart
INFO: [ route_check ] --START--
INFO: Run CheckRoute Behavior [ RunTime:0.000957s ]
INFO: [ route_check ] --END-- [ RunTime:0.001072s ]
INFO: [ app_begin ] --START--
INFO: Run ReadHtmlCache Behavior [ RunTime:0.000680s ]
INFO: [ app_begin ] --END-- [ RunTime:0.000751s ]
NOTIC: [2048] Declaration of IndexAction::show() should be compatible with that of Action::show() E:\www\szjiusc\Lib\Action\IndexAction.class.php 第 45 行.
NOTIC: [8] Undefined index:  number D:\ThinkPHP\Extend\Library\ORG\Util\Cart.class.php 第 24 行.
NOTIC: [8] Undefined index:  coupon D:\ThinkPHP\Extend\Library\ORG\Util\Cart.class.php 第 25 行.
NOTIC: [8] Undefined index:  coupon_price D:\ThinkPHP\Extend\Library\ORG\Util\Cart.class.php 第 26 行.
NOTIC: [8] Undefined index:  total D:\ThinkPHP\Extend\Library\ORG\Util\Cart.class.php 第 27 行.
NOTIC: [8] Undefined index:  total_price D:\ThinkPHP\Extend\Library\ORG\Util\Cart.class.php 第 28 行.
NOTIC: [8] Undefined index:  discount D:\ThinkPHP\Extend\Library\ORG\Util\Cart.class.php 第 29 行.
NOTIC: [8] Undefined offset:  1 D:\ThinkPHP\Extend\Library\ORG\Util\Cart.class.php 第 41 行.
NOTIC: [8] Undefined index:  number D:\ThinkPHP\Extend\Library\ORG\Util\Cart.class.php 第 41 行.

[ 2013-05-23T00:18:36+08:00 ] 127.0.0.1 /index.php/Index/addCart
INFO: [ route_check ] --START--
INFO: Run CheckRoute Behavior [ RunTime:0.001126s ]
INFO: [ route_check ] --END-- [ RunTime:0.001229s ]
INFO: [ app_begin ] --START--
INFO: Run ReadHtmlCache Behavior [ RunTime:0.000778s ]
INFO: [ app_begin ] --END-- [ RunTime:0.000840s ]
NOTIC: [2048] Declaration of IndexAction::show() should be compatible with that of Action::show() E:\www\szjiusc\Lib\Action\IndexAction.class.php 第 45 行.
NOTIC: [8] Undefined index:  number D:\ThinkPHP\Extend\Library\ORG\Util\Cart.class.php 第 24 行.
NOTIC: [8] Undefined index:  coupon D:\ThinkPHP\Extend\Library\ORG\Util\Cart.class.php 第 25 行.
NOTIC: [8] Undefined index:  coupon_price D:\ThinkPHP\Extend\Library\ORG\Util\Cart.class.php 第 26 行.
NOTIC: [8] Undefined index:  total D:\ThinkPHP\Extend\Library\ORG\Util\Cart.class.php 第 27 行.
NOTIC: [8] Undefined index:  total_price D:\ThinkPHP\Extend\Library\ORG\Util\Cart.class.php 第 28 行.
NOTIC: [8] Undefined index:  discount D:\ThinkPHP\Extend\Library\ORG\Util\Cart.class.php 第 29 行.
NOTIC: [8] Undefined index:  id D:\ThinkPHP\Extend\Library\ORG\Util\Cart.class.php 第 81 行.

[ 2013-05-23T00:18:47+08:00 ] 127.0.0.1 /index.php/Index/addCart
INFO: [ route_check ] --START--
INFO: Run CheckRoute Behavior [ RunTime:0.000954s ]
INFO: [ route_check ] --END-- [ RunTime:0.001054s ]
INFO: [ app_begin ] --START--
INFO: Run ReadHtmlCache Behavior [ RunTime:0.000628s ]
INFO: [ app_begin ] --END-- [ RunTime:0.000685s ]
NOTIC: [2048] Declaration of IndexAction::show() should be compatible with that of Action::show() E:\www\szjiusc\Lib\Action\IndexAction.class.php 第 45 行.
NOTIC: [8] Undefined index:  number D:\ThinkPHP\Extend\Library\ORG\Util\Cart.class.php 第 24 行.
NOTIC: [8] Undefined index:  coupon D:\ThinkPHP\Extend\Library\ORG\Util\Cart.class.php 第 25 行.
NOTIC: [8] Undefined index:  coupon_price D:\ThinkPHP\Extend\Library\ORG\Util\Cart.class.php 第 26 行.
NOTIC: [8] Undefined index:  total D:\ThinkPHP\Extend\Library\ORG\Util\Cart.class.php 第 27 行.
NOTIC: [8] Undefined index:  total_price D:\ThinkPHP\Extend\Library\ORG\Util\Cart.class.php 第 28 行.
NOTIC: [8] Undefined index:  discount D:\ThinkPHP\Extend\Library\ORG\Util\Cart.class.php 第 29 行.
NOTIC: [8] Undefined index:  id D:\ThinkPHP\Extend\Library\ORG\Util\Cart.class.php 第 81 行.

[ 2013-05-23T00:19:02+08:00 ] 127.0.0.1 /index.php/Index/addCart
INFO: [ route_check ] --START--
INFO: Run CheckRoute Behavior [ RunTime:0.000865s ]
INFO: [ route_check ] --END-- [ RunTime:0.000958s ]
INFO: [ app_begin ] --START--
INFO: Run ReadHtmlCache Behavior [ RunTime:0.000556s ]
INFO: [ app_begin ] --END-- [ RunTime:0.000612s ]
NOTIC: [2048] Declaration of IndexAction::show() should be compatible with that of Action::show() E:\www\szjiusc\Lib\Action\IndexAction.class.php 第 45 行.
NOTIC: [8] Undefined index:  number D:\ThinkPHP\Extend\Library\ORG\Util\Cart.class.php 第 24 行.
NOTIC: [8] Undefined index:  coupon D:\ThinkPHP\Extend\Library\ORG\Util\Cart.class.php 第 25 行.
NOTIC: [8] Undefined index:  coupon_price D:\ThinkPHP\Extend\Library\ORG\Util\Cart.class.php 第 26 行.
NOTIC: [8] Undefined index:  total D:\ThinkPHP\Extend\Library\ORG\Util\Cart.class.php 第 27 行.
NOTIC: [8] Undefined index:  total_price D:\ThinkPHP\Extend\Library\ORG\Util\Cart.class.php 第 28 行.
NOTIC: [8] Undefined index:  discount D:\ThinkPHP\Extend\Library\ORG\Util\Cart.class.php 第 29 行.
NOTIC: [8] Undefined index:  id D:\ThinkPHP\Extend\Library\ORG\Util\Cart.class.php 第 81 行.

[ 2013-05-23T00:19:11+08:00 ] 127.0.0.1 /index.php/Index/addCart
INFO: [ route_check ] --START--
INFO: Run CheckRoute Behavior [ RunTime:0.000899s ]
INFO: [ route_check ] --END-- [ RunTime:0.000994s ]
INFO: [ app_begin ] --START--
INFO: Run ReadHtmlCache Behavior [ RunTime:0.000646s ]
INFO: [ app_begin ] --END-- [ RunTime:0.000712s ]
NOTIC: [2048] Declaration of IndexAction::show() should be compatible with that of Action::show() E:\www\szjiusc\Lib\Action\IndexAction.class.php 第 45 行.
NOTIC: [8] Undefined index:  number D:\ThinkPHP\Extend\Library\ORG\Util\Cart.class.php 第 24 行.
NOTIC: [8] Undefined index:  coupon D:\ThinkPHP\Extend\Library\ORG\Util\Cart.class.php 第 25 行.
NOTIC: [8] Undefined index:  coupon_price D:\ThinkPHP\Extend\Library\ORG\Util\Cart.class.php 第 26 行.
NOTIC: [8] Undefined index:  total D:\ThinkPHP\Extend\Library\ORG\Util\Cart.class.php 第 27 行.
NOTIC: [8] Undefined index:  total_price D:\ThinkPHP\Extend\Library\ORG\Util\Cart.class.php 第 28 行.
NOTIC: [8] Undefined index:  discount D:\ThinkPHP\Extend\Library\ORG\Util\Cart.class.php 第 29 行.
NOTIC: [8] Undefined index:  id D:\ThinkPHP\Extend\Library\ORG\Util\Cart.class.php 第 81 行.

[ 2013-05-23T00:20:12+08:00 ] 127.0.0.1 /index.php/Index/clearCart
INFO: [ route_check ] --START--
INFO: Run CheckRoute Behavior [ RunTime:0.001081s ]
INFO: [ route_check ] --END-- [ RunTime:0.001196s ]
INFO: [ app_begin ] --START--
INFO: Run ReadHtmlCache Behavior [ RunTime:0.000569s ]
INFO: [ app_begin ] --END-- [ RunTime:0.000627s ]
NOTIC: [2048] Declaration of IndexAction::show() should be compatible with that of Action::show() E:\www\szjiusc\Lib\Action\IndexAction.class.php 第 45 行.

[ 2013-05-23T00:20:18+08:00 ] 127.0.0.1 /index.php/Index/addCart
INFO: [ route_check ] --START--
INFO: Run CheckRoute Behavior [ RunTime:0.001501s ]
INFO: [ route_check ] --END-- [ RunTime:0.001596s ]
INFO: [ app_begin ] --START--
INFO: Run ReadHtmlCache Behavior [ RunTime:0.001270s ]
INFO: [ app_begin ] --END-- [ RunTime:0.001331s ]
NOTIC: [2048] Declaration of IndexAction::show() should be compatible with that of Action::show() E:\www\szjiusc\Lib\Action\IndexAction.class.php 第 45 行.
NOTIC: [8] Undefined index:  cart D:\ThinkPHP\Extend\Library\ORG\Util\Cart.class.php 第 23 行.
NOTIC: [8] Undefined index:  cart D:\ThinkPHP\Extend\Library\ORG\Util\Cart.class.php 第 24 行.
NOTIC: [8] Undefined index:  cart D:\ThinkPHP\Extend\Library\ORG\Util\Cart.class.php 第 25 行.
NOTIC: [8] Undefined index:  cart D:\ThinkPHP\Extend\Library\ORG\Util\Cart.class.php 第 26 行.
NOTIC: [8] Undefined index:  cart D:\ThinkPHP\Extend\Library\ORG\Util\Cart.class.php 第 27 行.
NOTIC: [8] Undefined index:  cart D:\ThinkPHP\Extend\Library\ORG\Util\Cart.class.php 第 28 行.
NOTIC: [8] Undefined index:  cart D:\ThinkPHP\Extend\Library\ORG\Util\Cart.class.php 第 29 行.

[ 2013-05-23T00:20:21+08:00 ] 127.0.0.1 /index.php/Index/addCart
INFO: [ route_check ] --START--
INFO: Run CheckRoute Behavior [ RunTime:0.000905s ]
INFO: [ route_check ] --END-- [ RunTime:0.001000s ]
INFO: [ app_begin ] --START--
INFO: Run ReadHtmlCache Behavior [ RunTime:0.000582s ]
INFO: [ app_begin ] --END-- [ RunTime:0.000639s ]
NOTIC: [2048] Declaration of IndexAction::show() should be compatible with that of Action::show() E:\www\szjiusc\Lib\Action\IndexAction.class.php 第 45 行.
NOTIC: [8] Undefined index:  number D:\ThinkPHP\Extend\Library\ORG\Util\Cart.class.php 第 24 行.
NOTIC: [8] Undefined index:  coupon D:\ThinkPHP\Extend\Library\ORG\Util\Cart.class.php 第 25 行.
NOTIC: [8] Undefined index:  coupon_price D:\ThinkPHP\Extend\Library\ORG\Util\Cart.class.php 第 26 行.
NOTIC: [8] Undefined index:  total D:\ThinkPHP\Extend\Library\ORG\Util\Cart.class.php 第 27 行.
NOTIC: [8] Undefined index:  total_price D:\ThinkPHP\Extend\Library\ORG\Util\Cart.class.php 第 28 行.
NOTIC: [8] Undefined index:  discount D:\ThinkPHP\Extend\Library\ORG\Util\Cart.class.php 第 29 行.

[ 2013-05-23T00:20:25+08:00 ] 127.0.0.1 /index.php/Index/addCart
INFO: [ route_check ] --START--
INFO: Run CheckRoute Behavior [ RunTime:0.001033s ]
INFO: [ route_check ] --END-- [ RunTime:0.001157s ]
INFO: [ app_begin ] --START--
INFO: Run ReadHtmlCache Behavior [ RunTime:0.000586s ]
INFO: [ app_begin ] --END-- [ RunTime:0.000655s ]
NOTIC: [2048] Declaration of IndexAction::show() should be compatible with that of Action::show() E:\www\szjiusc\Lib\Action\IndexAction.class.php 第 45 行.
NOTIC: [8] Undefined index:  number D:\ThinkPHP\Extend\Library\ORG\Util\Cart.class.php 第 24 行.
NOTIC: [8] Undefined index:  coupon D:\ThinkPHP\Extend\Library\ORG\Util\Cart.class.php 第 25 行.
NOTIC: [8] Undefined index:  coupon_price D:\ThinkPHP\Extend\Library\ORG\Util\Cart.class.php 第 26 行.
NOTIC: [8] Undefined index:  total D:\ThinkPHP\Extend\Library\ORG\Util\Cart.class.php 第 27 行.
NOTIC: [8] Undefined index:  total_price D:\ThinkPHP\Extend\Library\ORG\Util\Cart.class.php 第 28 行.
NOTIC: [8] Undefined index:  discount D:\ThinkPHP\Extend\Library\ORG\Util\Cart.class.php 第 29 行.

[ 2013-05-23T00:20:31+08:00 ] 127.0.0.1 /index.php/Index/addCart
INFO: [ route_check ] --START--
INFO: Run CheckRoute Behavior [ RunTime:0.000859s ]
INFO: [ route_check ] --END-- [ RunTime:0.000950s ]
INFO: [ app_begin ] --START--
INFO: Run ReadHtmlCache Behavior [ RunTime:0.000556s ]
INFO: [ app_begin ] --END-- [ RunTime:0.000612s ]
NOTIC: [2048] Declaration of IndexAction::show() should be compatible with that of Action::show() E:\www\szjiusc\Lib\Action\IndexAction.class.php 第 45 行.
NOTIC: [8] Undefined index:  number D:\ThinkPHP\Extend\Library\ORG\Util\Cart.class.php 第 24 行.
NOTIC: [8] Undefined index:  coupon D:\ThinkPHP\Extend\Library\ORG\Util\Cart.class.php 第 25 行.
NOTIC: [8] Undefined index:  coupon_price D:\ThinkPHP\Extend\Library\ORG\Util\Cart.class.php 第 26 行.
NOTIC: [8] Undefined index:  total D:\ThinkPHP\Extend\Library\ORG\Util\Cart.class.php 第 27 行.
NOTIC: [8] Undefined index:  total_price D:\ThinkPHP\Extend\Library\ORG\Util\Cart.class.php 第 28 行.
NOTIC: [8] Undefined index:  discount D:\ThinkPHP\Extend\Library\ORG\Util\Cart.class.php 第 29 行.

[ 2013-05-23T00:20:39+08:00 ] 127.0.0.1 /index.php/Index/addCart
INFO: [ route_check ] --START--
INFO: Run CheckRoute Behavior [ RunTime:0.001002s ]
INFO: [ route_check ] --END-- [ RunTime:0.001114s ]
INFO: [ app_begin ] --START--
INFO: Run ReadHtmlCache Behavior [ RunTime:0.000663s ]
INFO: [ app_begin ] --END-- [ RunTime:0.000742s ]
NOTIC: [2048] Declaration of IndexAction::show() should be compatible with that of Action::show() E:\www\szjiusc\Lib\Action\IndexAction.class.php 第 45 行.
NOTIC: [8] Undefined index:  number D:\ThinkPHP\Extend\Library\ORG\Util\Cart.class.php 第 24 行.
NOTIC: [8] Undefined index:  coupon D:\ThinkPHP\Extend\Library\ORG\Util\Cart.class.php 第 25 行.
NOTIC: [8] Undefined index:  coupon_price D:\ThinkPHP\Extend\Library\ORG\Util\Cart.class.php 第 26 行.
NOTIC: [8] Undefined index:  total D:\ThinkPHP\Extend\Library\ORG\Util\Cart.class.php 第 27 行.
NOTIC: [8] Undefined index:  total_price D:\ThinkPHP\Extend\Library\ORG\Util\Cart.class.php 第 28 行.
NOTIC: [8] Undefined index:  discount D:\ThinkPHP\Extend\Library\ORG\Util\Cart.class.php 第 29 行.

[ 2013-05-23T00:20:48+08:00 ] 127.0.0.1 /index.php/Index/addCart
INFO: [ route_check ] --START--
INFO: Run CheckRoute Behavior [ RunTime:0.001152s ]
INFO: [ route_check ] --END-- [ RunTime:0.001266s ]
INFO: [ app_begin ] --START--
INFO: Run ReadHtmlCache Behavior [ RunTime:0.000831s ]
INFO: [ app_begin ] --END-- [ RunTime:0.000928s ]
NOTIC: [2048] Declaration of IndexAction::show() should be compatible with that of Action::show() E:\www\szjiusc\Lib\Action\IndexAction.class.php 第 45 行.
NOTIC: [8] Undefined index:  number D:\ThinkPHP\Extend\Library\ORG\Util\Cart.class.php 第 24 行.
NOTIC: [8] Undefined index:  coupon D:\ThinkPHP\Extend\Library\ORG\Util\Cart.class.php 第 25 行.
NOTIC: [8] Undefined index:  coupon_price D:\ThinkPHP\Extend\Library\ORG\Util\Cart.class.php 第 26 行.
NOTIC: [8] Undefined index:  total D:\ThinkPHP\Extend\Library\ORG\Util\Cart.class.php 第 27 行.
NOTIC: [8] Undefined index:  total_price D:\ThinkPHP\Extend\Library\ORG\Util\Cart.class.php 第 28 行.
NOTIC: [8] Undefined index:  discount D:\ThinkPHP\Extend\Library\ORG\Util\Cart.class.php 第 29 行.

[ 2013-05-23T00:20:55+08:00 ] 127.0.0.1 /index.php/Index/addCart
INFO: [ route_check ] --START--
INFO: Run CheckRoute Behavior [ RunTime:0.001042s ]
INFO: [ route_check ] --END-- [ RunTime:0.001184s ]
INFO: [ app_begin ] --START--
INFO: Run ReadHtmlCache Behavior [ RunTime:0.000612s ]
INFO: [ app_begin ] --END-- [ RunTime:0.000673s ]
NOTIC: [2048] Declaration of IndexAction::show() should be compatible with that of Action::show() E:\www\szjiusc\Lib\Action\IndexAction.class.php 第 45 行.
NOTIC: [8] Undefined index:  number D:\ThinkPHP\Extend\Library\ORG\Util\Cart.class.php 第 24 行.
NOTIC: [8] Undefined index:  coupon D:\ThinkPHP\Extend\Library\ORG\Util\Cart.class.php 第 25 行.
NOTIC: [8] Undefined index:  coupon_price D:\ThinkPHP\Extend\Library\ORG\Util\Cart.class.php 第 26 行.
NOTIC: [8] Undefined index:  total D:\ThinkPHP\Extend\Library\ORG\Util\Cart.class.php 第 27 行.
NOTIC: [8] Undefined index:  total_price D:\ThinkPHP\Extend\Library\ORG\Util\Cart.class.php 第 28 行.
NOTIC: [8] Undefined index:  discount D:\ThinkPHP\Extend\Library\ORG\Util\Cart.class.php 第 29 行.

[ 2013-05-23T00:21:02+08:00 ] 127.0.0.1 /index.php/Index/addCart
INFO: [ route_check ] --START--
INFO: Run CheckRoute Behavior [ RunTime:0.000933s ]
INFO: [ route_check ] --END-- [ RunTime:0.001028s ]
INFO: [ app_begin ] --START--
INFO: Run ReadHtmlCache Behavior [ RunTime:0.000612s ]
INFO: [ app_begin ] --END-- [ RunTime:0.000678s ]
NOTIC: [2048] Declaration of IndexAction::show() should be compatible with that of Action::show() E:\www\szjiusc\Lib\Action\IndexAction.class.php 第 45 行.
NOTIC: [8] Undefined index:  number D:\ThinkPHP\Extend\Library\ORG\Util\Cart.class.php 第 24 行.
NOTIC: [8] Undefined index:  coupon D:\ThinkPHP\Extend\Library\ORG\Util\Cart.class.php 第 25 行.
NOTIC: [8] Undefined index:  coupon_price D:\ThinkPHP\Extend\Library\ORG\Util\Cart.class.php 第 26 行.
NOTIC: [8] Undefined index:  total D:\ThinkPHP\Extend\Library\ORG\Util\Cart.class.php 第 27 行.
NOTIC: [8] Undefined index:  total_price D:\ThinkPHP\Extend\Library\ORG\Util\Cart.class.php 第 28 行.
NOTIC: [8] Undefined index:  discount D:\ThinkPHP\Extend\Library\ORG\Util\Cart.class.php 第 29 行.

[ 2013-05-23T00:21:09+08:00 ] 127.0.0.1 /index.php/Index/addCart
INFO: [ route_check ] --START--
INFO: Run CheckRoute Behavior [ RunTime:0.000962s ]
INFO: [ route_check ] --END-- [ RunTime:0.001064s ]
INFO: [ app_begin ] --START--
INFO: Run ReadHtmlCache Behavior [ RunTime:0.000790s ]
INFO: [ app_begin ] --END-- [ RunTime:0.000862s ]
NOTIC: [2048] Declaration of IndexAction::show() should be compatible with that of Action::show() E:\www\szjiusc\Lib\Action\IndexAction.class.php 第 45 行.
NOTIC: [8] Undefined index:  number D:\ThinkPHP\Extend\Library\ORG\Util\Cart.class.php 第 24 行.
NOTIC: [8] Undefined index:  coupon D:\ThinkPHP\Extend\Library\ORG\Util\Cart.class.php 第 25 行.
NOTIC: [8] Undefined index:  coupon_price D:\ThinkPHP\Extend\Library\ORG\Util\Cart.class.php 第 26 行.
NOTIC: [8] Undefined index:  total D:\ThinkPHP\Extend\Library\ORG\Util\Cart.class.php 第 27 行.
NOTIC: [8] Undefined index:  total_price D:\ThinkPHP\Extend\Library\ORG\Util\Cart.class.php 第 28 行.
NOTIC: [8] Undefined index:  discount D:\ThinkPHP\Extend\Library\ORG\Util\Cart.class.php 第 29 行.

[ 2013-05-23T00:21:14+08:00 ] 127.0.0.1 /index.php/Index/addCart
INFO: [ route_check ] --START--
INFO: Run CheckRoute Behavior [ RunTime:0.001378s ]
INFO: [ route_check ] --END-- [ RunTime:0.001541s ]
INFO: [ app_begin ] --START--
INFO: Run ReadHtmlCache Behavior [ RunTime:0.001206s ]
INFO: [ app_begin ] --END-- [ RunTime:0.001345s ]
NOTIC: [2048] Declaration of IndexAction::show() should be compatible with that of Action::show() E:\www\szjiusc\Lib\Action\IndexAction.class.php 第 45 行.
NOTIC: [8] Undefined index:  number D:\ThinkPHP\Extend\Library\ORG\Util\Cart.class.php 第 24 行.
NOTIC: [8] Undefined index:  coupon D:\ThinkPHP\Extend\Library\ORG\Util\Cart.class.php 第 25 行.
NOTIC: [8] Undefined index:  coupon_price D:\ThinkPHP\Extend\Library\ORG\Util\Cart.class.php 第 26 行.
NOTIC: [8] Undefined index:  total D:\ThinkPHP\Extend\Library\ORG\Util\Cart.class.php 第 27 行.
NOTIC: [8] Undefined index:  total_price D:\ThinkPHP\Extend\Library\ORG\Util\Cart.class.php 第 28 行.
NOTIC: [8] Undefined index:  discount D:\ThinkPHP\Extend\Library\ORG\Util\Cart.class.php 第 29 行.

[ 2013-05-23T00:21:22+08:00 ] 127.0.0.1 /index.php/Index/addCart
INFO: [ route_check ] --START--
INFO: Run CheckRoute Behavior [ RunTime:0.001844s ]
INFO: [ route_check ] --END-- [ RunTime:0.001956s ]
INFO: [ app_begin ] --START--
INFO: Run ReadHtmlCache Behavior [ RunTime:0.000717s ]
INFO: [ app_begin ] --END-- [ RunTime:0.000787s ]
NOTIC: [2048] Declaration of IndexAction::show() should be compatible with that of Action::show() E:\www\szjiusc\Lib\Action\IndexAction.class.php 第 45 行.
NOTIC: [8] Undefined index:  number D:\ThinkPHP\Extend\Library\ORG\Util\Cart.class.php 第 24 行.
NOTIC: [8] Undefined index:  coupon D:\ThinkPHP\Extend\Library\ORG\Util\Cart.class.php 第 25 行.
NOTIC: [8] Undefined index:  coupon_price D:\ThinkPHP\Extend\Library\ORG\Util\Cart.class.php 第 26 行.
NOTIC: [8] Undefined index:  total D:\ThinkPHP\Extend\Library\ORG\Util\Cart.class.php 第 27 行.
NOTIC: [8] Undefined index:  total_price D:\ThinkPHP\Extend\Library\ORG\Util\Cart.class.php 第 28 行.
NOTIC: [8] Undefined index:  discount D:\ThinkPHP\Extend\Library\ORG\Util\Cart.class.php 第 29 行.

[ 2013-05-23T00:21:28+08:00 ] 127.0.0.1 /index.php/Index/addCart
INFO: [ route_check ] --START--
INFO: Run CheckRoute Behavior [ RunTime:0.001861s ]
INFO: [ route_check ] --END-- [ RunTime:0.002030s ]
INFO: [ app_begin ] --START--
INFO: Run ReadHtmlCache Behavior [ RunTime:0.000929s ]
INFO: [ app_begin ] --END-- [ RunTime:0.001067s ]
NOTIC: [2048] Declaration of IndexAction::show() should be compatible with that of Action::show() E:\www\szjiusc\Lib\Action\IndexAction.class.php 第 45 行.
NOTIC: [8] Undefined index:  number D:\ThinkPHP\Extend\Library\ORG\Util\Cart.class.php 第 24 行.
NOTIC: [8] Undefined index:  coupon D:\ThinkPHP\Extend\Library\ORG\Util\Cart.class.php 第 25 行.
NOTIC: [8] Undefined index:  coupon_price D:\ThinkPHP\Extend\Library\ORG\Util\Cart.class.php 第 26 行.
NOTIC: [8] Undefined index:  total D:\ThinkPHP\Extend\Library\ORG\Util\Cart.class.php 第 27 行.
NOTIC: [8] Undefined index:  total_price D:\ThinkPHP\Extend\Library\ORG\Util\Cart.class.php 第 28 行.
NOTIC: [8] Undefined index:  discount D:\ThinkPHP\Extend\Library\ORG\Util\Cart.class.php 第 29 行.

[ 2013-05-23T00:21:34+08:00 ] 127.0.0.1 /index.php/Index/addCart
INFO: [ route_check ] --START--
INFO: Run CheckRoute Behavior [ RunTime:0.000884s ]
INFO: [ route_check ] --END-- [ RunTime:0.000981s ]
INFO: [ app_begin ] --START--
INFO: Run ReadHtmlCache Behavior [ RunTime:0.000586s ]
INFO: [ app_begin ] --END-- [ RunTime:0.000646s ]
NOTIC: [2048] Declaration of IndexAction::show() should be compatible with that of Action::show() E:\www\szjiusc\Lib\Action\IndexAction.class.php 第 45 行.
NOTIC: [8] Undefined index:  number D:\ThinkPHP\Extend\Library\ORG\Util\Cart.class.php 第 24 行.
NOTIC: [8] Undefined index:  coupon D:\ThinkPHP\Extend\Library\ORG\Util\Cart.class.php 第 25 行.
NOTIC: [8] Undefined index:  coupon_price D:\ThinkPHP\Extend\Library\ORG\Util\Cart.class.php 第 26 行.
NOTIC: [8] Undefined index:  total D:\ThinkPHP\Extend\Library\ORG\Util\Cart.class.php 第 27 行.
NOTIC: [8] Undefined index:  total_price D:\ThinkPHP\Extend\Library\ORG\Util\Cart.class.php 第 28 行.
NOTIC: [8] Undefined index:  discount D:\ThinkPHP\Extend\Library\ORG\Util\Cart.class.php 第 29 行.

[ 2013-05-23T00:21:41+08:00 ] 127.0.0.1 /index.php/Index/addCart
INFO: [ route_check ] --START--
INFO: Run CheckRoute Behavior [ RunTime:0.000942s ]
INFO: [ route_check ] --END-- [ RunTime:0.001047s ]
INFO: [ app_begin ] --START--
INFO: Run ReadHtmlCache Behavior [ RunTime:0.000665s ]
INFO: [ app_begin ] --END-- [ RunTime:0.000740s ]
NOTIC: [2048] Declaration of IndexAction::show() should be compatible with that of Action::show() E:\www\szjiusc\Lib\Action\IndexAction.class.php 第 45 行.
NOTIC: [8] Undefined index:  number D:\ThinkPHP\Extend\Library\ORG\Util\Cart.class.php 第 24 行.
NOTIC: [8] Undefined index:  coupon D:\ThinkPHP\Extend\Library\ORG\Util\Cart.class.php 第 25 行.
NOTIC: [8] Undefined index:  coupon_price D:\ThinkPHP\Extend\Library\ORG\Util\Cart.class.php 第 26 行.
NOTIC: [8] Undefined index:  total D:\ThinkPHP\Extend\Library\ORG\Util\Cart.class.php 第 27 行.
NOTIC: [8] Undefined index:  total_price D:\ThinkPHP\Extend\Library\ORG\Util\Cart.class.php 第 28 行.
NOTIC: [8] Undefined index:  discount D:\ThinkPHP\Extend\Library\ORG\Util\Cart.class.php 第 29 行.

[ 2013-05-23T00:21:47+08:00 ] 127.0.0.1 /index.php/Index/addCart
INFO: [ route_check ] --START--
INFO: Run CheckRoute Behavior [ RunTime:0.000921s ]
INFO: [ route_check ] --END-- [ RunTime:0.001019s ]
INFO: [ app_begin ] --START--
INFO: Run ReadHtmlCache Behavior [ RunTime:0.000624s ]
INFO: [ app_begin ] --END-- [ RunTime:0.000692s ]
NOTIC: [2048] Declaration of IndexAction::show() should be compatible with that of Action::show() E:\www\szjiusc\Lib\Action\IndexAction.class.php 第 45 行.
NOTIC: [8] Undefined index:  number D:\ThinkPHP\Extend\Library\ORG\Util\Cart.class.php 第 24 行.
NOTIC: [8] Undefined index:  coupon D:\ThinkPHP\Extend\Library\ORG\Util\Cart.class.php 第 25 行.
NOTIC: [8] Undefined index:  coupon_price D:\ThinkPHP\Extend\Library\ORG\Util\Cart.class.php 第 26 行.
NOTIC: [8] Undefined index:  total D:\ThinkPHP\Extend\Library\ORG\Util\Cart.class.php 第 27 行.
NOTIC: [8] Undefined index:  total_price D:\ThinkPHP\Extend\Library\ORG\Util\Cart.class.php 第 28 行.
NOTIC: [8] Undefined index:  discount D:\ThinkPHP\Extend\Library\ORG\Util\Cart.class.php 第 29 行.

[ 2013-05-23T00:21:58+08:00 ] 127.0.0.1 /index.php/Index/addCart
INFO: [ route_check ] --START--
INFO: Run CheckRoute Behavior [ RunTime:0.002070s ]
INFO: [ route_check ] --END-- [ RunTime:0.002246s ]
INFO: [ app_begin ] --START--
INFO: Run ReadHtmlCache Behavior [ RunTime:0.000925s ]
INFO: [ app_begin ] --END-- [ RunTime:0.001040s ]
NOTIC: [2048] Declaration of IndexAction::show() should be compatible with that of Action::show() E:\www\szjiusc\Lib\Action\IndexAction.class.php 第 45 行.
NOTIC: [8] Undefined index:  number D:\ThinkPHP\Extend\Library\ORG\Util\Cart.class.php 第 24 行.
NOTIC: [8] Undefined index:  coupon D:\ThinkPHP\Extend\Library\ORG\Util\Cart.class.php 第 25 行.
NOTIC: [8] Undefined index:  coupon_price D:\ThinkPHP\Extend\Library\ORG\Util\Cart.class.php 第 26 行.
NOTIC: [8] Undefined index:  total D:\ThinkPHP\Extend\Library\ORG\Util\Cart.class.php 第 27 行.
NOTIC: [8] Undefined index:  total_price D:\ThinkPHP\Extend\Library\ORG\Util\Cart.class.php 第 28 行.
NOTIC: [8] Undefined index:  discount D:\ThinkPHP\Extend\Library\ORG\Util\Cart.class.php 第 29 行.

