[ 2013-05-27T21:00:04+08:00 ] 127.0.0.1 /
INFO: [ app_begin ] --START--
INFO: Run ReadHtmlCache Behavior [ RunTime:0.011799s ]
INFO: [ app_begin ] --END-- [ RunTime:0.011976s ]
NOTIC: [2048] Declaration of IndexAction::show() should be compatible with that of Action::show() E:\www\szjiusc\Lib\Action\IndexAction.class.php 第 117 行.
INFO: [ view_template ] --START--
INFO: Run LocationTemplate Behavior [ RunTime:0.034920s ]
INFO: [ view_template ] --END-- [ RunTime:0.035058s ]
INFO: [ view_parse ] --START--
INFO: Run ParseTemplate Behavior [ RunTime:0.776241s ]
INFO: [ view_parse ] --END-- [ RunTime:0.776367s ]
INFO: [ view_filter ] --START--
INFO: Run ContentReplace Behavior [ RunTime:0.014033s ]
INFO: Run TokenBuild Behavior [ RunTime:0.019967s ]
INFO: Run WriteHtmlCache Behavior [ RunTime:0.005842s ]
INFO: Run ShowRuntime Behavior [ RunTime:0.005878s ]
INFO: [ view_filter ] --END-- [ RunTime:0.046114s ]
INFO: [ view_end ] --START--
INFO: Run ShowPageTrace Behavior [ RunTime:0.006797s ]
INFO: [ view_end ] --END-- [ RunTime:0.006918s ]

[ 2013-05-27T21:00:24+08:00 ] 127.0.0.1 /index.php/Index/show/id/1
INFO: [ route_check ] --START--
INFO: Run CheckRoute Behavior [ RunTime:0.042563s ]
INFO: [ route_check ] --END-- [ RunTime:0.042794s ]
INFO: [ app_begin ] --START--
INFO: Run ReadHtmlCache Behavior [ RunTime:0.003279s ]
INFO: [ app_begin ] --END-- [ RunTime:0.003456s ]
NOTIC: [2048] Declaration of IndexAction::show() should be compatible with that of Action::show() E:\www\szjiusc\Lib\Action\IndexAction.class.php 第 117 行.
INFO: [ view_template ] --START--
INFO: Run LocationTemplate Behavior [ RunTime:0.002872s ]
INFO: [ view_template ] --END-- [ RunTime:0.003061s ]
INFO: [ view_parse ] --START--
INFO: Run ParseTemplate Behavior [ RunTime:0.055848s ]
INFO: [ view_parse ] --END-- [ RunTime:0.055984s ]
INFO: [ view_filter ] --START--
INFO: Run ContentReplace Behavior [ RunTime:0.001555s ]
INFO: Run TokenBuild Behavior [ RunTime:0.001745s ]
INFO: Run WriteHtmlCache Behavior [ RunTime:0.001338s ]
INFO: Run ShowRuntime Behavior [ RunTime:0.001708s ]
INFO: [ view_filter ] --END-- [ RunTime:0.006622s ]
INFO: [ view_end ] --START--
INFO: Run ShowPageTrace Behavior [ RunTime:0.001316s ]
INFO: [ view_end ] --END-- [ RunTime:0.001393s ]

[ 2013-05-27T21:01:00+08:00 ] 127.0.0.1 /index.php/Index/addCart
INFO: [ route_check ] --START--
INFO: Run CheckRoute Behavior [ RunTime:0.001088s ]
INFO: [ route_check ] --END-- [ RunTime:0.001189s ]
INFO: [ app_begin ] --START--
INFO: Run ReadHtmlCache Behavior [ RunTime:0.000743s ]
INFO: [ app_begin ] --END-- [ RunTime:0.000804s ]
NOTIC: [2048] Declaration of IndexAction::show() should be compatible with that of Action::show() E:\www\szjiusc\Lib\Action\IndexAction.class.php 第 117 行.
NOTIC: [8] Undefined index:  cart D:\ThinkPHP\Extend\Library\ORG\Util\Cart.class.php 第 24 行.
NOTIC: [8] Undefined index:  cart D:\ThinkPHP\Extend\Library\ORG\Util\Cart.class.php 第 26 行.
NOTIC: [8] Undefined index:  cart D:\ThinkPHP\Extend\Library\ORG\Util\Cart.class.php 第 27 行.
NOTIC: [8] Undefined index:  cart D:\ThinkPHP\Extend\Library\ORG\Util\Cart.class.php 第 28 行.
NOTIC: [8] Undefined index:  cart D:\ThinkPHP\Extend\Library\ORG\Util\Cart.class.php 第 29 行.
NOTIC: [8] Undefined index:  cart D:\ThinkPHP\Extend\Library\ORG\Util\Cart.class.php 第 30 行.

[ 2013-05-27T21:01:10+08:00 ] 127.0.0.1 /index.php/Index/mycart
INFO: [ route_check ] --START--
INFO: Run CheckRoute Behavior [ RunTime:0.000869s ]
INFO: [ route_check ] --END-- [ RunTime:0.000982s ]
INFO: [ app_begin ] --START--
INFO: Run ReadHtmlCache Behavior [ RunTime:0.000571s ]
INFO: [ app_begin ] --END-- [ RunTime:0.000638s ]
NOTIC: [2048] Declaration of IndexAction::show() should be compatible with that of Action::show() E:\www\szjiusc\Lib\Action\IndexAction.class.php 第 117 行.
NOTIC: [8] Undefined index:  coupon D:\ThinkPHP\Extend\Library\ORG\Util\Cart.class.php 第 26 行.
NOTIC: [8] Undefined index:  discount D:\ThinkPHP\Extend\Library\ORG\Util\Cart.class.php 第 27 行.
NOTIC: [8] Undefined index:  coupon_price D:\ThinkPHP\Extend\Library\ORG\Util\Cart.class.php 第 28 行.
INFO: [ view_template ] --START--
INFO: Run LocationTemplate Behavior [ RunTime:0.001239s ]
INFO: [ view_template ] --END-- [ RunTime:0.001306s ]
INFO: [ view_parse ] --START--
NOTIC: [8] Undefined index:  image E:\www\szjiusc\Runtime\Cache\82fc55699211f8be4da108fa402bbc82.php 第 171 行.
INFO: Run ParseTemplate Behavior [ RunTime:0.051990s ]
INFO: [ view_parse ] --END-- [ RunTime:0.052073s ]
INFO: [ view_filter ] --START--
INFO: Run ContentReplace Behavior [ RunTime:0.000632s ]
INFO: Run TokenBuild Behavior [ RunTime:0.000639s ]
INFO: Run WriteHtmlCache Behavior [ RunTime:0.000372s ]
INFO: Run ShowRuntime Behavior [ RunTime:0.000619s ]
INFO: [ view_filter ] --END-- [ RunTime:0.002482s ]
INFO: [ view_end ] --START--
INFO: Run ShowPageTrace Behavior [ RunTime:0.000793s ]
INFO: [ view_end ] --END-- [ RunTime:0.000867s ]

[ 2013-05-27T21:46:12+08:00 ] 127.0.0.1 /index.php/Index/checkCoupon
INFO: [ route_check ] --START--
INFO: Run CheckRoute Behavior [ RunTime:0.001549s ]
INFO: [ route_check ] --END-- [ RunTime:0.001654s ]
INFO: [ app_begin ] --START--
INFO: Run ReadHtmlCache Behavior [ RunTime:0.001410s ]
INFO: [ app_begin ] --END-- [ RunTime:0.001499s ]
NOTIC: [2048] Declaration of IndexAction::show() should be compatible with that of Action::show() E:\www\szjiusc\Lib\Action\IndexAction.class.php 第 117 行.
NOTIC: [8] Undefined index:  coupon D:\ThinkPHP\Extend\Library\ORG\Util\Cart.class.php 第 26 行.
NOTIC: [8] Undefined index:  discount D:\ThinkPHP\Extend\Library\ORG\Util\Cart.class.php 第 27 行.
NOTIC: [8] Undefined index:  coupon_price D:\ThinkPHP\Extend\Library\ORG\Util\Cart.class.php 第 28 行.
NOTIC: [8] Undefined variable: coupon E:\www\szjiusc\Lib\Action\IndexAction.class.php 第 76 行.

[ 2013-05-27T21:55:16+08:00 ] 127.0.0.1 /index.php/Index/mycart
INFO: [ route_check ] --START--
INFO: Run CheckRoute Behavior [ RunTime:0.002313s ]
INFO: [ route_check ] --END-- [ RunTime:0.002448s ]
INFO: [ app_begin ] --START--
INFO: Run ReadHtmlCache Behavior [ RunTime:0.001304s ]
INFO: [ app_begin ] --END-- [ RunTime:0.001404s ]
NOTIC: [2048] Declaration of IndexAction::show() should be compatible with that of Action::show() E:\www\szjiusc\Lib\Action\IndexAction.class.php 第 116 行.
NOTIC: [8] Undefined index:  coupon D:\ThinkPHP\Extend\Library\ORG\Util\Cart.class.php 第 26 行.
NOTIC: [8] Undefined index:  discount D:\ThinkPHP\Extend\Library\ORG\Util\Cart.class.php 第 27 行.
NOTIC: [8] Undefined index:  coupon_price D:\ThinkPHP\Extend\Library\ORG\Util\Cart.class.php 第 28 行.
INFO: [ view_template ] --START--
INFO: Run LocationTemplate Behavior [ RunTime:0.001914s ]
INFO: [ view_template ] --END-- [ RunTime:0.001999s ]
INFO: [ view_parse ] --START--
NOTIC: [8] Undefined index:  image E:\www\szjiusc\Runtime\Cache\82fc55699211f8be4da108fa402bbc82.php 第 171 行.
INFO: Run ParseTemplate Behavior [ RunTime:0.015126s ]
INFO: [ view_parse ] --END-- [ RunTime:0.015206s ]
INFO: [ view_filter ] --START--
INFO: Run ContentReplace Behavior [ RunTime:0.001189s ]
INFO: Run TokenBuild Behavior [ RunTime:0.001294s ]
INFO: Run WriteHtmlCache Behavior [ RunTime:0.001341s ]
INFO: Run ShowRuntime Behavior [ RunTime:0.001984s ]
INFO: [ view_filter ] --END-- [ RunTime:0.006106s ]
INFO: [ view_end ] --START--
INFO: Run ShowPageTrace Behavior [ RunTime:0.002010s ]
INFO: [ view_end ] --END-- [ RunTime:0.002119s ]

[ 2013-05-27T21:55:31+08:00 ] 127.0.0.1 /index.php/Index/mycart
INFO: [ route_check ] --START--
INFO: Run CheckRoute Behavior [ RunTime:0.001271s ]
INFO: [ route_check ] --END-- [ RunTime:0.001416s ]
INFO: [ app_begin ] --START--
INFO: Run ReadHtmlCache Behavior [ RunTime:0.000861s ]
INFO: [ app_begin ] --END-- [ RunTime:0.000954s ]
NOTIC: [2048] Declaration of IndexAction::show() should be compatible with that of Action::show() E:\www\szjiusc\Lib\Action\IndexAction.class.php 第 116 行.
NOTIC: [8] Undefined index:  coupon D:\ThinkPHP\Extend\Library\ORG\Util\Cart.class.php 第 26 行.
NOTIC: [8] Undefined index:  discount D:\ThinkPHP\Extend\Library\ORG\Util\Cart.class.php 第 27 行.
NOTIC: [8] Undefined index:  coupon_price D:\ThinkPHP\Extend\Library\ORG\Util\Cart.class.php 第 28 行.
INFO: [ view_template ] --START--
INFO: Run LocationTemplate Behavior [ RunTime:0.000518s ]
INFO: [ view_template ] --END-- [ RunTime:0.000604s ]
INFO: [ view_parse ] --START--
NOTIC: [8] Undefined index:  image E:\www\szjiusc\Runtime\Cache\82fc55699211f8be4da108fa402bbc82.php 第 171 行.
INFO: Run ParseTemplate Behavior [ RunTime:0.018021s ]
INFO: [ view_parse ] --END-- [ RunTime:0.018112s ]
INFO: [ view_filter ] --START--
INFO: Run ContentReplace Behavior [ RunTime:0.000524s ]
INFO: Run TokenBuild Behavior [ RunTime:0.000493s ]
INFO: Run WriteHtmlCache Behavior [ RunTime:0.000424s ]
INFO: Run ShowRuntime Behavior [ RunTime:0.000569s ]
INFO: [ view_filter ] --END-- [ RunTime:0.002208s ]
INFO: [ view_end ] --START--
INFO: Run ShowPageTrace Behavior [ RunTime:0.000903s ]
INFO: [ view_end ] --END-- [ RunTime:0.000974s ]

[ 2013-05-27T21:55:35+08:00 ] 127.0.0.1 /index.php/Index/mycart
INFO: [ route_check ] --START--
INFO: Run CheckRoute Behavior [ RunTime:0.001672s ]
INFO: [ route_check ] --END-- [ RunTime:0.001866s ]
INFO: [ app_begin ] --START--
INFO: Run ReadHtmlCache Behavior [ RunTime:0.001012s ]
INFO: [ app_begin ] --END-- [ RunTime:0.001149s ]
NOTIC: [2048] Declaration of IndexAction::show() should be compatible with that of Action::show() E:\www\szjiusc\Lib\Action\IndexAction.class.php 第 116 行.
NOTIC: [8] Undefined index:  coupon D:\ThinkPHP\Extend\Library\ORG\Util\Cart.class.php 第 26 行.
NOTIC: [8] Undefined index:  discount D:\ThinkPHP\Extend\Library\ORG\Util\Cart.class.php 第 27 行.
NOTIC: [8] Undefined index:  coupon_price D:\ThinkPHP\Extend\Library\ORG\Util\Cart.class.php 第 28 行.
INFO: [ view_template ] --START--
INFO: Run LocationTemplate Behavior [ RunTime:0.000837s ]
INFO: [ view_template ] --END-- [ RunTime:0.000959s ]
INFO: [ view_parse ] --START--
NOTIC: [8] Undefined index:  image E:\www\szjiusc\Runtime\Cache\82fc55699211f8be4da108fa402bbc82.php 第 171 行.
INFO: Run ParseTemplate Behavior [ RunTime:0.020636s ]
INFO: [ view_parse ] --END-- [ RunTime:0.020734s ]
INFO: [ view_filter ] --START--
INFO: Run ContentReplace Behavior [ RunTime:0.000556s ]
INFO: Run TokenBuild Behavior [ RunTime:0.000468s ]
INFO: Run WriteHtmlCache Behavior [ RunTime:0.000300s ]
INFO: Run ShowRuntime Behavior [ RunTime:0.000577s ]
INFO: [ view_filter ] --END-- [ RunTime:0.002084s ]
INFO: [ view_end ] --START--
INFO: Run ShowPageTrace Behavior [ RunTime:0.000684s ]
INFO: [ view_end ] --END-- [ RunTime:0.000756s ]

[ 2013-05-27T21:55:44+08:00 ] 127.0.0.1 /index.php/Index/checkCoupon
INFO: [ route_check ] --START--
INFO: Run CheckRoute Behavior [ RunTime:0.000911s ]
INFO: [ route_check ] --END-- [ RunTime:0.001012s ]
INFO: [ app_begin ] --START--
INFO: Run ReadHtmlCache Behavior [ RunTime:0.000646s ]
INFO: [ app_begin ] --END-- [ RunTime:0.000717s ]
NOTIC: [2048] Declaration of IndexAction::show() should be compatible with that of Action::show() E:\www\szjiusc\Lib\Action\IndexAction.class.php 第 116 行.
NOTIC: [8] Undefined index:  coupon D:\ThinkPHP\Extend\Library\ORG\Util\Cart.class.php 第 26 行.
NOTIC: [8] Undefined index:  discount D:\ThinkPHP\Extend\Library\ORG\Util\Cart.class.php 第 27 行.
NOTIC: [8] Undefined index:  coupon_price D:\ThinkPHP\Extend\Library\ORG\Util\Cart.class.php 第 28 行.

[ 2013-05-27T21:57:19+08:00 ] 127.0.0.1 /index.php/Order
INFO: [ route_check ] --START--
INFO: Run CheckRoute Behavior [ RunTime:0.001644s ]
INFO: [ route_check ] --END-- [ RunTime:0.001801s ]
INFO: [ app_begin ] --START--
INFO: Run ReadHtmlCache Behavior [ RunTime:0.001273s ]
INFO: [ app_begin ] --END-- [ RunTime:0.001351s ]
NOTIC: [8] Undefined index:  discount D:\ThinkPHP\Extend\Library\ORG\Util\Cart.class.php 第 27 行.
INFO: [ view_template ] --START--
INFO: Run LocationTemplate Behavior [ RunTime:0.001914s ]
INFO: [ view_template ] --END-- [ RunTime:0.001991s ]
INFO: [ view_parse ] --START--
NOTIC: [8] Undefined variable: coupon_price E:\www\szjiusc\Runtime\Cache\513a8a5f05f29a7776864f304e9d28ba.php 第 25 行.
NOTIC: [8] Undefined variable: coupon E:\www\szjiusc\Runtime\Cache\513a8a5f05f29a7776864f304e9d28ba.php 第 26 行.
INFO: Run ParseTemplate Behavior [ RunTime:0.029416s ]
INFO: [ view_parse ] --END-- [ RunTime:0.029552s ]
INFO: [ view_filter ] --START--
INFO: Run ContentReplace Behavior [ RunTime:0.001507s ]
INFO: Run TokenBuild Behavior [ RunTime:0.001566s ]
INFO: Run WriteHtmlCache Behavior [ RunTime:0.001406s ]
INFO: Run ShowRuntime Behavior [ RunTime:0.001438s ]
INFO: [ view_filter ] --END-- [ RunTime:0.006217s ]
INFO: [ view_end ] --START--
INFO: Run ShowPageTrace Behavior [ RunTime:0.001583s ]
INFO: [ view_end ] --END-- [ RunTime:0.001673s ]

[ 2013-05-27T22:01:00+08:00 ] 127.0.0.1 /index.php/Order
INFO: [ route_check ] --START--
INFO: Run CheckRoute Behavior [ RunTime:0.001498s ]
INFO: [ route_check ] --END-- [ RunTime:0.001599s ]
INFO: [ app_begin ] --START--
INFO: Run ReadHtmlCache Behavior [ RunTime:0.001168s ]
INFO: [ app_begin ] --END-- [ RunTime:0.001237s ]
INFO: [ view_template ] --START--
INFO: Run LocationTemplate Behavior [ RunTime:0.001869s ]
INFO: [ view_template ] --END-- [ RunTime:0.001956s ]
INFO: [ view_parse ] --START--
NOTIC: [8] Undefined variable: coupon_price E:\www\szjiusc\Runtime\Cache\513a8a5f05f29a7776864f304e9d28ba.php 第 25 行.
INFO: Run ParseTemplate Behavior [ RunTime:0.016349s ]
INFO: [ view_parse ] --END-- [ RunTime:0.016447s ]
INFO: [ view_filter ] --START--
INFO: Run ContentReplace Behavior [ RunTime:0.001786s ]
INFO: Run TokenBuild Behavior [ RunTime:0.001547s ]
INFO: Run WriteHtmlCache Behavior [ RunTime:0.001435s ]
INFO: Run ShowRuntime Behavior [ RunTime:0.001751s ]
INFO: [ view_filter ] --END-- [ RunTime:0.006853s ]
INFO: [ view_end ] --START--
INFO: Run ShowPageTrace Behavior [ RunTime:0.001352s ]
INFO: [ view_end ] --END-- [ RunTime:0.001428s ]

[ 2013-05-27T22:01:21+08:00 ] 127.0.0.1 /index.php/Order
INFO: [ route_check ] --START--
INFO: Run CheckRoute Behavior [ RunTime:0.001463s ]
INFO: [ route_check ] --END-- [ RunTime:0.001571s ]
INFO: [ app_begin ] --START--
INFO: Run ReadHtmlCache Behavior [ RunTime:0.000593s ]
INFO: [ app_begin ] --END-- [ RunTime:0.000657s ]
INFO: [ view_template ] --START--
INFO: Run LocationTemplate Behavior [ RunTime:0.000871s ]
INFO: [ view_template ] --END-- [ RunTime:0.001025s ]
INFO: [ view_parse ] --START--
INFO: Run ParseTemplate Behavior [ RunTime:0.012173s ]
INFO: [ view_parse ] --END-- [ RunTime:0.012290s ]
INFO: [ view_filter ] --START--
INFO: Run ContentReplace Behavior [ RunTime:0.000426s ]
INFO: Run TokenBuild Behavior [ RunTime:0.000401s ]
INFO: Run WriteHtmlCache Behavior [ RunTime:0.001288s ]
INFO: Run ShowRuntime Behavior [ RunTime:0.000596s ]
INFO: [ view_filter ] --END-- [ RunTime:0.002915s ]
INFO: [ view_end ] --START--
INFO: Run ShowPageTrace Behavior [ RunTime:0.001274s ]
INFO: [ view_end ] --END-- [ RunTime:0.001391s ]

[ 2013-05-27T22:04:07+08:00 ] 127.0.0.1 /index.php/Order
INFO: [ route_check ] --START--
INFO: Run CheckRoute Behavior [ RunTime:0.003264s ]
INFO: [ route_check ] --END-- [ RunTime:0.003445s ]
INFO: [ app_begin ] --START--
INFO: Run ReadHtmlCache Behavior [ RunTime:0.001942s ]
INFO: [ app_begin ] --END-- [ RunTime:0.002111s ]
INFO: [ view_template ] --START--
INFO: Run LocationTemplate Behavior [ RunTime:0.003131s ]
INFO: [ view_template ] --END-- [ RunTime:0.003333s ]
INFO: [ view_parse ] --START--
INFO: Run ParseTemplate Behavior [ RunTime:0.022732s ]
INFO: [ view_parse ] --END-- [ RunTime:0.022901s ]
INFO: [ view_filter ] --START--
INFO: Run ContentReplace Behavior [ RunTime:0.001716s ]
INFO: Run TokenBuild Behavior [ RunTime:0.002233s ]
INFO: Run WriteHtmlCache Behavior [ RunTime:0.001674s ]
INFO: Run ShowRuntime Behavior [ RunTime:0.001974s ]
INFO: [ view_filter ] --END-- [ RunTime:0.008029s ]
INFO: [ view_end ] --START--
INFO: Run ShowPageTrace Behavior [ RunTime:0.002173s ]
INFO: [ view_end ] --END-- [ RunTime:0.002318s ]

[ 2013-05-27T22:05:24+08:00 ] 127.0.0.1 /index.php/Order
INFO: [ route_check ] --START--
INFO: Run CheckRoute Behavior [ RunTime:0.001360s ]
INFO: [ route_check ] --END-- [ RunTime:0.001520s ]
INFO: [ app_begin ] --START--
INFO: Run ReadHtmlCache Behavior [ RunTime:0.000660s ]
INFO: [ app_begin ] --END-- [ RunTime:0.000728s ]
INFO: [ view_template ] --START--
INFO: Run LocationTemplate Behavior [ RunTime:0.000432s ]
INFO: [ view_template ] --END-- [ RunTime:0.000515s ]
INFO: [ view_parse ] --START--
INFO: Run ParseTemplate Behavior [ RunTime:0.011732s ]
INFO: [ view_parse ] --END-- [ RunTime:0.011861s ]
INFO: [ view_filter ] --START--
INFO: Run ContentReplace Behavior [ RunTime:0.000562s ]
INFO: Run TokenBuild Behavior [ RunTime:0.000409s ]
INFO: Run WriteHtmlCache Behavior [ RunTime:0.000295s ]
INFO: Run ShowRuntime Behavior [ RunTime:0.000499s ]
INFO: [ view_filter ] --END-- [ RunTime:0.001949s ]
INFO: [ view_end ] --START--
INFO: Run ShowPageTrace Behavior [ RunTime:0.000726s ]
INFO: [ view_end ] --END-- [ RunTime:0.000794s ]

[ 2013-05-27T22:08:50+08:00 ] 127.0.0.1 /index.php/Order
INFO: [ route_check ] --START--
INFO: Run CheckRoute Behavior [ RunTime:0.002240s ]
INFO: [ route_check ] --END-- [ RunTime:0.002386s ]
INFO: [ app_begin ] --START--
INFO: Run ReadHtmlCache Behavior [ RunTime:0.001545s ]
INFO: [ app_begin ] --END-- [ RunTime:0.001648s ]
INFO: [ view_template ] --START--
INFO: Run LocationTemplate Behavior [ RunTime:0.001963s ]
INFO: [ view_template ] --END-- [ RunTime:0.002041s ]
INFO: [ view_parse ] --START--
INFO: Run ParseTemplate Behavior [ RunTime:0.017238s ]
INFO: [ view_parse ] --END-- [ RunTime:0.017347s ]
INFO: [ view_filter ] --START--
INFO: Run ContentReplace Behavior [ RunTime:0.001116s ]
INFO: Run TokenBuild Behavior [ RunTime:0.001336s ]
INFO: Run WriteHtmlCache Behavior [ RunTime:0.001407s ]
INFO: Run ShowRuntime Behavior [ RunTime:0.001744s ]
INFO: [ view_filter ] --END-- [ RunTime:0.005901s ]
INFO: [ view_end ] --START--
INFO: Run ShowPageTrace Behavior [ RunTime:0.001457s ]
INFO: [ view_end ] --END-- [ RunTime:0.001558s ]

[ 2013-05-27T22:18:33+08:00 ] 127.0.0.1 /index.php/Order
INFO: [ route_check ] --START--
INFO: Run CheckRoute Behavior [ RunTime:0.001517s ]
INFO: [ route_check ] --END-- [ RunTime:0.001622s ]
INFO: [ app_begin ] --START--
INFO: Run ReadHtmlCache Behavior [ RunTime:0.001280s ]
INFO: [ app_begin ] --END-- [ RunTime:0.001359s ]
INFO: [ view_template ] --START--
INFO: Run LocationTemplate Behavior [ RunTime:0.002295s ]
INFO: [ view_template ] --END-- [ RunTime:0.002421s ]
INFO: [ view_parse ] --START--
INFO: Run ParseTemplate Behavior [ RunTime:0.015008s ]
INFO: [ view_parse ] --END-- [ RunTime:0.015129s ]
INFO: [ view_filter ] --START--
INFO: Run ContentReplace Behavior [ RunTime:0.001142s ]
INFO: Run TokenBuild Behavior [ RunTime:0.001114s ]
INFO: Run WriteHtmlCache Behavior [ RunTime:0.001219s ]
INFO: Run ShowRuntime Behavior [ RunTime:0.001804s ]
INFO: [ view_filter ] --END-- [ RunTime:0.005524s ]
INFO: [ view_end ] --START--
INFO: Run ShowPageTrace Behavior [ RunTime:0.001510s ]
INFO: [ view_end ] --END-- [ RunTime:0.001573s ]

[ 2013-05-27T22:18:55+08:00 ] 127.0.0.1 /index.php/Order
INFO: [ route_check ] --START--
INFO: Run CheckRoute Behavior [ RunTime:0.001038s ]
INFO: [ route_check ] --END-- [ RunTime:0.001167s ]
INFO: [ app_begin ] --START--
INFO: Run ReadHtmlCache Behavior [ RunTime:0.000608s ]
INFO: [ app_begin ] --END-- [ RunTime:0.000673s ]
INFO: [ view_template ] --START--
INFO: Run LocationTemplate Behavior [ RunTime:0.000408s ]
INFO: [ view_template ] --END-- [ RunTime:0.000481s ]
INFO: [ view_parse ] --START--
INFO: Run ParseTemplate Behavior [ RunTime:0.010053s ]
INFO: [ view_parse ] --END-- [ RunTime:0.010143s ]
INFO: [ view_filter ] --START--
INFO: Run ContentReplace Behavior [ RunTime:0.000416s ]
INFO: Run TokenBuild Behavior [ RunTime:0.000447s ]
INFO: Run WriteHtmlCache Behavior [ RunTime:0.000294s ]
INFO: Run ShowRuntime Behavior [ RunTime:0.000553s ]
INFO: [ view_filter ] --END-- [ RunTime:0.001886s ]
INFO: [ view_end ] --START--
INFO: Run ShowPageTrace Behavior [ RunTime:0.000666s ]
INFO: [ view_end ] --END-- [ RunTime:0.000736s ]

[ 2013-05-27T22:19:31+08:00 ] 127.0.0.1 /index.php/Order
INFO: [ route_check ] --START--
INFO: Run CheckRoute Behavior [ RunTime:0.001090s ]
INFO: [ route_check ] --END-- [ RunTime:0.001218s ]
INFO: [ app_begin ] --START--
INFO: Run ReadHtmlCache Behavior [ RunTime:0.000611s ]
INFO: [ app_begin ] --END-- [ RunTime:0.000684s ]
INFO: [ view_template ] --START--
INFO: Run LocationTemplate Behavior [ RunTime:0.000528s ]
INFO: [ view_template ] --END-- [ RunTime:0.000614s ]
INFO: [ view_parse ] --START--
INFO: Run ParseTemplate Behavior [ RunTime:0.009516s ]
INFO: [ view_parse ] --END-- [ RunTime:0.009644s ]
INFO: [ view_filter ] --START--
INFO: Run ContentReplace Behavior [ RunTime:0.000545s ]
INFO: Run TokenBuild Behavior [ RunTime:0.000455s ]
INFO: Run WriteHtmlCache Behavior [ RunTime:0.000303s ]
INFO: Run ShowRuntime Behavior [ RunTime:0.000657s ]
INFO: [ view_filter ] --END-- [ RunTime:0.002173s ]
INFO: [ view_end ] --START--
INFO: Run ShowPageTrace Behavior [ RunTime:0.000719s ]
INFO: [ view_end ] --END-- [ RunTime:0.000796s ]

[ 2013-05-27T22:21:15+08:00 ] 127.0.0.1 /index.php/Order
INFO: [ route_check ] --START--
INFO: Run CheckRoute Behavior [ RunTime:0.001502s ]
INFO: [ route_check ] --END-- [ RunTime:0.001604s ]
INFO: [ app_begin ] --START--
INFO: Run ReadHtmlCache Behavior [ RunTime:0.001509s ]
INFO: [ app_begin ] --END-- [ RunTime:0.001592s ]
INFO: [ view_template ] --START--
INFO: Run LocationTemplate Behavior [ RunTime:0.002193s ]
INFO: [ view_template ] --END-- [ RunTime:0.002322s ]
INFO: [ view_parse ] --START--
INFO: Run ParseTemplate Behavior [ RunTime:0.019901s ]
INFO: [ view_parse ] --END-- [ RunTime:0.020011s ]
INFO: [ view_filter ] --START--
INFO: Run ContentReplace Behavior [ RunTime:0.001175s ]
INFO: Run TokenBuild Behavior [ RunTime:0.001863s ]
INFO: Run WriteHtmlCache Behavior [ RunTime:0.001644s ]
INFO: Run ShowRuntime Behavior [ RunTime:0.001704s ]
INFO: [ view_filter ] --END-- [ RunTime:0.006702s ]
INFO: [ view_end ] --START--
INFO: Run ShowPageTrace Behavior [ RunTime:0.001677s ]
INFO: [ view_end ] --END-- [ RunTime:0.001774s ]

[ 2013-05-27T22:21:18+08:00 ] 127.0.0.1 /index.php/Order/index2?delivery=on
INFO: [ route_check ] --START--
INFO: Run CheckRoute Behavior [ RunTime:0.001148s ]
INFO: [ route_check ] --END-- [ RunTime:0.001280s ]
INFO: [ app_begin ] --START--
INFO: Run ReadHtmlCache Behavior [ RunTime:0.000870s ]
INFO: [ app_begin ] --END-- [ RunTime:0.000993s ]
INFO: [ view_template ] --START--
INFO: Run LocationTemplate Behavior [ RunTime:0.001687s ]
INFO: [ view_template ] --END-- [ RunTime:0.001812s ]
INFO: [ view_parse ] --START--
NOTIC: [8] Undefined variable: goods E:\www\szjiusc\Runtime\Cache\4e1048d004586a45ade6238bcd2d6360.php 第 36 行.
NOTIC: [8] Undefined variable: total_number E:\www\szjiusc\Runtime\Cache\4e1048d004586a45ade6238bcd2d6360.php 第 47 行.
NOTIC: [8] Undefined variable: total_price E:\www\szjiusc\Runtime\Cache\4e1048d004586a45ade6238bcd2d6360.php 第 48 行.
NOTIC: [8] Undefined variable: coupon_price E:\www\szjiusc\Runtime\Cache\4e1048d004586a45ade6238bcd2d6360.php 第 49 行.
NOTIC: [8] Undefined variable: coupon E:\www\szjiusc\Runtime\Cache\4e1048d004586a45ade6238bcd2d6360.php 第 50 行.
INFO: Run ParseTemplate Behavior [ RunTime:0.016229s ]
INFO: [ view_parse ] --END-- [ RunTime:0.016345s ]
INFO: [ view_filter ] --START--
INFO: Run ContentReplace Behavior [ RunTime:0.000727s ]
INFO: Run TokenBuild Behavior [ RunTime:0.000677s ]
INFO: Run WriteHtmlCache Behavior [ RunTime:0.000577s ]
INFO: Run ShowRuntime Behavior [ RunTime:0.000756s ]
INFO: [ view_filter ] --END-- [ RunTime:0.003052s ]
INFO: [ view_end ] --START--
INFO: Run ShowPageTrace Behavior [ RunTime:0.001013s ]
INFO: [ view_end ] --END-- [ RunTime:0.001114s ]

[ 2013-05-27T22:21:45+08:00 ] 127.0.0.1 /index.php/Order
INFO: [ route_check ] --START--
INFO: Run CheckRoute Behavior [ RunTime:0.000916s ]
INFO: [ route_check ] --END-- [ RunTime:0.001022s ]
INFO: [ app_begin ] --START--
INFO: Run ReadHtmlCache Behavior [ RunTime:0.000635s ]
INFO: [ app_begin ] --END-- [ RunTime:0.000708s ]
INFO: [ view_template ] --START--
INFO: Run LocationTemplate Behavior [ RunTime:0.000672s ]
INFO: [ view_template ] --END-- [ RunTime:0.000794s ]
INFO: [ view_parse ] --START--
INFO: Run ParseTemplate Behavior [ RunTime:0.009475s ]
INFO: [ view_parse ] --END-- [ RunTime:0.009578s ]
INFO: [ view_filter ] --START--
INFO: Run ContentReplace Behavior [ RunTime:0.000431s ]
INFO: Run TokenBuild Behavior [ RunTime:0.000502s ]
INFO: Run WriteHtmlCache Behavior [ RunTime:0.000313s ]
INFO: Run ShowRuntime Behavior [ RunTime:0.000558s ]
INFO: [ view_filter ] --END-- [ RunTime:0.001991s ]
INFO: [ view_end ] --START--
INFO: Run ShowPageTrace Behavior [ RunTime:0.000651s ]
INFO: [ view_end ] --END-- [ RunTime:0.000709s ]

[ 2013-05-27T22:22:17+08:00 ] 127.0.0.1 /index.php/Order
INFO: [ route_check ] --START--
INFO: Run CheckRoute Behavior [ RunTime:0.000911s ]
INFO: [ route_check ] --END-- [ RunTime:0.001016s ]
INFO: [ app_begin ] --START--
INFO: Run ReadHtmlCache Behavior [ RunTime:0.000602s ]
INFO: [ app_begin ] --END-- [ RunTime:0.000672s ]
INFO: [ view_template ] --START--
INFO: Run LocationTemplate Behavior [ RunTime:0.000430s ]
INFO: [ view_template ] --END-- [ RunTime:0.000506s ]
INFO: [ view_parse ] --START--
INFO: Run ParseTemplate Behavior [ RunTime:0.010168s ]
INFO: [ view_parse ] --END-- [ RunTime:0.010280s ]
INFO: [ view_filter ] --START--
INFO: Run ContentReplace Behavior [ RunTime:0.000768s ]
INFO: Run TokenBuild Behavior [ RunTime:0.000514s ]
INFO: Run WriteHtmlCache Behavior [ RunTime:0.000384s ]
INFO: Run ShowRuntime Behavior [ RunTime:0.000491s ]
INFO: [ view_filter ] --END-- [ RunTime:0.002360s ]
INFO: [ view_end ] --START--
INFO: Run ShowPageTrace Behavior [ RunTime:0.004251s ]
INFO: [ view_end ] --END-- [ RunTime:0.004341s ]

[ 2013-05-27T22:22:20+08:00 ] 127.0.0.1 /index.php/Order/index2
INFO: [ route_check ] --START--
INFO: Run CheckRoute Behavior [ RunTime:0.001062s ]
INFO: [ route_check ] --END-- [ RunTime:0.001192s ]
INFO: [ app_begin ] --START--
INFO: Run ReadHtmlCache Behavior [ RunTime:0.000844s ]
INFO: [ app_begin ] --END-- [ RunTime:0.000951s ]
INFO: [ view_template ] --START--
INFO: Run LocationTemplate Behavior [ RunTime:0.000886s ]
INFO: [ view_template ] --END-- [ RunTime:0.001070s ]
INFO: [ view_parse ] --START--
NOTIC: [8] Undefined variable: goods E:\www\szjiusc\Runtime\Cache\4e1048d004586a45ade6238bcd2d6360.php 第 36 行.
NOTIC: [8] Undefined variable: total_number E:\www\szjiusc\Runtime\Cache\4e1048d004586a45ade6238bcd2d6360.php 第 47 行.
NOTIC: [8] Undefined variable: total_price E:\www\szjiusc\Runtime\Cache\4e1048d004586a45ade6238bcd2d6360.php 第 48 行.
NOTIC: [8] Undefined variable: coupon_price E:\www\szjiusc\Runtime\Cache\4e1048d004586a45ade6238bcd2d6360.php 第 49 行.
NOTIC: [8] Undefined variable: coupon E:\www\szjiusc\Runtime\Cache\4e1048d004586a45ade6238bcd2d6360.php 第 50 行.
INFO: Run ParseTemplate Behavior [ RunTime:0.016070s ]
INFO: [ view_parse ] --END-- [ RunTime:0.016206s ]
INFO: [ view_filter ] --START--
INFO: Run ContentReplace Behavior [ RunTime:0.001001s ]
INFO: Run TokenBuild Behavior [ RunTime:0.000700s ]
INFO: Run WriteHtmlCache Behavior [ RunTime:0.000446s ]
INFO: Run ShowRuntime Behavior [ RunTime:0.000772s ]
INFO: [ view_filter ] --END-- [ RunTime:0.003553s ]
INFO: [ view_end ] --START--
INFO: Run ShowPageTrace Behavior [ RunTime:0.001122s ]
INFO: [ view_end ] --END-- [ RunTime:0.001243s ]

[ 2013-05-27T22:22:38+08:00 ] 127.0.0.1 /index.php/Order/index2
INFO: [ route_check ] --START--
INFO: Run CheckRoute Behavior [ RunTime:0.000900s ]
INFO: [ route_check ] --END-- [ RunTime:0.000994s ]
INFO: [ app_begin ] --START--
INFO: Run ReadHtmlCache Behavior [ RunTime:0.000583s ]
INFO: [ app_begin ] --END-- [ RunTime:0.000646s ]
INFO: [ view_template ] --START--
INFO: Run LocationTemplate Behavior [ RunTime:0.000497s ]
INFO: [ view_template ] --END-- [ RunTime:0.000582s ]
INFO: [ view_parse ] --START--
NOTIC: [8] Undefined variable: goods E:\www\szjiusc\Runtime\Cache\4e1048d004586a45ade6238bcd2d6360.php 第 36 行.
NOTIC: [8] Undefined variable: total_number E:\www\szjiusc\Runtime\Cache\4e1048d004586a45ade6238bcd2d6360.php 第 47 行.
NOTIC: [8] Undefined variable: total_price E:\www\szjiusc\Runtime\Cache\4e1048d004586a45ade6238bcd2d6360.php 第 48 行.
NOTIC: [8] Undefined variable: coupon_price E:\www\szjiusc\Runtime\Cache\4e1048d004586a45ade6238bcd2d6360.php 第 49 行.
NOTIC: [8] Undefined variable: coupon E:\www\szjiusc\Runtime\Cache\4e1048d004586a45ade6238bcd2d6360.php 第 50 行.
INFO: Run ParseTemplate Behavior [ RunTime:0.012803s ]
INFO: [ view_parse ] --END-- [ RunTime:0.012891s ]
INFO: [ view_filter ] --START--
INFO: Run ContentReplace Behavior [ RunTime:0.000490s ]
INFO: Run TokenBuild Behavior [ RunTime:0.000421s ]
INFO: Run WriteHtmlCache Behavior [ RunTime:0.000295s ]
INFO: Run ShowRuntime Behavior [ RunTime:0.000622s ]
INFO: [ view_filter ] --END-- [ RunTime:0.002012s ]
INFO: [ view_end ] --START--
INFO: Run ShowPageTrace Behavior [ RunTime:0.000871s ]
INFO: [ view_end ] --END-- [ RunTime:0.000971s ]

[ 2013-05-27T22:25:16+08:00 ] 127.0.0.1 /index.php/Order/index
INFO: [ route_check ] --START--
INFO: Run CheckRoute Behavior [ RunTime:0.002367s ]
INFO: [ route_check ] --END-- [ RunTime:0.002542s ]
INFO: [ app_begin ] --START--
INFO: Run ReadHtmlCache Behavior [ RunTime:0.002274s ]
INFO: [ app_begin ] --END-- [ RunTime:0.002411s ]
INFO: [ view_template ] --START--
INFO: Run LocationTemplate Behavior [ RunTime:0.002491s ]
INFO: [ view_template ] --END-- [ RunTime:0.002640s ]
INFO: [ view_parse ] --START--
INFO: Run ParseTemplate Behavior [ RunTime:0.013914s ]
INFO: [ view_parse ] --END-- [ RunTime:0.014043s ]
INFO: [ view_filter ] --START--
INFO: Run ContentReplace Behavior [ RunTime:0.001620s ]
INFO: Run TokenBuild Behavior [ RunTime:0.001646s ]
INFO: Run WriteHtmlCache Behavior [ RunTime:0.001638s ]
INFO: Run ShowRuntime Behavior [ RunTime:0.001955s ]
INFO: [ view_filter ] --END-- [ RunTime:0.007256s ]
INFO: [ view_end ] --START--
INFO: Run ShowPageTrace Behavior [ RunTime:0.002502s ]
INFO: [ view_end ] --END-- [ RunTime:0.002642s ]

[ 2013-05-27T22:27:55+08:00 ] 127.0.0.1 /index.php/Order/index
INFO: [ route_check ] --START--
INFO: Run CheckRoute Behavior [ RunTime:0.001635s ]
INFO: [ route_check ] --END-- [ RunTime:0.001738s ]
INFO: [ app_begin ] --START--
INFO: Run ReadHtmlCache Behavior [ RunTime:0.012542s ]
INFO: [ app_begin ] --END-- [ RunTime:0.012644s ]
INFO: [ view_template ] --START--
INFO: Run LocationTemplate Behavior [ RunTime:0.002098s ]
INFO: [ view_template ] --END-- [ RunTime:0.002229s ]
INFO: [ view_parse ] --START--
NOTIC: [8] Undefined variable: firstName E:\www\szjiusc\Runtime\Cache\513a8a5f05f29a7776864f304e9d28ba.php 第 51 行.
NOTIC: [8] Undefined variable: secondName E:\www\szjiusc\Runtime\Cache\513a8a5f05f29a7776864f304e9d28ba.php 第 57 行.
NOTIC: [8] Undefined variable: address E:\www\szjiusc\Runtime\Cache\513a8a5f05f29a7776864f304e9d28ba.php 第 63 行.
NOTIC: [8] Undefined variable: city E:\www\szjiusc\Runtime\Cache\513a8a5f05f29a7776864f304e9d28ba.php 第 69 行.
NOTIC: [8] Undefined variable: postCode E:\www\szjiusc\Runtime\Cache\513a8a5f05f29a7776864f304e9d28ba.php 第 85 行.
NOTIC: [8] Undefined variable: tel E:\www\szjiusc\Runtime\Cache\513a8a5f05f29a7776864f304e9d28ba.php 第 89 行.
NOTIC: [8] Undefined variable: email E:\www\szjiusc\Runtime\Cache\513a8a5f05f29a7776864f304e9d28ba.php 第 94 行.
NOTIC: [8] Undefined variable: dlist E:\www\szjiusc\Runtime\Cache\513a8a5f05f29a7776864f304e9d28ba.php 第 175 行.
NOTIC: [8] Undefined variable: plist E:\www\szjiusc\Runtime\Cache\513a8a5f05f29a7776864f304e9d28ba.php 第 185 行.
NOTIC: [8] Undefined variable: goods E:\www\szjiusc\Runtime\Cache\513a8a5f05f29a7776864f304e9d28ba.php 第 218 行.
NOTIC: [8] Undefined variable: total_num E:\www\szjiusc\Runtime\Cache\513a8a5f05f29a7776864f304e9d28ba.php 第 233 行.
NOTIC: [8] Undefined variable: username E:\www\szjiusc\Runtime\Cache\513a8a5f05f29a7776864f304e9d28ba.php 第 241 行.
NOTIC: [8] Undefined variable: address E:\www\szjiusc\Runtime\Cache\513a8a5f05f29a7776864f304e9d28ba.php 第 243 行.
NOTIC: [8] Undefined variable: city E:\www\szjiusc\Runtime\Cache\513a8a5f05f29a7776864f304e9d28ba.php 第 245 行.
NOTIC: [8] Undefined variable: state E:\www\szjiusc\Runtime\Cache\513a8a5f05f29a7776864f304e9d28ba.php 第 247 行.
NOTIC: [8] Undefined variable: country E:\www\szjiusc\Runtime\Cache\513a8a5f05f29a7776864f304e9d28ba.php 第 249 行.
NOTIC: [8] Undefined variable: tel E:\www\szjiusc\Runtime\Cache\513a8a5f05f29a7776864f304e9d28ba.php 第 251 行.
NOTIC: [8] Undefined variable: postCode E:\www\szjiusc\Runtime\Cache\513a8a5f05f29a7776864f304e9d28ba.php 第 253 行.
NOTIC: [8] Undefined variable: email E:\www\szjiusc\Runtime\Cache\513a8a5f05f29a7776864f304e9d28ba.php 第 255 行.
INFO: Run ParseTemplate Behavior [ RunTime:0.025917s ]
INFO: [ view_parse ] --END-- [ RunTime:0.025998s ]
INFO: [ view_filter ] --START--
INFO: Run ContentReplace Behavior [ RunTime:0.001335s ]
INFO: Run TokenBuild Behavior [ RunTime:0.002519s ]
INFO: Run WriteHtmlCache Behavior [ RunTime:0.001011s ]
INFO: Run ShowRuntime Behavior [ RunTime:0.002000s ]
INFO: [ view_filter ] --END-- [ RunTime:0.007110s ]
INFO: [ view_end ] --START--
INFO: Run ShowPageTrace Behavior [ RunTime:0.002859s ]
INFO: [ view_end ] --END-- [ RunTime:0.002949s ]

[ 2013-05-27T22:31:33+08:00 ] 127.0.0.1 /index.php/Order/index
INFO: [ route_check ] --START--
INFO: Run CheckRoute Behavior [ RunTime:0.001734s ]
INFO: [ route_check ] --END-- [ RunTime:0.001885s ]
INFO: [ app_begin ] --START--
INFO: Run ReadHtmlCache Behavior [ RunTime:0.001268s ]
INFO: [ app_begin ] --END-- [ RunTime:0.001360s ]
INFO: [ view_template ] --START--
INFO: Run LocationTemplate Behavior [ RunTime:0.001849s ]
INFO: [ view_template ] --END-- [ RunTime:0.001925s ]
INFO: [ view_parse ] --START--
NOTIC: [8] Undefined variable: firstName E:\www\szjiusc\Runtime\Cache\513a8a5f05f29a7776864f304e9d28ba.php 第 50 行.
NOTIC: [8] Undefined variable: secondName E:\www\szjiusc\Runtime\Cache\513a8a5f05f29a7776864f304e9d28ba.php 第 56 行.
NOTIC: [8] Undefined variable: address E:\www\szjiusc\Runtime\Cache\513a8a5f05f29a7776864f304e9d28ba.php 第 62 行.
NOTIC: [8] Undefined variable: city E:\www\szjiusc\Runtime\Cache\513a8a5f05f29a7776864f304e9d28ba.php 第 68 行.
NOTIC: [8] Undefined variable: postCode E:\www\szjiusc\Runtime\Cache\513a8a5f05f29a7776864f304e9d28ba.php 第 84 行.
NOTIC: [8] Undefined variable: tel E:\www\szjiusc\Runtime\Cache\513a8a5f05f29a7776864f304e9d28ba.php 第 88 行.
NOTIC: [8] Undefined variable: email E:\www\szjiusc\Runtime\Cache\513a8a5f05f29a7776864f304e9d28ba.php 第 93 行.
INFO: Run ParseTemplate Behavior [ RunTime:0.021373s ]
INFO: [ view_parse ] --END-- [ RunTime:0.021449s ]
INFO: [ view_filter ] --START--
INFO: Run ContentReplace Behavior [ RunTime:0.003869s ]
INFO: Run TokenBuild Behavior [ RunTime:0.001706s ]
INFO: Run WriteHtmlCache Behavior [ RunTime:0.001052s ]
INFO: Run ShowRuntime Behavior [ RunTime:0.001306s ]
INFO: [ view_filter ] --END-- [ RunTime:0.008225s ]
INFO: [ view_end ] --START--
INFO: Run ShowPageTrace Behavior [ RunTime:0.001359s ]
INFO: [ view_end ] --END-- [ RunTime:0.001428s ]

[ 2013-05-27T22:32:07+08:00 ] 127.0.0.1 /index.php/Order/index
INFO: [ route_check ] --START--
INFO: Run CheckRoute Behavior [ RunTime:0.001370s ]
INFO: [ route_check ] --END-- [ RunTime:0.001531s ]
INFO: [ app_begin ] --START--
INFO: Run ReadHtmlCache Behavior [ RunTime:0.000860s ]
INFO: [ app_begin ] --END-- [ RunTime:0.000984s ]
INFO: [ view_template ] --START--
INFO: Run LocationTemplate Behavior [ RunTime:0.000496s ]
INFO: [ view_template ] --END-- [ RunTime:0.000595s ]
INFO: [ view_parse ] --START--
NOTIC: [8] Undefined variable: firstName E:\www\szjiusc\Runtime\Cache\513a8a5f05f29a7776864f304e9d28ba.php 第 49 行.
NOTIC: [8] Undefined variable: secondName E:\www\szjiusc\Runtime\Cache\513a8a5f05f29a7776864f304e9d28ba.php 第 55 行.
NOTIC: [8] Undefined variable: address E:\www\szjiusc\Runtime\Cache\513a8a5f05f29a7776864f304e9d28ba.php 第 61 行.
NOTIC: [8] Undefined variable: city E:\www\szjiusc\Runtime\Cache\513a8a5f05f29a7776864f304e9d28ba.php 第 67 行.
NOTIC: [8] Undefined variable: postCode E:\www\szjiusc\Runtime\Cache\513a8a5f05f29a7776864f304e9d28ba.php 第 83 行.
NOTIC: [8] Undefined variable: tel E:\www\szjiusc\Runtime\Cache\513a8a5f05f29a7776864f304e9d28ba.php 第 87 行.
NOTIC: [8] Undefined variable: email E:\www\szjiusc\Runtime\Cache\513a8a5f05f29a7776864f304e9d28ba.php 第 92 行.
INFO: Run ParseTemplate Behavior [ RunTime:0.016682s ]
INFO: [ view_parse ] --END-- [ RunTime:0.016773s ]
INFO: [ view_filter ] --START--
INFO: Run ContentReplace Behavior [ RunTime:0.000620s ]
INFO: Run TokenBuild Behavior [ RunTime:0.000413s ]
INFO: Run WriteHtmlCache Behavior [ RunTime:0.000339s ]
INFO: Run ShowRuntime Behavior [ RunTime:0.000717s ]
INFO: [ view_filter ] --END-- [ RunTime:0.002302s ]
INFO: [ view_end ] --START--
INFO: Run ShowPageTrace Behavior [ RunTime:0.000949s ]
INFO: [ view_end ] --END-- [ RunTime:0.001047s ]

[ 2013-05-27T22:34:20+08:00 ] 127.0.0.1 /index.php/Order/index
INFO: [ route_check ] --START--
INFO: Run CheckRoute Behavior [ RunTime:0.001508s ]
INFO: [ route_check ] --END-- [ RunTime:0.001608s ]
INFO: [ app_begin ] --START--
INFO: Run ReadHtmlCache Behavior [ RunTime:0.001203s ]
INFO: [ app_begin ] --END-- [ RunTime:0.001279s ]
INFO: [ view_template ] --START--
INFO: Run LocationTemplate Behavior [ RunTime:0.002019s ]
INFO: [ view_template ] --END-- [ RunTime:0.002138s ]
INFO: [ view_parse ] --START--
NOTIC: [8] Undefined variable: firstName E:\www\szjiusc\Runtime\Cache\513a8a5f05f29a7776864f304e9d28ba.php 第 49 行.
NOTIC: [8] Undefined variable: secondName E:\www\szjiusc\Runtime\Cache\513a8a5f05f29a7776864f304e9d28ba.php 第 55 行.
NOTIC: [8] Undefined variable: address E:\www\szjiusc\Runtime\Cache\513a8a5f05f29a7776864f304e9d28ba.php 第 61 行.
NOTIC: [8] Undefined variable: city E:\www\szjiusc\Runtime\Cache\513a8a5f05f29a7776864f304e9d28ba.php 第 67 行.
NOTIC: [8] Undefined variable: postCode E:\www\szjiusc\Runtime\Cache\513a8a5f05f29a7776864f304e9d28ba.php 第 83 行.
NOTIC: [8] Undefined variable: tel E:\www\szjiusc\Runtime\Cache\513a8a5f05f29a7776864f304e9d28ba.php 第 87 行.
NOTIC: [8] Undefined variable: email E:\www\szjiusc\Runtime\Cache\513a8a5f05f29a7776864f304e9d28ba.php 第 92 行.
INFO: Run ParseTemplate Behavior [ RunTime:0.021266s ]
INFO: [ view_parse ] --END-- [ RunTime:0.021357s ]
INFO: [ view_filter ] --START--
INFO: Run ContentReplace Behavior [ RunTime:0.001223s ]
INFO: Run TokenBuild Behavior [ RunTime:0.001047s ]
INFO: Run WriteHtmlCache Behavior [ RunTime:0.001027s ]
INFO: Run ShowRuntime Behavior [ RunTime:0.001130s ]
INFO: [ view_filter ] --END-- [ RunTime:0.004612s ]
INFO: [ view_end ] --START--
INFO: Run ShowPageTrace Behavior [ RunTime:0.001250s ]
INFO: [ view_end ] --END-- [ RunTime:0.001308s ]

[ 2013-05-27T22:37:17+08:00 ] 127.0.0.1 /index.php/Order/index
INFO: [ route_check ] --START--
INFO: Run CheckRoute Behavior [ RunTime:0.001684s ]
INFO: [ route_check ] --END-- [ RunTime:0.001819s ]
INFO: [ app_begin ] --START--
INFO: Run ReadHtmlCache Behavior [ RunTime:0.001191s ]
INFO: [ app_begin ] --END-- [ RunTime:0.001257s ]
INFO: [ view_template ] --START--
INFO: Run LocationTemplate Behavior [ RunTime:0.002860s ]
INFO: [ view_template ] --END-- [ RunTime:0.003067s ]
INFO: [ view_parse ] --START--
NOTIC: [8] Undefined variable: firstName E:\www\szjiusc\Runtime\Cache\513a8a5f05f29a7776864f304e9d28ba.php 第 57 行.
NOTIC: [8] Undefined variable: secondName E:\www\szjiusc\Runtime\Cache\513a8a5f05f29a7776864f304e9d28ba.php 第 63 行.
NOTIC: [8] Undefined variable: address E:\www\szjiusc\Runtime\Cache\513a8a5f05f29a7776864f304e9d28ba.php 第 69 行.
NOTIC: [8] Undefined variable: city E:\www\szjiusc\Runtime\Cache\513a8a5f05f29a7776864f304e9d28ba.php 第 75 行.
NOTIC: [8] Undefined variable: postCode E:\www\szjiusc\Runtime\Cache\513a8a5f05f29a7776864f304e9d28ba.php 第 91 行.
NOTIC: [8] Undefined variable: tel E:\www\szjiusc\Runtime\Cache\513a8a5f05f29a7776864f304e9d28ba.php 第 95 行.
NOTIC: [8] Undefined variable: email E:\www\szjiusc\Runtime\Cache\513a8a5f05f29a7776864f304e9d28ba.php 第 100 行.
INFO: Run ParseTemplate Behavior [ RunTime:0.048676s ]
INFO: [ view_parse ] --END-- [ RunTime:0.048776s ]
INFO: [ view_filter ] --START--
INFO: Run ContentReplace Behavior [ RunTime:0.001179s ]
INFO: Run TokenBuild Behavior [ RunTime:0.001020s ]
INFO: Run WriteHtmlCache Behavior [ RunTime:0.001113s ]
INFO: Run ShowRuntime Behavior [ RunTime:0.001234s ]
INFO: [ view_filter ] --END-- [ RunTime:0.004750s ]
INFO: [ view_end ] --START--
INFO: Run ShowPageTrace Behavior [ RunTime:0.001339s ]
INFO: [ view_end ] --END-- [ RunTime:0.001415s ]

[ 2013-05-27T22:37:39+08:00 ] 127.0.0.1 /index.php/Order/index
INFO: [ route_check ] --START--
INFO: Run CheckRoute Behavior [ RunTime:0.000934s ]
INFO: [ route_check ] --END-- [ RunTime:0.001053s ]
INFO: [ app_begin ] --START--
INFO: Run ReadHtmlCache Behavior [ RunTime:0.000621s ]
INFO: [ app_begin ] --END-- [ RunTime:0.000695s ]
INFO: [ view_template ] --START--
INFO: Run LocationTemplate Behavior [ RunTime:0.000435s ]
INFO: [ view_template ] --END-- [ RunTime:0.000503s ]
INFO: [ view_parse ] --START--
NOTIC: [8] Undefined variable: firstName E:\www\szjiusc\Runtime\Cache\513a8a5f05f29a7776864f304e9d28ba.php 第 58 行.
NOTIC: [8] Undefined variable: secondName E:\www\szjiusc\Runtime\Cache\513a8a5f05f29a7776864f304e9d28ba.php 第 64 行.
NOTIC: [8] Undefined variable: address E:\www\szjiusc\Runtime\Cache\513a8a5f05f29a7776864f304e9d28ba.php 第 70 行.
NOTIC: [8] Undefined variable: city E:\www\szjiusc\Runtime\Cache\513a8a5f05f29a7776864f304e9d28ba.php 第 76 行.
NOTIC: [8] Undefined variable: postCode E:\www\szjiusc\Runtime\Cache\513a8a5f05f29a7776864f304e9d28ba.php 第 92 行.
NOTIC: [8] Undefined variable: tel E:\www\szjiusc\Runtime\Cache\513a8a5f05f29a7776864f304e9d28ba.php 第 96 行.
NOTIC: [8] Undefined variable: email E:\www\szjiusc\Runtime\Cache\513a8a5f05f29a7776864f304e9d28ba.php 第 101 行.
INFO: Run ParseTemplate Behavior [ RunTime:0.018601s ]
INFO: [ view_parse ] --END-- [ RunTime:0.018674s ]
INFO: [ view_filter ] --START--
INFO: Run ContentReplace Behavior [ RunTime:0.000543s ]
INFO: Run TokenBuild Behavior [ RunTime:0.000421s ]
INFO: Run WriteHtmlCache Behavior [ RunTime:0.000301s ]
INFO: Run ShowRuntime Behavior [ RunTime:0.000557s ]
INFO: [ view_filter ] --END-- [ RunTime:0.001998s ]
INFO: [ view_end ] --START--
INFO: Run ShowPageTrace Behavior [ RunTime:0.000662s ]
INFO: [ view_end ] --END-- [ RunTime:0.000719s ]

[ 2013-05-27T22:38:35+08:00 ] 127.0.0.1 /index.php/Order/index
INFO: [ route_check ] --START--
INFO: Run CheckRoute Behavior [ RunTime:0.000927s ]
INFO: [ route_check ] --END-- [ RunTime:0.001030s ]
INFO: [ app_begin ] --START--
INFO: Run ReadHtmlCache Behavior [ RunTime:0.000594s ]
INFO: [ app_begin ] --END-- [ RunTime:0.000660s ]
INFO: [ view_template ] --START--
INFO: Run LocationTemplate Behavior [ RunTime:0.000424s ]
INFO: [ view_template ] --END-- [ RunTime:0.000500s ]
INFO: [ view_parse ] --START--
NOTIC: [8] Undefined variable: firstName E:\www\szjiusc\Runtime\Cache\513a8a5f05f29a7776864f304e9d28ba.php 第 63 行.
NOTIC: [8] Undefined variable: secondName E:\www\szjiusc\Runtime\Cache\513a8a5f05f29a7776864f304e9d28ba.php 第 69 行.
NOTIC: [8] Undefined variable: address E:\www\szjiusc\Runtime\Cache\513a8a5f05f29a7776864f304e9d28ba.php 第 75 行.
NOTIC: [8] Undefined variable: city E:\www\szjiusc\Runtime\Cache\513a8a5f05f29a7776864f304e9d28ba.php 第 81 行.
NOTIC: [8] Undefined variable: postCode E:\www\szjiusc\Runtime\Cache\513a8a5f05f29a7776864f304e9d28ba.php 第 97 行.
NOTIC: [8] Undefined variable: tel E:\www\szjiusc\Runtime\Cache\513a8a5f05f29a7776864f304e9d28ba.php 第 101 行.
NOTIC: [8] Undefined variable: email E:\www\szjiusc\Runtime\Cache\513a8a5f05f29a7776864f304e9d28ba.php 第 106 行.
INFO: Run ParseTemplate Behavior [ RunTime:0.016519s ]
INFO: [ view_parse ] --END-- [ RunTime:0.016620s ]
INFO: [ view_filter ] --START--
INFO: Run ContentReplace Behavior [ RunTime:0.000707s ]
INFO: Run TokenBuild Behavior [ RunTime:0.000453s ]
INFO: Run WriteHtmlCache Behavior [ RunTime:0.000407s ]
INFO: Run ShowRuntime Behavior [ RunTime:0.000713s ]
INFO: [ view_filter ] --END-- [ RunTime:0.002513s ]
INFO: [ view_end ] --START--
INFO: Run ShowPageTrace Behavior [ RunTime:0.000921s ]
INFO: [ view_end ] --END-- [ RunTime:0.001025s ]

[ 2013-05-27T22:38:40+08:00 ] 127.0.0.1 /index.php/Order/index
INFO: [ route_check ] --START--
INFO: Run CheckRoute Behavior [ RunTime:0.000988s ]
INFO: [ route_check ] --END-- [ RunTime:0.001131s ]
INFO: [ app_begin ] --START--
INFO: Run ReadHtmlCache Behavior [ RunTime:0.000619s ]
INFO: [ app_begin ] --END-- [ RunTime:0.000717s ]
INFO: [ view_template ] --START--
INFO: Run LocationTemplate Behavior [ RunTime:0.000452s ]
INFO: [ view_template ] --END-- [ RunTime:0.000535s ]
INFO: [ view_parse ] --START--
NOTIC: [8] Undefined variable: firstName E:\www\szjiusc\Runtime\Cache\513a8a5f05f29a7776864f304e9d28ba.php 第 63 行.
NOTIC: [8] Undefined variable: secondName E:\www\szjiusc\Runtime\Cache\513a8a5f05f29a7776864f304e9d28ba.php 第 69 行.
NOTIC: [8] Undefined variable: address E:\www\szjiusc\Runtime\Cache\513a8a5f05f29a7776864f304e9d28ba.php 第 75 行.
NOTIC: [8] Undefined variable: city E:\www\szjiusc\Runtime\Cache\513a8a5f05f29a7776864f304e9d28ba.php 第 81 行.
NOTIC: [8] Undefined variable: postCode E:\www\szjiusc\Runtime\Cache\513a8a5f05f29a7776864f304e9d28ba.php 第 97 行.
NOTIC: [8] Undefined variable: tel E:\www\szjiusc\Runtime\Cache\513a8a5f05f29a7776864f304e9d28ba.php 第 101 行.
NOTIC: [8] Undefined variable: email E:\www\szjiusc\Runtime\Cache\513a8a5f05f29a7776864f304e9d28ba.php 第 106 行.
INFO: Run ParseTemplate Behavior [ RunTime:0.017155s ]
INFO: [ view_parse ] --END-- [ RunTime:0.017254s ]
INFO: [ view_filter ] --START--
INFO: Run ContentReplace Behavior [ RunTime:0.000712s ]
INFO: Run TokenBuild Behavior [ RunTime:0.000580s ]
INFO: Run WriteHtmlCache Behavior [ RunTime:0.003368s ]
INFO: Run ShowRuntime Behavior [ RunTime:0.000836s ]
INFO: [ view_filter ] --END-- [ RunTime:0.005816s ]
INFO: [ view_end ] --START--
INFO: Run ShowPageTrace Behavior [ RunTime:0.001220s ]
INFO: [ view_end ] --END-- [ RunTime:0.001331s ]

[ 2013-05-27T22:38:55+08:00 ] 127.0.0.1 /index.php/Order/index
INFO: [ route_check ] --START--
INFO: Run CheckRoute Behavior [ RunTime:0.000998s ]
INFO: [ route_check ] --END-- [ RunTime:0.001124s ]
INFO: [ app_begin ] --START--
INFO: Run ReadHtmlCache Behavior [ RunTime:0.000567s ]
INFO: [ app_begin ] --END-- [ RunTime:0.000631s ]
INFO: [ view_template ] --START--
INFO: Run LocationTemplate Behavior [ RunTime:0.000451s ]
INFO: [ view_template ] --END-- [ RunTime:0.000536s ]
INFO: [ view_parse ] --START--
NOTIC: [8] Undefined variable: firstName E:\www\szjiusc\Runtime\Cache\513a8a5f05f29a7776864f304e9d28ba.php 第 64 行.
NOTIC: [8] Undefined variable: secondName E:\www\szjiusc\Runtime\Cache\513a8a5f05f29a7776864f304e9d28ba.php 第 70 行.
NOTIC: [8] Undefined variable: address E:\www\szjiusc\Runtime\Cache\513a8a5f05f29a7776864f304e9d28ba.php 第 76 行.
NOTIC: [8] Undefined variable: city E:\www\szjiusc\Runtime\Cache\513a8a5f05f29a7776864f304e9d28ba.php 第 82 行.
NOTIC: [8] Undefined variable: postCode E:\www\szjiusc\Runtime\Cache\513a8a5f05f29a7776864f304e9d28ba.php 第 98 行.
NOTIC: [8] Undefined variable: tel E:\www\szjiusc\Runtime\Cache\513a8a5f05f29a7776864f304e9d28ba.php 第 102 行.
NOTIC: [8] Undefined variable: email E:\www\szjiusc\Runtime\Cache\513a8a5f05f29a7776864f304e9d28ba.php 第 107 行.
INFO: Run ParseTemplate Behavior [ RunTime:0.017656s ]
INFO: [ view_parse ] --END-- [ RunTime:0.017745s ]
INFO: [ view_filter ] --START--
INFO: Run ContentReplace Behavior [ RunTime:0.000540s ]
INFO: Run TokenBuild Behavior [ RunTime:0.000415s ]
INFO: Run WriteHtmlCache Behavior [ RunTime:0.000297s ]
INFO: Run ShowRuntime Behavior [ RunTime:0.000682s ]
INFO: [ view_filter ] --END-- [ RunTime:0.002120s ]
INFO: [ view_end ] --START--
INFO: Run ShowPageTrace Behavior [ RunTime:0.001069s ]
INFO: [ view_end ] --END-- [ RunTime:0.001178s ]

[ 2013-05-27T22:41:27+08:00 ] 127.0.0.1 /index.php/Order/index
INFO: [ route_check ] --START--
INFO: Run CheckRoute Behavior [ RunTime:0.002382s ]
INFO: [ route_check ] --END-- [ RunTime:0.002573s ]
INFO: [ app_begin ] --START--
INFO: Run ReadHtmlCache Behavior [ RunTime:0.001781s ]
INFO: [ app_begin ] --END-- [ RunTime:0.001895s ]
INFO: [ view_template ] --START--
INFO: Run LocationTemplate Behavior [ RunTime:0.002447s ]
INFO: [ view_template ] --END-- [ RunTime:0.002572s ]
INFO: [ view_parse ] --START--
NOTIC: [8] Undefined variable: firstName E:\www\szjiusc\Runtime\Cache\513a8a5f05f29a7776864f304e9d28ba.php 第 70 行.
NOTIC: [8] Undefined variable: secondName E:\www\szjiusc\Runtime\Cache\513a8a5f05f29a7776864f304e9d28ba.php 第 76 行.
NOTIC: [8] Undefined variable: address E:\www\szjiusc\Runtime\Cache\513a8a5f05f29a7776864f304e9d28ba.php 第 82 行.
NOTIC: [8] Undefined variable: city E:\www\szjiusc\Runtime\Cache\513a8a5f05f29a7776864f304e9d28ba.php 第 88 行.
NOTIC: [8] Undefined variable: postCode E:\www\szjiusc\Runtime\Cache\513a8a5f05f29a7776864f304e9d28ba.php 第 104 行.
NOTIC: [8] Undefined variable: tel E:\www\szjiusc\Runtime\Cache\513a8a5f05f29a7776864f304e9d28ba.php 第 108 行.
NOTIC: [8] Undefined variable: email E:\www\szjiusc\Runtime\Cache\513a8a5f05f29a7776864f304e9d28ba.php 第 113 行.
INFO: Run ParseTemplate Behavior [ RunTime:0.023750s ]
INFO: [ view_parse ] --END-- [ RunTime:0.023826s ]
INFO: [ view_filter ] --START--
INFO: Run ContentReplace Behavior [ RunTime:0.001408s ]
INFO: Run TokenBuild Behavior [ RunTime:0.001544s ]
INFO: Run WriteHtmlCache Behavior [ RunTime:0.001305s ]
INFO: Run ShowRuntime Behavior [ RunTime:0.001423s ]
INFO: [ view_filter ] --END-- [ RunTime:0.005957s ]
INFO: [ view_end ] --START--
INFO: Run ShowPageTrace Behavior [ RunTime:0.001740s ]
INFO: [ view_end ] --END-- [ RunTime:0.001824s ]

[ 2013-05-27T22:41:49+08:00 ] 127.0.0.1 /index.php/Order/index
INFO: [ route_check ] --START--
INFO: Run CheckRoute Behavior [ RunTime:0.001089s ]
INFO: [ route_check ] --END-- [ RunTime:0.001224s ]
INFO: [ app_begin ] --START--
INFO: Run ReadHtmlCache Behavior [ RunTime:0.000807s ]
INFO: [ app_begin ] --END-- [ RunTime:0.001015s ]
INFO: [ view_template ] --START--
INFO: Run LocationTemplate Behavior [ RunTime:0.000623s ]
INFO: [ view_template ] --END-- [ RunTime:0.000749s ]
INFO: [ view_parse ] --START--
NOTIC: [8] Undefined variable: firstName E:\www\szjiusc\Runtime\Cache\513a8a5f05f29a7776864f304e9d28ba.php 第 71 行.
NOTIC: [8] Undefined variable: secondName E:\www\szjiusc\Runtime\Cache\513a8a5f05f29a7776864f304e9d28ba.php 第 77 行.
NOTIC: [8] Undefined variable: address E:\www\szjiusc\Runtime\Cache\513a8a5f05f29a7776864f304e9d28ba.php 第 83 行.
NOTIC: [8] Undefined variable: city E:\www\szjiusc\Runtime\Cache\513a8a5f05f29a7776864f304e9d28ba.php 第 89 行.
NOTIC: [8] Undefined variable: postCode E:\www\szjiusc\Runtime\Cache\513a8a5f05f29a7776864f304e9d28ba.php 第 105 行.
NOTIC: [8] Undefined variable: tel E:\www\szjiusc\Runtime\Cache\513a8a5f05f29a7776864f304e9d28ba.php 第 109 行.
NOTIC: [8] Undefined variable: email E:\www\szjiusc\Runtime\Cache\513a8a5f05f29a7776864f304e9d28ba.php 第 114 行.
INFO: Run ParseTemplate Behavior [ RunTime:0.018852s ]
INFO: [ view_parse ] --END-- [ RunTime:0.018949s ]
INFO: [ view_filter ] --START--
INFO: Run ContentReplace Behavior [ RunTime:0.000743s ]
INFO: Run TokenBuild Behavior [ RunTime:0.000528s ]
INFO: Run WriteHtmlCache Behavior [ RunTime:0.000361s ]
INFO: Run ShowRuntime Behavior [ RunTime:0.000752s ]
INFO: [ view_filter ] --END-- [ RunTime:0.002638s ]
INFO: [ view_end ] --START--
INFO: Run ShowPageTrace Behavior [ RunTime:0.001000s ]
INFO: [ view_end ] --END-- [ RunTime:0.001085s ]

[ 2013-05-27T22:42:08+08:00 ] 127.0.0.1 /index.php/Order/index
INFO: [ route_check ] --START--
INFO: Run CheckRoute Behavior [ RunTime:0.000909s ]
INFO: [ route_check ] --END-- [ RunTime:0.001005s ]
INFO: [ app_begin ] --START--
INFO: Run ReadHtmlCache Behavior [ RunTime:0.000827s ]
INFO: [ app_begin ] --END-- [ RunTime:0.000923s ]
INFO: [ view_template ] --START--
INFO: Run LocationTemplate Behavior [ RunTime:0.000625s ]
INFO: [ view_template ] --END-- [ RunTime:0.000749s ]
INFO: [ view_parse ] --START--
NOTIC: [8] Undefined variable: firstName E:\www\szjiusc\Runtime\Cache\513a8a5f05f29a7776864f304e9d28ba.php 第 71 行.
NOTIC: [8] Undefined variable: secondName E:\www\szjiusc\Runtime\Cache\513a8a5f05f29a7776864f304e9d28ba.php 第 77 行.
NOTIC: [8] Undefined variable: address E:\www\szjiusc\Runtime\Cache\513a8a5f05f29a7776864f304e9d28ba.php 第 83 行.
NOTIC: [8] Undefined variable: city E:\www\szjiusc\Runtime\Cache\513a8a5f05f29a7776864f304e9d28ba.php 第 89 行.
NOTIC: [8] Undefined variable: postCode E:\www\szjiusc\Runtime\Cache\513a8a5f05f29a7776864f304e9d28ba.php 第 105 行.
NOTIC: [8] Undefined variable: tel E:\www\szjiusc\Runtime\Cache\513a8a5f05f29a7776864f304e9d28ba.php 第 109 行.
NOTIC: [8] Undefined variable: email E:\www\szjiusc\Runtime\Cache\513a8a5f05f29a7776864f304e9d28ba.php 第 114 行.
INFO: Run ParseTemplate Behavior [ RunTime:0.018963s ]
INFO: [ view_parse ] --END-- [ RunTime:0.019084s ]
INFO: [ view_filter ] --START--
INFO: Run ContentReplace Behavior [ RunTime:0.000744s ]
INFO: Run TokenBuild Behavior [ RunTime:0.000619s ]
INFO: Run WriteHtmlCache Behavior [ RunTime:0.000434s ]
INFO: Run ShowRuntime Behavior [ RunTime:0.000771s ]
INFO: [ view_filter ] --END-- [ RunTime:0.002847s ]
INFO: [ view_end ] --START--
INFO: Run ShowPageTrace Behavior [ RunTime:0.000768s ]
INFO: [ view_end ] --END-- [ RunTime:0.000846s ]

[ 2013-05-27T22:42:53+08:00 ] 127.0.0.1 /index.php/Order/index
INFO: [ route_check ] --START--
INFO: Run CheckRoute Behavior [ RunTime:0.001375s ]
INFO: [ route_check ] --END-- [ RunTime:0.001536s ]
INFO: [ app_begin ] --START--
INFO: Run ReadHtmlCache Behavior [ RunTime:0.000670s ]
INFO: [ app_begin ] --END-- [ RunTime:0.000747s ]
INFO: [ view_template ] --START--
INFO: Run LocationTemplate Behavior [ RunTime:0.000474s ]
INFO: [ view_template ] --END-- [ RunTime:0.000561s ]
INFO: [ view_parse ] --START--
NOTIC: [8] Undefined variable: firstName E:\www\szjiusc\Runtime\Cache\513a8a5f05f29a7776864f304e9d28ba.php 第 75 行.
NOTIC: [8] Undefined variable: secondName E:\www\szjiusc\Runtime\Cache\513a8a5f05f29a7776864f304e9d28ba.php 第 81 行.
NOTIC: [8] Undefined variable: address E:\www\szjiusc\Runtime\Cache\513a8a5f05f29a7776864f304e9d28ba.php 第 87 行.
NOTIC: [8] Undefined variable: city E:\www\szjiusc\Runtime\Cache\513a8a5f05f29a7776864f304e9d28ba.php 第 93 行.
NOTIC: [8] Undefined variable: postCode E:\www\szjiusc\Runtime\Cache\513a8a5f05f29a7776864f304e9d28ba.php 第 109 行.
NOTIC: [8] Undefined variable: tel E:\www\szjiusc\Runtime\Cache\513a8a5f05f29a7776864f304e9d28ba.php 第 113 行.
NOTIC: [8] Undefined variable: email E:\www\szjiusc\Runtime\Cache\513a8a5f05f29a7776864f304e9d28ba.php 第 118 行.
INFO: Run ParseTemplate Behavior [ RunTime:0.023762s ]
INFO: [ view_parse ] --END-- [ RunTime:0.023871s ]
INFO: [ view_filter ] --START--
INFO: Run ContentReplace Behavior [ RunTime:0.000834s ]
INFO: Run TokenBuild Behavior [ RunTime:0.000652s ]
INFO: Run WriteHtmlCache Behavior [ RunTime:0.000725s ]
INFO: Run ShowRuntime Behavior [ RunTime:0.000872s ]
INFO: [ view_filter ] --END-- [ RunTime:0.003381s ]
INFO: [ view_end ] --START--
INFO: Run ShowPageTrace Behavior [ RunTime:0.000961s ]
INFO: [ view_end ] --END-- [ RunTime:0.001056s ]

[ 2013-05-27T22:43:28+08:00 ] 127.0.0.1 /index.php/Order/index
INFO: [ route_check ] --START--
INFO: Run CheckRoute Behavior [ RunTime:0.001819s ]
INFO: [ route_check ] --END-- [ RunTime:0.001964s ]
INFO: [ app_begin ] --START--
INFO: Run ReadHtmlCache Behavior [ RunTime:0.001978s ]
INFO: [ app_begin ] --END-- [ RunTime:0.002129s ]
INFO: [ view_template ] --START--
INFO: Run LocationTemplate Behavior [ RunTime:0.002747s ]
INFO: [ view_template ] --END-- [ RunTime:0.003008s ]
INFO: [ view_parse ] --START--
NOTIC: [8] Undefined variable: firstName E:\www\szjiusc\Runtime\Cache\513a8a5f05f29a7776864f304e9d28ba.php 第 75 行.
NOTIC: [8] Undefined variable: secondName E:\www\szjiusc\Runtime\Cache\513a8a5f05f29a7776864f304e9d28ba.php 第 81 行.
NOTIC: [8] Undefined variable: address E:\www\szjiusc\Runtime\Cache\513a8a5f05f29a7776864f304e9d28ba.php 第 87 行.
NOTIC: [8] Undefined variable: city E:\www\szjiusc\Runtime\Cache\513a8a5f05f29a7776864f304e9d28ba.php 第 93 行.
NOTIC: [8] Undefined variable: postCode E:\www\szjiusc\Runtime\Cache\513a8a5f05f29a7776864f304e9d28ba.php 第 109 行.
NOTIC: [8] Undefined variable: tel E:\www\szjiusc\Runtime\Cache\513a8a5f05f29a7776864f304e9d28ba.php 第 113 行.
NOTIC: [8] Undefined variable: email E:\www\szjiusc\Runtime\Cache\513a8a5f05f29a7776864f304e9d28ba.php 第 118 行.
INFO: Run ParseTemplate Behavior [ RunTime:0.020739s ]
INFO: [ view_parse ] --END-- [ RunTime:0.020871s ]
INFO: [ view_filter ] --START--
INFO: Run ContentReplace Behavior [ RunTime:0.001682s ]
INFO: Run TokenBuild Behavior [ RunTime:0.001543s ]
INFO: Run WriteHtmlCache Behavior [ RunTime:0.001044s ]
INFO: Run ShowRuntime Behavior [ RunTime:0.001267s ]
INFO: [ view_filter ] --END-- [ RunTime:0.005816s ]
INFO: [ view_end ] --START--
INFO: Run ShowPageTrace Behavior [ RunTime:0.001982s ]
INFO: [ view_end ] --END-- [ RunTime:0.002099s ]

[ 2013-05-27T22:44:04+08:00 ] 127.0.0.1 /index.php/Order/index
INFO: [ route_check ] --START--
INFO: Run CheckRoute Behavior [ RunTime:0.001479s ]
INFO: [ route_check ] --END-- [ RunTime:0.001638s ]
INFO: [ app_begin ] --START--
INFO: Run ReadHtmlCache Behavior [ RunTime:0.000664s ]
INFO: [ app_begin ] --END-- [ RunTime:0.000750s ]
INFO: [ view_template ] --START--
INFO: Run LocationTemplate Behavior [ RunTime:0.000572s ]
INFO: [ view_template ] --END-- [ RunTime:0.000740s ]
INFO: [ view_parse ] --START--
NOTIC: [8] Undefined variable: firstName E:\www\szjiusc\Runtime\Cache\513a8a5f05f29a7776864f304e9d28ba.php 第 76 行.
NOTIC: [8] Undefined variable: secondName E:\www\szjiusc\Runtime\Cache\513a8a5f05f29a7776864f304e9d28ba.php 第 82 行.
NOTIC: [8] Undefined variable: address E:\www\szjiusc\Runtime\Cache\513a8a5f05f29a7776864f304e9d28ba.php 第 88 行.
NOTIC: [8] Undefined variable: city E:\www\szjiusc\Runtime\Cache\513a8a5f05f29a7776864f304e9d28ba.php 第 94 行.
NOTIC: [8] Undefined variable: postCode E:\www\szjiusc\Runtime\Cache\513a8a5f05f29a7776864f304e9d28ba.php 第 110 行.
NOTIC: [8] Undefined variable: tel E:\www\szjiusc\Runtime\Cache\513a8a5f05f29a7776864f304e9d28ba.php 第 114 行.
NOTIC: [8] Undefined variable: email E:\www\szjiusc\Runtime\Cache\513a8a5f05f29a7776864f304e9d28ba.php 第 119 行.
INFO: Run ParseTemplate Behavior [ RunTime:0.022794s ]
INFO: [ view_parse ] --END-- [ RunTime:0.022887s ]
INFO: [ view_filter ] --START--
INFO: Run ContentReplace Behavior [ RunTime:0.000685s ]
INFO: Run TokenBuild Behavior [ RunTime:0.000622s ]
INFO: Run WriteHtmlCache Behavior [ RunTime:0.000456s ]
INFO: Run ShowRuntime Behavior [ RunTime:0.000550s ]
INFO: [ view_filter ] --END-- [ RunTime:0.002538s ]
INFO: [ view_end ] --START--
INFO: Run ShowPageTrace Behavior [ RunTime:0.000759s ]
INFO: [ view_end ] --END-- [ RunTime:0.000844s ]

[ 2013-05-27T22:45:09+08:00 ] 127.0.0.1 /index.php/Order/index
INFO: [ route_check ] --START--
INFO: Run CheckRoute Behavior [ RunTime:0.000986s ]
INFO: [ route_check ] --END-- [ RunTime:0.001125s ]
INFO: [ app_begin ] --START--
INFO: Run ReadHtmlCache Behavior [ RunTime:0.000854s ]
INFO: [ app_begin ] --END-- [ RunTime:0.000966s ]
INFO: [ view_template ] --START--
INFO: Run LocationTemplate Behavior [ RunTime:0.000607s ]
INFO: [ view_template ] --END-- [ RunTime:0.000724s ]
INFO: [ view_parse ] --START--
NOTIC: [8] Undefined variable: firstName E:\www\szjiusc\Runtime\Cache\513a8a5f05f29a7776864f304e9d28ba.php 第 76 行.
NOTIC: [8] Undefined variable: secondName E:\www\szjiusc\Runtime\Cache\513a8a5f05f29a7776864f304e9d28ba.php 第 82 行.
NOTIC: [8] Undefined variable: address E:\www\szjiusc\Runtime\Cache\513a8a5f05f29a7776864f304e9d28ba.php 第 88 行.
NOTIC: [8] Undefined variable: city E:\www\szjiusc\Runtime\Cache\513a8a5f05f29a7776864f304e9d28ba.php 第 94 行.
NOTIC: [8] Undefined variable: postCode E:\www\szjiusc\Runtime\Cache\513a8a5f05f29a7776864f304e9d28ba.php 第 110 行.
NOTIC: [8] Undefined variable: tel E:\www\szjiusc\Runtime\Cache\513a8a5f05f29a7776864f304e9d28ba.php 第 114 行.
NOTIC: [8] Undefined variable: email E:\www\szjiusc\Runtime\Cache\513a8a5f05f29a7776864f304e9d28ba.php 第 119 行.
INFO: Run ParseTemplate Behavior [ RunTime:0.019621s ]
INFO: [ view_parse ] --END-- [ RunTime:0.019742s ]
INFO: [ view_filter ] --START--
INFO: Run ContentReplace Behavior [ RunTime:0.000846s ]
INFO: Run TokenBuild Behavior [ RunTime:0.000707s ]
INFO: Run WriteHtmlCache Behavior [ RunTime:0.000479s ]
INFO: Run ShowRuntime Behavior [ RunTime:0.001664s ]
INFO: [ view_filter ] --END-- [ RunTime:0.004036s ]
INFO: [ view_end ] --START--
INFO: Run ShowPageTrace Behavior [ RunTime:0.001026s ]
INFO: [ view_end ] --END-- [ RunTime:0.001136s ]

[ 2013-05-27T22:45:23+08:00 ] 127.0.0.1 /index.php/Order/index
INFO: [ route_check ] --START--
INFO: Run CheckRoute Behavior [ RunTime:0.000942s ]
INFO: [ route_check ] --END-- [ RunTime:0.001048s ]
INFO: [ app_begin ] --START--
INFO: Run ReadHtmlCache Behavior [ RunTime:0.000662s ]
INFO: [ app_begin ] --END-- [ RunTime:0.000743s ]
INFO: [ view_template ] --START--
INFO: Run LocationTemplate Behavior [ RunTime:0.001669s ]
INFO: [ view_template ] --END-- [ RunTime:0.001775s ]
INFO: [ view_parse ] --START--
NOTIC: [8] Undefined variable: firstName E:\www\szjiusc\Runtime\Cache\513a8a5f05f29a7776864f304e9d28ba.php 第 76 行.
NOTIC: [8] Undefined variable: secondName E:\www\szjiusc\Runtime\Cache\513a8a5f05f29a7776864f304e9d28ba.php 第 82 行.
NOTIC: [8] Undefined variable: address E:\www\szjiusc\Runtime\Cache\513a8a5f05f29a7776864f304e9d28ba.php 第 88 行.
NOTIC: [8] Undefined variable: city E:\www\szjiusc\Runtime\Cache\513a8a5f05f29a7776864f304e9d28ba.php 第 94 行.
NOTIC: [8] Undefined variable: postCode E:\www\szjiusc\Runtime\Cache\513a8a5f05f29a7776864f304e9d28ba.php 第 110 行.
NOTIC: [8] Undefined variable: tel E:\www\szjiusc\Runtime\Cache\513a8a5f05f29a7776864f304e9d28ba.php 第 114 行.
NOTIC: [8] Undefined variable: email E:\www\szjiusc\Runtime\Cache\513a8a5f05f29a7776864f304e9d28ba.php 第 119 行.
INFO: Run ParseTemplate Behavior [ RunTime:0.019877s ]
INFO: [ view_parse ] --END-- [ RunTime:0.019979s ]
INFO: [ view_filter ] --START--
INFO: Run ContentReplace Behavior [ RunTime:0.000728s ]
INFO: Run TokenBuild Behavior [ RunTime:0.000449s ]
INFO: Run WriteHtmlCache Behavior [ RunTime:0.000301s ]
INFO: Run ShowRuntime Behavior [ RunTime:0.000509s ]
INFO: [ view_filter ] --END-- [ RunTime:0.002171s ]
INFO: [ view_end ] --START--
INFO: Run ShowPageTrace Behavior [ RunTime:0.000879s ]
INFO: [ view_end ] --END-- [ RunTime:0.000968s ]

[ 2013-05-27T22:45:56+08:00 ] 127.0.0.1 /index.php/Order/index
INFO: [ route_check ] --START--
INFO: Run CheckRoute Behavior [ RunTime:0.001743s ]
INFO: [ route_check ] --END-- [ RunTime:0.001861s ]
INFO: [ app_begin ] --START--
INFO: Run ReadHtmlCache Behavior [ RunTime:0.002009s ]
INFO: [ app_begin ] --END-- [ RunTime:0.002206s ]
INFO: [ view_template ] --START--
INFO: Run LocationTemplate Behavior [ RunTime:0.002731s ]
INFO: [ view_template ] --END-- [ RunTime:0.002908s ]
INFO: [ view_parse ] --START--
NOTIC: [8] Undefined variable: firstName E:\www\szjiusc\Runtime\Cache\513a8a5f05f29a7776864f304e9d28ba.php 第 76 行.
NOTIC: [8] Undefined variable: secondName E:\www\szjiusc\Runtime\Cache\513a8a5f05f29a7776864f304e9d28ba.php 第 82 行.
NOTIC: [8] Undefined variable: address E:\www\szjiusc\Runtime\Cache\513a8a5f05f29a7776864f304e9d28ba.php 第 88 行.
NOTIC: [8] Undefined variable: city E:\www\szjiusc\Runtime\Cache\513a8a5f05f29a7776864f304e9d28ba.php 第 94 行.
NOTIC: [8] Undefined variable: postCode E:\www\szjiusc\Runtime\Cache\513a8a5f05f29a7776864f304e9d28ba.php 第 110 行.
NOTIC: [8] Undefined variable: tel E:\www\szjiusc\Runtime\Cache\513a8a5f05f29a7776864f304e9d28ba.php 第 114 行.
NOTIC: [8] Undefined variable: email E:\www\szjiusc\Runtime\Cache\513a8a5f05f29a7776864f304e9d28ba.php 第 119 行.
INFO: Run ParseTemplate Behavior [ RunTime:0.026277s ]
INFO: [ view_parse ] --END-- [ RunTime:0.026393s ]
INFO: [ view_filter ] --START--
INFO: Run ContentReplace Behavior [ RunTime:0.001846s ]
INFO: Run TokenBuild Behavior [ RunTime:0.002454s ]
INFO: Run WriteHtmlCache Behavior [ RunTime:0.001178s ]
INFO: Run ShowRuntime Behavior [ RunTime:0.001444s ]
INFO: [ view_filter ] --END-- [ RunTime:0.007259s ]
INFO: [ view_end ] --START--
INFO: Run ShowPageTrace Behavior [ RunTime:0.001768s ]
INFO: [ view_end ] --END-- [ RunTime:0.001868s ]

[ 2013-05-27T22:46:25+08:00 ] 127.0.0.1 /index.php/Order/index
INFO: [ route_check ] --START--
INFO: Run CheckRoute Behavior [ RunTime:0.001437s ]
INFO: [ route_check ] --END-- [ RunTime:0.001629s ]
INFO: [ app_begin ] --START--
INFO: Run ReadHtmlCache Behavior [ RunTime:0.001107s ]
INFO: [ app_begin ] --END-- [ RunTime:0.001263s ]
INFO: [ view_template ] --START--
INFO: Run LocationTemplate Behavior [ RunTime:0.000814s ]
INFO: [ view_template ] --END-- [ RunTime:0.000963s ]
INFO: [ view_parse ] --START--
NOTIC: [8] Undefined variable: firstName E:\www\szjiusc\Runtime\Cache\513a8a5f05f29a7776864f304e9d28ba.php 第 73 行.
NOTIC: [8] Undefined variable: secondName E:\www\szjiusc\Runtime\Cache\513a8a5f05f29a7776864f304e9d28ba.php 第 79 行.
NOTIC: [8] Undefined variable: address E:\www\szjiusc\Runtime\Cache\513a8a5f05f29a7776864f304e9d28ba.php 第 85 行.
NOTIC: [8] Undefined variable: city E:\www\szjiusc\Runtime\Cache\513a8a5f05f29a7776864f304e9d28ba.php 第 91 行.
NOTIC: [8] Undefined variable: postCode E:\www\szjiusc\Runtime\Cache\513a8a5f05f29a7776864f304e9d28ba.php 第 107 行.
NOTIC: [8] Undefined variable: tel E:\www\szjiusc\Runtime\Cache\513a8a5f05f29a7776864f304e9d28ba.php 第 111 行.
NOTIC: [8] Undefined variable: email E:\www\szjiusc\Runtime\Cache\513a8a5f05f29a7776864f304e9d28ba.php 第 116 行.
INFO: Run ParseTemplate Behavior [ RunTime:0.024624s ]
INFO: [ view_parse ] --END-- [ RunTime:0.024714s ]
INFO: [ view_filter ] --START--
INFO: Run ContentReplace Behavior [ RunTime:0.000682s ]
INFO: Run TokenBuild Behavior [ RunTime:0.000655s ]
INFO: Run WriteHtmlCache Behavior [ RunTime:0.000471s ]
INFO: Run ShowRuntime Behavior [ RunTime:0.000763s ]
INFO: [ view_filter ] --END-- [ RunTime:0.002850s ]
INFO: [ view_end ] --START--
INFO: Run ShowPageTrace Behavior [ RunTime:0.001523s ]
INFO: [ view_end ] --END-- [ RunTime:0.001644s ]

[ 2013-05-27T22:46:39+08:00 ] 127.0.0.1 /index.php/Order/index
INFO: [ route_check ] --START--
INFO: Run CheckRoute Behavior [ RunTime:0.001294s ]
INFO: [ route_check ] --END-- [ RunTime:0.001416s ]
INFO: [ app_begin ] --START--
INFO: Run ReadHtmlCache Behavior [ RunTime:0.000583s ]
INFO: [ app_begin ] --END-- [ RunTime:0.000654s ]
INFO: [ view_template ] --START--
INFO: Run LocationTemplate Behavior [ RunTime:0.000504s ]
INFO: [ view_template ] --END-- [ RunTime:0.000614s ]
INFO: [ view_parse ] --START--
NOTIC: [8] Undefined variable: firstName E:\www\szjiusc\Runtime\Cache\513a8a5f05f29a7776864f304e9d28ba.php 第 76 行.
NOTIC: [8] Undefined variable: secondName E:\www\szjiusc\Runtime\Cache\513a8a5f05f29a7776864f304e9d28ba.php 第 82 行.
NOTIC: [8] Undefined variable: address E:\www\szjiusc\Runtime\Cache\513a8a5f05f29a7776864f304e9d28ba.php 第 88 行.
NOTIC: [8] Undefined variable: city E:\www\szjiusc\Runtime\Cache\513a8a5f05f29a7776864f304e9d28ba.php 第 94 行.
NOTIC: [8] Undefined variable: postCode E:\www\szjiusc\Runtime\Cache\513a8a5f05f29a7776864f304e9d28ba.php 第 110 行.
NOTIC: [8] Undefined variable: tel E:\www\szjiusc\Runtime\Cache\513a8a5f05f29a7776864f304e9d28ba.php 第 114 行.
NOTIC: [8] Undefined variable: email E:\www\szjiusc\Runtime\Cache\513a8a5f05f29a7776864f304e9d28ba.php 第 119 行.
INFO: Run ParseTemplate Behavior [ RunTime:0.022917s ]
INFO: [ view_parse ] --END-- [ RunTime:0.023014s ]
INFO: [ view_filter ] --START--
INFO: Run ContentReplace Behavior [ RunTime:0.000563s ]
INFO: Run TokenBuild Behavior [ RunTime:0.000502s ]
INFO: Run WriteHtmlCache Behavior [ RunTime:0.000330s ]
INFO: Run ShowRuntime Behavior [ RunTime:0.000727s ]
INFO: [ view_filter ] --END-- [ RunTime:0.002338s ]
INFO: [ view_end ] --START--
INFO: Run ShowPageTrace Behavior [ RunTime:0.000973s ]
INFO: [ view_end ] --END-- [ RunTime:0.001062s ]

[ 2013-05-27T22:47:19+08:00 ] 127.0.0.1 /index.php/Order/index
INFO: [ route_check ] --START--
INFO: Run CheckRoute Behavior [ RunTime:0.000917s ]
INFO: [ route_check ] --END-- [ RunTime:0.001019s ]
INFO: [ app_begin ] --START--
INFO: Run ReadHtmlCache Behavior [ RunTime:0.000576s ]
INFO: [ app_begin ] --END-- [ RunTime:0.000642s ]
INFO: [ view_template ] --START--
INFO: Run LocationTemplate Behavior [ RunTime:0.000586s ]
INFO: [ view_template ] --END-- [ RunTime:0.000702s ]
INFO: [ view_parse ] --START--
NOTIC: [8] Undefined variable: firstName E:\www\szjiusc\Runtime\Cache\513a8a5f05f29a7776864f304e9d28ba.php 第 79 行.
NOTIC: [8] Undefined variable: secondName E:\www\szjiusc\Runtime\Cache\513a8a5f05f29a7776864f304e9d28ba.php 第 85 行.
NOTIC: [8] Undefined variable: address E:\www\szjiusc\Runtime\Cache\513a8a5f05f29a7776864f304e9d28ba.php 第 91 行.
NOTIC: [8] Undefined variable: city E:\www\szjiusc\Runtime\Cache\513a8a5f05f29a7776864f304e9d28ba.php 第 97 行.
NOTIC: [8] Undefined variable: postCode E:\www\szjiusc\Runtime\Cache\513a8a5f05f29a7776864f304e9d28ba.php 第 113 行.
NOTIC: [8] Undefined variable: tel E:\www\szjiusc\Runtime\Cache\513a8a5f05f29a7776864f304e9d28ba.php 第 117 行.
NOTIC: [8] Undefined variable: email E:\www\szjiusc\Runtime\Cache\513a8a5f05f29a7776864f304e9d28ba.php 第 122 行.
INFO: Run ParseTemplate Behavior [ RunTime:0.021006s ]
INFO: [ view_parse ] --END-- [ RunTime:0.021127s ]
INFO: [ view_filter ] --START--
INFO: Run ContentReplace Behavior [ RunTime:0.000756s ]
INFO: Run TokenBuild Behavior [ RunTime:0.000652s ]
INFO: Run WriteHtmlCache Behavior [ RunTime:0.000483s ]
INFO: Run ShowRuntime Behavior [ RunTime:0.000729s ]
INFO: [ view_filter ] --END-- [ RunTime:0.002957s ]
INFO: [ view_end ] --START--
INFO: Run ShowPageTrace Behavior [ RunTime:0.001033s ]
INFO: [ view_end ] --END-- [ RunTime:0.001164s ]

[ 2013-05-27T22:49:16+08:00 ] 127.0.0.1 /index.php/Order/index
INFO: [ route_check ] --START--
INFO: Run CheckRoute Behavior [ RunTime:0.001816s ]
INFO: [ route_check ] --END-- [ RunTime:0.001942s ]
INFO: [ app_begin ] --START--
INFO: Run ReadHtmlCache Behavior [ RunTime:0.001592s ]
INFO: [ app_begin ] --END-- [ RunTime:0.001707s ]
INFO: [ view_template ] --START--
INFO: Run LocationTemplate Behavior [ RunTime:0.001768s ]
INFO: [ view_template ] --END-- [ RunTime:0.001849s ]
INFO: [ view_parse ] --START--
NOTIC: [8] Undefined variable: firstName E:\www\szjiusc\Runtime\Cache\513a8a5f05f29a7776864f304e9d28ba.php 第 79 行.
NOTIC: [8] Undefined variable: secondName E:\www\szjiusc\Runtime\Cache\513a8a5f05f29a7776864f304e9d28ba.php 第 85 行.
NOTIC: [8] Undefined variable: address E:\www\szjiusc\Runtime\Cache\513a8a5f05f29a7776864f304e9d28ba.php 第 91 行.
NOTIC: [8] Undefined variable: city E:\www\szjiusc\Runtime\Cache\513a8a5f05f29a7776864f304e9d28ba.php 第 97 行.
NOTIC: [8] Undefined variable: postCode E:\www\szjiusc\Runtime\Cache\513a8a5f05f29a7776864f304e9d28ba.php 第 113 行.
NOTIC: [8] Undefined variable: tel E:\www\szjiusc\Runtime\Cache\513a8a5f05f29a7776864f304e9d28ba.php 第 117 行.
NOTIC: [8] Undefined variable: email E:\www\szjiusc\Runtime\Cache\513a8a5f05f29a7776864f304e9d28ba.php 第 122 行.
INFO: Run ParseTemplate Behavior [ RunTime:0.020677s ]
INFO: [ view_parse ] --END-- [ RunTime:0.020752s ]
INFO: [ view_filter ] --START--
INFO: Run ContentReplace Behavior [ RunTime:0.001213s ]
INFO: Run TokenBuild Behavior [ RunTime:0.001772s ]
INFO: Run WriteHtmlCache Behavior [ RunTime:0.001019s ]
INFO: Run ShowRuntime Behavior [ RunTime:0.001248s ]
INFO: [ view_filter ] --END-- [ RunTime:0.005486s ]
INFO: [ view_end ] --START--
INFO: Run ShowPageTrace Behavior [ RunTime:0.001892s ]
INFO: [ view_end ] --END-- [ RunTime:0.002003s ]

[ 2013-05-27T22:49:18+08:00 ] 127.0.0.1 /index.php/Order/index2
INFO: [ route_check ] --START--
INFO: Run CheckRoute Behavior [ RunTime:0.001373s ]
INFO: [ route_check ] --END-- [ RunTime:0.001537s ]
INFO: [ app_begin ] --START--
INFO: Run ReadHtmlCache Behavior [ RunTime:0.001319s ]
INFO: [ app_begin ] --END-- [ RunTime:0.001484s ]
INFO: [ view_template ] --START--
INFO: Run LocationTemplate Behavior [ RunTime:0.001454s ]
INFO: [ view_template ] --END-- [ RunTime:0.001564s ]
INFO: [ view_parse ] --START--
NOTIC: [8] Undefined variable: goods E:\www\szjiusc\Runtime\Cache\4e1048d004586a45ade6238bcd2d6360.php 第 36 行.
NOTIC: [8] Undefined variable: total_number E:\www\szjiusc\Runtime\Cache\4e1048d004586a45ade6238bcd2d6360.php 第 47 行.
NOTIC: [8] Undefined variable: total_price E:\www\szjiusc\Runtime\Cache\4e1048d004586a45ade6238bcd2d6360.php 第 48 行.
NOTIC: [8] Undefined variable: coupon_price E:\www\szjiusc\Runtime\Cache\4e1048d004586a45ade6238bcd2d6360.php 第 49 行.
NOTIC: [8] Undefined variable: coupon E:\www\szjiusc\Runtime\Cache\4e1048d004586a45ade6238bcd2d6360.php 第 50 行.
INFO: Run ParseTemplate Behavior [ RunTime:0.016090s ]
INFO: [ view_parse ] --END-- [ RunTime:0.016200s ]
INFO: [ view_filter ] --START--
INFO: Run ContentReplace Behavior [ RunTime:0.000804s ]
INFO: Run TokenBuild Behavior [ RunTime:0.000709s ]
INFO: Run WriteHtmlCache Behavior [ RunTime:0.000507s ]
INFO: Run ShowRuntime Behavior [ RunTime:0.000832s ]
INFO: [ view_filter ] --END-- [ RunTime:0.003175s ]
INFO: [ view_end ] --START--
INFO: Run ShowPageTrace Behavior [ RunTime:0.001001s ]
INFO: [ view_end ] --END-- [ RunTime:0.001149s ]

[ 2013-05-27T22:49:37+08:00 ] 127.0.0.1 /index.php/Order/index
INFO: [ route_check ] --START--
INFO: Run CheckRoute Behavior [ RunTime:0.001004s ]
INFO: [ route_check ] --END-- [ RunTime:0.001110s ]
INFO: [ app_begin ] --START--
INFO: Run ReadHtmlCache Behavior [ RunTime:0.000594s ]
INFO: [ app_begin ] --END-- [ RunTime:0.000661s ]
INFO: [ view_template ] --START--
INFO: Run LocationTemplate Behavior [ RunTime:0.000690s ]
INFO: [ view_template ] --END-- [ RunTime:0.000827s ]
INFO: [ view_parse ] --START--
NOTIC: [8] Undefined variable: firstName E:\www\szjiusc\Runtime\Cache\513a8a5f05f29a7776864f304e9d28ba.php 第 79 行.
NOTIC: [8] Undefined variable: secondName E:\www\szjiusc\Runtime\Cache\513a8a5f05f29a7776864f304e9d28ba.php 第 85 行.
NOTIC: [8] Undefined variable: address E:\www\szjiusc\Runtime\Cache\513a8a5f05f29a7776864f304e9d28ba.php 第 91 行.
NOTIC: [8] Undefined variable: city E:\www\szjiusc\Runtime\Cache\513a8a5f05f29a7776864f304e9d28ba.php 第 97 行.
NOTIC: [8] Undefined variable: postCode E:\www\szjiusc\Runtime\Cache\513a8a5f05f29a7776864f304e9d28ba.php 第 113 行.
NOTIC: [8] Undefined variable: tel E:\www\szjiusc\Runtime\Cache\513a8a5f05f29a7776864f304e9d28ba.php 第 117 行.
NOTIC: [8] Undefined variable: email E:\www\szjiusc\Runtime\Cache\513a8a5f05f29a7776864f304e9d28ba.php 第 122 行.
INFO: Run ParseTemplate Behavior [ RunTime:0.016964s ]
INFO: [ view_parse ] --END-- [ RunTime:0.017076s ]
INFO: [ view_filter ] --START--
INFO: Run ContentReplace Behavior [ RunTime:0.000806s ]
INFO: Run TokenBuild Behavior [ RunTime:0.000651s ]
INFO: Run WriteHtmlCache Behavior [ RunTime:0.000328s ]
INFO: Run ShowRuntime Behavior [ RunTime:0.000533s ]
INFO: [ view_filter ] --END-- [ RunTime:0.002577s ]
INFO: [ view_end ] --START--
INFO: Run ShowPageTrace Behavior [ RunTime:0.000994s ]
INFO: [ view_end ] --END-- [ RunTime:0.001088s ]

[ 2013-05-27T22:49:39+08:00 ] 127.0.0.1 /index.php/Order/index1
INFO: [ route_check ] --START--
INFO: Run CheckRoute Behavior [ RunTime:0.001258s ]
INFO: [ route_check ] --END-- [ RunTime:0.001405s ]
INFO: [ app_begin ] --START--
INFO: Run ReadHtmlCache Behavior [ RunTime:0.000806s ]
INFO: [ app_begin ] --END-- [ RunTime:0.000904s ]
INFO: [ view_template ] --START--
INFO: Run LocationTemplate Behavior [ RunTime:0.001743s ]
INFO: [ view_template ] --END-- [ RunTime:0.001871s ]
INFO: [ view_parse ] --START--
INFO: Run ParseTemplate Behavior [ RunTime:0.012359s ]
INFO: [ view_parse ] --END-- [ RunTime:0.012472s ]
INFO: [ view_filter ] --START--
INFO: Run ContentReplace Behavior [ RunTime:0.000451s ]
INFO: Run TokenBuild Behavior [ RunTime:0.000414s ]
INFO: Run WriteHtmlCache Behavior [ RunTime:0.000332s ]
INFO: Run ShowRuntime Behavior [ RunTime:0.000768s ]
INFO: [ view_filter ] --END-- [ RunTime:0.002168s ]
INFO: [ view_end ] --START--
INFO: Run ShowPageTrace Behavior [ RunTime:0.000879s ]
INFO: [ view_end ] --END-- [ RunTime:0.000983s ]

[ 2013-05-27T22:49:46+08:00 ] 127.0.0.1 /index.php/Order/index2
INFO: [ route_check ] --START--
INFO: Run CheckRoute Behavior [ RunTime:0.001489s ]
INFO: [ route_check ] --END-- [ RunTime:0.001659s ]
INFO: [ app_begin ] --START--
INFO: Run ReadHtmlCache Behavior [ RunTime:0.000919s ]
INFO: [ app_begin ] --END-- [ RunTime:0.001041s ]
INFO: [ view_template ] --START--
INFO: Run LocationTemplate Behavior [ RunTime:0.000763s ]
INFO: [ view_template ] --END-- [ RunTime:0.000914s ]
INFO: [ view_parse ] --START--
NOTIC: [8] Undefined variable: goods E:\www\szjiusc\Runtime\Cache\4e1048d004586a45ade6238bcd2d6360.php 第 36 行.
NOTIC: [8] Undefined variable: total_number E:\www\szjiusc\Runtime\Cache\4e1048d004586a45ade6238bcd2d6360.php 第 47 行.
NOTIC: [8] Undefined variable: total_price E:\www\szjiusc\Runtime\Cache\4e1048d004586a45ade6238bcd2d6360.php 第 48 行.
NOTIC: [8] Undefined variable: coupon_price E:\www\szjiusc\Runtime\Cache\4e1048d004586a45ade6238bcd2d6360.php 第 49 行.
NOTIC: [8] Undefined variable: coupon E:\www\szjiusc\Runtime\Cache\4e1048d004586a45ade6238bcd2d6360.php 第 50 行.
INFO: Run ParseTemplate Behavior [ RunTime:0.014224s ]
INFO: [ view_parse ] --END-- [ RunTime:0.014316s ]
INFO: [ view_filter ] --START--
INFO: Run ContentReplace Behavior [ RunTime:0.000679s ]
INFO: Run TokenBuild Behavior [ RunTime:0.001200s ]
INFO: Run WriteHtmlCache Behavior [ RunTime:0.000534s ]
INFO: Run ShowRuntime Behavior [ RunTime:0.000725s ]
INFO: [ view_filter ] --END-- [ RunTime:0.003489s ]
INFO: [ view_end ] --START--
INFO: Run ShowPageTrace Behavior [ RunTime:0.001033s ]
INFO: [ view_end ] --END-- [ RunTime:0.001126s ]

[ 2013-05-27T22:51:18+08:00 ] 127.0.0.1 /index.php/Order/index2
INFO: [ route_check ] --START--
INFO: Run CheckRoute Behavior [ RunTime:0.002074s ]
INFO: [ route_check ] --END-- [ RunTime:0.002222s ]
INFO: [ app_begin ] --START--
INFO: Run ReadHtmlCache Behavior [ RunTime:0.001989s ]
INFO: [ app_begin ] --END-- [ RunTime:0.002115s ]
INFO: [ view_template ] --START--
INFO: Run LocationTemplate Behavior [ RunTime:0.001107s ]
INFO: [ view_template ] --END-- [ RunTime:0.001203s ]
INFO: [ view_parse ] --START--
NOTIC: [8] Undefined variable: goods E:\www\szjiusc\Runtime\Cache\4e1048d004586a45ade6238bcd2d6360.php 第 36 行.
NOTIC: [8] Undefined variable: total_number E:\www\szjiusc\Runtime\Cache\4e1048d004586a45ade6238bcd2d6360.php 第 47 行.
NOTIC: [8] Undefined variable: total_price E:\www\szjiusc\Runtime\Cache\4e1048d004586a45ade6238bcd2d6360.php 第 48 行.
NOTIC: [8] Undefined variable: coupon_price E:\www\szjiusc\Runtime\Cache\4e1048d004586a45ade6238bcd2d6360.php 第 49 行.
NOTIC: [8] Undefined variable: coupon E:\www\szjiusc\Runtime\Cache\4e1048d004586a45ade6238bcd2d6360.php 第 50 行.
INFO: Run ParseTemplate Behavior [ RunTime:0.016771s ]
INFO: [ view_parse ] --END-- [ RunTime:0.016875s ]
INFO: [ view_filter ] --START--
INFO: Run ContentReplace Behavior [ RunTime:0.001552s ]
INFO: Run TokenBuild Behavior [ RunTime:0.001143s ]
INFO: Run WriteHtmlCache Behavior [ RunTime:0.001459s ]
INFO: Run ShowRuntime Behavior [ RunTime:0.001715s ]
INFO: [ view_filter ] --END-- [ RunTime:0.006163s ]
INFO: [ view_end ] --START--
INFO: Run ShowPageTrace Behavior [ RunTime:0.001454s ]
INFO: [ view_end ] --END-- [ RunTime:0.001516s ]

[ 2013-05-27T22:51:24+08:00 ] 127.0.0.1 /index.php/Order/index1
INFO: [ route_check ] --START--
INFO: Run CheckRoute Behavior [ RunTime:0.001560s ]
INFO: [ route_check ] --END-- [ RunTime:0.001749s ]
INFO: [ app_begin ] --START--
INFO: Run ReadHtmlCache Behavior [ RunTime:0.000736s ]
INFO: [ app_begin ] --END-- [ RunTime:0.000817s ]
INFO: [ view_template ] --START--
INFO: Run LocationTemplate Behavior [ RunTime:0.000720s ]
INFO: [ view_template ] --END-- [ RunTime:0.000857s ]
INFO: [ view_parse ] --START--
INFO: Run ParseTemplate Behavior [ RunTime:0.011480s ]
INFO: [ view_parse ] --END-- [ RunTime:0.011596s ]
INFO: [ view_filter ] --START--
INFO: Run ContentReplace Behavior [ RunTime:0.000460s ]
INFO: Run TokenBuild Behavior [ RunTime:0.000473s ]
INFO: Run WriteHtmlCache Behavior [ RunTime:0.000317s ]
INFO: Run ShowRuntime Behavior [ RunTime:0.000523s ]
INFO: [ view_filter ] --END-- [ RunTime:0.001964s ]
INFO: [ view_end ] --START--
INFO: Run ShowPageTrace Behavior [ RunTime:0.003064s ]
INFO: [ view_end ] --END-- [ RunTime:0.003166s ]

[ 2013-05-27T22:52:46+08:00 ] 127.0.0.1 /index.php/Order/index1
INFO: [ route_check ] --START--
INFO: Run CheckRoute Behavior [ RunTime:0.001300s ]
INFO: [ route_check ] --END-- [ RunTime:0.001456s ]
INFO: [ app_begin ] --START--
INFO: Run ReadHtmlCache Behavior [ RunTime:0.001006s ]
INFO: [ app_begin ] --END-- [ RunTime:0.001110s ]
INFO: [ view_template ] --START--
INFO: Run LocationTemplate Behavior [ RunTime:0.001518s ]
INFO: [ view_template ] --END-- [ RunTime:0.001624s ]
INFO: [ view_parse ] --START--
INFO: Run ParseTemplate Behavior [ RunTime:0.012059s ]
INFO: [ view_parse ] --END-- [ RunTime:0.012187s ]
INFO: [ view_filter ] --START--
INFO: Run ContentReplace Behavior [ RunTime:0.000614s ]
INFO: Run TokenBuild Behavior [ RunTime:0.000457s ]
INFO: Run WriteHtmlCache Behavior [ RunTime:0.000305s ]
INFO: Run ShowRuntime Behavior [ RunTime:0.000494s ]
INFO: [ view_filter ] --END-- [ RunTime:0.002067s ]
INFO: [ view_end ] --START--
INFO: Run ShowPageTrace Behavior [ RunTime:0.000660s ]
INFO: [ view_end ] --END-- [ RunTime:0.000718s ]

[ 2013-05-27T22:53:22+08:00 ] 127.0.0.1 /index.php/Order/index1
INFO: [ route_check ] --START--
INFO: Run CheckRoute Behavior [ RunTime:0.002440s ]
INFO: [ route_check ] --END-- [ RunTime:0.002648s ]
INFO: [ app_begin ] --START--
INFO: Run ReadHtmlCache Behavior [ RunTime:0.001997s ]
INFO: [ app_begin ] --END-- [ RunTime:0.002160s ]
INFO: [ view_template ] --START--
INFO: Run LocationTemplate Behavior [ RunTime:0.001678s ]
INFO: [ view_template ] --END-- [ RunTime:0.001834s ]
INFO: [ view_parse ] --START--
INFO: Run ParseTemplate Behavior [ RunTime:0.023650s ]
INFO: [ view_parse ] --END-- [ RunTime:0.023811s ]
INFO: [ view_filter ] --START--
INFO: Run ContentReplace Behavior [ RunTime:0.001709s ]
INFO: Run TokenBuild Behavior [ RunTime:0.001777s ]
INFO: Run WriteHtmlCache Behavior [ RunTime:0.001476s ]
INFO: Run ShowRuntime Behavior [ RunTime:0.001721s ]
INFO: [ view_filter ] --END-- [ RunTime:0.007056s ]
INFO: [ view_end ] --START--
INFO: Run ShowPageTrace Behavior [ RunTime:0.002738s ]
INFO: [ view_end ] --END-- [ RunTime:0.002882s ]

[ 2013-05-27T22:54:35+08:00 ] 127.0.0.1 /index.php/Order/index1
INFO: [ route_check ] --START--
INFO: Run CheckRoute Behavior [ RunTime:0.001425s ]
INFO: [ route_check ] --END-- [ RunTime:0.001602s ]
INFO: [ app_begin ] --START--
INFO: Run ReadHtmlCache Behavior [ RunTime:0.000919s ]
INFO: [ app_begin ] --END-- [ RunTime:0.001041s ]
INFO: [ view_template ] --START--
INFO: Run LocationTemplate Behavior [ RunTime:0.000797s ]
INFO: [ view_template ] --END-- [ RunTime:0.000970s ]
INFO: [ view_parse ] --START--
INFO: Run ParseTemplate Behavior [ RunTime:0.016969s ]
INFO: [ view_parse ] --END-- [ RunTime:0.017116s ]
INFO: [ view_filter ] --START--
INFO: Run ContentReplace Behavior [ RunTime:0.000690s ]
INFO: Run TokenBuild Behavior [ RunTime:0.000695s ]
INFO: Run WriteHtmlCache Behavior [ RunTime:0.002156s ]
INFO: Run ShowRuntime Behavior [ RunTime:0.000872s ]
INFO: [ view_filter ] --END-- [ RunTime:0.004755s ]
INFO: [ view_end ] --START--
INFO: Run ShowPageTrace Behavior [ RunTime:0.000978s ]
INFO: [ view_end ] --END-- [ RunTime:0.001095s ]

[ 2013-05-27T22:55:39+08:00 ] 127.0.0.1 /index.php/Order/index1
INFO: [ route_check ] --START--
INFO: Run CheckRoute Behavior [ RunTime:0.003030s ]
INFO: [ route_check ] --END-- [ RunTime:0.003233s ]
INFO: [ app_begin ] --START--
INFO: Run ReadHtmlCache Behavior [ RunTime:0.001537s ]
INFO: [ app_begin ] --END-- [ RunTime:0.001678s ]
INFO: [ view_template ] --START--
INFO: Run LocationTemplate Behavior [ RunTime:0.002146s ]
INFO: [ view_template ] --END-- [ RunTime:0.002250s ]
INFO: [ view_parse ] --START--
INFO: Run ParseTemplate Behavior [ RunTime:0.014253s ]
INFO: [ view_parse ] --END-- [ RunTime:0.014350s ]
INFO: [ view_filter ] --START--
INFO: Run ContentReplace Behavior [ RunTime:0.001090s ]
INFO: Run TokenBuild Behavior [ RunTime:0.001024s ]
INFO: Run WriteHtmlCache Behavior [ RunTime:0.000966s ]
INFO: Run ShowRuntime Behavior [ RunTime:0.001367s ]
INFO: [ view_filter ] --END-- [ RunTime:0.004645s ]
INFO: [ view_end ] --START--
INFO: Run ShowPageTrace Behavior [ RunTime:0.001654s ]
INFO: [ view_end ] --END-- [ RunTime:0.001757s ]

[ 2013-05-27T22:56:16+08:00 ] 127.0.0.1 /index.php/Order/index1
INFO: [ route_check ] --START--
INFO: Run CheckRoute Behavior [ RunTime:0.001669s ]
INFO: [ route_check ] --END-- [ RunTime:0.001843s ]
INFO: [ app_begin ] --START--
INFO: Run ReadHtmlCache Behavior [ RunTime:0.000918s ]
INFO: [ app_begin ] --END-- [ RunTime:0.001020s ]
INFO: [ view_template ] --START--
INFO: Run LocationTemplate Behavior [ RunTime:0.000569s ]
INFO: [ view_template ] --END-- [ RunTime:0.000736s ]
INFO: [ view_parse ] --START--
INFO: Run ParseTemplate Behavior [ RunTime:0.013156s ]
INFO: [ view_parse ] --END-- [ RunTime:0.013275s ]
INFO: [ view_filter ] --START--
INFO: Run ContentReplace Behavior [ RunTime:0.000476s ]
INFO: Run TokenBuild Behavior [ RunTime:0.000430s ]
INFO: Run WriteHtmlCache Behavior [ RunTime:0.000337s ]
INFO: Run ShowRuntime Behavior [ RunTime:0.000483s ]
INFO: [ view_filter ] --END-- [ RunTime:0.001898s ]
INFO: [ view_end ] --START--
INFO: Run ShowPageTrace Behavior [ RunTime:0.000620s ]
INFO: [ view_end ] --END-- [ RunTime:0.000681s ]

[ 2013-05-27T22:56:39+08:00 ] 127.0.0.1 /index.php/Order/index1
INFO: [ route_check ] --START--
INFO: Run CheckRoute Behavior [ RunTime:0.001506s ]
INFO: [ route_check ] --END-- [ RunTime:0.001818s ]
INFO: [ app_begin ] --START--
INFO: Run ReadHtmlCache Behavior [ RunTime:0.000793s ]
INFO: [ app_begin ] --END-- [ RunTime:0.000889s ]
INFO: [ view_template ] --START--
INFO: Run LocationTemplate Behavior [ RunTime:0.000701s ]
INFO: [ view_template ] --END-- [ RunTime:0.000825s ]
INFO: [ view_parse ] --START--
INFO: Run ParseTemplate Behavior [ RunTime:0.014446s ]
INFO: [ view_parse ] --END-- [ RunTime:0.014575s ]
INFO: [ view_filter ] --START--
INFO: Run ContentReplace Behavior [ RunTime:0.000528s ]
INFO: Run TokenBuild Behavior [ RunTime:0.000445s ]
INFO: Run WriteHtmlCache Behavior [ RunTime:0.000307s ]
INFO: Run ShowRuntime Behavior [ RunTime:0.000543s ]
INFO: [ view_filter ] --END-- [ RunTime:0.002046s ]
INFO: [ view_end ] --START--
INFO: Run ShowPageTrace Behavior [ RunTime:0.001256s ]
INFO: [ view_end ] --END-- [ RunTime:0.001364s ]

[ 2013-05-27T22:57:37+08:00 ] 127.0.0.1 /index.php/Order/index1
INFO: [ route_check ] --START--
INFO: Run CheckRoute Behavior [ RunTime:0.000890s ]
INFO: [ route_check ] --END-- [ RunTime:0.000987s ]
INFO: [ app_begin ] --START--
INFO: Run ReadHtmlCache Behavior [ RunTime:0.000744s ]
INFO: [ app_begin ] --END-- [ RunTime:0.000832s ]
INFO: [ view_template ] --START--
INFO: Run LocationTemplate Behavior [ RunTime:0.000464s ]
INFO: [ view_template ] --END-- [ RunTime:0.000537s ]
INFO: [ view_parse ] --START--
INFO: Run ParseTemplate Behavior [ RunTime:0.010359s ]
INFO: [ view_parse ] --END-- [ RunTime:0.010452s ]
INFO: [ view_filter ] --START--
INFO: Run ContentReplace Behavior [ RunTime:0.000432s ]
INFO: Run TokenBuild Behavior [ RunTime:0.000417s ]
INFO: Run WriteHtmlCache Behavior [ RunTime:0.000343s ]
INFO: Run ShowRuntime Behavior [ RunTime:0.000608s ]
INFO: [ view_filter ] --END-- [ RunTime:0.001983s ]
INFO: [ view_end ] --START--
INFO: Run ShowPageTrace Behavior [ RunTime:0.000650s ]
INFO: [ view_end ] --END-- [ RunTime:0.000710s ]

[ 2013-05-27T22:57:55+08:00 ] 127.0.0.1 /index.php/Order/index1
INFO: [ route_check ] --START--
INFO: Run CheckRoute Behavior [ RunTime:0.001947s ]
INFO: [ route_check ] --END-- [ RunTime:0.002083s ]
INFO: [ app_begin ] --START--
INFO: Run ReadHtmlCache Behavior [ RunTime:0.002629s ]
INFO: [ app_begin ] --END-- [ RunTime:0.002759s ]
INFO: [ view_template ] --START--
INFO: Run LocationTemplate Behavior [ RunTime:0.002732s ]
INFO: [ view_template ] --END-- [ RunTime:0.002900s ]
INFO: [ view_parse ] --START--
INFO: Run ParseTemplate Behavior [ RunTime:0.018592s ]
INFO: [ view_parse ] --END-- [ RunTime:0.018748s ]
INFO: [ view_filter ] --START--
INFO: Run ContentReplace Behavior [ RunTime:0.002206s ]
INFO: Run TokenBuild Behavior [ RunTime:0.001599s ]
INFO: Run WriteHtmlCache Behavior [ RunTime:0.001318s ]
INFO: Run ShowRuntime Behavior [ RunTime:0.001449s ]
INFO: [ view_filter ] --END-- [ RunTime:0.006905s ]
INFO: [ view_end ] --START--
INFO: Run ShowPageTrace Behavior [ RunTime:0.001858s ]
INFO: [ view_end ] --END-- [ RunTime:0.001954s ]

[ 2013-05-27T22:58:10+08:00 ] 127.0.0.1 /index.php/Order/index2
INFO: [ route_check ] --START--
INFO: Run CheckRoute Behavior [ RunTime:0.001229s ]
INFO: [ route_check ] --END-- [ RunTime:0.001354s ]
INFO: [ app_begin ] --START--
INFO: Run ReadHtmlCache Behavior [ RunTime:0.000821s ]
INFO: [ app_begin ] --END-- [ RunTime:0.000911s ]
INFO: [ view_template ] --START--
INFO: Run LocationTemplate Behavior [ RunTime:0.001331s ]
INFO: [ view_template ] --END-- [ RunTime:0.001441s ]
INFO: [ view_parse ] --START--
NOTIC: [8] Undefined variable: goods E:\www\szjiusc\Runtime\Cache\4e1048d004586a45ade6238bcd2d6360.php 第 36 行.
NOTIC: [8] Undefined variable: total_number E:\www\szjiusc\Runtime\Cache\4e1048d004586a45ade6238bcd2d6360.php 第 47 行.
NOTIC: [8] Undefined variable: total_price E:\www\szjiusc\Runtime\Cache\4e1048d004586a45ade6238bcd2d6360.php 第 48 行.
NOTIC: [8] Undefined variable: coupon_price E:\www\szjiusc\Runtime\Cache\4e1048d004586a45ade6238bcd2d6360.php 第 49 行.
NOTIC: [8] Undefined variable: coupon E:\www\szjiusc\Runtime\Cache\4e1048d004586a45ade6238bcd2d6360.php 第 50 行.
INFO: Run ParseTemplate Behavior [ RunTime:0.012733s ]
INFO: [ view_parse ] --END-- [ RunTime:0.012811s ]
INFO: [ view_filter ] --START--
INFO: Run ContentReplace Behavior [ RunTime:0.000488s ]
INFO: Run TokenBuild Behavior [ RunTime:0.000418s ]
INFO: Run WriteHtmlCache Behavior [ RunTime:0.000309s ]
INFO: Run ShowRuntime Behavior [ RunTime:0.000483s ]
INFO: [ view_filter ] --END-- [ RunTime:0.001864s ]
INFO: [ view_end ] --START--
INFO: Run ShowPageTrace Behavior [ RunTime:0.000657s ]
INFO: [ view_end ] --END-- [ RunTime:0.000712s ]

[ 2013-05-27T22:58:29+08:00 ] 127.0.0.1 /index.php/Order/index1
INFO: [ route_check ] --START--
INFO: Run CheckRoute Behavior [ RunTime:0.000967s ]
INFO: [ route_check ] --END-- [ RunTime:0.001085s ]
INFO: [ app_begin ] --START--
INFO: Run ReadHtmlCache Behavior [ RunTime:0.000751s ]
INFO: [ app_begin ] --END-- [ RunTime:0.000847s ]
INFO: [ view_template ] --START--
INFO: Run LocationTemplate Behavior [ RunTime:0.000445s ]
INFO: [ view_template ] --END-- [ RunTime:0.000520s ]
INFO: [ view_parse ] --START--
INFO: Run ParseTemplate Behavior [ RunTime:0.011521s ]
INFO: [ view_parse ] --END-- [ RunTime:0.011618s ]
INFO: [ view_filter ] --START--
INFO: Run ContentReplace Behavior [ RunTime:0.000447s ]
INFO: Run TokenBuild Behavior [ RunTime:0.000410s ]
INFO: Run WriteHtmlCache Behavior [ RunTime:0.000289s ]
INFO: Run ShowRuntime Behavior [ RunTime:0.000504s ]
INFO: [ view_filter ] --END-- [ RunTime:0.001818s ]
INFO: [ view_end ] --START--
INFO: Run ShowPageTrace Behavior [ RunTime:0.000655s ]
INFO: [ view_end ] --END-- [ RunTime:0.000717s ]

[ 2013-05-27T22:58:33+08:00 ] 127.0.0.1 /index.php/Order/index2
INFO: [ route_check ] --START--
INFO: Run CheckRoute Behavior [ RunTime:0.001161s ]
INFO: [ route_check ] --END-- [ RunTime:0.001294s ]
INFO: [ app_begin ] --START--
INFO: Run ReadHtmlCache Behavior [ RunTime:0.000872s ]
INFO: [ app_begin ] --END-- [ RunTime:0.001012s ]
INFO: [ view_template ] --START--
INFO: Run LocationTemplate Behavior [ RunTime:0.000646s ]
INFO: [ view_template ] --END-- [ RunTime:0.000773s ]
INFO: [ view_parse ] --START--
NOTIC: [8] Undefined variable: goods E:\www\szjiusc\Runtime\Cache\4e1048d004586a45ade6238bcd2d6360.php 第 36 行.
NOTIC: [8] Undefined variable: total_number E:\www\szjiusc\Runtime\Cache\4e1048d004586a45ade6238bcd2d6360.php 第 47 行.
NOTIC: [8] Undefined variable: total_price E:\www\szjiusc\Runtime\Cache\4e1048d004586a45ade6238bcd2d6360.php 第 48 行.
NOTIC: [8] Undefined variable: coupon_price E:\www\szjiusc\Runtime\Cache\4e1048d004586a45ade6238bcd2d6360.php 第 49 行.
NOTIC: [8] Undefined variable: coupon E:\www\szjiusc\Runtime\Cache\4e1048d004586a45ade6238bcd2d6360.php 第 50 行.
INFO: Run ParseTemplate Behavior [ RunTime:0.014079s ]
INFO: [ view_parse ] --END-- [ RunTime:0.014199s ]
INFO: [ view_filter ] --START--
INFO: Run ContentReplace Behavior [ RunTime:0.000596s ]
INFO: Run TokenBuild Behavior [ RunTime:0.000519s ]
INFO: Run WriteHtmlCache Behavior [ RunTime:0.000410s ]
INFO: Run ShowRuntime Behavior [ RunTime:0.001021s ]
INFO: [ view_filter ] --END-- [ RunTime:0.002821s ]
INFO: [ view_end ] --START--
INFO: Run ShowPageTrace Behavior [ RunTime:0.000923s ]
INFO: [ view_end ] --END-- [ RunTime:0.001267s ]

[ 2013-05-27T22:58:59+08:00 ] 127.0.0.1 /index.php/Order/index2
INFO: [ route_check ] --START--
INFO: Run CheckRoute Behavior [ RunTime:0.000890s ]
INFO: [ route_check ] --END-- [ RunTime:0.000986s ]
INFO: [ app_begin ] --START--
INFO: Run ReadHtmlCache Behavior [ RunTime:0.000578s ]
INFO: [ app_begin ] --END-- [ RunTime:0.000642s ]
INFO: [ view_template ] --START--
INFO: Run LocationTemplate Behavior [ RunTime:0.000419s ]
INFO: [ view_template ] --END-- [ RunTime:0.000486s ]
INFO: [ view_parse ] --START--
NOTIC: [8] Undefined variable: goods E:\www\szjiusc\Runtime\Cache\4e1048d004586a45ade6238bcd2d6360.php 第 36 行.
NOTIC: [8] Undefined variable: total_number E:\www\szjiusc\Runtime\Cache\4e1048d004586a45ade6238bcd2d6360.php 第 47 行.
NOTIC: [8] Undefined variable: total_price E:\www\szjiusc\Runtime\Cache\4e1048d004586a45ade6238bcd2d6360.php 第 48 行.
NOTIC: [8] Undefined variable: coupon_price E:\www\szjiusc\Runtime\Cache\4e1048d004586a45ade6238bcd2d6360.php 第 49 行.
NOTIC: [8] Undefined variable: coupon E:\www\szjiusc\Runtime\Cache\4e1048d004586a45ade6238bcd2d6360.php 第 50 行.
INFO: Run ParseTemplate Behavior [ RunTime:0.012713s ]
INFO: [ view_parse ] --END-- [ RunTime:0.012805s ]
INFO: [ view_filter ] --START--
INFO: Run ContentReplace Behavior [ RunTime:0.000419s ]
INFO: Run TokenBuild Behavior [ RunTime:0.000405s ]
INFO: Run WriteHtmlCache Behavior [ RunTime:0.000309s ]
INFO: Run ShowRuntime Behavior [ RunTime:0.000483s ]
INFO: [ view_filter ] --END-- [ RunTime:0.001780s ]
INFO: [ view_end ] --START--
INFO: Run ShowPageTrace Behavior [ RunTime:0.000642s ]
INFO: [ view_end ] --END-- [ RunTime:0.000713s ]

