[ 2013-05-25T00:00:21+08:00 ] 127.0.0.1 /index.php/Index/show/id/2
INFO: [ route_check ] --START--
INFO: Run CheckRoute Behavior [ RunTime:0.000960s ]
INFO: [ route_check ] --END-- [ RunTime:0.001062s ]
INFO: [ app_begin ] --START--
INFO: Run ReadHtmlCache Behavior [ RunTime:0.000567s ]
INFO: [ app_begin ] --END-- [ RunTime:0.000632s ]
NOTIC: [2048] Declaration of IndexAction::show() should be compatible with that of Action::show() E:\www\szjiusc\Lib\Action\IndexAction.class.php 第 70 行.
INFO: [ view_template ] --START--
INFO: Run LocationTemplate Behavior [ RunTime:0.000539s ]
INFO: [ view_template ] --END-- [ RunTime:0.000626s ]
INFO: [ view_parse ] --START--
INFO: Run ParseTemplate Behavior [ RunTime:0.012905s ]
INFO: [ view_parse ] --END-- [ RunTime:0.013027s ]
INFO: [ view_filter ] --START--
INFO: Run ContentReplace Behavior [ RunTime:0.000518s ]
INFO: Run TokenBuild Behavior [ RunTime:0.000408s ]
INFO: Run WriteHtmlCache Behavior [ RunTime:0.000295s ]
INFO: Run ShowRuntime Behavior [ RunTime:0.000517s ]
INFO: [ view_filter ] --END-- [ RunTime:0.001922s ]
INFO: [ view_end ] --START--
INFO: Run ShowPageTrace Behavior [ RunTime:0.000636s ]
INFO: [ view_end ] --END-- [ RunTime:0.000698s ]

[ 2013-05-25T00:00:32+08:00 ] 127.0.0.1 /index.php/Index/addCart
INFO: [ route_check ] --START--
INFO: Run CheckRoute Behavior [ RunTime:0.000928s ]
INFO: [ route_check ] --END-- [ RunTime:0.001022s ]
INFO: [ app_begin ] --START--
INFO: Run ReadHtmlCache Behavior [ RunTime:0.000832s ]
INFO: [ app_begin ] --END-- [ RunTime:0.000954s ]
NOTIC: [2048] Declaration of IndexAction::show() should be compatible with that of Action::show() E:\www\szjiusc\Lib\Action\IndexAction.class.php 第 70 行.
NOTIC: [8] Undefined index:  cart D:\ThinkPHP\Extend\Library\ORG\Util\Cart.class.php 第 23 行.
NOTIC: [8] Undefined index:  cart D:\ThinkPHP\Extend\Library\ORG\Util\Cart.class.php 第 25 行.
NOTIC: [8] Undefined index:  cart D:\ThinkPHP\Extend\Library\ORG\Util\Cart.class.php 第 26 行.
NOTIC: [8] Undefined index:  cart D:\ThinkPHP\Extend\Library\ORG\Util\Cart.class.php 第 27 行.
NOTIC: [8] Undefined index:  cart D:\ThinkPHP\Extend\Library\ORG\Util\Cart.class.php 第 28 行.
NOTIC: [8] Undefined index:  cart D:\ThinkPHP\Extend\Library\ORG\Util\Cart.class.php 第 29 行.

[ 2013-05-25T00:00:35+08:00 ] 127.0.0.1 /index.php/Index/mycart
INFO: [ route_check ] --START--
INFO: Run CheckRoute Behavior [ RunTime:0.000970s ]
INFO: [ route_check ] --END-- [ RunTime:0.001080s ]
INFO: [ app_begin ] --START--
INFO: Run ReadHtmlCache Behavior [ RunTime:0.000889s ]
INFO: [ app_begin ] --END-- [ RunTime:0.000997s ]
NOTIC: [2048] Declaration of IndexAction::show() should be compatible with that of Action::show() E:\www\szjiusc\Lib\Action\IndexAction.class.php 第 70 行.
NOTIC: [8] Undefined index:  coupon D:\ThinkPHP\Extend\Library\ORG\Util\Cart.class.php 第 25 行.
NOTIC: [8] Undefined index:  discount D:\ThinkPHP\Extend\Library\ORG\Util\Cart.class.php 第 26 行.
NOTIC: [8] Undefined index:  coupon_price D:\ThinkPHP\Extend\Library\ORG\Util\Cart.class.php 第 27 行.
INFO: [ view_template ] --START--
INFO: Run LocationTemplate Behavior [ RunTime:0.001935s ]
INFO: [ view_template ] --END-- [ RunTime:0.002068s ]
INFO: [ view_parse ] --START--
NOTIC: [8] Undefined index:  image E:\www\szjiusc\Runtime\Cache\82fc55699211f8be4da108fa402bbc82.php 第 96 行.
INFO: Run ParseTemplate Behavior [ RunTime:0.014244s ]
INFO: [ view_parse ] --END-- [ RunTime:0.014344s ]
INFO: [ view_filter ] --START--
INFO: Run ContentReplace Behavior [ RunTime:0.000457s ]
INFO: Run TokenBuild Behavior [ RunTime:0.000444s ]
INFO: Run WriteHtmlCache Behavior [ RunTime:0.000340s ]
INFO: Run ShowRuntime Behavior [ RunTime:0.000583s ]
INFO: [ view_filter ] --END-- [ RunTime:0.002000s ]
INFO: [ view_end ] --START--
INFO: Run ShowPageTrace Behavior [ RunTime:0.000639s ]
INFO: [ view_end ] --END-- [ RunTime:0.000693s ]

[ 2013-05-25T00:01:15+08:00 ] 127.0.0.1 /index.php/Index/clearCart
INFO: [ route_check ] --START--
INFO: Run CheckRoute Behavior [ RunTime:0.001548s ]
INFO: [ route_check ] --END-- [ RunTime:0.001641s ]
INFO: [ app_begin ] --START--
INFO: Run ReadHtmlCache Behavior [ RunTime:0.001270s ]
INFO: [ app_begin ] --END-- [ RunTime:0.001332s ]
NOTIC: [2048] Declaration of IndexAction::show() should be compatible with that of Action::show() E:\www\szjiusc\Lib\Action\IndexAction.class.php 第 70 行.
NOTIC: [8] Undefined index:  coupon D:\ThinkPHP\Extend\Library\ORG\Util\Cart.class.php 第 25 行.
NOTIC: [8] Undefined index:  discount D:\ThinkPHP\Extend\Library\ORG\Util\Cart.class.php 第 26 行.
NOTIC: [8] Undefined index:  coupon_price D:\ThinkPHP\Extend\Library\ORG\Util\Cart.class.php 第 27 行.

