[ 2013-05-29T21:56:14+08:00 ] 127.0.0.1 /
INFO: [ app_begin ] --START--
INFO: Run ReadHtmlCache Behavior [ RunTime:0.021491s ]
INFO: [ app_begin ] --END-- [ RunTime:0.038116s ]
NOTIC: [2048] Declaration of IndexAction::show() should be compatible with that of Action::show() E:\www\szjiusc\Lib\Action\IndexAction.class.php 第 116 行.
INFO: [ view_template ] --START--
INFO: Run LocationTemplate Behavior [ RunTime:0.022336s ]
INFO: [ view_template ] --END-- [ RunTime:0.022531s ]
INFO: [ view_parse ] --START--
INFO: Run ParseTemplate Behavior [ RunTime:0.221051s ]
INFO: [ view_parse ] --END-- [ RunTime:0.221172s ]
INFO: [ view_filter ] --START--
INFO: Run ContentReplace Behavior [ RunTime:0.013459s ]
INFO: Run TokenBuild Behavior [ RunTime:0.011520s ]
INFO: Run WriteHtmlCache Behavior [ RunTime:0.006153s ]
INFO: Run ShowRuntime Behavior [ RunTime:0.005751s ]
INFO: [ view_filter ] --END-- [ RunTime:0.037174s ]
INFO: [ view_end ] --START--
INFO: Run ShowPageTrace Behavior [ RunTime:0.006485s ]
INFO: [ view_end ] --END-- [ RunTime:0.006565s ]

[ 2013-05-29T21:56:16+08:00 ] 127.0.0.1 /index.php/Index/show/id/1
INFO: [ route_check ] --START--
INFO: Run CheckRoute Behavior [ RunTime:0.013604s ]
INFO: [ route_check ] --END-- [ RunTime:0.013744s ]
INFO: [ app_begin ] --START--
INFO: Run ReadHtmlCache Behavior [ RunTime:0.000673s ]
INFO: [ app_begin ] --END-- [ RunTime:0.000746s ]
NOTIC: [2048] Declaration of IndexAction::show() should be compatible with that of Action::show() E:\www\szjiusc\Lib\Action\IndexAction.class.php 第 116 行.
INFO: [ view_template ] --START--
INFO: Run LocationTemplate Behavior [ RunTime:0.001515s ]
INFO: [ view_template ] --END-- [ RunTime:0.001653s ]
INFO: [ view_parse ] --START--
INFO: Run ParseTemplate Behavior [ RunTime:0.046200s ]
INFO: [ view_parse ] --END-- [ RunTime:0.046303s ]
INFO: [ view_filter ] --START--
INFO: Run ContentReplace Behavior [ RunTime:0.000486s ]
INFO: Run TokenBuild Behavior [ RunTime:0.000421s ]
INFO: Run WriteHtmlCache Behavior [ RunTime:0.000301s ]
INFO: Run ShowRuntime Behavior [ RunTime:0.000623s ]
INFO: [ view_filter ] --END-- [ RunTime:0.002016s ]
INFO: [ view_end ] --START--
INFO: Run ShowPageTrace Behavior [ RunTime:0.000912s ]
INFO: [ view_end ] --END-- [ RunTime:0.000999s ]

[ 2013-05-29T21:56:22+08:00 ] 127.0.0.1 /index.php/Index/addCart
INFO: [ route_check ] --START--
INFO: Run CheckRoute Behavior [ RunTime:0.001296s ]
INFO: [ route_check ] --END-- [ RunTime:0.001442s ]
INFO: [ app_begin ] --START--
INFO: Run ReadHtmlCache Behavior [ RunTime:0.000861s ]
INFO: [ app_begin ] --END-- [ RunTime:0.000972s ]
NOTIC: [2048] Declaration of IndexAction::show() should be compatible with that of Action::show() E:\www\szjiusc\Lib\Action\IndexAction.class.php 第 116 行.
NOTIC: [8] Undefined index:  cart D:\ThinkPHP\Extend\Library\ORG\Util\Cart.class.php 第 24 行.
NOTIC: [8] Undefined index:  cart D:\ThinkPHP\Extend\Library\ORG\Util\Cart.class.php 第 26 行.
NOTIC: [8] Undefined index:  cart D:\ThinkPHP\Extend\Library\ORG\Util\Cart.class.php 第 27 行.
NOTIC: [8] Undefined index:  cart D:\ThinkPHP\Extend\Library\ORG\Util\Cart.class.php 第 28 行.
NOTIC: [8] Undefined index:  cart D:\ThinkPHP\Extend\Library\ORG\Util\Cart.class.php 第 29 行.
NOTIC: [8] Undefined index:  cart D:\ThinkPHP\Extend\Library\ORG\Util\Cart.class.php 第 30 行.

[ 2013-05-29T21:56:29+08:00 ] 127.0.0.1 /index.php/Index/addCart
INFO: [ route_check ] --START--
INFO: Run CheckRoute Behavior [ RunTime:0.000976s ]
INFO: [ route_check ] --END-- [ RunTime:0.001109s ]
INFO: [ app_begin ] --START--
INFO: Run ReadHtmlCache Behavior [ RunTime:0.000650s ]
INFO: [ app_begin ] --END-- [ RunTime:0.000715s ]
NOTIC: [2048] Declaration of IndexAction::show() should be compatible with that of Action::show() E:\www\szjiusc\Lib\Action\IndexAction.class.php 第 116 行.
NOTIC: [8] Undefined index:  discount D:\ThinkPHP\Extend\Library\ORG\Util\Cart.class.php 第 27 行.

[ 2013-05-29T21:56:32+08:00 ] 127.0.0.1 /index.php/Index/mycart
INFO: [ route_check ] --START--
INFO: Run CheckRoute Behavior [ RunTime:0.001350s ]
INFO: [ route_check ] --END-- [ RunTime:0.001492s ]
INFO: [ app_begin ] --START--
INFO: Run ReadHtmlCache Behavior [ RunTime:0.000968s ]
INFO: [ app_begin ] --END-- [ RunTime:0.001089s ]
NOTIC: [2048] Declaration of IndexAction::show() should be compatible with that of Action::show() E:\www\szjiusc\Lib\Action\IndexAction.class.php 第 116 行.
NOTIC: [8] Undefined index:  discount D:\ThinkPHP\Extend\Library\ORG\Util\Cart.class.php 第 27 行.
INFO: [ view_template ] --START--
INFO: Run LocationTemplate Behavior [ RunTime:0.001380s ]
INFO: [ view_template ] --END-- [ RunTime:0.001478s ]
INFO: [ view_parse ] --START--
NOTIC: [8] Undefined index:  image E:\www\szjiusc\Runtime\Cache\82fc55699211f8be4da108fa402bbc82.php 第 171 行.
NOTIC: [8] Undefined index:  image E:\www\szjiusc\Runtime\Cache\82fc55699211f8be4da108fa402bbc82.php 第 171 行.
INFO: Run ParseTemplate Behavior [ RunTime:0.078238s ]
INFO: [ view_parse ] --END-- [ RunTime:0.078360s ]
INFO: [ view_filter ] --START--
INFO: Run ContentReplace Behavior [ RunTime:0.000691s ]
INFO: Run TokenBuild Behavior [ RunTime:0.000704s ]
INFO: Run WriteHtmlCache Behavior [ RunTime:0.000410s ]
INFO: Run ShowRuntime Behavior [ RunTime:0.000724s ]
INFO: [ view_filter ] --END-- [ RunTime:0.002792s ]
INFO: [ view_end ] --START--
INFO: Run ShowPageTrace Behavior [ RunTime:0.000952s ]
INFO: [ view_end ] --END-- [ RunTime:0.001126s ]

[ 2013-05-29T21:58:13+08:00 ] 127.0.0.1 /index.php/Index/mycart
INFO: [ route_check ] --START--
INFO: Run CheckRoute Behavior [ RunTime:0.000913s ]
INFO: [ route_check ] --END-- [ RunTime:0.001013s ]
INFO: [ app_begin ] --START--
INFO: Run ReadHtmlCache Behavior [ RunTime:0.000592s ]
INFO: [ app_begin ] --END-- [ RunTime:0.000659s ]
NOTIC: [2048] Declaration of IndexAction::show() should be compatible with that of Action::show() E:\www\szjiusc\Lib\Action\IndexAction.class.php 第 116 行.
NOTIC: [8] Undefined index:  discount D:\ThinkPHP\Extend\Library\ORG\Util\Cart.class.php 第 27 行.
INFO: [ view_template ] --START--
INFO: Run LocationTemplate Behavior [ RunTime:0.000461s ]
INFO: [ view_template ] --END-- [ RunTime:0.000534s ]
INFO: [ view_parse ] --START--
NOTIC: [8] Undefined index:  image E:\www\szjiusc\Runtime\Cache\82fc55699211f8be4da108fa402bbc82.php 第 171 行.
NOTIC: [8] Undefined index:  image E:\www\szjiusc\Runtime\Cache\82fc55699211f8be4da108fa402bbc82.php 第 171 行.
INFO: Run ParseTemplate Behavior [ RunTime:0.013713s ]
INFO: [ view_parse ] --END-- [ RunTime:0.013790s ]
INFO: [ view_filter ] --START--
INFO: Run ContentReplace Behavior [ RunTime:0.000491s ]
INFO: Run TokenBuild Behavior [ RunTime:0.000409s ]
INFO: Run WriteHtmlCache Behavior [ RunTime:0.000300s ]
INFO: Run ShowRuntime Behavior [ RunTime:0.000524s ]
INFO: [ view_filter ] --END-- [ RunTime:0.001880s ]
INFO: [ view_end ] --START--
INFO: Run ShowPageTrace Behavior [ RunTime:0.001001s ]
INFO: [ view_end ] --END-- [ RunTime:0.001069s ]

[ 2013-05-29T21:58:15+08:00 ] 127.0.0.1 /index.php/Index/checkCoupon
INFO: [ route_check ] --START--
INFO: Run CheckRoute Behavior [ RunTime:0.000995s ]
INFO: [ route_check ] --END-- [ RunTime:0.001132s ]
INFO: [ app_begin ] --START--
INFO: Run ReadHtmlCache Behavior [ RunTime:0.001232s ]
INFO: [ app_begin ] --END-- [ RunTime:0.001297s ]
NOTIC: [2048] Declaration of IndexAction::show() should be compatible with that of Action::show() E:\www\szjiusc\Lib\Action\IndexAction.class.php 第 116 行.
NOTIC: [8] Undefined index:  discount D:\ThinkPHP\Extend\Library\ORG\Util\Cart.class.php 第 27 行.

[ 2013-05-29T21:58:20+08:00 ] 127.0.0.1 /index.php/Order
INFO: [ route_check ] --START--
INFO: Run CheckRoute Behavior [ RunTime:0.002260s ]
INFO: [ route_check ] --END-- [ RunTime:0.002385s ]
INFO: [ app_begin ] --START--
INFO: Run ReadHtmlCache Behavior [ RunTime:0.000834s ]
INFO: [ app_begin ] --END-- [ RunTime:0.000932s ]
INFO: [ view_template ] --START--
INFO: Run LocationTemplate Behavior [ RunTime:0.002583s ]
INFO: [ view_template ] --END-- [ RunTime:0.002704s ]
INFO: [ view_parse ] --START--
INFO: Run ParseTemplate Behavior [ RunTime:0.060398s ]
INFO: [ view_parse ] --END-- [ RunTime:0.060523s ]
INFO: [ view_filter ] --START--
INFO: Run ContentReplace Behavior [ RunTime:0.001274s ]
INFO: Run TokenBuild Behavior [ RunTime:0.001649s ]
INFO: Run WriteHtmlCache Behavior [ RunTime:0.001576s ]
INFO: Run ShowRuntime Behavior [ RunTime:0.001755s ]
INFO: [ view_filter ] --END-- [ RunTime:0.006514s ]
INFO: [ view_end ] --START--
INFO: Run ShowPageTrace Behavior [ RunTime:0.002317s ]
INFO: [ view_end ] --END-- [ RunTime:0.002438s ]

[ 2013-05-29T22:04:20+08:00 ] 127.0.0.1 /index.php/Order
INFO: [ route_check ] --START--
INFO: Run CheckRoute Behavior [ RunTime:0.002579s ]
INFO: [ route_check ] --END-- [ RunTime:0.002745s ]
INFO: [ app_begin ] --START--
INFO: Run ReadHtmlCache Behavior [ RunTime:0.002108s ]
INFO: [ app_begin ] --END-- [ RunTime:0.002338s ]
INFO: [ view_template ] --START--
INFO: Run LocationTemplate Behavior [ RunTime:0.003266s ]
INFO: [ view_template ] --END-- [ RunTime:0.003458s ]
INFO: [ view_parse ] --START--
INFO: Run ParseTemplate Behavior [ RunTime:0.028477s ]
INFO: [ view_parse ] --END-- [ RunTime:0.028646s ]
INFO: [ view_filter ] --START--
INFO: Run ContentReplace Behavior [ RunTime:0.001885s ]
INFO: Run TokenBuild Behavior [ RunTime:0.001699s ]
INFO: Run WriteHtmlCache Behavior [ RunTime:0.001528s ]
INFO: Run ShowRuntime Behavior [ RunTime:0.001636s ]
INFO: [ view_filter ] --END-- [ RunTime:0.007109s ]
INFO: [ view_end ] --START--
INFO: Run ShowPageTrace Behavior [ RunTime:0.002132s ]
INFO: [ view_end ] --END-- [ RunTime:0.002254s ]

[ 2013-05-29T22:04:24+08:00 ] 127.0.0.1 /index.php/Order
INFO: [ route_check ] --START--
INFO: Run CheckRoute Behavior [ RunTime:0.001060s ]
INFO: [ route_check ] --END-- [ RunTime:0.001158s ]
INFO: [ app_begin ] --START--
INFO: Run ReadHtmlCache Behavior [ RunTime:0.000588s ]
INFO: [ app_begin ] --END-- [ RunTime:0.000651s ]
INFO: [ view_template ] --START--
INFO: Run LocationTemplate Behavior [ RunTime:0.000451s ]
INFO: [ view_template ] --END-- [ RunTime:0.000521s ]
INFO: [ view_parse ] --START--
INFO: Run ParseTemplate Behavior [ RunTime:0.018344s ]
INFO: [ view_parse ] --END-- [ RunTime:0.018474s ]
INFO: [ view_filter ] --START--
INFO: Run ContentReplace Behavior [ RunTime:0.000761s ]
INFO: Run TokenBuild Behavior [ RunTime:0.000588s ]
INFO: Run WriteHtmlCache Behavior [ RunTime:0.000413s ]
INFO: Run ShowRuntime Behavior [ RunTime:0.000701s ]
INFO: [ view_filter ] --END-- [ RunTime:0.002719s ]
INFO: [ view_end ] --START--
INFO: Run ShowPageTrace Behavior [ RunTime:0.002103s ]
INFO: [ view_end ] --END-- [ RunTime:0.002303s ]

[ 2013-05-29T22:05:01+08:00 ] 127.0.0.1 /index.php/Order
INFO: [ route_check ] --START--
INFO: Run CheckRoute Behavior [ RunTime:0.000969s ]
INFO: [ route_check ] --END-- [ RunTime:0.001063s ]
INFO: [ app_begin ] --START--
INFO: Run ReadHtmlCache Behavior [ RunTime:0.000561s ]
INFO: [ app_begin ] --END-- [ RunTime:0.000624s ]
INFO: [ view_template ] --START--
INFO: Run LocationTemplate Behavior [ RunTime:0.000436s ]
INFO: [ view_template ] --END-- [ RunTime:0.000512s ]
INFO: [ view_parse ] --START--
INFO: Run ParseTemplate Behavior [ RunTime:0.015316s ]
INFO: [ view_parse ] --END-- [ RunTime:0.015427s ]
INFO: [ view_filter ] --START--
INFO: Run ContentReplace Behavior [ RunTime:0.000591s ]
INFO: Run TokenBuild Behavior [ RunTime:0.000412s ]
INFO: Run WriteHtmlCache Behavior [ RunTime:0.000300s ]
INFO: Run ShowRuntime Behavior [ RunTime:0.000581s ]
INFO: [ view_filter ] --END-- [ RunTime:0.002050s ]
INFO: [ view_end ] --START--
INFO: Run ShowPageTrace Behavior [ RunTime:0.000713s ]
INFO: [ view_end ] --END-- [ RunTime:0.000774s ]

[ 2013-05-29T22:05:08+08:00 ] 127.0.0.1 /index.php/Order/index1
INFO: [ route_check ] --START--
INFO: Run CheckRoute Behavior [ RunTime:0.001025s ]
INFO: [ route_check ] --END-- [ RunTime:0.001140s ]
INFO: [ app_begin ] --START--
INFO: Run ReadHtmlCache Behavior [ RunTime:0.000710s ]
INFO: [ app_begin ] --END-- [ RunTime:0.000789s ]
INFO: [ view_template ] --START--
INFO: Run LocationTemplate Behavior [ RunTime:0.001469s ]
INFO: [ view_template ] --END-- [ RunTime:0.001580s ]
INFO: [ view_parse ] --START--
INFO: Run ParseTemplate Behavior [ RunTime:0.031476s ]
INFO: [ view_parse ] --END-- [ RunTime:0.031593s ]
INFO: [ view_filter ] --START--
INFO: Run ContentReplace Behavior [ RunTime:0.000467s ]
INFO: Run TokenBuild Behavior [ RunTime:0.000445s ]
INFO: Run WriteHtmlCache Behavior [ RunTime:0.000294s ]
INFO: Run ShowRuntime Behavior [ RunTime:0.000507s ]
INFO: [ view_filter ] --END-- [ RunTime:0.001880s ]
INFO: [ view_end ] --START--
INFO: Run ShowPageTrace Behavior [ RunTime:0.000702s ]
INFO: [ view_end ] --END-- [ RunTime:0.000779s ]

[ 2013-05-29T22:05:23+08:00 ] 127.0.0.1 /index.php/Order/index2
INFO: [ route_check ] --START--
INFO: Run CheckRoute Behavior [ RunTime:0.000927s ]
INFO: [ route_check ] --END-- [ RunTime:0.001032s ]
INFO: [ app_begin ] --START--
INFO: Run ReadHtmlCache Behavior [ RunTime:0.000744s ]
INFO: [ app_begin ] --END-- [ RunTime:0.000820s ]
INFO: [ view_template ] --START--
INFO: Run LocationTemplate Behavior [ RunTime:0.001347s ]
INFO: [ view_template ] --END-- [ RunTime:0.001422s ]
INFO: [ view_parse ] --START--
INFO: Run ParseTemplate Behavior [ RunTime:0.032193s ]
INFO: [ view_parse ] --END-- [ RunTime:0.032286s ]
INFO: [ view_filter ] --START--
INFO: Run ContentReplace Behavior [ RunTime:0.000455s ]
INFO: Run TokenBuild Behavior [ RunTime:0.000405s ]
INFO: Run WriteHtmlCache Behavior [ RunTime:0.000294s ]
INFO: Run ShowRuntime Behavior [ RunTime:0.000489s ]
INFO: [ view_filter ] --END-- [ RunTime:0.001817s ]
INFO: [ view_end ] --START--
INFO: Run ShowPageTrace Behavior [ RunTime:0.000664s ]
INFO: [ view_end ] --END-- [ RunTime:0.000722s ]

[ 2013-05-29T22:06:29+08:00 ] 127.0.0.1 /index.php/Index/show/id/1
INFO: [ route_check ] --START--
INFO: Run CheckRoute Behavior [ RunTime:0.001586s ]
INFO: [ route_check ] --END-- [ RunTime:0.001706s ]
INFO: [ app_begin ] --START--
INFO: Run ReadHtmlCache Behavior [ RunTime:0.001286s ]
INFO: [ app_begin ] --END-- [ RunTime:0.001360s ]
NOTIC: [2048] Declaration of IndexAction::show() should be compatible with that of Action::show() E:\www\szjiusc\Lib\Action\IndexAction.class.php 第 116 行.
INFO: [ view_template ] --START--
INFO: Run LocationTemplate Behavior [ RunTime:0.002404s ]
INFO: [ view_template ] --END-- [ RunTime:0.002506s ]
INFO: [ view_parse ] --START--
INFO: Run ParseTemplate Behavior [ RunTime:0.014830s ]
INFO: [ view_parse ] --END-- [ RunTime:0.014961s ]
INFO: [ view_filter ] --START--
INFO: Run ContentReplace Behavior [ RunTime:0.001178s ]
INFO: Run TokenBuild Behavior [ RunTime:0.001036s ]
INFO: Run WriteHtmlCache Behavior [ RunTime:0.001172s ]
INFO: Run ShowRuntime Behavior [ RunTime:0.001220s ]
INFO: [ view_filter ] --END-- [ RunTime:0.004882s ]
INFO: [ view_end ] --START--
INFO: Run ShowPageTrace Behavior [ RunTime:0.001336s ]
INFO: [ view_end ] --END-- [ RunTime:0.001391s ]

[ 2013-05-29T22:06:32+08:00 ] 127.0.0.1 /index.php/Index/addCart
INFO: [ route_check ] --START--
INFO: Run CheckRoute Behavior [ RunTime:0.000887s ]
INFO: [ route_check ] --END-- [ RunTime:0.000983s ]
INFO: [ app_begin ] --START--
INFO: Run ReadHtmlCache Behavior [ RunTime:0.000568s ]
INFO: [ app_begin ] --END-- [ RunTime:0.000627s ]
NOTIC: [2048] Declaration of IndexAction::show() should be compatible with that of Action::show() E:\www\szjiusc\Lib\Action\IndexAction.class.php 第 116 行.
NOTIC: [8] Undefined index:  cart D:\ThinkPHP\Extend\Library\ORG\Util\Cart.class.php 第 24 行.
NOTIC: [8] Undefined index:  cart D:\ThinkPHP\Extend\Library\ORG\Util\Cart.class.php 第 26 行.
NOTIC: [8] Undefined index:  cart D:\ThinkPHP\Extend\Library\ORG\Util\Cart.class.php 第 27 行.
NOTIC: [8] Undefined index:  cart D:\ThinkPHP\Extend\Library\ORG\Util\Cart.class.php 第 28 行.
NOTIC: [8] Undefined index:  cart D:\ThinkPHP\Extend\Library\ORG\Util\Cart.class.php 第 29 行.
NOTIC: [8] Undefined index:  cart D:\ThinkPHP\Extend\Library\ORG\Util\Cart.class.php 第 30 行.

[ 2013-05-29T22:06:35+08:00 ] 127.0.0.1 /index.php/Index/mycart
INFO: [ route_check ] --START--
INFO: Run CheckRoute Behavior [ RunTime:0.000961s ]
INFO: [ route_check ] --END-- [ RunTime:0.001059s ]
INFO: [ app_begin ] --START--
INFO: Run ReadHtmlCache Behavior [ RunTime:0.000617s ]
INFO: [ app_begin ] --END-- [ RunTime:0.000683s ]
NOTIC: [2048] Declaration of IndexAction::show() should be compatible with that of Action::show() E:\www\szjiusc\Lib\Action\IndexAction.class.php 第 116 行.
NOTIC: [8] Undefined index:  discount D:\ThinkPHP\Extend\Library\ORG\Util\Cart.class.php 第 27 行.
INFO: [ view_template ] --START--
INFO: Run LocationTemplate Behavior [ RunTime:0.001298s ]
INFO: [ view_template ] --END-- [ RunTime:0.001372s ]
INFO: [ view_parse ] --START--
NOTIC: [8] Undefined index:  image E:\www\szjiusc\Runtime\Cache\82fc55699211f8be4da108fa402bbc82.php 第 124 行.
NOTIC: [8] Undefined index:  attr E:\www\szjiusc\Runtime\Cache\82fc55699211f8be4da108fa402bbc82.php 第 126 行.
INFO: Run ParseTemplate Behavior [ RunTime:0.012232s ]
INFO: [ view_parse ] --END-- [ RunTime:0.012307s ]
INFO: [ view_filter ] --START--
INFO: Run ContentReplace Behavior [ RunTime:0.000881s ]
INFO: Run TokenBuild Behavior [ RunTime:0.000465s ]
INFO: Run WriteHtmlCache Behavior [ RunTime:0.000308s ]
INFO: Run ShowRuntime Behavior [ RunTime:0.000513s ]
INFO: [ view_filter ] --END-- [ RunTime:0.002357s ]
INFO: [ view_end ] --START--
INFO: Run ShowPageTrace Behavior [ RunTime:0.000646s ]
INFO: [ view_end ] --END-- [ RunTime:0.000705s ]

[ 2013-05-29T22:06:38+08:00 ] 127.0.0.1 /index.php/Index/checkCoupon
INFO: [ route_check ] --START--
INFO: Run CheckRoute Behavior [ RunTime:0.000964s ]
INFO: [ route_check ] --END-- [ RunTime:0.001057s ]
INFO: [ app_begin ] --START--
INFO: Run ReadHtmlCache Behavior [ RunTime:0.000590s ]
INFO: [ app_begin ] --END-- [ RunTime:0.000648s ]
NOTIC: [2048] Declaration of IndexAction::show() should be compatible with that of Action::show() E:\www\szjiusc\Lib\Action\IndexAction.class.php 第 116 行.
NOTIC: [8] Undefined index:  discount D:\ThinkPHP\Extend\Library\ORG\Util\Cart.class.php 第 27 行.

[ 2013-05-29T22:06:40+08:00 ] 127.0.0.1 /index.php/Order
INFO: [ route_check ] --START--
INFO: Run CheckRoute Behavior [ RunTime:0.000890s ]
INFO: [ route_check ] --END-- [ RunTime:0.000986s ]
INFO: [ app_begin ] --START--
INFO: Run ReadHtmlCache Behavior [ RunTime:0.000602s ]
INFO: [ app_begin ] --END-- [ RunTime:0.000664s ]
INFO: [ view_template ] --START--
INFO: Run LocationTemplate Behavior [ RunTime:0.001229s ]
INFO: [ view_template ] --END-- [ RunTime:0.001312s ]
INFO: [ view_parse ] --START--
INFO: Run ParseTemplate Behavior [ RunTime:0.016001s ]
INFO: [ view_parse ] --END-- [ RunTime:0.016105s ]
INFO: [ view_filter ] --START--
INFO: Run ContentReplace Behavior [ RunTime:0.000559s ]
INFO: Run TokenBuild Behavior [ RunTime:0.000436s ]
INFO: Run WriteHtmlCache Behavior [ RunTime:0.000299s ]
INFO: Run ShowRuntime Behavior [ RunTime:0.000525s ]
INFO: [ view_filter ] --END-- [ RunTime:0.001993s ]
INFO: [ view_end ] --START--
INFO: Run ShowPageTrace Behavior [ RunTime:0.000656s ]
INFO: [ view_end ] --END-- [ RunTime:0.000722s ]

[ 2013-05-29T22:06:47+08:00 ] 127.0.0.1 /index.php/Order/index1
INFO: [ route_check ] --START--
INFO: Run CheckRoute Behavior [ RunTime:0.001300s ]
INFO: [ route_check ] --END-- [ RunTime:0.001452s ]
INFO: [ app_begin ] --START--
INFO: Run ReadHtmlCache Behavior [ RunTime:0.000928s ]
INFO: [ app_begin ] --END-- [ RunTime:0.001062s ]
INFO: [ view_template ] --START--
INFO: Run LocationTemplate Behavior [ RunTime:0.000673s ]
INFO: [ view_template ] --END-- [ RunTime:0.000803s ]
INFO: [ view_parse ] --START--
INFO: Run ParseTemplate Behavior [ RunTime:0.016017s ]
INFO: [ view_parse ] --END-- [ RunTime:0.016168s ]
INFO: [ view_filter ] --START--
INFO: Run ContentReplace Behavior [ RunTime:0.000764s ]
INFO: Run TokenBuild Behavior [ RunTime:0.000737s ]
INFO: Run WriteHtmlCache Behavior [ RunTime:0.000465s ]
INFO: Run ShowRuntime Behavior [ RunTime:0.000844s ]
INFO: [ view_filter ] --END-- [ RunTime:0.003123s ]
INFO: [ view_end ] --START--
INFO: Run ShowPageTrace Behavior [ RunTime:0.000984s ]
INFO: [ view_end ] --END-- [ RunTime:0.001094s ]

[ 2013-05-29T22:09:13+08:00 ] ERR: [1] Call to undefined function filter_code() E:\www\szjiusc\Lib\Action\OrderAction.class.php 第 144 行.
[ 2013-05-29T22:10:33+08:00 ] 127.0.0.1 /index.php/Order/index2
INFO: [ route_check ] --START--
INFO: Run CheckRoute Behavior [ RunTime:0.000891s ]
INFO: [ route_check ] --END-- [ RunTime:0.000985s ]
INFO: [ app_begin ] --START--
INFO: Run ReadHtmlCache Behavior [ RunTime:0.000973s ]
INFO: [ app_begin ] --END-- [ RunTime:0.001121s ]
NOTIC: [8] Undefined variable: shippingfee E:\www\szjiusc\Lib\Action\OrderAction.class.php 第 36 行.
NOTIC: [8] Undefined variable: total_price E:\www\szjiusc\Lib\Action\OrderAction.class.php 第 36 行.
NOTIC: [8] Undefined variable: sub_total E:\www\szjiusc\Lib\Action\OrderAction.class.php 第 36 行.
NOTIC: [8] Undefined index:  item_name E:\www\szjiusc\Lib\Action\OrderAction.class.php 第 50 行.
NOTIC: [8] Undefined index:  item_id E:\www\szjiusc\Lib\Action\OrderAction.class.php 第 52 行.
NOTIC: [8] Undefined index:  item_num E:\www\szjiusc\Lib\Action\OrderAction.class.php 第 54 行.
NOTIC: [8] Undefined index:  item_price E:\www\szjiusc\Lib\Action\OrderAction.class.php 第 56 行.
NOTIC: [8] Undefined index:  C_SencodName E:\www\szjiusc\Lib\Action\OrderAction.class.php 第 118 行.
NOTIC: [8] Undefined variable: orderstr E:\www\szjiusc\Lib\Action\OrderAction.class.php 第 141 行.
INFO: [ view_template ] --START--
INFO: Run LocationTemplate Behavior [ RunTime:0.002473s ]
INFO: [ view_template ] --END-- [ RunTime:0.002593s ]
INFO: [ view_parse ] --START--
NOTIC: [8] Undefined index:  attr E:\www\szjiusc\Runtime\Cache\4e1048d004586a45ade6238bcd2d6360.php 第 40 行.
INFO: Run ParseTemplate Behavior [ RunTime:0.016286s ]
INFO: [ view_parse ] --END-- [ RunTime:0.016360s ]
INFO: [ view_filter ] --START--
INFO: Run ContentReplace Behavior [ RunTime:0.001169s ]
INFO: Run TokenBuild Behavior [ RunTime:0.001054s ]
INFO: Run WriteHtmlCache Behavior [ RunTime:0.001228s ]
INFO: Run ShowRuntime Behavior [ RunTime:0.001344s ]
INFO: [ view_filter ] --END-- [ RunTime:0.005067s ]
INFO: [ view_end ] --START--
INFO: Run ShowPageTrace Behavior [ RunTime:0.001270s ]
INFO: [ view_end ] --END-- [ RunTime:0.001329s ]

[ 2013-05-29T22:12:03+08:00 ] 127.0.0.1 /index.php/Order
INFO: [ route_check ] --START--
INFO: Run CheckRoute Behavior [ RunTime:0.001536s ]
INFO: [ route_check ] --END-- [ RunTime:0.001635s ]
INFO: [ app_begin ] --START--
INFO: Run ReadHtmlCache Behavior [ RunTime:0.001220s ]
INFO: [ app_begin ] --END-- [ RunTime:0.001294s ]
INFO: [ view_template ] --START--
INFO: Run LocationTemplate Behavior [ RunTime:0.001222s ]
INFO: [ view_template ] --END-- [ RunTime:0.001300s ]
INFO: [ view_parse ] --START--
INFO: Run ParseTemplate Behavior [ RunTime:0.015731s ]
INFO: [ view_parse ] --END-- [ RunTime:0.015832s ]
INFO: [ view_filter ] --START--
INFO: Run ContentReplace Behavior [ RunTime:0.000543s ]
INFO: Run TokenBuild Behavior [ RunTime:0.000590s ]
INFO: Run WriteHtmlCache Behavior [ RunTime:0.000300s ]
INFO: Run ShowRuntime Behavior [ RunTime:0.000583s ]
INFO: [ view_filter ] --END-- [ RunTime:0.002201s ]
INFO: [ view_end ] --START--
INFO: Run ShowPageTrace Behavior [ RunTime:0.001068s ]
INFO: [ view_end ] --END-- [ RunTime:0.001137s ]

[ 2013-05-29T22:12:08+08:00 ] 127.0.0.1 /index.php/Order/index1
INFO: [ route_check ] --START--
INFO: Run CheckRoute Behavior [ RunTime:0.001202s ]
INFO: [ route_check ] --END-- [ RunTime:0.001313s ]
INFO: [ app_begin ] --START--
INFO: Run ReadHtmlCache Behavior [ RunTime:0.000604s ]
INFO: [ app_begin ] --END-- [ RunTime:0.000668s ]
INFO: [ view_template ] --START--
INFO: Run LocationTemplate Behavior [ RunTime:0.001293s ]
INFO: [ view_template ] --END-- [ RunTime:0.001367s ]
INFO: [ view_parse ] --START--
INFO: Run ParseTemplate Behavior [ RunTime:0.011155s ]
INFO: [ view_parse ] --END-- [ RunTime:0.011243s ]
INFO: [ view_filter ] --START--
INFO: Run ContentReplace Behavior [ RunTime:0.000433s ]
INFO: Run TokenBuild Behavior [ RunTime:0.000419s ]
INFO: Run WriteHtmlCache Behavior [ RunTime:0.000358s ]
INFO: Run ShowRuntime Behavior [ RunTime:0.000510s ]
INFO: [ view_filter ] --END-- [ RunTime:0.001890s ]
INFO: [ view_end ] --START--
INFO: Run ShowPageTrace Behavior [ RunTime:0.000643s ]
INFO: [ view_end ] --END-- [ RunTime:0.000701s ]

[ 2013-05-29T22:12:13+08:00 ] 127.0.0.1 /index.php/Order/index2
INFO: [ route_check ] --START--
INFO: Run CheckRoute Behavior [ RunTime:0.000889s ]
INFO: [ route_check ] --END-- [ RunTime:0.000981s ]
INFO: [ app_begin ] --START--
INFO: Run ReadHtmlCache Behavior [ RunTime:0.000584s ]
INFO: [ app_begin ] --END-- [ RunTime:0.000649s ]
NOTIC: [8] Undefined variable: shippingfee E:\www\szjiusc\Lib\Action\OrderAction.class.php 第 36 行.
NOTIC: [8] Undefined variable: total_price E:\www\szjiusc\Lib\Action\OrderAction.class.php 第 36 行.
NOTIC: [8] Undefined variable: sub_total E:\www\szjiusc\Lib\Action\OrderAction.class.php 第 36 行.
NOTIC: [8] Undefined index:  item_name E:\www\szjiusc\Lib\Action\OrderAction.class.php 第 50 行.
NOTIC: [8] Undefined index:  item_id E:\www\szjiusc\Lib\Action\OrderAction.class.php 第 52 行.
NOTIC: [8] Undefined index:  item_num E:\www\szjiusc\Lib\Action\OrderAction.class.php 第 54 行.
NOTIC: [8] Undefined index:  item_price E:\www\szjiusc\Lib\Action\OrderAction.class.php 第 56 行.
NOTIC: [8] Undefined index:  C_SencodName E:\www\szjiusc\Lib\Action\OrderAction.class.php 第 118 行.
NOTIC: [8] Undefined variable: orderstr E:\www\szjiusc\Lib\Action\OrderAction.class.php 第 141 行.
INFO: [ view_template ] --START--
INFO: Run LocationTemplate Behavior [ RunTime:0.000554s ]
INFO: [ view_template ] --END-- [ RunTime:0.000627s ]
INFO: [ view_parse ] --START--
NOTIC: [8] Undefined index:  attr E:\www\szjiusc\Runtime\Cache\4e1048d004586a45ade6238bcd2d6360.php 第 40 行.
INFO: Run ParseTemplate Behavior [ RunTime:0.011614s ]
INFO: [ view_parse ] --END-- [ RunTime:0.011694s ]
INFO: [ view_filter ] --START--
INFO: Run ContentReplace Behavior [ RunTime:0.000458s ]
INFO: Run TokenBuild Behavior [ RunTime:0.000422s ]
INFO: Run WriteHtmlCache Behavior [ RunTime:0.000446s ]
INFO: Run ShowRuntime Behavior [ RunTime:0.000529s ]
INFO: [ view_filter ] --END-- [ RunTime:0.002021s ]
INFO: [ view_end ] --START--
INFO: Run ShowPageTrace Behavior [ RunTime:0.000644s ]
INFO: [ view_end ] --END-- [ RunTime:0.000702s ]

[ 2013-05-29T22:14:59+08:00 ] 127.0.0.1 /index.php/Order/index2
INFO: [ route_check ] --START--
INFO: Run CheckRoute Behavior [ RunTime:0.001593s ]
INFO: [ route_check ] --END-- [ RunTime:0.001689s ]
INFO: [ app_begin ] --START--
INFO: Run ReadHtmlCache Behavior [ RunTime:0.001293s ]
INFO: [ app_begin ] --END-- [ RunTime:0.001381s ]
NOTIC: [8] Undefined variable: shippingfee E:\www\szjiusc\Lib\Action\OrderAction.class.php 第 36 行.
NOTIC: [8] Undefined variable: total_price E:\www\szjiusc\Lib\Action\OrderAction.class.php 第 36 行.
NOTIC: [8] Undefined variable: sub_total E:\www\szjiusc\Lib\Action\OrderAction.class.php 第 36 行.
NOTIC: [8] Undefined index:  item_name E:\www\szjiusc\Lib\Action\OrderAction.class.php 第 50 行.
NOTIC: [8] Undefined index:  item_id E:\www\szjiusc\Lib\Action\OrderAction.class.php 第 52 行.
NOTIC: [8] Undefined index:  item_num E:\www\szjiusc\Lib\Action\OrderAction.class.php 第 54 行.
NOTIC: [8] Undefined index:  item_price E:\www\szjiusc\Lib\Action\OrderAction.class.php 第 56 行.
NOTIC: [8] Undefined index:  C_SencodName E:\www\szjiusc\Lib\Action\OrderAction.class.php 第 118 行.
NOTIC: [8] Undefined variable: orderstr E:\www\szjiusc\Lib\Action\OrderAction.class.php 第 141 行.
INFO: [ view_template ] --START--
INFO: Run LocationTemplate Behavior [ RunTime:0.001853s ]
INFO: [ view_template ] --END-- [ RunTime:0.001921s ]
INFO: [ view_parse ] --START--
NOTIC: [8] Undefined index:  attr E:\www\szjiusc\Runtime\Cache\4e1048d004586a45ade6238bcd2d6360.php 第 40 行.
INFO: Run ParseTemplate Behavior [ RunTime:0.015746s ]
INFO: [ view_parse ] --END-- [ RunTime:0.015834s ]
INFO: [ view_filter ] --START--
INFO: Run ContentReplace Behavior [ RunTime:0.001071s ]
INFO: Run TokenBuild Behavior [ RunTime:0.001022s ]
INFO: Run WriteHtmlCache Behavior [ RunTime:0.001072s ]
INFO: Run ShowRuntime Behavior [ RunTime:0.001378s ]
INFO: [ view_filter ] --END-- [ RunTime:0.004740s ]
INFO: [ view_end ] --START--
INFO: Run ShowPageTrace Behavior [ RunTime:0.001264s ]
INFO: [ view_end ] --END-- [ RunTime:0.001322s ]

[ 2013-05-29T22:15:40+08:00 ] 127.0.0.1 /index.php/Order/index2
INFO: [ route_check ] --START--
INFO: Run CheckRoute Behavior [ RunTime:0.001052s ]
INFO: [ route_check ] --END-- [ RunTime:0.001158s ]
INFO: [ app_begin ] --START--
INFO: Run ReadHtmlCache Behavior [ RunTime:0.000644s ]
INFO: [ app_begin ] --END-- [ RunTime:0.000720s ]
NOTIC: [8] Undefined variable: shippingfee E:\www\szjiusc\Lib\Action\OrderAction.class.php 第 36 行.
NOTIC: [8] Undefined variable: total_price E:\www\szjiusc\Lib\Action\OrderAction.class.php 第 36 行.
NOTIC: [8] Undefined variable: sub_total E:\www\szjiusc\Lib\Action\OrderAction.class.php 第 36 行.
NOTIC: [8] Undefined index:  item_name E:\www\szjiusc\Lib\Action\OrderAction.class.php 第 50 行.
NOTIC: [8] Undefined index:  item_id E:\www\szjiusc\Lib\Action\OrderAction.class.php 第 52 行.
NOTIC: [8] Undefined index:  item_num E:\www\szjiusc\Lib\Action\OrderAction.class.php 第 54 行.
NOTIC: [8] Undefined index:  item_price E:\www\szjiusc\Lib\Action\OrderAction.class.php 第 56 行.
NOTIC: [8] Undefined index:  C_SencodName E:\www\szjiusc\Lib\Action\OrderAction.class.php 第 118 行.
NOTIC: [8] Undefined variable: orderstr E:\www\szjiusc\Lib\Action\OrderAction.class.php 第 141 行.
INFO: [ view_template ] --START--
INFO: Run LocationTemplate Behavior [ RunTime:0.000545s ]
INFO: [ view_template ] --END-- [ RunTime:0.000623s ]
INFO: [ view_parse ] --START--
NOTIC: [8] Undefined index:  attr E:\www\szjiusc\Runtime\Cache\4e1048d004586a45ade6238bcd2d6360.php 第 40 行.
INFO: Run ParseTemplate Behavior [ RunTime:0.012096s ]
INFO: [ view_parse ] --END-- [ RunTime:0.012190s ]
INFO: [ view_filter ] --START--
INFO: Run ContentReplace Behavior [ RunTime:0.000443s ]
INFO: Run TokenBuild Behavior [ RunTime:0.000419s ]
INFO: Run WriteHtmlCache Behavior [ RunTime:0.000292s ]
INFO: Run ShowRuntime Behavior [ RunTime:0.000561s ]
INFO: [ view_filter ] --END-- [ RunTime:0.001876s ]
INFO: [ view_end ] --START--
INFO: Run ShowPageTrace Behavior [ RunTime:0.000722s ]
INFO: [ view_end ] --END-- [ RunTime:0.000795s ]

[ 2013-05-29T22:16:27+08:00 ] 127.0.0.1 /index.php/Order/index2
INFO: [ route_check ] --START--
INFO: Run CheckRoute Behavior [ RunTime:0.000926s ]
INFO: [ route_check ] --END-- [ RunTime:0.001024s ]
INFO: [ app_begin ] --START--
INFO: Run ReadHtmlCache Behavior [ RunTime:0.000579s ]
INFO: [ app_begin ] --END-- [ RunTime:0.000644s ]
NOTIC: [8] Undefined variable: shippingfee E:\www\szjiusc\Lib\Action\OrderAction.class.php 第 36 行.
NOTIC: [8] Undefined variable: total_price E:\www\szjiusc\Lib\Action\OrderAction.class.php 第 36 行.
NOTIC: [8] Undefined variable: sub_total E:\www\szjiusc\Lib\Action\OrderAction.class.php 第 36 行.
NOTIC: [8] Undefined index:  item_name E:\www\szjiusc\Lib\Action\OrderAction.class.php 第 50 行.
NOTIC: [8] Undefined index:  item_id E:\www\szjiusc\Lib\Action\OrderAction.class.php 第 52 行.
NOTIC: [8] Undefined index:  item_num E:\www\szjiusc\Lib\Action\OrderAction.class.php 第 54 行.
NOTIC: [8] Undefined index:  item_price E:\www\szjiusc\Lib\Action\OrderAction.class.php 第 56 行.
NOTIC: [8] Undefined index:  C_SencodName E:\www\szjiusc\Lib\Action\OrderAction.class.php 第 118 行.
NOTIC: [8] Undefined variable: orderstr E:\www\szjiusc\Lib\Action\OrderAction.class.php 第 141 行.
INFO: [ view_template ] --START--
INFO: Run LocationTemplate Behavior [ RunTime:0.000582s ]
INFO: [ view_template ] --END-- [ RunTime:0.000683s ]
INFO: [ view_parse ] --START--
NOTIC: [8] Undefined index:  attr E:\www\szjiusc\Runtime\Cache\4e1048d004586a45ade6238bcd2d6360.php 第 40 行.
INFO: Run ParseTemplate Behavior [ RunTime:0.012155s ]
INFO: [ view_parse ] --END-- [ RunTime:0.012284s ]
INFO: [ view_filter ] --START--
INFO: Run ContentReplace Behavior [ RunTime:0.000623s ]
INFO: Run TokenBuild Behavior [ RunTime:0.000565s ]
INFO: Run WriteHtmlCache Behavior [ RunTime:0.000391s ]
INFO: Run ShowRuntime Behavior [ RunTime:0.000670s ]
INFO: [ view_filter ] --END-- [ RunTime:0.002486s ]
INFO: [ view_end ] --START--
INFO: Run ShowPageTrace Behavior [ RunTime:0.001017s ]
INFO: [ view_end ] --END-- [ RunTime:0.001127s ]

[ 2013-05-29T22:20:13+08:00 ] 127.0.0.1 /index.php/Order/index2
INFO: [ route_check ] --START--
INFO: Run CheckRoute Behavior [ RunTime:0.001641s ]
INFO: [ route_check ] --END-- [ RunTime:0.001780s ]
INFO: [ app_begin ] --START--
INFO: Run ReadHtmlCache Behavior [ RunTime:0.001200s ]
INFO: [ app_begin ] --END-- [ RunTime:0.001268s ]
NOTIC: [8] Undefined variable: shippingfee E:\www\szjiusc\Lib\Action\OrderAction.class.php 第 36 行.
NOTIC: [8] Undefined variable: total_price E:\www\szjiusc\Lib\Action\OrderAction.class.php 第 36 行.
NOTIC: [8] Undefined variable: sub_total E:\www\szjiusc\Lib\Action\OrderAction.class.php 第 36 行.
NOTIC: [8] Undefined index:  item_name E:\www\szjiusc\Lib\Action\OrderAction.class.php 第 50 行.
NOTIC: [8] Undefined index:  item_id E:\www\szjiusc\Lib\Action\OrderAction.class.php 第 52 行.
NOTIC: [8] Undefined index:  item_num E:\www\szjiusc\Lib\Action\OrderAction.class.php 第 54 行.
NOTIC: [8] Undefined index:  item_price E:\www\szjiusc\Lib\Action\OrderAction.class.php 第 56 行.
NOTIC: [8] Undefined index:  C_SencodName E:\www\szjiusc\Lib\Action\OrderAction.class.php 第 118 行.
NOTIC: [8] Undefined variable: orderstr E:\www\szjiusc\Lib\Action\OrderAction.class.php 第 141 行.
INFO: [ view_template ] --START--
INFO: Run LocationTemplate Behavior [ RunTime:0.001887s ]
INFO: [ view_template ] --END-- [ RunTime:0.001956s ]
INFO: [ view_parse ] --START--
NOTIC: [8] Undefined index:  attr E:\www\szjiusc\Runtime\Cache\4e1048d004586a45ade6238bcd2d6360.php 第 40 行.
INFO: Run ParseTemplate Behavior [ RunTime:0.016935s ]
INFO: [ view_parse ] --END-- [ RunTime:0.017006s ]
INFO: [ view_filter ] --START--
INFO: Run ContentReplace Behavior [ RunTime:0.001072s ]
INFO: Run TokenBuild Behavior [ RunTime:0.001275s ]
INFO: Run WriteHtmlCache Behavior [ RunTime:0.001727s ]
INFO: Run ShowRuntime Behavior [ RunTime:0.001290s ]
INFO: [ view_filter ] --END-- [ RunTime:0.005605s ]
INFO: [ view_end ] --START--
INFO: Run ShowPageTrace Behavior [ RunTime:0.001356s ]
INFO: [ view_end ] --END-- [ RunTime:0.001423s ]

[ 2013-05-29T22:21:39+08:00 ] 127.0.0.1 /index.php/Order/index2
INFO: [ route_check ] --START--
INFO: Run CheckRoute Behavior [ RunTime:0.000913s ]
INFO: [ route_check ] --END-- [ RunTime:0.001008s ]
INFO: [ app_begin ] --START--
INFO: Run ReadHtmlCache Behavior [ RunTime:0.000569s ]
INFO: [ app_begin ] --END-- [ RunTime:0.000636s ]
NOTIC: [8] Undefined variable: shippingfee E:\www\szjiusc\Lib\Action\OrderAction.class.php 第 37 行.
NOTIC: [8] Undefined variable: total_price E:\www\szjiusc\Lib\Action\OrderAction.class.php 第 37 行.
NOTIC: [8] Undefined variable: sub_total E:\www\szjiusc\Lib\Action\OrderAction.class.php 第 37 行.
NOTIC: [8] Undefined index:  item_name E:\www\szjiusc\Lib\Action\OrderAction.class.php 第 51 行.
NOTIC: [8] Undefined index:  item_id E:\www\szjiusc\Lib\Action\OrderAction.class.php 第 53 行.
NOTIC: [8] Undefined index:  item_num E:\www\szjiusc\Lib\Action\OrderAction.class.php 第 55 行.
NOTIC: [8] Undefined index:  item_price E:\www\szjiusc\Lib\Action\OrderAction.class.php 第 57 行.
NOTIC: [8] Undefined index:  C_SencodName E:\www\szjiusc\Lib\Action\OrderAction.class.php 第 119 行.
NOTIC: [8] Undefined variable: orderstr E:\www\szjiusc\Lib\Action\OrderAction.class.php 第 142 行.
INFO: [ view_template ] --START--
INFO: Run LocationTemplate Behavior [ RunTime:0.000430s ]
INFO: [ view_template ] --END-- [ RunTime:0.000500s ]
INFO: [ view_parse ] --START--
NOTIC: [8] Undefined index:  attr E:\www\szjiusc\Runtime\Cache\4e1048d004586a45ade6238bcd2d6360.php 第 40 行.
INFO: Run ParseTemplate Behavior [ RunTime:0.012723s ]
INFO: [ view_parse ] --END-- [ RunTime:0.012795s ]
INFO: [ view_filter ] --START--
INFO: Run ContentReplace Behavior [ RunTime:0.000454s ]
INFO: Run TokenBuild Behavior [ RunTime:0.000404s ]
INFO: Run WriteHtmlCache Behavior [ RunTime:0.000301s ]
INFO: Run ShowRuntime Behavior [ RunTime:0.000488s ]
INFO: [ view_filter ] --END-- [ RunTime:0.001805s ]
INFO: [ view_end ] --START--
INFO: Run ShowPageTrace Behavior [ RunTime:0.000630s ]
INFO: [ view_end ] --END-- [ RunTime:0.000690s ]

[ 2013-05-29T22:22:24+08:00 ] 127.0.0.1 /index.php/Order/index2
INFO: [ route_check ] --START--
INFO: Run CheckRoute Behavior [ RunTime:0.001597s ]
INFO: [ route_check ] --END-- [ RunTime:0.001701s ]
INFO: [ app_begin ] --START--
INFO: Run ReadHtmlCache Behavior [ RunTime:0.001185s ]
INFO: [ app_begin ] --END-- [ RunTime:0.001257s ]
NOTIC: [8] Undefined variable: shippingfee E:\www\szjiusc\Lib\Action\OrderAction.class.php 第 36 行.
NOTIC: [8] Undefined variable: total_price E:\www\szjiusc\Lib\Action\OrderAction.class.php 第 36 行.
NOTIC: [8] Undefined variable: sub_total E:\www\szjiusc\Lib\Action\OrderAction.class.php 第 36 行.
NOTIC: [8] Undefined index:  num E:\www\szjiusc\Lib\Action\OrderAction.class.php 第 54 行.
NOTIC: [8] Undefined index:  C_SencodName E:\www\szjiusc\Lib\Action\OrderAction.class.php 第 118 行.
NOTIC: [8] Undefined variable: orderstr E:\www\szjiusc\Lib\Action\OrderAction.class.php 第 141 行.
INFO: [ view_template ] --START--
INFO: Run LocationTemplate Behavior [ RunTime:0.001898s ]
INFO: [ view_template ] --END-- [ RunTime:0.001978s ]
INFO: [ view_parse ] --START--
NOTIC: [8] Undefined index:  attr E:\www\szjiusc\Runtime\Cache\4e1048d004586a45ade6238bcd2d6360.php 第 40 行.
INFO: Run ParseTemplate Behavior [ RunTime:0.016588s ]
INFO: [ view_parse ] --END-- [ RunTime:0.016662s ]
INFO: [ view_filter ] --START--
INFO: Run ContentReplace Behavior [ RunTime:0.001171s ]
INFO: Run TokenBuild Behavior [ RunTime:0.001038s ]
INFO: Run WriteHtmlCache Behavior [ RunTime:0.001388s ]
INFO: Run ShowRuntime Behavior [ RunTime:0.001442s ]
INFO: [ view_filter ] --END-- [ RunTime:0.005248s ]
INFO: [ view_end ] --START--
INFO: Run ShowPageTrace Behavior [ RunTime:0.001322s ]
INFO: [ view_end ] --END-- [ RunTime:0.001391s ]

[ 2013-05-29T22:25:59+08:00 ] ERR: [4] syntax error, unexpected ')' E:\www\szjiusc\Runtime\Cache\4e1048d004586a45ade6238bcd2d6360.php 第 52 行.
[ 2013-05-29T22:25:59+08:00 ] 127.0.0.1 /index.php/Order/index2
INFO: [ route_check ] --START--
INFO: Run CheckRoute Behavior [ RunTime:0.001748s ]
INFO: [ route_check ] --END-- [ RunTime:0.001882s ]
INFO: [ app_begin ] --START--
INFO: Run ReadHtmlCache Behavior [ RunTime:0.001908s ]
INFO: [ app_begin ] --END-- [ RunTime:0.002061s ]
NOTIC: [8] Undefined variable: shippingfee E:\www\szjiusc\Lib\Action\OrderAction.class.php 第 36 行.
NOTIC: [8] Undefined variable: total_price E:\www\szjiusc\Lib\Action\OrderAction.class.php 第 36 行.
NOTIC: [8] Undefined variable: sub_total E:\www\szjiusc\Lib\Action\OrderAction.class.php 第 36 行.
NOTIC: [8] Undefined index:  num E:\www\szjiusc\Lib\Action\OrderAction.class.php 第 54 行.
NOTIC: [8] Undefined index:  C_SencodName E:\www\szjiusc\Lib\Action\OrderAction.class.php 第 120 行.
NOTIC: [8] Undefined variable: orderstr E:\www\szjiusc\Lib\Action\OrderAction.class.php 第 143 行.
INFO: [ view_template ] --START--
INFO: Run LocationTemplate Behavior [ RunTime:0.002881s ]
INFO: [ view_template ] --END-- [ RunTime:0.003045s ]
INFO: [ view_parse ] --START--
NOTIC: [8] Undefined index:  condition D:\ThinkPHP\Lib\Driver\TagLib\TagLibCx.class.php 第 158 行.
NOTIC: [2] ob_start() [<a href='ref.outcontrol'>ref.outcontrol</a>]: output handler 'ob_gzhandler' cannot be used twice D:\ThinkPHP\Lib\Core\Think.class.php 第 271 行.
NOTIC: [8] Undefined index:  class D:\ThinkPHP\Common\functions.php 第 39 行.
NOTIC: [8] Undefined index:  type D:\ThinkPHP\Common\functions.php 第 39 行.
NOTIC: [8] Undefined index:  file D:\ThinkPHP\Common\functions.php 第 38 行.
NOTIC: [8] Undefined index:  line D:\ThinkPHP\Common\functions.php 第 38 行.

[ 2013-05-29T22:27:17+08:00 ] ERR: [4] syntax error, unexpected ')' E:\www\szjiusc\Runtime\Cache\4e1048d004586a45ade6238bcd2d6360.php 第 52 行.
[ 2013-05-29T22:27:17+08:00 ] 127.0.0.1 /index.php/Order/index2
INFO: [ route_check ] --START--
INFO: Run CheckRoute Behavior [ RunTime:0.001011s ]
INFO: [ route_check ] --END-- [ RunTime:0.001116s ]
INFO: [ app_begin ] --START--
INFO: Run ReadHtmlCache Behavior [ RunTime:0.000616s ]
INFO: [ app_begin ] --END-- [ RunTime:0.000698s ]
NOTIC: [8] Undefined variable: shippingfee E:\www\szjiusc\Lib\Action\OrderAction.class.php 第 36 行.
NOTIC: [8] Undefined variable: total_price E:\www\szjiusc\Lib\Action\OrderAction.class.php 第 36 行.
NOTIC: [8] Undefined variable: sub_total E:\www\szjiusc\Lib\Action\OrderAction.class.php 第 36 行.
NOTIC: [8] Undefined index:  num E:\www\szjiusc\Lib\Action\OrderAction.class.php 第 54 行.
NOTIC: [8] Undefined index:  C_SencodName E:\www\szjiusc\Lib\Action\OrderAction.class.php 第 120 行.
NOTIC: [8] Undefined variable: orderstr E:\www\szjiusc\Lib\Action\OrderAction.class.php 第 143 行.
INFO: [ view_template ] --START--
INFO: Run LocationTemplate Behavior [ RunTime:0.000468s ]
INFO: [ view_template ] --END-- [ RunTime:0.000542s ]
INFO: [ view_parse ] --START--
NOTIC: [8] Undefined index:  condition D:\ThinkPHP\Lib\Driver\TagLib\TagLibCx.class.php 第 158 行.
NOTIC: [2] ob_start() [<a href='ref.outcontrol'>ref.outcontrol</a>]: output handler 'ob_gzhandler' cannot be used twice D:\ThinkPHP\Lib\Core\Think.class.php 第 271 行.
NOTIC: [8] Undefined index:  class D:\ThinkPHP\Common\functions.php 第 39 行.
NOTIC: [8] Undefined index:  type D:\ThinkPHP\Common\functions.php 第 39 行.
NOTIC: [8] Undefined index:  file D:\ThinkPHP\Common\functions.php 第 38 行.
NOTIC: [8] Undefined index:  line D:\ThinkPHP\Common\functions.php 第 38 行.

[ 2013-05-29T22:27:47+08:00 ] 127.0.0.1 /index.php/Order/index2
INFO: [ route_check ] --START--
INFO: Run CheckRoute Behavior [ RunTime:0.000993s ]
INFO: [ route_check ] --END-- [ RunTime:0.001115s ]
INFO: [ app_begin ] --START--
INFO: Run ReadHtmlCache Behavior [ RunTime:0.000655s ]
INFO: [ app_begin ] --END-- [ RunTime:0.000729s ]
NOTIC: [8] Undefined variable: shippingfee E:\www\szjiusc\Lib\Action\OrderAction.class.php 第 36 行.
NOTIC: [8] Undefined variable: total_price E:\www\szjiusc\Lib\Action\OrderAction.class.php 第 36 行.
NOTIC: [8] Undefined variable: sub_total E:\www\szjiusc\Lib\Action\OrderAction.class.php 第 36 行.
NOTIC: [8] Undefined index:  num E:\www\szjiusc\Lib\Action\OrderAction.class.php 第 54 行.
NOTIC: [8] Undefined index:  C_SencodName E:\www\szjiusc\Lib\Action\OrderAction.class.php 第 120 行.
NOTIC: [8] Undefined variable: orderstr E:\www\szjiusc\Lib\Action\OrderAction.class.php 第 143 行.
INFO: [ view_template ] --START--
INFO: Run LocationTemplate Behavior [ RunTime:0.000504s ]
INFO: [ view_template ] --END-- [ RunTime:0.000578s ]
INFO: [ view_parse ] --START--
NOTIC: [8] Undefined index:  attr E:\www\szjiusc\Runtime\Cache\4e1048d004586a45ade6238bcd2d6360.php 第 40 行.
INFO: Run ParseTemplate Behavior [ RunTime:0.012518s ]
INFO: [ view_parse ] --END-- [ RunTime:0.012591s ]
INFO: [ view_filter ] --START--
INFO: Run ContentReplace Behavior [ RunTime:0.001122s ]
INFO: Run TokenBuild Behavior [ RunTime:0.001069s ]
INFO: Run WriteHtmlCache Behavior [ RunTime:0.001303s ]
INFO: Run ShowRuntime Behavior [ RunTime:0.001476s ]
INFO: [ view_filter ] --END-- [ RunTime:0.005167s ]
INFO: [ view_end ] --START--
INFO: Run ShowPageTrace Behavior [ RunTime:0.001503s ]
INFO: [ view_end ] --END-- [ RunTime:0.001579s ]

[ 2013-05-29T22:28:21+08:00 ] 127.0.0.1 /index.php/Order/index2
INFO: [ route_check ] --START--
INFO: Run CheckRoute Behavior [ RunTime:0.001524s ]
INFO: [ route_check ] --END-- [ RunTime:0.001616s ]
INFO: [ app_begin ] --START--
INFO: Run ReadHtmlCache Behavior [ RunTime:0.001211s ]
INFO: [ app_begin ] --END-- [ RunTime:0.001277s ]
NOTIC: [8] Undefined variable: shippingfee E:\www\szjiusc\Lib\Action\OrderAction.class.php 第 36 行.
NOTIC: [8] Undefined variable: total_price E:\www\szjiusc\Lib\Action\OrderAction.class.php 第 36 行.
NOTIC: [8] Undefined variable: sub_total E:\www\szjiusc\Lib\Action\OrderAction.class.php 第 36 行.
NOTIC: [8] Undefined index:  num E:\www\szjiusc\Lib\Action\OrderAction.class.php 第 54 行.
NOTIC: [8] Undefined index:  C_SencodName E:\www\szjiusc\Lib\Action\OrderAction.class.php 第 120 行.
NOTIC: [8] Undefined variable: orderstr E:\www\szjiusc\Lib\Action\OrderAction.class.php 第 143 行.
INFO: [ view_template ] --START--
INFO: Run LocationTemplate Behavior [ RunTime:0.001912s ]
INFO: [ view_template ] --END-- [ RunTime:0.001982s ]
INFO: [ view_parse ] --START--
NOTIC: [8] Undefined index:  attr E:\www\szjiusc\Runtime\Cache\4e1048d004586a45ade6238bcd2d6360.php 第 40 行.
NOTIC: [8] Undefined variable: remark E:\www\szjiusc\Runtime\Cache\4e1048d004586a45ade6238bcd2d6360.php 第 52 行.
INFO: Run ParseTemplate Behavior [ RunTime:0.018239s ]
INFO: [ view_parse ] --END-- [ RunTime:0.018331s ]
INFO: [ view_filter ] --START--
INFO: Run ContentReplace Behavior [ RunTime:0.000536s ]
INFO: Run TokenBuild Behavior [ RunTime:0.000716s ]
INFO: Run WriteHtmlCache Behavior [ RunTime:0.000388s ]
INFO: Run ShowRuntime Behavior [ RunTime:0.000650s ]
INFO: [ view_filter ] --END-- [ RunTime:0.002551s ]
INFO: [ view_end ] --START--
INFO: Run ShowPageTrace Behavior [ RunTime:0.000736s ]
INFO: [ view_end ] --END-- [ RunTime:0.000816s ]

[ 2013-05-29T22:29:18+08:00 ] 127.0.0.1 /index.php/Order/index2
INFO: [ route_check ] --START--
INFO: Run CheckRoute Behavior [ RunTime:0.000928s ]
INFO: [ route_check ] --END-- [ RunTime:0.001023s ]
INFO: [ app_begin ] --START--
INFO: Run ReadHtmlCache Behavior [ RunTime:0.000559s ]
INFO: [ app_begin ] --END-- [ RunTime:0.000621s ]
NOTIC: [8] Undefined variable: shippingfee E:\www\szjiusc\Lib\Action\OrderAction.class.php 第 36 行.
NOTIC: [8] Undefined variable: total_price E:\www\szjiusc\Lib\Action\OrderAction.class.php 第 36 行.
NOTIC: [8] Undefined variable: sub_total E:\www\szjiusc\Lib\Action\OrderAction.class.php 第 36 行.
NOTIC: [8] Undefined index:  num E:\www\szjiusc\Lib\Action\OrderAction.class.php 第 54 行.
NOTIC: [8] Undefined index:  C_SencodName E:\www\szjiusc\Lib\Action\OrderAction.class.php 第 120 行.
NOTIC: [8] Undefined variable: orderstr E:\www\szjiusc\Lib\Action\OrderAction.class.php 第 143 行.
INFO: [ view_template ] --START--
INFO: Run LocationTemplate Behavior [ RunTime:0.000422s ]
INFO: [ view_template ] --END-- [ RunTime:0.000486s ]
INFO: [ view_parse ] --START--
NOTIC: [8] Undefined index:  attr E:\www\szjiusc\Runtime\Cache\4e1048d004586a45ade6238bcd2d6360.php 第 40 行.
INFO: Run ParseTemplate Behavior [ RunTime:0.014116s ]
INFO: [ view_parse ] --END-- [ RunTime:0.014187s ]
INFO: [ view_filter ] --START--
INFO: Run ContentReplace Behavior [ RunTime:0.000457s ]
INFO: Run TokenBuild Behavior [ RunTime:0.000418s ]
INFO: Run WriteHtmlCache Behavior [ RunTime:0.000314s ]
INFO: Run ShowRuntime Behavior [ RunTime:0.000492s ]
INFO: [ view_filter ] --END-- [ RunTime:0.001868s ]
INFO: [ view_end ] --START--
INFO: Run ShowPageTrace Behavior [ RunTime:0.000718s ]
INFO: [ view_end ] --END-- [ RunTime:0.000774s ]

[ 2013-05-29T22:32:13+08:00 ] 127.0.0.1 /index.php/Order/index2
INFO: [ route_check ] --START--
INFO: Run CheckRoute Behavior [ RunTime:0.001547s ]
INFO: [ route_check ] --END-- [ RunTime:0.001650s ]
INFO: [ app_begin ] --START--
INFO: Run ReadHtmlCache Behavior [ RunTime:0.001235s ]
INFO: [ app_begin ] --END-- [ RunTime:0.001319s ]
NOTIC: [8] Undefined variable: shippingfee E:\www\szjiusc\Lib\Action\OrderAction.class.php 第 36 行.
NOTIC: [8] Undefined variable: total_price E:\www\szjiusc\Lib\Action\OrderAction.class.php 第 36 行.
NOTIC: [8] Undefined variable: sub_total E:\www\szjiusc\Lib\Action\OrderAction.class.php 第 36 行.
NOTIC: [8] Undefined index:  num E:\www\szjiusc\Lib\Action\OrderAction.class.php 第 54 行.
NOTIC: [8] Undefined index:  C_SencodName E:\www\szjiusc\Lib\Action\OrderAction.class.php 第 120 行.
NOTIC: [8] Undefined variable: orderstr E:\www\szjiusc\Lib\Action\OrderAction.class.php 第 143 行.
INFO: [ view_template ] --START--
INFO: Run LocationTemplate Behavior [ RunTime:0.002359s ]
INFO: [ view_template ] --END-- [ RunTime:0.002446s ]
INFO: [ view_parse ] --START--
NOTIC: [8] Undefined index:  attr E:\www\szjiusc\Runtime\Cache\4e1048d004586a45ade6238bcd2d6360.php 第 40 行.
INFO: Run ParseTemplate Behavior [ RunTime:0.018093s ]
INFO: [ view_parse ] --END-- [ RunTime:0.018167s ]
INFO: [ view_filter ] --START--
INFO: Run ContentReplace Behavior [ RunTime:0.001115s ]
INFO: Run TokenBuild Behavior [ RunTime:0.001021s ]
INFO: Run WriteHtmlCache Behavior [ RunTime:0.000918s ]
INFO: Run ShowRuntime Behavior [ RunTime:0.001393s ]
INFO: [ view_filter ] --END-- [ RunTime:0.004627s ]
INFO: [ view_end ] --START--
INFO: Run ShowPageTrace Behavior [ RunTime:0.001334s ]
INFO: [ view_end ] --END-- [ RunTime:0.001408s ]

[ 2013-05-29T22:32:42+08:00 ] 127.0.0.1 /index.php/Order/index2
INFO: [ route_check ] --START--
INFO: Run CheckRoute Behavior [ RunTime:0.001443s ]
INFO: [ route_check ] --END-- [ RunTime:0.001590s ]
INFO: [ app_begin ] --START--
INFO: Run ReadHtmlCache Behavior [ RunTime:0.000732s ]
INFO: [ app_begin ] --END-- [ RunTime:0.000812s ]
NOTIC: [8] Undefined variable: shippingfee E:\www\szjiusc\Lib\Action\OrderAction.class.php 第 36 行.
NOTIC: [8] Undefined variable: total_price E:\www\szjiusc\Lib\Action\OrderAction.class.php 第 36 行.
NOTIC: [8] Undefined variable: sub_total E:\www\szjiusc\Lib\Action\OrderAction.class.php 第 36 行.
NOTIC: [8] Undefined index:  num E:\www\szjiusc\Lib\Action\OrderAction.class.php 第 54 行.
NOTIC: [8] Undefined index:  C_SencodName E:\www\szjiusc\Lib\Action\OrderAction.class.php 第 120 行.
NOTIC: [8] Undefined variable: orderstr E:\www\szjiusc\Lib\Action\OrderAction.class.php 第 143 行.
INFO: [ view_template ] --START--
INFO: Run LocationTemplate Behavior [ RunTime:0.000878s ]
INFO: [ view_template ] --END-- [ RunTime:0.000983s ]
INFO: [ view_parse ] --START--
NOTIC: [8] Undefined index:  attr E:\www\szjiusc\Runtime\Cache\4e1048d004586a45ade6238bcd2d6360.php 第 40 行.
INFO: Run ParseTemplate Behavior [ RunTime:0.015697s ]
INFO: [ view_parse ] --END-- [ RunTime:0.015779s ]
INFO: [ view_filter ] --START--
INFO: Run ContentReplace Behavior [ RunTime:0.000465s ]
INFO: Run TokenBuild Behavior [ RunTime:0.000400s ]
INFO: Run WriteHtmlCache Behavior [ RunTime:0.000324s ]
INFO: Run ShowRuntime Behavior [ RunTime:0.000488s ]
INFO: [ view_filter ] --END-- [ RunTime:0.001833s ]
INFO: [ view_end ] --START--
INFO: Run ShowPageTrace Behavior [ RunTime:0.000805s ]
INFO: [ view_end ] --END-- [ RunTime:0.000875s ]

[ 2013-05-29T22:33:28+08:00 ] 127.0.0.1 /index.php/Order/index2
INFO: [ route_check ] --START--
INFO: Run CheckRoute Behavior [ RunTime:0.000891s ]
INFO: [ route_check ] --END-- [ RunTime:0.000985s ]
INFO: [ app_begin ] --START--
INFO: Run ReadHtmlCache Behavior [ RunTime:0.000681s ]
INFO: [ app_begin ] --END-- [ RunTime:0.000743s ]
NOTIC: [8] Undefined variable: shippingfee E:\www\szjiusc\Lib\Action\OrderAction.class.php 第 36 行.
NOTIC: [8] Undefined variable: total_price E:\www\szjiusc\Lib\Action\OrderAction.class.php 第 36 行.
NOTIC: [8] Undefined variable: sub_total E:\www\szjiusc\Lib\Action\OrderAction.class.php 第 36 行.
NOTIC: [8] Undefined index:  C_SencodName E:\www\szjiusc\Lib\Action\OrderAction.class.php 第 120 行.
NOTIC: [8] Undefined variable: orderstr E:\www\szjiusc\Lib\Action\OrderAction.class.php 第 143 行.
INFO: [ view_template ] --START--
INFO: Run LocationTemplate Behavior [ RunTime:0.000552s ]
INFO: [ view_template ] --END-- [ RunTime:0.000839s ]
INFO: [ view_parse ] --START--
NOTIC: [8] Undefined index:  attr E:\www\szjiusc\Runtime\Cache\4e1048d004586a45ade6238bcd2d6360.php 第 40 行.
INFO: Run ParseTemplate Behavior [ RunTime:0.013296s ]
INFO: [ view_parse ] --END-- [ RunTime:0.013369s ]
INFO: [ view_filter ] --START--
INFO: Run ContentReplace Behavior [ RunTime:0.000484s ]
INFO: Run TokenBuild Behavior [ RunTime:0.000402s ]
INFO: Run WriteHtmlCache Behavior [ RunTime:0.001423s ]
INFO: Run ShowRuntime Behavior [ RunTime:0.000571s ]
INFO: [ view_filter ] --END-- [ RunTime:0.003053s ]
INFO: [ view_end ] --START--
INFO: Run ShowPageTrace Behavior [ RunTime:0.000652s ]
INFO: [ view_end ] --END-- [ RunTime:0.000713s ]

[ 2013-05-29T22:37:38+08:00 ] 127.0.0.1 /
INFO: [ app_begin ] --START--
INFO: Run ReadHtmlCache Behavior [ RunTime:0.001364s ]
INFO: [ app_begin ] --END-- [ RunTime:0.001495s ]
NOTIC: [2048] Declaration of IndexAction::show() should be compatible with that of Action::show() E:\www\szjiusc\Lib\Action\IndexAction.class.php 第 116 行.
INFO: [ view_template ] --START--
INFO: Run LocationTemplate Behavior [ RunTime:0.003077s ]
INFO: [ view_template ] --END-- [ RunTime:0.003218s ]
INFO: [ view_parse ] --START--
INFO: Run ParseTemplate Behavior [ RunTime:0.059347s ]
INFO: [ view_parse ] --END-- [ RunTime:0.061230s ]
INFO: [ view_filter ] --START--
INFO: Run ContentReplace Behavior [ RunTime:0.001979s ]
INFO: Run TokenBuild Behavior [ RunTime:0.002702s ]
INFO: Run WriteHtmlCache Behavior [ RunTime:0.001776s ]
INFO: Run ShowRuntime Behavior [ RunTime:0.002176s ]
INFO: [ view_filter ] --END-- [ RunTime:0.009061s ]
INFO: [ view_end ] --START--
INFO: Run ShowPageTrace Behavior [ RunTime:0.001708s ]
INFO: [ view_end ] --END-- [ RunTime:0.001909s ]

[ 2013-05-29T22:37:40+08:00 ] 127.0.0.1 /index.php/Index/show/id/1
INFO: [ route_check ] --START--
INFO: Run CheckRoute Behavior [ RunTime:0.001751s ]
INFO: [ route_check ] --END-- [ RunTime:0.001893s ]
INFO: [ app_begin ] --START--
INFO: Run ReadHtmlCache Behavior [ RunTime:0.001086s ]
INFO: [ app_begin ] --END-- [ RunTime:0.001210s ]
NOTIC: [2048] Declaration of IndexAction::show() should be compatible with that of Action::show() E:\www\szjiusc\Lib\Action\IndexAction.class.php 第 116 行.
INFO: [ view_template ] --START--
INFO: Run LocationTemplate Behavior [ RunTime:0.002335s ]
INFO: [ view_template ] --END-- [ RunTime:0.002512s ]
INFO: [ view_parse ] --START--
INFO: Run ParseTemplate Behavior [ RunTime:0.025965s ]
INFO: [ view_parse ] --END-- [ RunTime:0.026121s ]
INFO: [ view_filter ] --START--
INFO: Run ContentReplace Behavior [ RunTime:0.000532s ]
INFO: Run TokenBuild Behavior [ RunTime:0.000532s ]
INFO: Run WriteHtmlCache Behavior [ RunTime:0.000427s ]
INFO: Run ShowRuntime Behavior [ RunTime:0.000656s ]
INFO: [ view_filter ] --END-- [ RunTime:0.002401s ]
INFO: [ view_end ] --START--
INFO: Run ShowPageTrace Behavior [ RunTime:0.000912s ]
INFO: [ view_end ] --END-- [ RunTime:0.000998s ]

[ 2013-05-29T22:37:44+08:00 ] 127.0.0.1 /index.php/Index/addCart
INFO: [ route_check ] --START--
INFO: Run CheckRoute Behavior [ RunTime:0.001048s ]
INFO: [ route_check ] --END-- [ RunTime:0.001174s ]
INFO: [ app_begin ] --START--
INFO: Run ReadHtmlCache Behavior [ RunTime:0.000627s ]
INFO: [ app_begin ] --END-- [ RunTime:0.000690s ]
NOTIC: [2048] Declaration of IndexAction::show() should be compatible with that of Action::show() E:\www\szjiusc\Lib\Action\IndexAction.class.php 第 116 行.
NOTIC: [8] Undefined index:  cart D:\ThinkPHP\Extend\Library\ORG\Util\Cart.class.php 第 24 行.
NOTIC: [8] Undefined index:  cart D:\ThinkPHP\Extend\Library\ORG\Util\Cart.class.php 第 26 行.
NOTIC: [8] Undefined index:  cart D:\ThinkPHP\Extend\Library\ORG\Util\Cart.class.php 第 27 行.
NOTIC: [8] Undefined index:  cart D:\ThinkPHP\Extend\Library\ORG\Util\Cart.class.php 第 28 行.
NOTIC: [8] Undefined index:  cart D:\ThinkPHP\Extend\Library\ORG\Util\Cart.class.php 第 29 行.
NOTIC: [8] Undefined index:  cart D:\ThinkPHP\Extend\Library\ORG\Util\Cart.class.php 第 30 行.

[ 2013-05-29T22:37:48+08:00 ] 127.0.0.1 /index.php/Index/addCart
INFO: [ route_check ] --START--
INFO: Run CheckRoute Behavior [ RunTime:0.001225s ]
INFO: [ route_check ] --END-- [ RunTime:0.001337s ]
INFO: [ app_begin ] --START--
INFO: Run ReadHtmlCache Behavior [ RunTime:0.000575s ]
INFO: [ app_begin ] --END-- [ RunTime:0.000632s ]
NOTIC: [2048] Declaration of IndexAction::show() should be compatible with that of Action::show() E:\www\szjiusc\Lib\Action\IndexAction.class.php 第 116 行.
NOTIC: [8] Undefined index:  discount D:\ThinkPHP\Extend\Library\ORG\Util\Cart.class.php 第 27 行.

[ 2013-05-29T22:37:51+08:00 ] 127.0.0.1 /index.php/Index/mycart
INFO: [ route_check ] --START--
INFO: Run CheckRoute Behavior [ RunTime:0.000918s ]
INFO: [ route_check ] --END-- [ RunTime:0.001025s ]
INFO: [ app_begin ] --START--
INFO: Run ReadHtmlCache Behavior [ RunTime:0.000673s ]
INFO: [ app_begin ] --END-- [ RunTime:0.000742s ]
NOTIC: [2048] Declaration of IndexAction::show() should be compatible with that of Action::show() E:\www\szjiusc\Lib\Action\IndexAction.class.php 第 116 行.
NOTIC: [8] Undefined index:  discount D:\ThinkPHP\Extend\Library\ORG\Util\Cart.class.php 第 27 行.
INFO: [ view_template ] --START--
INFO: Run LocationTemplate Behavior [ RunTime:0.001323s ]
INFO: [ view_template ] --END-- [ RunTime:0.001448s ]
INFO: [ view_parse ] --START--
NOTIC: [8] Undefined index:  image E:\www\szjiusc\Runtime\Cache\82fc55699211f8be4da108fa402bbc82.php 第 124 行.
NOTIC: [8] Undefined index:  image E:\www\szjiusc\Runtime\Cache\82fc55699211f8be4da108fa402bbc82.php 第 124 行.
INFO: Run ParseTemplate Behavior [ RunTime:0.038024s ]
INFO: [ view_parse ] --END-- [ RunTime:0.038103s ]
INFO: [ view_filter ] --START--
INFO: Run ContentReplace Behavior [ RunTime:0.000486s ]
INFO: Run TokenBuild Behavior [ RunTime:0.000423s ]
INFO: Run WriteHtmlCache Behavior [ RunTime:0.000306s ]
INFO: Run ShowRuntime Behavior [ RunTime:0.000503s ]
INFO: [ view_filter ] --END-- [ RunTime:0.001885s ]
INFO: [ view_end ] --START--
INFO: Run ShowPageTrace Behavior [ RunTime:0.000652s ]
INFO: [ view_end ] --END-- [ RunTime:0.000711s ]

[ 2013-05-29T22:37:55+08:00 ] 127.0.0.1 /index.php/Index/checkCoupon
INFO: [ route_check ] --START--
INFO: Run CheckRoute Behavior [ RunTime:0.000883s ]
INFO: [ route_check ] --END-- [ RunTime:0.000978s ]
INFO: [ app_begin ] --START--
INFO: Run ReadHtmlCache Behavior [ RunTime:0.000593s ]
INFO: [ app_begin ] --END-- [ RunTime:0.000744s ]
NOTIC: [2048] Declaration of IndexAction::show() should be compatible with that of Action::show() E:\www\szjiusc\Lib\Action\IndexAction.class.php 第 116 行.
NOTIC: [8] Undefined index:  discount D:\ThinkPHP\Extend\Library\ORG\Util\Cart.class.php 第 27 行.

[ 2013-05-29T22:37:56+08:00 ] 127.0.0.1 /index.php/Order
INFO: [ route_check ] --START--
INFO: Run CheckRoute Behavior [ RunTime:0.000868s ]
INFO: [ route_check ] --END-- [ RunTime:0.000961s ]
INFO: [ app_begin ] --START--
INFO: Run ReadHtmlCache Behavior [ RunTime:0.000592s ]
INFO: [ app_begin ] --END-- [ RunTime:0.000654s ]
INFO: [ view_template ] --START--
INFO: Run LocationTemplate Behavior [ RunTime:0.001270s ]
INFO: [ view_template ] --END-- [ RunTime:0.001351s ]
INFO: [ view_parse ] --START--
INFO: Run ParseTemplate Behavior [ RunTime:0.031860s ]
INFO: [ view_parse ] --END-- [ RunTime:0.031987s ]
INFO: [ view_filter ] --START--
INFO: Run ContentReplace Behavior [ RunTime:0.000601s ]
INFO: Run TokenBuild Behavior [ RunTime:0.000613s ]
INFO: Run WriteHtmlCache Behavior [ RunTime:0.000326s ]
INFO: Run ShowRuntime Behavior [ RunTime:0.001663s ]
INFO: [ view_filter ] --END-- [ RunTime:0.003414s ]
INFO: [ view_end ] --START--
INFO: Run ShowPageTrace Behavior [ RunTime:0.000919s ]
INFO: [ view_end ] --END-- [ RunTime:0.001105s ]

[ 2013-05-29T22:38:01+08:00 ] 127.0.0.1 /index.php/Order/index1
INFO: [ route_check ] --START--
INFO: Run CheckRoute Behavior [ RunTime:0.000919s ]
INFO: [ route_check ] --END-- [ RunTime:0.001022s ]
INFO: [ app_begin ] --START--
INFO: Run ReadHtmlCache Behavior [ RunTime:0.000588s ]
INFO: [ app_begin ] --END-- [ RunTime:0.000652s ]
INFO: [ view_template ] --START--
INFO: Run LocationTemplate Behavior [ RunTime:0.001248s ]
INFO: [ view_template ] --END-- [ RunTime:0.001343s ]
INFO: [ view_parse ] --START--
INFO: Run ParseTemplate Behavior [ RunTime:0.026830s ]
INFO: [ view_parse ] --END-- [ RunTime:0.026951s ]
INFO: [ view_filter ] --START--
INFO: Run ContentReplace Behavior [ RunTime:0.000467s ]
INFO: Run TokenBuild Behavior [ RunTime:0.000518s ]
INFO: Run WriteHtmlCache Behavior [ RunTime:0.000318s ]
INFO: Run ShowRuntime Behavior [ RunTime:0.000552s ]
INFO: [ view_filter ] --END-- [ RunTime:0.002037s ]
INFO: [ view_end ] --START--
INFO: Run ShowPageTrace Behavior [ RunTime:0.000637s ]
INFO: [ view_end ] --END-- [ RunTime:0.000694s ]

[ 2013-05-29T22:38:06+08:00 ] 127.0.0.1 /index.php/Order/index2
INFO: [ route_check ] --START--
INFO: Run CheckRoute Behavior [ RunTime:0.000916s ]
INFO: [ route_check ] --END-- [ RunTime:0.001015s ]
INFO: [ app_begin ] --START--
INFO: Run ReadHtmlCache Behavior [ RunTime:0.000601s ]
INFO: [ app_begin ] --END-- [ RunTime:0.000666s ]
NOTIC: [8] Undefined variable: shippingfee E:\www\szjiusc\Lib\Action\OrderAction.class.php 第 36 行.
NOTIC: [8] Undefined variable: total_price E:\www\szjiusc\Lib\Action\OrderAction.class.php 第 36 行.
NOTIC: [8] Undefined variable: sub_total E:\www\szjiusc\Lib\Action\OrderAction.class.php 第 36 行.
NOTIC: [8] Undefined index:  C_SencodName E:\www\szjiusc\Lib\Action\OrderAction.class.php 第 120 行.
NOTIC: [8] Undefined variable: orderstr E:\www\szjiusc\Lib\Action\OrderAction.class.php 第 143 行.
INFO: [ view_template ] --START--
INFO: Run LocationTemplate Behavior [ RunTime:0.001358s ]
INFO: [ view_template ] --END-- [ RunTime:0.001439s ]
INFO: [ view_parse ] --START--
INFO: Run ParseTemplate Behavior [ RunTime:0.015385s ]
INFO: [ view_parse ] --END-- [ RunTime:0.015496s ]
INFO: [ view_filter ] --START--
INFO: Run ContentReplace Behavior [ RunTime:0.000465s ]
INFO: Run TokenBuild Behavior [ RunTime:0.000502s ]
INFO: Run WriteHtmlCache Behavior [ RunTime:0.000296s ]
INFO: Run ShowRuntime Behavior [ RunTime:0.000505s ]
INFO: [ view_filter ] --END-- [ RunTime:0.001925s ]
INFO: [ view_end ] --START--
INFO: Run ShowPageTrace Behavior [ RunTime:0.000628s ]
INFO: [ view_end ] --END-- [ RunTime:0.000683s ]

[ 2013-05-29T22:52:22+08:00 ] 127.0.0.1 /index.php/Order/index2
INFO: [ route_check ] --START--
INFO: Run CheckRoute Behavior [ RunTime:0.001579s ]
INFO: [ route_check ] --END-- [ RunTime:0.001691s ]
INFO: [ app_begin ] --START--
INFO: Run ReadHtmlCache Behavior [ RunTime:0.001605s ]
INFO: [ app_begin ] --END-- [ RunTime:0.001710s ]
NOTIC: [8] Undefined variable: orderhash E:\www\szjiusc\Lib\Action\OrderAction.class.php 第 76 行.
NOTIC: [8] Undefined variable: merchantid E:\www\szjiusc\Lib\Action\OrderAction.class.php 第 84 行.
NOTIC: [8] Undefined variable: orderamount E:\www\szjiusc\Lib\Action\OrderAction.class.php 第 92 行.
NOTIC: [8] Undefined variable: payamount E:\www\szjiusc\Lib\Action\OrderAction.class.php 第 94 行.
NOTIC: [8] Undefined variable: url E:\www\szjiusc\Lib\Action\OrderAction.class.php 第 98 行.
NOTIC: [8] Undefined variable: url E:\www\szjiusc\Lib\Action\OrderAction.class.php 第 100 行.
NOTIC: [8] Undefined variable: url E:\www\szjiusc\Lib\Action\OrderAction.class.php 第 102 行.
NOTIC: [8] Undefined index:  C_SencodName E:\www\szjiusc\Lib\Action\OrderAction.class.php 第 126 行.
NOTIC: [8] Undefined variable: orderstr E:\www\szjiusc\Lib\Action\OrderAction.class.php 第 149 行.
INFO: [ view_template ] --START--
INFO: Run LocationTemplate Behavior [ RunTime:0.002235s ]
INFO: [ view_template ] --END-- [ RunTime:0.002318s ]
INFO: [ view_parse ] --START--
INFO: Run ParseTemplate Behavior [ RunTime:0.019825s ]
INFO: [ view_parse ] --END-- [ RunTime:0.019954s ]
INFO: [ view_filter ] --START--
INFO: Run ContentReplace Behavior [ RunTime:0.001549s ]
INFO: Run TokenBuild Behavior [ RunTime:0.001593s ]
INFO: Run WriteHtmlCache Behavior [ RunTime:0.001346s ]
INFO: Run ShowRuntime Behavior [ RunTime:0.001126s ]
INFO: [ view_filter ] --END-- [ RunTime:0.005892s ]
INFO: [ view_end ] --START--
INFO: Run ShowPageTrace Behavior [ RunTime:0.002090s ]
INFO: [ view_end ] --END-- [ RunTime:0.002196s ]

[ 2013-05-29T22:52:51+08:00 ] 127.0.0.1 /index.php/Order/index2
INFO: [ route_check ] --START--
INFO: Run CheckRoute Behavior [ RunTime:0.001156s ]
INFO: [ route_check ] --END-- [ RunTime:0.001271s ]
INFO: [ app_begin ] --START--
INFO: Run ReadHtmlCache Behavior [ RunTime:0.000679s ]
INFO: [ app_begin ] --END-- [ RunTime:0.000754s ]
NOTIC: [8] Undefined variable: orderhash E:\www\szjiusc\Lib\Action\OrderAction.class.php 第 76 行.
NOTIC: [8] Undefined variable: merchantid E:\www\szjiusc\Lib\Action\OrderAction.class.php 第 84 行.
NOTIC: [8] Undefined variable: orderamount E:\www\szjiusc\Lib\Action\OrderAction.class.php 第 92 行.
NOTIC: [8] Undefined variable: payamount E:\www\szjiusc\Lib\Action\OrderAction.class.php 第 94 行.
NOTIC: [8] Undefined variable: url E:\www\szjiusc\Lib\Action\OrderAction.class.php 第 98 行.
NOTIC: [8] Undefined variable: url E:\www\szjiusc\Lib\Action\OrderAction.class.php 第 100 行.
NOTIC: [8] Undefined variable: url E:\www\szjiusc\Lib\Action\OrderAction.class.php 第 102 行.
NOTIC: [8] Undefined index:  C_SencodName E:\www\szjiusc\Lib\Action\OrderAction.class.php 第 126 行.
NOTIC: [8] Undefined variable: orderstr E:\www\szjiusc\Lib\Action\OrderAction.class.php 第 149 行.
INFO: [ view_template ] --START--
INFO: Run LocationTemplate Behavior [ RunTime:0.000582s ]
INFO: [ view_template ] --END-- [ RunTime:0.000668s ]
INFO: [ view_parse ] --START--
INFO: Run ParseTemplate Behavior [ RunTime:0.013593s ]
INFO: [ view_parse ] --END-- [ RunTime:0.013688s ]
INFO: [ view_filter ] --START--
INFO: Run ContentReplace Behavior [ RunTime:0.000496s ]
INFO: Run TokenBuild Behavior [ RunTime:0.000410s ]
INFO: Run WriteHtmlCache Behavior [ RunTime:0.000321s ]
INFO: Run ShowRuntime Behavior [ RunTime:0.000482s ]
INFO: [ view_filter ] --END-- [ RunTime:0.001870s ]
INFO: [ view_end ] --START--
INFO: Run ShowPageTrace Behavior [ RunTime:0.000645s ]
INFO: [ view_end ] --END-- [ RunTime:0.000700s ]

[ 2013-05-29T22:53:57+08:00 ] 127.0.0.1 /index.php/Order/index2
INFO: [ route_check ] --START--
INFO: Run CheckRoute Behavior [ RunTime:0.001210s ]
INFO: [ route_check ] --END-- [ RunTime:0.001354s ]
INFO: [ app_begin ] --START--
INFO: Run ReadHtmlCache Behavior [ RunTime:0.000769s ]
INFO: [ app_begin ] --END-- [ RunTime:0.000853s ]
NOTIC: [8] Undefined variable: orderamount E:\www\szjiusc\Lib\Action\OrderAction.class.php 第 92 行.
NOTIC: [8] Undefined variable: payamount E:\www\szjiusc\Lib\Action\OrderAction.class.php 第 94 行.
NOTIC: [8] Undefined index:  C_SencodName E:\www\szjiusc\Lib\Action\OrderAction.class.php 第 126 行.
NOTIC: [8] Undefined variable: orderstr E:\www\szjiusc\Lib\Action\OrderAction.class.php 第 149 行.
INFO: [ view_template ] --START--
INFO: Run LocationTemplate Behavior [ RunTime:0.000648s ]
INFO: [ view_template ] --END-- [ RunTime:0.000741s ]
INFO: [ view_parse ] --START--
INFO: Run ParseTemplate Behavior [ RunTime:0.017901s ]
INFO: [ view_parse ] --END-- [ RunTime:0.018027s ]
INFO: [ view_filter ] --START--
INFO: Run ContentReplace Behavior [ RunTime:0.000517s ]
INFO: Run TokenBuild Behavior [ RunTime:0.000422s ]
INFO: Run WriteHtmlCache Behavior [ RunTime:0.000484s ]
INFO: Run ShowRuntime Behavior [ RunTime:0.000580s ]
INFO: [ view_filter ] --END-- [ RunTime:0.002219s ]
INFO: [ view_end ] --START--
INFO: Run ShowPageTrace Behavior [ RunTime:0.001067s ]
INFO: [ view_end ] --END-- [ RunTime:0.001183s ]

[ 2013-05-29T22:55:27+08:00 ] 127.0.0.1 /index.php/Order/index2
INFO: [ route_check ] --START--
INFO: Run CheckRoute Behavior [ RunTime:0.002011s ]
INFO: [ route_check ] --END-- [ RunTime:0.002146s ]
INFO: [ app_begin ] --START--
INFO: Run ReadHtmlCache Behavior [ RunTime:0.001706s ]
INFO: [ app_begin ] --END-- [ RunTime:0.001820s ]
NOTIC: [8] Undefined index:  C_SencodName E:\www\szjiusc\Lib\Action\OrderAction.class.php 第 126 行.
NOTIC: [8] Undefined variable: orderstr E:\www\szjiusc\Lib\Action\OrderAction.class.php 第 149 行.
INFO: [ view_template ] --START--
INFO: Run LocationTemplate Behavior [ RunTime:0.002130s ]
INFO: [ view_template ] --END-- [ RunTime:0.002206s ]
INFO: [ view_parse ] --START--
INFO: Run ParseTemplate Behavior [ RunTime:0.020121s ]
INFO: [ view_parse ] --END-- [ RunTime:0.020280s ]
INFO: [ view_filter ] --START--
INFO: Run ContentReplace Behavior [ RunTime:0.001491s ]
INFO: Run TokenBuild Behavior [ RunTime:0.001418s ]
INFO: Run WriteHtmlCache Behavior [ RunTime:0.001295s ]
INFO: Run ShowRuntime Behavior [ RunTime:0.001775s ]
INFO: [ view_filter ] --END-- [ RunTime:0.006277s ]
INFO: [ view_end ] --START--
INFO: Run ShowPageTrace Behavior [ RunTime:0.001807s ]
INFO: [ view_end ] --END-- [ RunTime:0.001921s ]

[ 2013-05-29T22:58:59+08:00 ] 127.0.0.1 /index.php/Order/index2
INFO: [ route_check ] --START--
INFO: Run CheckRoute Behavior [ RunTime:0.001522s ]
INFO: [ route_check ] --END-- [ RunTime:0.001618s ]
INFO: [ app_begin ] --START--
INFO: Run ReadHtmlCache Behavior [ RunTime:0.001292s ]
INFO: [ app_begin ] --END-- [ RunTime:0.001366s ]
NOTIC: [8] Undefined index:  C_SencodName E:\www\szjiusc\Lib\Action\OrderAction.class.php 第 126 行.
NOTIC: [8] Undefined variable: orderstr E:\www\szjiusc\Lib\Action\OrderAction.class.php 第 149 行.
INFO: [ view_template ] --START--
INFO: Run LocationTemplate Behavior [ RunTime:0.002433s ]
INFO: [ view_template ] --END-- [ RunTime:0.002526s ]
INFO: [ view_parse ] --START--
INFO: Run ParseTemplate Behavior [ RunTime:0.017158s ]
INFO: [ view_parse ] --END-- [ RunTime:0.017310s ]
INFO: [ view_filter ] --START--
INFO: Run ContentReplace Behavior [ RunTime:0.001099s ]
INFO: Run TokenBuild Behavior [ RunTime:0.001017s ]
INFO: Run WriteHtmlCache Behavior [ RunTime:0.000916s ]
INFO: Run ShowRuntime Behavior [ RunTime:0.001129s ]
INFO: [ view_filter ] --END-- [ RunTime:0.004341s ]
INFO: [ view_end ] --START--
INFO: Run ShowPageTrace Behavior [ RunTime:0.001288s ]
INFO: [ view_end ] --END-- [ RunTime:0.001350s ]

