[ 2002-01-11T00:02:24+08:00 ] 127.0.0.1 /index.php/admin/Email/insert
INFO: [ route_check ] --START--
INFO: Run CheckRoute Behavior [ RunTime:0.002326s ]
INFO: [ route_check ] --END-- [ RunTime:0.002666s ]
INFO: [ app_begin ] --START--
INFO: Run ReadHtmlCache Behavior [ RunTime:0.001632s ]
INFO: [ app_begin ] --END-- [ RunTime:0.001880s ]
SQL: SHOW COLUMNS FROM `shop_mailtemp` [ RunTime:0.004176s ]
SQL: INSERT INTO `shop_mailtemp` (`Title`,`Type`,`Body`,`status`) VALUES ('系统发货','send','#username##url#系统发货系统发货系统发货系统发货',1) [ RunTime:0.003311s ]
SQL: SELECT * FROM `shop_mailtemp` WHERE ( `Id` = 14 ) LIMIT 1   [ RunTime:-0.007558s ]

[ 2002-01-11T00:02:36+08:00 ] 127.0.0.1 /index.php/admin/Email/template
INFO: [ route_check ] --START--
INFO: Run CheckRoute Behavior [ RunTime:0.001412s ]
INFO: [ route_check ] --END-- [ RunTime:0.001687s ]
INFO: [ app_begin ] --START--
INFO: Run ReadHtmlCache Behavior [ RunTime:0.001076s ]
INFO: [ app_begin ] --END-- [ RunTime:0.001355s ]
SQL: SHOW COLUMNS FROM `shop_mailtemp` [ RunTime:0.003620s ]
SQL: SELECT * FROM `shop_mailtemp`  [ RunTime:0.002326s ]
INFO: [ view_template ] --START--
INFO: Run LocationTemplate Behavior [ RunTime:0.001664s ]
INFO: [ view_template ] --END-- [ RunTime:0.001922s ]
INFO: [ view_parse ] --START--
INFO: Run ParseTemplate Behavior [ RunTime:0.025025s ]
INFO: [ view_parse ] --END-- [ RunTime:0.025331s ]
INFO: [ view_filter ] --START--
INFO: Run ContentReplace Behavior [ RunTime:0.001142s ]
INFO: Run TokenBuild Behavior [ RunTime:0.001129s ]
INFO: Run WriteHtmlCache Behavior [ RunTime:0.000822s ]
INFO: Run ShowRuntime Behavior [ RunTime:0.001312s ]
INFO: [ view_filter ] --END-- [ RunTime:0.005068s ]
INFO: [ view_end ] --START--
INFO: Run ShowPageTrace Behavior [ RunTime:0.001530s ]
INFO: [ view_end ] --END-- [ RunTime:0.001775s ]

[ 2002-01-11T00:04:36+08:00 ] ERR: [1] Class 'Page' not found E:\www\MyTmall\Lib\Action\Admin\EmailAction.class.php 第 14 行.
[ 2002-01-11T00:04:54+08:00 ] 127.0.0.1 /index.php/admin/Email/template
INFO: [ route_check ] --START--
INFO: Run CheckRoute Behavior [ RunTime:0.001421s ]
INFO: [ route_check ] --END-- [ RunTime:0.001694s ]
INFO: [ app_begin ] --START--
INFO: Run ReadHtmlCache Behavior [ RunTime:0.001089s ]
INFO: [ app_begin ] --END-- [ RunTime:0.001831s ]
SQL: SHOW COLUMNS FROM `shop_mailtemp` [ RunTime:0.003084s ]
SQL: SELECT COUNT(*) AS tp_count FROM `shop_mailtemp` LIMIT 1   [ RunTime:0.002610s ]
SQL: SELECT * FROM `shop_mailtemp` LIMIT 0,25   [ RunTime:-0.005126s ]
INFO: [ view_template ] --START--
INFO: Run LocationTemplate Behavior [ RunTime:0.000000s ]
INFO: [ view_template ] --END-- [ RunTime:0.000000s ]
INFO: [ view_parse ] --START--
INFO: Run ParseTemplate Behavior [ RunTime:0.027332s ]
INFO: [ view_parse ] --END-- [ RunTime:0.027524s ]
INFO: [ view_filter ] --START--
INFO: Run ContentReplace Behavior [ RunTime:0.001261s ]
INFO: Run TokenBuild Behavior [ RunTime:0.002294s ]
INFO: Run WriteHtmlCache Behavior [ RunTime:0.001022s ]
INFO: Run ShowRuntime Behavior [ RunTime:0.001477s ]
INFO: [ view_filter ] --END-- [ RunTime:0.006912s ]
INFO: [ view_end ] --START--
INFO: Run ShowPageTrace Behavior [ RunTime:0.001537s ]
INFO: [ view_end ] --END-- [ RunTime:0.001784s ]

[ 2002-01-11T00:05:29+08:00 ] 127.0.0.1 /index.php/admin/Email/template
INFO: [ route_check ] --START--
INFO: Run CheckRoute Behavior [ RunTime:0.001748s ]
INFO: [ route_check ] --END-- [ RunTime:0.002024s ]
INFO: [ app_begin ] --START--
INFO: Run ReadHtmlCache Behavior [ RunTime:0.001371s ]
INFO: [ app_begin ] --END-- [ RunTime:0.001660s ]
SQL: SHOW COLUMNS FROM `shop_mailtemp` [ RunTime:0.024273s ]
SQL: SELECT COUNT(*) AS tp_count FROM `shop_mailtemp` LIMIT 1   [ RunTime:0.014688s ]
SQL: SELECT * FROM `shop_mailtemp` LIMIT 0,25   [ RunTime:-0.009332s ]
INFO: [ view_template ] --START--
INFO: Run LocationTemplate Behavior [ RunTime:0.000000s ]
INFO: [ view_template ] --END-- [ RunTime:0.000000s ]
INFO: [ view_parse ] --START--
INFO: Run ParseTemplate Behavior [ RunTime:0.050862s ]
INFO: [ view_parse ] --END-- [ RunTime:0.051031s ]
INFO: [ view_filter ] --START--
INFO: Run ContentReplace Behavior [ RunTime:0.001129s ]
INFO: Run TokenBuild Behavior [ RunTime:0.001168s ]
INFO: Run WriteHtmlCache Behavior [ RunTime:0.000836s ]
INFO: Run ShowRuntime Behavior [ RunTime:0.001307s ]
INFO: [ view_filter ] --END-- [ RunTime:0.005094s ]
INFO: [ view_end ] --START--
INFO: Run ShowPageTrace Behavior [ RunTime:0.001598s ]
INFO: [ view_end ] --END-- [ RunTime:0.001843s ]

[ 2002-01-11T00:07:34+08:00 ] 127.0.0.1 /index.php/admin/Email/template
INFO: [ route_check ] --START--
INFO: Run CheckRoute Behavior [ RunTime:0.001720s ]
INFO: [ route_check ] --END-- [ RunTime:0.001994s ]
INFO: [ app_begin ] --START--
INFO: Run ReadHtmlCache Behavior [ RunTime:0.014588s ]
INFO: [ app_begin ] --END-- [ RunTime:0.014708s ]
SQL: SHOW COLUMNS FROM `shop_mailtemp` [ RunTime:0.000000s ]
SQL: SELECT COUNT(*) AS tp_count FROM `shop_mailtemp` LIMIT 1   [ RunTime:0.015625s ]
SQL: SELECT * FROM `shop_mailtemp` LIMIT 0,25   [ RunTime:0.000000s ]
INFO: [ view_template ] --START--
INFO: Run LocationTemplate Behavior [ RunTime:0.001773s ]
INFO: [ view_template ] --END-- [ RunTime:0.002041s ]
INFO: [ view_parse ] --START--
INFO: Run ParseTemplate Behavior [ RunTime:0.013268s ]
INFO: [ view_parse ] --END-- [ RunTime:0.013377s ]
INFO: [ view_filter ] --START--
INFO: Run ContentReplace Behavior [ RunTime:0.000000s ]
INFO: Run TokenBuild Behavior [ RunTime:0.015625s ]
INFO: Run WriteHtmlCache Behavior [ RunTime:0.000000s ]
INFO: Run ShowRuntime Behavior [ RunTime:0.000000s ]
INFO: [ view_filter ] --END-- [ RunTime:0.015625s ]
INFO: [ view_end ] --START--
INFO: Run ShowPageTrace Behavior [ RunTime:0.000000s ]
INFO: [ view_end ] --END-- [ RunTime:0.000000s ]

[ 2002-01-11T00:07:46+08:00 ] 127.0.0.1 /User
INFO: [ route_check ] --START--
INFO: Run CheckRoute Behavior [ RunTime:0.001863s ]
INFO: [ route_check ] --END-- [ RunTime:0.002139s ]
INFO: [ app_begin ] --START--
INFO: Run ReadHtmlCache Behavior [ RunTime:0.002434s ]
INFO: [ app_begin ] --END-- [ RunTime:0.002736s ]
SQL: SHOW COLUMNS FROM `shop_user` [ RunTime:0.000000s ]
NOTIC: [8] Undefined index:  uid E:\www\MyTmall\Lib\Action\Home\UserAction.class.php 第 13 行.
SQL: SELECT * FROM `shop_user` LIMIT 1   [ RunTime:0.000000s ]
INFO: [ view_template ] --START--
INFO: Run LocationTemplate Behavior [ RunTime:0.014370s ]
INFO: [ view_template ] --END-- [ RunTime:0.014538s ]
INFO: [ view_parse ] --START--
NOTIC: [8] Undefined variable: title E:\www\MyTmall\Runtime\Cache\Home\8e5107c94efbb688d9ddfdfd22b9e2fd.php 第 6 行.
NOTIC: [8] Undefined variable: description E:\www\MyTmall\Runtime\Cache\Home\8e5107c94efbb688d9ddfdfd22b9e2fd.php 第 7 行.
NOTIC: [8] Undefined variable: keywords E:\www\MyTmall\Runtime\Cache\Home\8e5107c94efbb688d9ddfdfd22b9e2fd.php 第 8 行.
SQL: SHOW COLUMNS FROM `shop_category` [ RunTime:-0.010973s ]
SQL: SELECT `Id`,`Name`,`Pid` FROM `shop_category`  [ RunTime:0.018475s ]
NOTIC: [8] Undefined variable: res E:\www\MyTmall\Lib\Widget\CategoryWidget.class.php 第 12 行.
NOTIC: [8] Undefined variable: Country E:\www\MyTmall\Runtime\Cache\Home\8e5107c94efbb688d9ddfdfd22b9e2fd.php 第 180 行.
NOTIC: [8] Undefined variable: State E:\www\MyTmall\Runtime\Cache\Home\8e5107c94efbb688d9ddfdfd22b9e2fd.php 第 183 行.
INFO: Run ParseTemplate Behavior [ RunTime:0.131671s ]
INFO: [ view_parse ] --END-- [ RunTime:0.131917s ]
INFO: [ view_filter ] --START--
INFO: Run ContentReplace Behavior [ RunTime:0.001228s ]
INFO: Run TokenBuild Behavior [ RunTime:0.002320s ]
INFO: Run WriteHtmlCache Behavior [ RunTime:0.001147s ]
INFO: Run ShowRuntime Behavior [ RunTime:0.001577s ]
INFO: [ view_filter ] --END-- [ RunTime:0.006969s ]
INFO: [ view_end ] --START--
INFO: Run ShowPageTrace Behavior [ RunTime:0.001487s ]
INFO: [ view_end ] --END-- [ RunTime:0.001723s ]

[ 2002-01-11T00:07:46+08:00 ] ERR: (ThinkException) 无法加载模块:Tpl
[ 2002-01-11T00:07:47+08:00 ] ERR: (ThinkException) 无法加载模块:Tpl
[ 2002-01-11T00:07:47+08:00 ] ERR: (ThinkException) 无法加载模块:Tpl
[ 2002-01-11T00:07:47+08:00 ] ERR: (ThinkException) 无法加载模块:Tpl
[ 2002-01-11T00:07:47+08:00 ] ERR: (ThinkException) 无法加载模块:Tpl
[ 2002-01-11T00:07:47+08:00 ] ERR: (ThinkException) 无法加载模块:Tpl
[ 2002-01-11T00:07:47+08:00 ] ERR: (ThinkException) 非法操作:Js
[ 2002-01-11T00:07:47+08:00 ] 127.0.0.1 /Public/Js/images/ui-bg_flat_75_ffffff_40x100.png
INFO: [ route_check ] --START--
INFO: Run CheckRoute Behavior [ RunTime:0.003770s ]
INFO: [ route_check ] --END-- [ RunTime:0.004056s ]
INFO: [ app_begin ] --START--
INFO: Run ReadHtmlCache Behavior [ RunTime:0.002348s ]
INFO: [ app_begin ] --END-- [ RunTime:0.002626s ]
NOTIC: [8] Undefined index:  class D:\ThinkPHP\Lib\Core\ThinkException.class.php 第 63 行.
NOTIC: [8] Undefined index:  type D:\ThinkPHP\Lib\Core\ThinkException.class.php 第 63 行.
NOTIC: [8] Undefined index:  file D:\ThinkPHP\Lib\Core\ThinkException.class.php 第 62 行.
NOTIC: [8] Undefined index:  line D:\ThinkPHP\Lib\Core\ThinkException.class.php 第 62 行.
NOTIC: [4096] Object of class PublicAction could not be converted to string D:\ThinkPHP\Lib\Core\ThinkException.class.php 第 64 行.
NOTIC: [8] Array to string conversion D:\ThinkPHP\Lib\Core\ThinkException.class.php 第 64 行.
NOTIC: [8] Undefined index:  class D:\ThinkPHP\Lib\Core\ThinkException.class.php 第 63 行.
NOTIC: [8] Undefined index:  type D:\ThinkPHP\Lib\Core\ThinkException.class.php 第 63 行.
NOTIC: [8] Undefined index:  class D:\ThinkPHP\Lib\Core\ThinkException.class.php 第 63 行.
NOTIC: [8] Undefined index:  type D:\ThinkPHP\Lib\Core\ThinkException.class.php 第 63 行.

[ 2002-01-11T00:08:12+08:00 ] ERR: [1] Class 'CommontAction' not found E:\www\MyTmall\Lib\Action\Home\UserAction.class.php 第 10 行.
[ 2002-01-11T00:08:24+08:00 ] 127.0.0.1 /User
INFO: [ route_check ] --START--
INFO: Run CheckRoute Behavior [ RunTime:0.001554s ]
INFO: [ route_check ] --END-- [ RunTime:0.001830s ]
INFO: [ app_begin ] --START--
INFO: Run ReadHtmlCache Behavior [ RunTime:0.001225s ]
INFO: [ app_begin ] --END-- [ RunTime:0.001517s ]

[ 2002-01-11T00:08:24+08:00 ] 127.0.0.1 /index.php/Public/login
INFO: [ route_check ] --START--
INFO: Run CheckRoute Behavior [ RunTime:0.001403s ]
INFO: [ route_check ] --END-- [ RunTime:0.001674s ]
INFO: [ app_begin ] --START--
INFO: Run ReadHtmlCache Behavior [ RunTime:0.001062s ]
INFO: [ app_begin ] --END-- [ RunTime:0.001346s ]
INFO: [ view_template ] --START--
INFO: Run LocationTemplate Behavior [ RunTime:0.001685s ]
INFO: [ view_template ] --END-- [ RunTime:0.001959s ]
INFO: [ view_parse ] --START--
NOTIC: [8] Undefined variable: title E:\www\MyTmall\Runtime\Cache\Home\841f61d45d73132d11d6c3ecfd84a870.php 第 6 行.
NOTIC: [8] Undefined variable: description E:\www\MyTmall\Runtime\Cache\Home\841f61d45d73132d11d6c3ecfd84a870.php 第 7 行.
NOTIC: [8] Undefined variable: keywords E:\www\MyTmall\Runtime\Cache\Home\841f61d45d73132d11d6c3ecfd84a870.php 第 8 行.
SQL: SHOW COLUMNS FROM `shop_category` [ RunTime:-0.000599s ]
SQL: SELECT `Id`,`Name`,`Pid` FROM `shop_category`  [ RunTime:0.000000s ]
NOTIC: [8] Undefined variable: res E:\www\MyTmall\Lib\Widget\CategoryWidget.class.php 第 12 行.
INFO: Run ParseTemplate Behavior [ RunTime:0.082636s ]
INFO: [ view_parse ] --END-- [ RunTime:0.082915s ]
INFO: [ view_filter ] --START--
INFO: Run ContentReplace Behavior [ RunTime:0.001899s ]
INFO: Run TokenBuild Behavior [ RunTime:0.001401s ]
INFO: Run WriteHtmlCache Behavior [ RunTime:0.000847s ]
INFO: Run ShowRuntime Behavior [ RunTime:0.001489s ]
INFO: [ view_filter ] --END-- [ RunTime:0.020726s ]
INFO: [ view_end ] --START--
INFO: Run ShowPageTrace Behavior [ RunTime:0.001507s ]
INFO: [ view_end ] --END-- [ RunTime:0.001760s ]

[ 2002-01-11T00:08:25+08:00 ] ERR: (ThinkException) 无法加载模块:Tpl
[ 2002-01-11T00:08:25+08:00 ] ERR: (ThinkException) 无法加载模块:Tpl
[ 2002-01-11T00:08:25+08:00 ] ERR: (ThinkException) 无法加载模块:Tpl
[ 2002-01-11T00:08:25+08:00 ] ERR: (ThinkException) 无法加载模块:Tpl
[ 2002-01-11T00:08:25+08:00 ] ERR: (ThinkException) 非法操作:Js
[ 2002-01-11T00:08:25+08:00 ] 127.0.0.1 /Public/Js/images/ui-bg_flat_75_ffffff_40x100.png
INFO: [ route_check ] --START--
INFO: Run CheckRoute Behavior [ RunTime:0.002197s ]
INFO: [ route_check ] --END-- [ RunTime:0.002473s ]
INFO: [ app_begin ] --START--
INFO: Run ReadHtmlCache Behavior [ RunTime:0.000000s ]
INFO: [ app_begin ] --END-- [ RunTime:0.000000s ]
NOTIC: [8] Undefined index:  class D:\ThinkPHP\Lib\Core\ThinkException.class.php 第 63 行.
NOTIC: [8] Undefined index:  type D:\ThinkPHP\Lib\Core\ThinkException.class.php 第 63 行.
NOTIC: [8] Undefined index:  file D:\ThinkPHP\Lib\Core\ThinkException.class.php 第 62 行.
NOTIC: [8] Undefined index:  line D:\ThinkPHP\Lib\Core\ThinkException.class.php 第 62 行.
NOTIC: [4096] Object of class PublicAction could not be converted to string D:\ThinkPHP\Lib\Core\ThinkException.class.php 第 64 行.
NOTIC: [8] Array to string conversion D:\ThinkPHP\Lib\Core\ThinkException.class.php 第 64 行.
NOTIC: [8] Undefined index:  class D:\ThinkPHP\Lib\Core\ThinkException.class.php 第 63 行.
NOTIC: [8] Undefined index:  type D:\ThinkPHP\Lib\Core\ThinkException.class.php 第 63 行.
NOTIC: [8] Undefined index:  class D:\ThinkPHP\Lib\Core\ThinkException.class.php 第 63 行.
NOTIC: [8] Undefined index:  type D:\ThinkPHP\Lib\Core\ThinkException.class.php 第 63 行.

[ 2002-01-11T00:08:33+08:00 ] 127.0.0.1 /index.php/Order
INFO: [ route_check ] --START--
INFO: Run CheckRoute Behavior [ RunTime:0.001662s ]
INFO: [ route_check ] --END-- [ RunTime:0.001951s ]
INFO: [ app_begin ] --START--
INFO: Run ReadHtmlCache Behavior [ RunTime:0.001224s ]
INFO: [ app_begin ] --END-- [ RunTime:0.001537s ]

[ 2002-01-11T00:08:39+08:00 ] 127.0.0.1 /index.php/Public/login
INFO: [ route_check ] --START--
INFO: Run CheckRoute Behavior [ RunTime:0.000000s ]
INFO: [ route_check ] --END-- [ RunTime:0.000000s ]
INFO: [ app_begin ] --START--
INFO: Run ReadHtmlCache Behavior [ RunTime:0.002535s ]
INFO: [ app_begin ] --END-- [ RunTime:0.002853s ]
INFO: [ view_template ] --START--
INFO: Run LocationTemplate Behavior [ RunTime:0.000000s ]
INFO: [ view_template ] --END-- [ RunTime:0.000000s ]
INFO: [ view_parse ] --START--
NOTIC: [8] Undefined variable: title E:\www\MyTmall\Runtime\Cache\Home\841f61d45d73132d11d6c3ecfd84a870.php 第 6 行.
NOTIC: [8] Undefined variable: description E:\www\MyTmall\Runtime\Cache\Home\841f61d45d73132d11d6c3ecfd84a870.php 第 7 行.
NOTIC: [8] Undefined variable: keywords E:\www\MyTmall\Runtime\Cache\Home\841f61d45d73132d11d6c3ecfd84a870.php 第 8 行.
SQL: SHOW COLUMNS FROM `shop_category` [ RunTime:-0.013414s ]
SQL: SELECT `Id`,`Name`,`Pid` FROM `shop_category`  [ RunTime:0.000000s ]
NOTIC: [8] Undefined variable: res E:\www\MyTmall\Lib\Widget\CategoryWidget.class.php 第 12 行.
INFO: Run ParseTemplate Behavior [ RunTime:0.078125s ]
INFO: [ view_parse ] --END-- [ RunTime:0.078125s ]
INFO: [ view_filter ] --START--
INFO: Run ContentReplace Behavior [ RunTime:0.014945s ]
INFO: Run TokenBuild Behavior [ RunTime:-0.015126s ]
INFO: Run WriteHtmlCache Behavior [ RunTime:0.000000s ]
INFO: Run ShowRuntime Behavior [ RunTime:0.015625s ]
INFO: [ view_filter ] --END-- [ RunTime:0.015625s ]
INFO: [ view_end ] --START--
INFO: Run ShowPageTrace Behavior [ RunTime:0.000000s ]
INFO: [ view_end ] --END-- [ RunTime:0.000000s ]

[ 2002-01-11T00:08:40+08:00 ] ERR: (ThinkException) 无法加载模块:Tpl
[ 2002-01-11T00:08:40+08:00 ] ERR: (ThinkException) 无法加载模块:Tpl
[ 2002-01-11T00:08:40+08:00 ] ERR: (ThinkException) 无法加载模块:Tpl
[ 2002-01-11T00:08:40+08:00 ] ERR: (ThinkException) 非法操作:Js
[ 2002-01-11T00:08:40+08:00 ] 127.0.0.1 /Public/Js/images/ui-bg_flat_75_ffffff_40x100.png
INFO: [ route_check ] --START--
INFO: Run CheckRoute Behavior [ RunTime:0.001500s ]
INFO: [ route_check ] --END-- [ RunTime:0.003220s ]
INFO: [ app_begin ] --START--
INFO: Run ReadHtmlCache Behavior [ RunTime:0.001785s ]
INFO: [ app_begin ] --END-- [ RunTime:0.002062s ]
NOTIC: [8] Undefined index:  class D:\ThinkPHP\Lib\Core\ThinkException.class.php 第 63 行.
NOTIC: [8] Undefined index:  type D:\ThinkPHP\Lib\Core\ThinkException.class.php 第 63 行.
NOTIC: [8] Undefined index:  file D:\ThinkPHP\Lib\Core\ThinkException.class.php 第 62 行.
NOTIC: [8] Undefined index:  line D:\ThinkPHP\Lib\Core\ThinkException.class.php 第 62 行.
NOTIC: [4096] Object of class PublicAction could not be converted to string D:\ThinkPHP\Lib\Core\ThinkException.class.php 第 64 行.
NOTIC: [8] Array to string conversion D:\ThinkPHP\Lib\Core\ThinkException.class.php 第 64 行.
NOTIC: [8] Undefined index:  class D:\ThinkPHP\Lib\Core\ThinkException.class.php 第 63 行.
NOTIC: [8] Undefined index:  type D:\ThinkPHP\Lib\Core\ThinkException.class.php 第 63 行.
NOTIC: [8] Undefined index:  class D:\ThinkPHP\Lib\Core\ThinkException.class.php 第 63 行.
NOTIC: [8] Undefined index:  type D:\ThinkPHP\Lib\Core\ThinkException.class.php 第 63 行.

[ 2002-01-11T00:08:40+08:00 ] ERR: (ThinkException) 无法加载模块:Tpl
[ 2002-01-11T00:08:58+08:00 ] 127.0.0.1 /index.php/Order
INFO: [ route_check ] --START--
INFO: Run CheckRoute Behavior [ RunTime:-0.016302s ]
INFO: [ route_check ] --END-- [ RunTime:-0.016169s ]
INFO: [ app_begin ] --START--
INFO: Run ReadHtmlCache Behavior [ RunTime:0.000000s ]
INFO: [ app_begin ] --END-- [ RunTime:0.000000s ]

[ 2002-01-11T00:09:03+08:00 ] 127.0.0.1 /index.php/Public/login
INFO: [ route_check ] --START--
INFO: Run CheckRoute Behavior [ RunTime:0.001566s ]
INFO: [ route_check ] --END-- [ RunTime:0.001845s ]
INFO: [ app_begin ] --START--
INFO: Run ReadHtmlCache Behavior [ RunTime:0.001137s ]
INFO: [ app_begin ] --END-- [ RunTime:0.001436s ]
INFO: [ view_template ] --START--
INFO: Run LocationTemplate Behavior [ RunTime:0.001672s ]
INFO: [ view_template ] --END-- [ RunTime:0.001941s ]
INFO: [ view_parse ] --START--
NOTIC: [8] Undefined variable: title E:\www\MyTmall\Runtime\Cache\Home\841f61d45d73132d11d6c3ecfd84a870.php 第 6 行.
NOTIC: [8] Undefined variable: description E:\www\MyTmall\Runtime\Cache\Home\841f61d45d73132d11d6c3ecfd84a870.php 第 7 行.
NOTIC: [8] Undefined variable: keywords E:\www\MyTmall\Runtime\Cache\Home\841f61d45d73132d11d6c3ecfd84a870.php 第 8 行.
SQL: SHOW COLUMNS FROM `shop_category` [ RunTime:0.015380s ]
SQL: SELECT `Id`,`Name`,`Pid` FROM `shop_category`  [ RunTime:0.002934s ]
NOTIC: [8] Undefined variable: res E:\www\MyTmall\Lib\Widget\CategoryWidget.class.php 第 12 行.
INFO: Run ParseTemplate Behavior [ RunTime:0.117565s ]
INFO: [ view_parse ] --END-- [ RunTime:0.117822s ]
INFO: [ view_filter ] --START--
INFO: Run ContentReplace Behavior [ RunTime:0.000000s ]
INFO: Run TokenBuild Behavior [ RunTime:0.000000s ]
INFO: Run WriteHtmlCache Behavior [ RunTime:0.000000s ]
INFO: Run ShowRuntime Behavior [ RunTime:0.000000s ]
INFO: [ view_filter ] --END-- [ RunTime:0.000000s ]
INFO: [ view_end ] --START--
INFO: Run ShowPageTrace Behavior [ RunTime:0.000928s ]
INFO: [ view_end ] --END-- [ RunTime:0.001067s ]

[ 2002-01-11T00:09:04+08:00 ] ERR: (ThinkException) 无法加载模块:Tpl
[ 2002-01-11T00:09:04+08:00 ] ERR: (ThinkException) 无法加载模块:Tpl
[ 2002-01-11T00:09:04+08:00 ] ERR: (ThinkException) 无法加载模块:Tpl
[ 2002-01-11T00:09:04+08:00 ] ERR: (ThinkException) 无法加载模块:Tpl
[ 2002-01-11T00:09:04+08:00 ] ERR: (ThinkException) 非法操作:Js
[ 2002-01-11T00:09:04+08:00 ] 127.0.0.1 /Public/Js/images/ui-bg_flat_75_ffffff_40x100.png
INFO: [ route_check ] --START--
INFO: Run CheckRoute Behavior [ RunTime:0.001488s ]
INFO: [ route_check ] --END-- [ RunTime:0.001824s ]
INFO: [ app_begin ] --START--
INFO: Run ReadHtmlCache Behavior [ RunTime:0.000000s ]
INFO: [ app_begin ] --END-- [ RunTime:0.000000s ]
NOTIC: [8] Undefined index:  class D:\ThinkPHP\Lib\Core\ThinkException.class.php 第 63 行.
NOTIC: [8] Undefined index:  type D:\ThinkPHP\Lib\Core\ThinkException.class.php 第 63 行.
NOTIC: [8] Undefined index:  file D:\ThinkPHP\Lib\Core\ThinkException.class.php 第 62 行.
NOTIC: [8] Undefined index:  line D:\ThinkPHP\Lib\Core\ThinkException.class.php 第 62 行.
NOTIC: [4096] Object of class PublicAction could not be converted to string D:\ThinkPHP\Lib\Core\ThinkException.class.php 第 64 行.
NOTIC: [8] Array to string conversion D:\ThinkPHP\Lib\Core\ThinkException.class.php 第 64 行.
NOTIC: [8] Undefined index:  class D:\ThinkPHP\Lib\Core\ThinkException.class.php 第 63 行.
NOTIC: [8] Undefined index:  type D:\ThinkPHP\Lib\Core\ThinkException.class.php 第 63 行.
NOTIC: [8] Undefined index:  class D:\ThinkPHP\Lib\Core\ThinkException.class.php 第 63 行.
NOTIC: [8] Undefined index:  type D:\ThinkPHP\Lib\Core\ThinkException.class.php 第 63 行.

[ 2002-01-11T00:09:52+08:00 ] 127.0.0.1 /index.php/Order
INFO: [ route_check ] --START--
INFO: Run CheckRoute Behavior [ RunTime:0.001757s ]
INFO: [ route_check ] --END-- [ RunTime:0.002032s ]
INFO: [ app_begin ] --START--
INFO: Run ReadHtmlCache Behavior [ RunTime:0.002169s ]
INFO: [ app_begin ] --END-- [ RunTime:0.002494s ]

[ 2002-01-11T00:09:52+08:00 ] 127.0.0.1 /index.php/Public/login
INFO: [ route_check ] --START--
INFO: Run CheckRoute Behavior [ RunTime:0.000000s ]
INFO: [ route_check ] --END-- [ RunTime:0.000000s ]
INFO: [ app_begin ] --START--
INFO: Run ReadHtmlCache Behavior [ RunTime:0.000000s ]
INFO: [ app_begin ] --END-- [ RunTime:0.000000s ]
INFO: [ view_template ] --START--
INFO: Run LocationTemplate Behavior [ RunTime:0.000963s ]
INFO: [ view_template ] --END-- [ RunTime:0.001230s ]
INFO: [ view_parse ] --START--
NOTIC: [8] Undefined variable: title E:\www\MyTmall\Runtime\Cache\Home\841f61d45d73132d11d6c3ecfd84a870.php 第 6 行.
NOTIC: [8] Undefined variable: description E:\www\MyTmall\Runtime\Cache\Home\841f61d45d73132d11d6c3ecfd84a870.php 第 7 行.
NOTIC: [8] Undefined variable: keywords E:\www\MyTmall\Runtime\Cache\Home\841f61d45d73132d11d6c3ecfd84a870.php 第 8 行.
SQL: SHOW COLUMNS FROM `shop_category` [ RunTime:0.003549s ]
SQL: SELECT `Id`,`Name`,`Pid` FROM `shop_category`  [ RunTime:0.001689s ]
NOTIC: [8] Undefined variable: res E:\www\MyTmall\Lib\Widget\CategoryWidget.class.php 第 12 行.
INFO: Run ParseTemplate Behavior [ RunTime:0.070168s ]
INFO: [ view_parse ] --END-- [ RunTime:0.070435s ]
INFO: [ view_filter ] --START--
INFO: Run ContentReplace Behavior [ RunTime:-0.011308s ]
INFO: Run TokenBuild Behavior [ RunTime:0.000000s ]
INFO: Run WriteHtmlCache Behavior [ RunTime:0.000000s ]
INFO: Run ShowRuntime Behavior [ RunTime:0.000000s ]
INFO: [ view_filter ] --END-- [ RunTime:-0.011210s ]
INFO: [ view_end ] --START--
INFO: Run ShowPageTrace Behavior [ RunTime:0.000000s ]
INFO: [ view_end ] --END-- [ RunTime:0.000000s ]

[ 2002-01-11T00:09:53+08:00 ] ERR: (ThinkException) 无法加载模块:Tpl
[ 2002-01-11T00:09:53+08:00 ] ERR: (ThinkException) 无法加载模块:Tpl
[ 2002-01-11T00:09:53+08:00 ] ERR: (ThinkException) 无法加载模块:Tpl
[ 2002-01-11T00:09:53+08:00 ] ERR: (ThinkException) 无法加载模块:Tpl
[ 2002-01-11T00:09:53+08:00 ] ERR: (ThinkException) 非法操作:Js
[ 2002-01-11T00:09:53+08:00 ] 127.0.0.1 /Public/Js/images/ui-bg_flat_75_ffffff_40x100.png
INFO: [ route_check ] --START--
INFO: Run CheckRoute Behavior [ RunTime:0.001602s ]
INFO: [ route_check ] --END-- [ RunTime:0.001893s ]
INFO: [ app_begin ] --START--
INFO: Run ReadHtmlCache Behavior [ RunTime:0.001457s ]
INFO: [ app_begin ] --END-- [ RunTime:0.001728s ]
NOTIC: [8] Undefined index:  class D:\ThinkPHP\Lib\Core\ThinkException.class.php 第 63 行.
NOTIC: [8] Undefined index:  type D:\ThinkPHP\Lib\Core\ThinkException.class.php 第 63 行.
NOTIC: [8] Undefined index:  file D:\ThinkPHP\Lib\Core\ThinkException.class.php 第 62 行.
NOTIC: [8] Undefined index:  line D:\ThinkPHP\Lib\Core\ThinkException.class.php 第 62 行.
NOTIC: [4096] Object of class PublicAction could not be converted to string D:\ThinkPHP\Lib\Core\ThinkException.class.php 第 64 行.
NOTIC: [8] Array to string conversion D:\ThinkPHP\Lib\Core\ThinkException.class.php 第 64 行.
NOTIC: [8] Undefined index:  class D:\ThinkPHP\Lib\Core\ThinkException.class.php 第 63 行.
NOTIC: [8] Undefined index:  type D:\ThinkPHP\Lib\Core\ThinkException.class.php 第 63 行.
NOTIC: [8] Undefined index:  class D:\ThinkPHP\Lib\Core\ThinkException.class.php 第 63 行.
NOTIC: [8] Undefined index:  type D:\ThinkPHP\Lib\Core\ThinkException.class.php 第 63 行.

[ 2002-01-11T00:10:12+08:00 ] 127.0.0.1 /index.php/Public/login
INFO: [ route_check ] --START--
INFO: Run CheckRoute Behavior [ RunTime:0.001634s ]
INFO: [ route_check ] --END-- [ RunTime:0.001920s ]
INFO: [ app_begin ] --START--
INFO: Run ReadHtmlCache Behavior [ RunTime:0.001179s ]
INFO: [ app_begin ] --END-- [ RunTime:0.001481s ]
INFO: [ view_template ] --START--
INFO: Run LocationTemplate Behavior [ RunTime:0.000754s ]
INFO: [ view_template ] --END-- [ RunTime:0.001021s ]
INFO: [ view_parse ] --START--
NOTIC: [8] Undefined variable: title E:\www\MyTmall\Runtime\Cache\Home\841f61d45d73132d11d6c3ecfd84a870.php 第 6 行.
NOTIC: [8] Undefined variable: description E:\www\MyTmall\Runtime\Cache\Home\841f61d45d73132d11d6c3ecfd84a870.php 第 7 行.
NOTIC: [8] Undefined variable: keywords E:\www\MyTmall\Runtime\Cache\Home\841f61d45d73132d11d6c3ecfd84a870.php 第 8 行.
SQL: SHOW COLUMNS FROM `shop_category` [ RunTime:0.082590s ]
SQL: SELECT `Id`,`Name`,`Pid` FROM `shop_category`  [ RunTime:0.002595s ]
NOTIC: [8] Undefined variable: res E:\www\MyTmall\Lib\Widget\CategoryWidget.class.php 第 12 行.
INFO: Run ParseTemplate Behavior [ RunTime:0.140121s ]
INFO: [ view_parse ] --END-- [ RunTime:0.140443s ]
INFO: [ view_filter ] --START--
INFO: Run ContentReplace Behavior [ RunTime:0.000932s ]
INFO: Run TokenBuild Behavior [ RunTime:0.000860s ]
INFO: Run WriteHtmlCache Behavior [ RunTime:0.000513s ]
INFO: Run ShowRuntime Behavior [ RunTime:0.001151s ]
INFO: [ view_filter ] --END-- [ RunTime:0.001761s ]
INFO: [ view_end ] --START--
INFO: Run ShowPageTrace Behavior [ RunTime:0.000000s ]
INFO: [ view_end ] --END-- [ RunTime:0.000000s ]

[ 2002-01-11T00:10:13+08:00 ] ERR: (ThinkException) 无法加载模块:Tpl
[ 2002-01-11T00:10:13+08:00 ] ERR: (ThinkException) 无法加载模块:Tpl
[ 2002-01-11T00:10:13+08:00 ] ERR: (ThinkException) 无法加载模块:Tpl
[ 2002-01-11T00:10:13+08:00 ] ERR: (ThinkException) 无法加载模块:Tpl
[ 2002-01-11T00:10:13+08:00 ] ERR: (ThinkException) 非法操作:Js
[ 2002-01-11T00:10:13+08:00 ] 127.0.0.1 /Public/Js/images/ui-bg_flat_75_ffffff_40x100.png
INFO: [ route_check ] --START--
INFO: Run CheckRoute Behavior [ RunTime:0.001469s ]
INFO: [ route_check ] --END-- [ RunTime:0.001753s ]
INFO: [ app_begin ] --START--
INFO: Run ReadHtmlCache Behavior [ RunTime:0.001120s ]
INFO: [ app_begin ] --END-- [ RunTime:0.001385s ]
NOTIC: [8] Undefined index:  class D:\ThinkPHP\Lib\Core\ThinkException.class.php 第 63 行.
NOTIC: [8] Undefined index:  type D:\ThinkPHP\Lib\Core\ThinkException.class.php 第 63 行.
NOTIC: [8] Undefined index:  file D:\ThinkPHP\Lib\Core\ThinkException.class.php 第 62 行.
NOTIC: [8] Undefined index:  line D:\ThinkPHP\Lib\Core\ThinkException.class.php 第 62 行.
NOTIC: [4096] Object of class PublicAction could not be converted to string D:\ThinkPHP\Lib\Core\ThinkException.class.php 第 64 行.
NOTIC: [8] Array to string conversion D:\ThinkPHP\Lib\Core\ThinkException.class.php 第 64 行.
NOTIC: [8] Undefined index:  class D:\ThinkPHP\Lib\Core\ThinkException.class.php 第 63 行.
NOTIC: [8] Undefined index:  type D:\ThinkPHP\Lib\Core\ThinkException.class.php 第 63 行.
NOTIC: [8] Undefined index:  class D:\ThinkPHP\Lib\Core\ThinkException.class.php 第 63 行.
NOTIC: [8] Undefined index:  type D:\ThinkPHP\Lib\Core\ThinkException.class.php 第 63 行.

[ 2002-01-11T00:10:18+08:00 ] 127.0.0.1 /Public/login
INFO: [ route_check ] --START--
INFO: Run CheckRoute Behavior [ RunTime:0.001506s ]
INFO: [ route_check ] --END-- [ RunTime:0.002415s ]
INFO: [ app_begin ] --START--
INFO: Run ReadHtmlCache Behavior [ RunTime:0.001085s ]
INFO: [ app_begin ] --END-- [ RunTime:0.001369s ]
INFO: [ view_template ] --START--
INFO: Run LocationTemplate Behavior [ RunTime:0.000773s ]
INFO: [ view_template ] --END-- [ RunTime:0.001121s ]
INFO: [ view_parse ] --START--
NOTIC: [8] Undefined variable: title E:\www\MyTmall\Runtime\Cache\Home\841f61d45d73132d11d6c3ecfd84a870.php 第 6 行.
NOTIC: [8] Undefined variable: description E:\www\MyTmall\Runtime\Cache\Home\841f61d45d73132d11d6c3ecfd84a870.php 第 7 行.
NOTIC: [8] Undefined variable: keywords E:\www\MyTmall\Runtime\Cache\Home\841f61d45d73132d11d6c3ecfd84a870.php 第 8 行.
SQL: SHOW COLUMNS FROM `shop_category` [ RunTime:-0.004039s ]
SQL: SELECT `Id`,`Name`,`Pid` FROM `shop_category`  [ RunTime:0.014651s ]
NOTIC: [8] Undefined variable: res E:\www\MyTmall\Lib\Widget\CategoryWidget.class.php 第 12 行.
INFO: Run ParseTemplate Behavior [ RunTime:0.055786s ]
INFO: [ view_parse ] --END-- [ RunTime:0.056079s ]
INFO: [ view_filter ] --START--
INFO: Run ContentReplace Behavior [ RunTime:0.001000s ]
INFO: Run TokenBuild Behavior [ RunTime:0.000851s ]
INFO: Run WriteHtmlCache Behavior [ RunTime:0.000512s ]
INFO: Run ShowRuntime Behavior [ RunTime:0.001160s ]
INFO: [ view_filter ] --END-- [ RunTime:0.004281s ]
INFO: [ view_end ] --START--
INFO: Run ShowPageTrace Behavior [ RunTime:0.001175s ]
INFO: [ view_end ] --END-- [ RunTime:0.001440s ]

[ 2002-01-11T00:10:19+08:00 ] ERR: (ThinkException) 无法加载模块:Tpl
[ 2002-01-11T00:10:19+08:00 ] ERR: (ThinkException) 无法加载模块:Tpl
[ 2002-01-11T00:10:20+08:00 ] ERR: (ThinkException) 无法加载模块:Tpl
[ 2002-01-11T00:10:20+08:00 ] ERR: (ThinkException) 非法操作:Js
[ 2002-01-11T00:10:20+08:00 ] 127.0.0.1 /Public/Js/images/ui-bg_flat_75_ffffff_40x100.png
INFO: [ route_check ] --START--
INFO: Run CheckRoute Behavior [ RunTime:0.002289s ]
INFO: [ route_check ] --END-- [ RunTime:0.002591s ]
INFO: [ app_begin ] --START--
INFO: Run ReadHtmlCache Behavior [ RunTime:0.005998s ]
INFO: [ app_begin ] --END-- [ RunTime:0.006335s ]
NOTIC: [8] Undefined index:  class D:\ThinkPHP\Lib\Core\ThinkException.class.php 第 63 行.
NOTIC: [8] Undefined index:  type D:\ThinkPHP\Lib\Core\ThinkException.class.php 第 63 行.
NOTIC: [8] Undefined index:  file D:\ThinkPHP\Lib\Core\ThinkException.class.php 第 62 行.
NOTIC: [8] Undefined index:  line D:\ThinkPHP\Lib\Core\ThinkException.class.php 第 62 行.
NOTIC: [4096] Object of class PublicAction could not be converted to string D:\ThinkPHP\Lib\Core\ThinkException.class.php 第 64 行.
NOTIC: [8] Array to string conversion D:\ThinkPHP\Lib\Core\ThinkException.class.php 第 64 行.
NOTIC: [8] Undefined index:  class D:\ThinkPHP\Lib\Core\ThinkException.class.php 第 63 行.
NOTIC: [8] Undefined index:  type D:\ThinkPHP\Lib\Core\ThinkException.class.php 第 63 行.
NOTIC: [8] Undefined index:  class D:\ThinkPHP\Lib\Core\ThinkException.class.php 第 63 行.
NOTIC: [8] Undefined index:  type D:\ThinkPHP\Lib\Core\ThinkException.class.php 第 63 行.

[ 2002-01-11T00:10:20+08:00 ] ERR: (ThinkException) 无法加载模块:Tpl
[ 2002-01-11T00:10:24+08:00 ] 127.0.0.1 /Public/login
INFO: [ route_check ] --START--
INFO: Run CheckRoute Behavior [ RunTime:0.001408s ]
INFO: [ route_check ] --END-- [ RunTime:0.001679s ]
INFO: [ app_begin ] --START--
INFO: Run ReadHtmlCache Behavior [ RunTime:0.001061s ]
INFO: [ app_begin ] --END-- [ RunTime:0.001342s ]
INFO: [ view_template ] --START--
INFO: Run LocationTemplate Behavior [ RunTime:0.000000s ]
INFO: [ view_template ] --END-- [ RunTime:0.000000s ]
INFO: [ view_parse ] --START--
NOTIC: [8] Undefined variable: title E:\www\MyTmall\Runtime\Cache\Home\841f61d45d73132d11d6c3ecfd84a870.php 第 6 行.
NOTIC: [8] Undefined variable: description E:\www\MyTmall\Runtime\Cache\Home\841f61d45d73132d11d6c3ecfd84a870.php 第 7 行.
NOTIC: [8] Undefined variable: keywords E:\www\MyTmall\Runtime\Cache\Home\841f61d45d73132d11d6c3ecfd84a870.php 第 8 行.
SQL: SHOW COLUMNS FROM `shop_category` [ RunTime:0.000000s ]
SQL: SELECT `Id`,`Name`,`Pid` FROM `shop_category`  [ RunTime:0.000000s ]
NOTIC: [8] Undefined variable: res E:\www\MyTmall\Lib\Widget\CategoryWidget.class.php 第 12 行.
INFO: Run ParseTemplate Behavior [ RunTime:0.065614s ]
INFO: [ view_parse ] --END-- [ RunTime:0.065781s ]
INFO: [ view_filter ] --START--
INFO: Run ContentReplace Behavior [ RunTime:0.001233s ]
INFO: Run TokenBuild Behavior [ RunTime:0.001256s ]
INFO: Run WriteHtmlCache Behavior [ RunTime:0.000866s ]
INFO: Run ShowRuntime Behavior [ RunTime:0.001361s ]
INFO: [ view_filter ] --END-- [ RunTime:0.005492s ]
INFO: [ view_end ] --START--
INFO: Run ShowPageTrace Behavior [ RunTime:0.001550s ]
INFO: [ view_end ] --END-- [ RunTime:0.001810s ]

[ 2002-01-11T00:10:25+08:00 ] ERR: (ThinkException) 无法加载模块:Tpl
[ 2002-01-11T00:10:25+08:00 ] ERR: (ThinkException) 无法加载模块:Tpl
[ 2002-01-11T00:10:25+08:00 ] ERR: (ThinkException) 无法加载模块:Tpl
[ 2002-01-11T00:10:25+08:00 ] ERR: (ThinkException) 无法加载模块:Tpl
[ 2002-01-11T00:10:25+08:00 ] ERR: (ThinkException) 非法操作:Js
[ 2002-01-11T00:10:25+08:00 ] 127.0.0.1 /Public/Js/images/ui-bg_flat_75_ffffff_40x100.png
INFO: [ route_check ] --START--
INFO: Run CheckRoute Behavior [ RunTime:0.001895s ]
INFO: [ route_check ] --END-- [ RunTime:0.002247s ]
INFO: [ app_begin ] --START--
INFO: Run ReadHtmlCache Behavior [ RunTime:0.001194s ]
INFO: [ app_begin ] --END-- [ RunTime:0.001526s ]
NOTIC: [8] Undefined index:  class D:\ThinkPHP\Lib\Core\ThinkException.class.php 第 63 行.
NOTIC: [8] Undefined index:  type D:\ThinkPHP\Lib\Core\ThinkException.class.php 第 63 行.
NOTIC: [8] Undefined index:  file D:\ThinkPHP\Lib\Core\ThinkException.class.php 第 62 行.
NOTIC: [8] Undefined index:  line D:\ThinkPHP\Lib\Core\ThinkException.class.php 第 62 行.
NOTIC: [4096] Object of class PublicAction could not be converted to string D:\ThinkPHP\Lib\Core\ThinkException.class.php 第 64 行.
NOTIC: [8] Array to string conversion D:\ThinkPHP\Lib\Core\ThinkException.class.php 第 64 行.
NOTIC: [8] Undefined index:  class D:\ThinkPHP\Lib\Core\ThinkException.class.php 第 63 行.
NOTIC: [8] Undefined index:  type D:\ThinkPHP\Lib\Core\ThinkException.class.php 第 63 行.
NOTIC: [8] Undefined index:  class D:\ThinkPHP\Lib\Core\ThinkException.class.php 第 63 行.
NOTIC: [8] Undefined index:  type D:\ThinkPHP\Lib\Core\ThinkException.class.php 第 63 行.

[ 2002-01-11T00:10:29+08:00 ] 127.0.0.1 /index.php/Public/checkUser
INFO: [ route_check ] --START--
INFO: Run CheckRoute Behavior [ RunTime:0.001515s ]
INFO: [ route_check ] --END-- [ RunTime:0.001791s ]
INFO: [ app_begin ] --START--
INFO: Run ReadHtmlCache Behavior [ RunTime:0.001166s ]
INFO: [ app_begin ] --END-- [ RunTime:0.001458s ]
SQL: SHOW COLUMNS FROM `shop_user` [ RunTime:0.000000s ]
SQL: SELECT * FROM `shop_user` WHERE ( `email` = '359733778@qq.com' ) LIMIT 1   [ RunTime:0.000000s ]
INFO: [ view_template ] --START--
INFO: Run LocationTemplate Behavior [ RunTime:0.000000s ]
INFO: [ view_template ] --END-- [ RunTime:0.000000s ]
INFO: [ view_parse ] --START--
INFO: Run ParseTemplate Behavior [ RunTime:0.048768s ]
INFO: [ view_parse ] --END-- [ RunTime:0.048942s ]
INFO: [ view_filter ] --START--
INFO: Run ContentReplace Behavior [ RunTime:0.001312s ]
INFO: Run TokenBuild Behavior [ RunTime:0.000799s ]
INFO: Run WriteHtmlCache Behavior [ RunTime:0.000482s ]
INFO: Run ShowRuntime Behavior [ RunTime:0.015399s ]
INFO: [ view_filter ] --END-- [ RunTime:0.018647s ]
INFO: [ view_end ] --START--
INFO: Run ShowPageTrace Behavior [ RunTime:0.001145s ]
INFO: [ view_end ] --END-- [ RunTime:0.001377s ]

[ 2002-01-11T00:10:31+08:00 ] 127.0.0.1 /User
INFO: [ route_check ] --START--
INFO: Run CheckRoute Behavior [ RunTime:0.001401s ]
INFO: [ route_check ] --END-- [ RunTime:0.001670s ]
INFO: [ app_begin ] --START--
INFO: Run ReadHtmlCache Behavior [ RunTime:0.000000s ]
INFO: [ app_begin ] --END-- [ RunTime:-0.013353s ]
SQL: SHOW COLUMNS FROM `shop_user` [ RunTime:0.000000s ]
SQL: SELECT * FROM `shop_user` WHERE ( `id` = 123 ) LIMIT 1   [ RunTime:0.016887s ]
INFO: [ view_template ] --START--
INFO: Run LocationTemplate Behavior [ RunTime:0.015825s ]
INFO: [ view_template ] --END-- [ RunTime:0.016111s ]
INFO: [ view_parse ] --START--
NOTIC: [8] Undefined variable: title E:\www\MyTmall\Runtime\Cache\Home\8e5107c94efbb688d9ddfdfd22b9e2fd.php 第 6 行.
NOTIC: [8] Undefined variable: description E:\www\MyTmall\Runtime\Cache\Home\8e5107c94efbb688d9ddfdfd22b9e2fd.php 第 7 行.
NOTIC: [8] Undefined variable: keywords E:\www\MyTmall\Runtime\Cache\Home\8e5107c94efbb688d9ddfdfd22b9e2fd.php 第 8 行.
SQL: SHOW COLUMNS FROM `shop_category` [ RunTime:0.017205s ]
SQL: SELECT `Id`,`Name`,`Pid` FROM `shop_category`  [ RunTime:-0.003235s ]
NOTIC: [8] Undefined variable: res E:\www\MyTmall\Lib\Widget\CategoryWidget.class.php 第 12 行.
NOTIC: [8] Undefined variable: Country E:\www\MyTmall\Runtime\Cache\Home\8e5107c94efbb688d9ddfdfd22b9e2fd.php 第 180 行.
NOTIC: [8] Undefined variable: State E:\www\MyTmall\Runtime\Cache\Home\8e5107c94efbb688d9ddfdfd22b9e2fd.php 第 183 行.
INFO: Run ParseTemplate Behavior [ RunTime:0.028704s ]
INFO: [ view_parse ] --END-- [ RunTime:0.028812s ]
INFO: [ view_filter ] --START--
INFO: Run ContentReplace Behavior [ RunTime:0.000000s ]
INFO: Run TokenBuild Behavior [ RunTime:0.001432s ]
INFO: Run WriteHtmlCache Behavior [ RunTime:0.000568s ]
INFO: Run ShowRuntime Behavior [ RunTime:0.001021s ]
INFO: [ view_filter ] --END-- [ RunTime:0.003446s ]
INFO: [ view_end ] --START--
INFO: Run ShowPageTrace Behavior [ RunTime:0.001128s ]
INFO: [ view_end ] --END-- [ RunTime:0.001358s ]

[ 2002-01-11T00:10:31+08:00 ] ERR: (ThinkException) 无法加载模块:Tpl
[ 2002-01-11T00:10:32+08:00 ] ERR: (ThinkException) 无法加载模块:Tpl
[ 2002-01-11T00:10:32+08:00 ] ERR: (ThinkException) 无法加载模块:Tpl
[ 2002-01-11T00:10:32+08:00 ] ERR: (ThinkException) 无法加载模块:Tpl
[ 2002-01-11T00:10:32+08:00 ] ERR: (ThinkException) 无法加载模块:Tpl
[ 2002-01-11T00:10:32+08:00 ] ERR: (ThinkException) 无法加载模块:Tpl
[ 2002-01-11T00:10:33+08:00 ] ERR: (ThinkException) 无法加载模块:Tpl
[ 2002-01-11T00:10:33+08:00 ] ERR: (ThinkException) 非法操作:Js
[ 2002-01-11T00:10:33+08:00 ] 127.0.0.1 /Public/Js/images/ui-bg_flat_75_ffffff_40x100.png
INFO: [ route_check ] --START--
INFO: Run CheckRoute Behavior [ RunTime:0.002273s ]
INFO: [ route_check ] --END-- [ RunTime:0.002550s ]
INFO: [ app_begin ] --START--
INFO: Run ReadHtmlCache Behavior [ RunTime:0.001082s ]
INFO: [ app_begin ] --END-- [ RunTime:0.001336s ]
NOTIC: [8] Undefined index:  class D:\ThinkPHP\Lib\Core\ThinkException.class.php 第 63 行.
NOTIC: [8] Undefined index:  type D:\ThinkPHP\Lib\Core\ThinkException.class.php 第 63 行.
NOTIC: [8] Undefined index:  file D:\ThinkPHP\Lib\Core\ThinkException.class.php 第 62 行.
NOTIC: [8] Undefined index:  line D:\ThinkPHP\Lib\Core\ThinkException.class.php 第 62 行.
NOTIC: [4096] Object of class PublicAction could not be converted to string D:\ThinkPHP\Lib\Core\ThinkException.class.php 第 64 行.
NOTIC: [8] Array to string conversion D:\ThinkPHP\Lib\Core\ThinkException.class.php 第 64 行.
NOTIC: [8] Undefined index:  class D:\ThinkPHP\Lib\Core\ThinkException.class.php 第 63 行.
NOTIC: [8] Undefined index:  type D:\ThinkPHP\Lib\Core\ThinkException.class.php 第 63 行.
NOTIC: [8] Undefined index:  class D:\ThinkPHP\Lib\Core\ThinkException.class.php 第 63 行.
NOTIC: [8] Undefined index:  type D:\ThinkPHP\Lib\Core\ThinkException.class.php 第 63 行.

[ 2002-01-11T00:10:36+08:00 ] 127.0.0.1 /Cart
INFO: [ route_check ] --START--
INFO: Run CheckRoute Behavior [ RunTime:0.002256s ]
INFO: [ route_check ] --END-- [ RunTime:0.002529s ]
INFO: [ app_begin ] --START--
INFO: Run ReadHtmlCache Behavior [ RunTime:0.001123s ]
INFO: [ app_begin ] --END-- [ RunTime:0.001403s ]
NOTIC: [2048] Declaration of CartAction::show() should be compatible with that of Action::show() E:\www\MyTmall\Lib\Action\Home\CartAction.class.php 第 126 行.
NOTIC: [8] Undefined index:  cart E:\www\MyTmall\Lib\MyClass\Cart.class.php 第 33 行.
NOTIC: [8] Undefined index:  cart E:\www\MyTmall\Lib\MyClass\Cart.class.php 第 35 行.
NOTIC: [8] Undefined index:  cart E:\www\MyTmall\Lib\MyClass\Cart.class.php 第 36 行.
NOTIC: [8] Undefined index:  cart E:\www\MyTmall\Lib\MyClass\Cart.class.php 第 37 行.
NOTIC: [8] Undefined index:  cart E:\www\MyTmall\Lib\MyClass\Cart.class.php 第 38 行.
NOTIC: [8] Undefined index:  cart E:\www\MyTmall\Lib\MyClass\Cart.class.php 第 39 行.
NOTIC: [8] Undefined index:  cart E:\www\MyTmall\Lib\MyClass\Cart.class.php 第 40 行.
NOTIC: [8] Undefined variable: Grand_Total E:\www\MyTmall\Lib\Action\Home\CartAction.class.php 第 11 行.
INFO: [ view_template ] --START--
INFO: Run LocationTemplate Behavior [ RunTime:0.001642s ]
INFO: [ view_template ] --END-- [ RunTime:0.001893s ]
INFO: [ view_parse ] --START--
NOTIC: [8] Undefined variable: title E:\www\MyTmall\Runtime\Cache\Home\00a2fd90ab032f6a07fa9bd6ddc57938.php 第 6 行.
NOTIC: [8] Undefined variable: description E:\www\MyTmall\Runtime\Cache\Home\00a2fd90ab032f6a07fa9bd6ddc57938.php 第 7 行.
NOTIC: [8] Undefined variable: keywords E:\www\MyTmall\Runtime\Cache\Home\00a2fd90ab032f6a07fa9bd6ddc57938.php 第 8 行.
SQL: SHOW COLUMNS FROM `shop_category` [ RunTime:0.000000s ]
SQL: SELECT `Id`,`Name`,`Pid` FROM `shop_category`  [ RunTime:0.015625s ]
NOTIC: [8] Undefined variable: res E:\www\MyTmall\Lib\Widget\CategoryWidget.class.php 第 12 行.
INFO: Run ParseTemplate Behavior [ RunTime:0.100037s ]
INFO: [ view_parse ] --END-- [ RunTime:0.100301s ]
INFO: [ view_filter ] --START--
INFO: Run ContentReplace Behavior [ RunTime:0.001010s ]
INFO: Run TokenBuild Behavior [ RunTime:0.000846s ]
INFO: Run WriteHtmlCache Behavior [ RunTime:0.000547s ]
INFO: Run ShowRuntime Behavior [ RunTime:0.001035s ]
INFO: [ view_filter ] --END-- [ RunTime:0.004156s ]
INFO: [ view_end ] --START--
INFO: Run ShowPageTrace Behavior [ RunTime:0.001142s ]
INFO: [ view_end ] --END-- [ RunTime:-0.023901s ]

[ 2002-01-11T00:10:38+08:00 ] ERR: (ThinkException) 无法加载模块:Tpl
[ 2002-01-11T00:10:38+08:00 ] ERR: (ThinkException) 无法加载模块:Tpl
[ 2002-01-11T00:10:38+08:00 ] ERR: (ThinkException) 无法加载模块:Tpl
[ 2002-01-11T00:10:39+08:00 ] ERR: (ThinkException) 无法加载模块:Tpl
[ 2002-01-11T00:10:39+08:00 ] ERR: (ThinkException) 无法加载模块:Tpl
[ 2002-01-11T00:10:39+08:00 ] ERR: (ThinkException) 无法加载模块:Tpl
[ 2002-01-11T00:10:39+08:00 ] ERR: (ThinkException) 无法加载模块:Tpl
[ 2002-01-11T00:10:39+08:00 ] ERR: (ThinkException) 无法加载模块:Tpl
[ 2002-01-11T00:10:39+08:00 ] ERR: (ThinkException) 无法加载模块:Tpl
[ 2002-01-11T00:10:39+08:00 ] ERR: (ThinkException) 非法操作:Js
[ 2002-01-11T00:10:39+08:00 ] 127.0.0.1 /Public/Js/images/ui-bg_flat_75_ffffff_40x100.png
INFO: [ route_check ] --START--
INFO: Run CheckRoute Behavior [ RunTime:0.001516s ]
INFO: [ route_check ] --END-- [ RunTime:0.001901s ]
INFO: [ app_begin ] --START--
INFO: Run ReadHtmlCache Behavior [ RunTime:0.001903s ]
INFO: [ app_begin ] --END-- [ RunTime:0.002359s ]
NOTIC: [8] Undefined index:  class D:\ThinkPHP\Lib\Core\ThinkException.class.php 第 63 行.
NOTIC: [8] Undefined index:  type D:\ThinkPHP\Lib\Core\ThinkException.class.php 第 63 行.
NOTIC: [8] Undefined index:  file D:\ThinkPHP\Lib\Core\ThinkException.class.php 第 62 行.
NOTIC: [8] Undefined index:  line D:\ThinkPHP\Lib\Core\ThinkException.class.php 第 62 行.
NOTIC: [4096] Object of class PublicAction could not be converted to string D:\ThinkPHP\Lib\Core\ThinkException.class.php 第 64 行.
NOTIC: [8] Array to string conversion D:\ThinkPHP\Lib\Core\ThinkException.class.php 第 64 行.
NOTIC: [8] Undefined index:  class D:\ThinkPHP\Lib\Core\ThinkException.class.php 第 63 行.
NOTIC: [8] Undefined index:  type D:\ThinkPHP\Lib\Core\ThinkException.class.php 第 63 行.
NOTIC: [8] Undefined index:  class D:\ThinkPHP\Lib\Core\ThinkException.class.php 第 63 行.
NOTIC: [8] Undefined index:  type D:\ThinkPHP\Lib\Core\ThinkException.class.php 第 63 行.

[ 2002-01-11T00:10:44+08:00 ] 127.0.0.1 /Order/step1
INFO: [ route_check ] --START--
INFO: Run CheckRoute Behavior [ RunTime:0.001759s ]
INFO: [ route_check ] --END-- [ RunTime:0.002043s ]
INFO: [ app_begin ] --START--
INFO: Run ReadHtmlCache Behavior [ RunTime:0.001555s ]
INFO: [ app_begin ] --END-- [ RunTime:0.001862s ]
NOTIC: [8] Undefined variable: cart E:\www\MyTmall\Lib\Action\Home\OrderAction.class.php 第 14 行.
NOTIC: [8] Trying to get property of non-object E:\www\MyTmall\Lib\Action\Home\OrderAction.class.php 第 14 行.

[ 2002-01-11T00:10:44+08:00 ] ERR: (ThinkException) 模板不存在[E:/www/MyTmall/Tpl/Home/h_lv3/Order/Index.html]
[ 2002-01-11T00:10:44+08:00 ] 127.0.0.1 /index.php/Order/Index
INFO: [ route_check ] --START--
INFO: Run CheckRoute Behavior [ RunTime:0.001392s ]
INFO: [ route_check ] --END-- [ RunTime:0.001663s ]
INFO: [ app_begin ] --START--
INFO: Run ReadHtmlCache Behavior [ RunTime:0.001057s ]
INFO: [ app_begin ] --END-- [ RunTime:0.001339s ]
INFO: [ view_template ] --START--
NOTIC: [8] Undefined index:  class D:\ThinkPHP\Lib\Core\ThinkException.class.php 第 63 行.
NOTIC: [8] Undefined index:  type D:\ThinkPHP\Lib\Core\ThinkException.class.php 第 63 行.
NOTIC: [8] Undefined index:  class D:\ThinkPHP\Lib\Core\ThinkException.class.php 第 63 行.
NOTIC: [8] Undefined index:  type D:\ThinkPHP\Lib\Core\ThinkException.class.php 第 63 行.
NOTIC: [8] Undefined index:  file D:\ThinkPHP\Lib\Core\ThinkException.class.php 第 62 行.
NOTIC: [8] Undefined index:  line D:\ThinkPHP\Lib\Core\ThinkException.class.php 第 62 行.
NOTIC: [4096] Object of class OrderAction could not be converted to string D:\ThinkPHP\Lib\Core\ThinkException.class.php 第 64 行.
NOTIC: [8] Undefined index:  class D:\ThinkPHP\Lib\Core\ThinkException.class.php 第 63 行.
NOTIC: [8] Undefined index:  type D:\ThinkPHP\Lib\Core\ThinkException.class.php 第 63 行.
NOTIC: [8] Undefined index:  class D:\ThinkPHP\Lib\Core\ThinkException.class.php 第 63 行.
NOTIC: [8] Undefined index:  type D:\ThinkPHP\Lib\Core\ThinkException.class.php 第 63 行.

