[ 2013-03-27T19:57:05+08:00 ] ERR: (ThinkException) Lost connection to MySQL server at 'reading initial communication packet', system error: 0
[ 2013-03-27T19:57:05+08:00 ] 127.0.0.1 /
INFO: [ app_begin ] --START--
INFO: Run ReadHtmlCache Behavior [ RunTime:0.087721s ]
INFO: [ app_begin ] --END-- [ RunTime:0.087946s ]
NOTIC: [2] mysql_connect() [<a href='function.mysql-connect'>function.mysql-connect</a>]: Lost connection to MySQL server at 'reading initial communication packet', system error: 0 D:\ThinkPHP\Lib\Driver\Db\DbMysql.class.php 第 55 行.
NOTIC: [8] Undefined index:  class D:\ThinkPHP\Lib\Core\ThinkException.class.php 第 63 行.
NOTIC: [8] Undefined index:  type D:\ThinkPHP\Lib\Core\ThinkException.class.php 第 63 行.
NOTIC: [8] Undefined index:  file D:\ThinkPHP\Lib\Core\ThinkException.class.php 第 62 行.
NOTIC: [8] Undefined index:  line D:\ThinkPHP\Lib\Core\ThinkException.class.php 第 62 行.
NOTIC: [4096] Object of class IndexAction could not be converted to string D:\ThinkPHP\Lib\Core\ThinkException.class.php 第 64 行.
NOTIC: [8] Undefined index:  class D:\ThinkPHP\Lib\Core\ThinkException.class.php 第 63 行.
NOTIC: [8] Undefined index:  type D:\ThinkPHP\Lib\Core\ThinkException.class.php 第 63 行.
NOTIC: [8] Undefined index:  class D:\ThinkPHP\Lib\Core\ThinkException.class.php 第 63 行.
NOTIC: [8] Undefined index:  type D:\ThinkPHP\Lib\Core\ThinkException.class.php 第 63 行.

[ 2013-03-27T19:57:05+08:00 ] ERR: (ThinkException) 无法加载模块:favicon
[ 2013-03-27T19:57:05+08:00 ] ERR: (ThinkException) 无法加载模块:favicon
[ 2013-03-27T19:57:05+08:00 ] ERR: (ThinkException) 无法加载模块:favicon
[ 2013-03-27T19:57:18+08:00 ] ERR: (ThinkException) Lost connection to MySQL server at 'reading initial communication packet', system error: 0
[ 2013-03-27T19:57:18+08:00 ] 127.0.0.1 /
INFO: [ app_begin ] --START--
INFO: Run ReadHtmlCache Behavior [ RunTime:0.000656s ]
INFO: [ app_begin ] --END-- [ RunTime:0.000795s ]
NOTIC: [2] mysql_connect() [<a href='function.mysql-connect'>function.mysql-connect</a>]: Lost connection to MySQL server at 'reading initial communication packet', system error: 0 D:\ThinkPHP\Lib\Driver\Db\DbMysql.class.php 第 55 行.
NOTIC: [8] Undefined index:  class D:\ThinkPHP\Lib\Core\ThinkException.class.php 第 63 行.
NOTIC: [8] Undefined index:  type D:\ThinkPHP\Lib\Core\ThinkException.class.php 第 63 行.
NOTIC: [8] Undefined index:  file D:\ThinkPHP\Lib\Core\ThinkException.class.php 第 62 行.
NOTIC: [8] Undefined index:  line D:\ThinkPHP\Lib\Core\ThinkException.class.php 第 62 行.
NOTIC: [4096] Object of class IndexAction could not be converted to string D:\ThinkPHP\Lib\Core\ThinkException.class.php 第 64 行.
NOTIC: [8] Undefined index:  class D:\ThinkPHP\Lib\Core\ThinkException.class.php 第 63 行.
NOTIC: [8] Undefined index:  type D:\ThinkPHP\Lib\Core\ThinkException.class.php 第 63 行.
NOTIC: [8] Undefined index:  class D:\ThinkPHP\Lib\Core\ThinkException.class.php 第 63 行.
NOTIC: [8] Undefined index:  type D:\ThinkPHP\Lib\Core\ThinkException.class.php 第 63 行.

