[ 2013-03-30T08:47:27+08:00 ] 127.0.0.1 /
INFO: [ app_begin ] --START--
INFO: Run ReadHtmlCache Behavior [ RunTime:0.001606s ]
INFO: [ app_begin ] --END-- [ RunTime:0.001730s ]
SQL: SHOW COLUMNS FROM `shop_product` [ RunTime:0.017069s ]
SQL: SELECT shop_Product.id as id,shop_Productimg.id as imgid,`DbNum`,`Name`,`Img`,`Price`,`ProductImgId`,`Status`,`MarketPrice` FROM `shop_product` LEFT JOIN shop_Productimg on shop_Product.id=ProductId WHERE ( Status=1 ) LIMIT 50   [ RunTime:0.071116s ]
INFO: [ view_template ] --START--
INFO: Run LocationTemplate Behavior [ RunTime:0.003490s ]
INFO: [ view_template ] --END-- [ RunTime:0.003605s ]
INFO: [ view_parse ] --START--
INFO: Run ParseTemplate Behavior [ RunTime:0.044937s ]
INFO: [ view_parse ] --END-- [ RunTime:0.045051s ]
INFO: [ view_filter ] --START--
INFO: Run ContentReplace Behavior [ RunTime:0.001550s ]
INFO: Run TokenBuild Behavior [ RunTime:0.001231s ]
INFO: Run WriteHtmlCache Behavior [ RunTime:0.000773s ]
INFO: Run ShowRuntime Behavior [ RunTime:0.001023s ]
INFO: [ view_filter ] --END-- [ RunTime:0.004761s ]
INFO: [ view_end ] --START--
INFO: Run ShowPageTrace Behavior [ RunTime:0.001168s ]
INFO: [ view_end ] --END-- [ RunTime:0.001223s ]

[ 2013-03-30T08:47:27+08:00 ] ERR: (ThinkException) 无法加载模块:favicon
[ 2013-03-30T08:47:27+08:00 ] ERR: (ThinkException) 无法加载模块:favicon
[ 2013-03-30T08:47:27+08:00 ] ERR: (ThinkException) 无法加载模块:favicon
[ 2013-03-30T08:47:33+08:00 ] 127.0.0.1 /admin/
INFO: [ route_check ] --START--
INFO: Run CheckRoute Behavior [ RunTime:0.001139s ]
INFO: [ route_check ] --END-- [ RunTime:0.001236s ]
INFO: [ app_begin ] --START--
INFO: Run ReadHtmlCache Behavior [ RunTime:0.000728s ]
INFO: [ app_begin ] --END-- [ RunTime:0.000807s ]
INFO: [ view_template ] --START--
INFO: Run LocationTemplate Behavior [ RunTime:0.001214s ]
INFO: [ view_template ] --END-- [ RunTime:0.001280s ]
INFO: [ view_parse ] --START--
INFO: Run ParseTemplate Behavior [ RunTime:0.070913s ]
INFO: [ view_parse ] --END-- [ RunTime:0.071018s ]
INFO: [ view_filter ] --START--
INFO: Run ContentReplace Behavior [ RunTime:0.000639s ]
INFO: Run TokenBuild Behavior [ RunTime:0.000677s ]
INFO: Run WriteHtmlCache Behavior [ RunTime:0.000470s ]
INFO: Run ShowRuntime Behavior [ RunTime:0.000805s ]
INFO: [ view_filter ] --END-- [ RunTime:0.002846s ]
INFO: [ view_end ] --START--
INFO: Run ShowPageTrace Behavior [ RunTime:0.001039s ]
INFO: [ view_end ] --END-- [ RunTime:0.001129s ]

[ 2013-03-30T08:47:34+08:00 ] 127.0.0.1 /index.php/admin/Public/top
INFO: [ route_check ] --START--
INFO: Run CheckRoute Behavior [ RunTime:0.000807s ]
INFO: [ route_check ] --END-- [ RunTime:0.000881s ]
INFO: [ app_begin ] --START--
INFO: Run ReadHtmlCache Behavior [ RunTime:0.000604s ]
INFO: [ app_begin ] --END-- [ RunTime:0.000663s ]
INFO: [ view_template ] --START--
INFO: Run LocationTemplate Behavior [ RunTime:0.001368s ]
INFO: [ view_template ] --END-- [ RunTime:0.001434s ]
INFO: [ view_parse ] --START--
INFO: Run ParseTemplate Behavior [ RunTime:0.007260s ]
INFO: [ view_parse ] --END-- [ RunTime:0.007322s ]
INFO: [ view_filter ] --START--
INFO: Run ContentReplace Behavior [ RunTime:0.000345s ]
INFO: Run TokenBuild Behavior [ RunTime:0.000369s ]
INFO: Run WriteHtmlCache Behavior [ RunTime:0.000259s ]
INFO: Run ShowRuntime Behavior [ RunTime:0.000438s ]
INFO: [ view_filter ] --END-- [ RunTime:0.001554s ]
INFO: [ view_end ] --START--
INFO: Run ShowPageTrace Behavior [ RunTime:0.000607s ]
INFO: [ view_end ] --END-- [ RunTime:0.000661s ]

[ 2013-03-30T08:47:34+08:00 ] 127.0.0.1 /index.php/admin/Public/main
INFO: [ route_check ] --START--
INFO: Run CheckRoute Behavior [ RunTime:0.001304s ]
INFO: [ route_check ] --END-- [ RunTime:0.001372s ]
INFO: [ app_begin ] --START--
INFO: Run ReadHtmlCache Behavior [ RunTime:0.001250s ]
INFO: [ app_begin ] --END-- [ RunTime:0.001311s ]
INFO: [ view_template ] --START--
INFO: Run LocationTemplate Behavior [ RunTime:0.001637s ]
INFO: [ view_template ] --END-- [ RunTime:0.001712s ]
INFO: [ view_parse ] --START--
INFO: Run ParseTemplate Behavior [ RunTime:0.069943s ]
INFO: [ view_parse ] --END-- [ RunTime:0.070016s ]
INFO: [ view_filter ] --START--
INFO: Run ContentReplace Behavior [ RunTime:0.000947s ]
INFO: Run TokenBuild Behavior [ RunTime:0.000830s ]
INFO: Run WriteHtmlCache Behavior [ RunTime:0.000755s ]
INFO: Run ShowRuntime Behavior [ RunTime:0.000977s ]
INFO: [ view_filter ] --END-- [ RunTime:0.003668s ]
INFO: [ view_end ] --START--
INFO: Run ShowPageTrace Behavior [ RunTime:0.001030s ]
INFO: [ view_end ] --END-- [ RunTime:0.001080s ]

[ 2013-03-30T08:47:34+08:00 ] 127.0.0.1 /index.php/admin/Public/left
INFO: [ route_check ] --START--
INFO: Run CheckRoute Behavior [ RunTime:0.001275s ]
INFO: [ route_check ] --END-- [ RunTime:0.001343s ]
INFO: [ app_begin ] --START--
INFO: Run ReadHtmlCache Behavior [ RunTime:0.001030s ]
INFO: [ app_begin ] --END-- [ RunTime:0.001096s ]
INFO: [ view_template ] --START--
INFO: Run LocationTemplate Behavior [ RunTime:0.000885s ]
INFO: [ view_template ] --END-- [ RunTime:0.000958s ]
INFO: [ view_parse ] --START--
INFO: Run ParseTemplate Behavior [ RunTime:0.061264s ]
INFO: [ view_parse ] --END-- [ RunTime:0.061346s ]
INFO: [ view_filter ] --START--
INFO: Run ContentReplace Behavior [ RunTime:0.000967s ]
INFO: Run TokenBuild Behavior [ RunTime:0.000963s ]
INFO: Run WriteHtmlCache Behavior [ RunTime:0.000857s ]
INFO: Run ShowRuntime Behavior [ RunTime:0.000938s ]
INFO: [ view_filter ] --END-- [ RunTime:0.003881s ]
INFO: [ view_end ] --START--
INFO: Run ShowPageTrace Behavior [ RunTime:0.001130s ]
INFO: [ view_end ] --END-- [ RunTime:0.001184s ]

[ 2013-03-30T08:47:41+08:00 ] 127.0.0.1 /index.php/admin/Product/index
INFO: [ route_check ] --START--
INFO: Run CheckRoute Behavior [ RunTime:0.000841s ]
INFO: [ route_check ] --END-- [ RunTime:0.000916s ]
INFO: [ app_begin ] --START--
INFO: Run ReadHtmlCache Behavior [ RunTime:0.000535s ]
INFO: [ app_begin ] --END-- [ RunTime:0.000593s ]
SQL: SHOW COLUMNS FROM `shop_product` [ RunTime:0.002507s ]
SQL: SELECT COUNT(*) AS tp_count FROM `shop_product` LIMIT 1   [ RunTime:0.000485s ]
SQL: SELECT shop_Product.id as id,shop_Productimg.id as imgid,shop_Product.Name as product_name,shop_Producttype.id as typeid,shop_Producttype.name as Type_name,`Status`,`DbNum`,`Img`,`Price`,`ProductImgId`,`ProductTypeId`,`AddTime`,`Status`,`MarketPrice` FROM `shop_product` LEFT JOIN shop_Productimg on shop_Product.id=ProductId LEFT JOIN shop_Producttype on shop_Product.ProductTypeId=shop_Producttype.id LIMIT 0,25   [ RunTime:0.017935s ]
INFO: [ view_template ] --START--
INFO: Run LocationTemplate Behavior [ RunTime:0.001189s ]
INFO: [ view_template ] --END-- [ RunTime:0.001250s ]
INFO: [ view_parse ] --START--
INFO: Run ParseTemplate Behavior [ RunTime:0.010910s ]
INFO: [ view_parse ] --END-- [ RunTime:0.010974s ]
INFO: [ view_filter ] --START--
INFO: Run ContentReplace Behavior [ RunTime:0.000468s ]
INFO: Run TokenBuild Behavior [ RunTime:0.000378s ]
INFO: Run WriteHtmlCache Behavior [ RunTime:0.000259s ]
INFO: Run ShowRuntime Behavior [ RunTime:0.000460s ]
INFO: [ view_filter ] --END-- [ RunTime:0.001714s ]
INFO: [ view_end ] --START--
INFO: Run ShowPageTrace Behavior [ RunTime:0.000553s ]
INFO: [ view_end ] --END-- [ RunTime:0.000604s ]

[ 2013-03-30T08:48:21+08:00 ] 127.0.0.1 /index.php/admin/Product/getlist?id=21
INFO: [ route_check ] --START--
INFO: Run CheckRoute Behavior [ RunTime:0.001381s ]
INFO: [ route_check ] --END-- [ RunTime:0.001452s ]
INFO: [ app_begin ] --START--
INFO: Run ReadHtmlCache Behavior [ RunTime:0.001178s ]
INFO: [ app_begin ] --END-- [ RunTime:0.001238s ]
SQL: SHOW COLUMNS FROM `shop_product` [ RunTime:0.002512s ]
SQL: SHOW COLUMNS FROM `shop_producttype` [ RunTime:0.002087s ]
SQL: SELECT * FROM `shop_producttype`  [ RunTime:0.000536s ]
NOTIC: [8] Undefined variable: res E:\www\MyTmall\Lib\Action\Admin\ProductAction.class.php 第 49 行.
SQL: SELECT shop_Product.id as id,shop_Productimg.id as imgid,shop_Product.Name as product_name,shop_Producttype.id as typeid,shop_Producttype.name as Type_name,`Status`,`DbNum`,`Des`,`Img`,`Price`,`ProductImgId`,`ProductTypeId`,`AddTime`,`Status`,`MarketPrice`,`Page_Title`,`Page_Keyword`,`Page_Description`,`Page_Url`,`SerialIden` FROM `shop_product` LEFT JOIN shop_Productimg on shop_Product.id=ProductId LEFT JOIN shop_Producttype on shop_Product.ProductTypeId=shop_Producttype.id WHERE ( shop_Product.id = '21' ) LIMIT 1   [ RunTime:0.000434s ]
NOTIC: [8] Undefined index:  AttrValue E:\www\MyTmall\Lib\Action\Admin\ProductAction.class.php 第 54 行.
NOTIC: [8] Undefined variable: typeType E:\www\MyTmall\Lib\Action\Admin\ProductAction.class.php 第 56 行.
NOTIC: [8] Undefined variable: info E:\www\MyTmall\Lib\Action\Admin\ProductAction.class.php 第 59 行.

[ 2013-03-30T08:48:21+08:00 ] ERR: (ThinkException) 无法加载模块:Upload
[ 2013-03-30T08:48:34+08:00 ] 127.0.0.1 /index.php/admin/Public/top
INFO: [ route_check ] --START--
INFO: Run CheckRoute Behavior [ RunTime:0.001269s ]
INFO: [ route_check ] --END-- [ RunTime:0.001382s ]
INFO: [ app_begin ] --START--
INFO: Run ReadHtmlCache Behavior [ RunTime:0.000842s ]
INFO: [ app_begin ] --END-- [ RunTime:0.000935s ]
INFO: [ view_template ] --START--
INFO: Run LocationTemplate Behavior [ RunTime:0.001761s ]
INFO: [ view_template ] --END-- [ RunTime:0.001858s ]
INFO: [ view_parse ] --START--
INFO: Run ParseTemplate Behavior [ RunTime:0.011572s ]
INFO: [ view_parse ] --END-- [ RunTime:0.011650s ]
INFO: [ view_filter ] --START--
INFO: Run ContentReplace Behavior [ RunTime:0.000341s ]
INFO: Run TokenBuild Behavior [ RunTime:0.000383s ]
INFO: Run WriteHtmlCache Behavior [ RunTime:0.000251s ]
INFO: Run ShowRuntime Behavior [ RunTime:0.000427s ]
INFO: [ view_filter ] --END-- [ RunTime:0.001536s ]
INFO: [ view_end ] --START--
INFO: Run ShowPageTrace Behavior [ RunTime:0.000558s ]
INFO: [ view_end ] --END-- [ RunTime:0.000605s ]

[ 2013-03-30T08:49:34+08:00 ] 127.0.0.1 /index.php/admin/Public/top
INFO: [ route_check ] --START--
INFO: Run CheckRoute Behavior [ RunTime:0.001268s ]
INFO: [ route_check ] --END-- [ RunTime:0.001384s ]
INFO: [ app_begin ] --START--
INFO: Run ReadHtmlCache Behavior [ RunTime:0.000845s ]
INFO: [ app_begin ] --END-- [ RunTime:0.000940s ]
INFO: [ view_template ] --START--
INFO: Run LocationTemplate Behavior [ RunTime:0.000578s ]
INFO: [ view_template ] --END-- [ RunTime:0.000671s ]
INFO: [ view_parse ] --START--
INFO: Run ParseTemplate Behavior [ RunTime:0.008409s ]
INFO: [ view_parse ] --END-- [ RunTime:0.008486s ]
INFO: [ view_filter ] --START--
INFO: Run ContentReplace Behavior [ RunTime:0.000350s ]
INFO: Run TokenBuild Behavior [ RunTime:0.000354s ]
INFO: Run WriteHtmlCache Behavior [ RunTime:0.000250s ]
INFO: Run ShowRuntime Behavior [ RunTime:0.000458s ]
INFO: [ view_filter ] --END-- [ RunTime:0.001552s ]
INFO: [ view_end ] --START--
INFO: Run ShowPageTrace Behavior [ RunTime:0.000539s ]
INFO: [ view_end ] --END-- [ RunTime:0.000587s ]

[ 2013-03-30T08:50:07+08:00 ] 127.0.0.1 /index.php/admin/Product/index
INFO: [ route_check ] --START--
INFO: Run CheckRoute Behavior [ RunTime:0.002041s ]
INFO: [ route_check ] --END-- [ RunTime:0.002154s ]
INFO: [ app_begin ] --START--
INFO: Run ReadHtmlCache Behavior [ RunTime:0.001625s ]
INFO: [ app_begin ] --END-- [ RunTime:0.001727s ]
SQL: SHOW COLUMNS FROM `shop_product` [ RunTime:0.002627s ]
SQL: SELECT COUNT(*) AS tp_count FROM `shop_product` LIMIT 1   [ RunTime:0.000493s ]
SQL: SELECT shop_Product.id as id,shop_Productimg.id as imgid,shop_Product.Name as product_name,shop_Producttype.id as typeid,shop_Producttype.name as Type_name,`Status`,`DbNum`,`Img`,`Price`,`ProductImgId`,`ProductTypeId`,`AddTime`,`Status`,`MarketPrice` FROM `shop_product` LEFT JOIN shop_Productimg on shop_Product.id=ProductId LEFT JOIN shop_Producttype on shop_Product.ProductTypeId=shop_Producttype.id LIMIT 0,25   [ RunTime:0.000909s ]
INFO: [ view_template ] --START--
INFO: Run LocationTemplate Behavior [ RunTime:0.001683s ]
INFO: [ view_template ] --END-- [ RunTime:0.001744s ]
INFO: [ view_parse ] --START--
INFO: Run ParseTemplate Behavior [ RunTime:0.013415s ]
INFO: [ view_parse ] --END-- [ RunTime:0.013478s ]
INFO: [ view_filter ] --START--
INFO: Run ContentReplace Behavior [ RunTime:0.000978s ]
INFO: Run TokenBuild Behavior [ RunTime:0.000842s ]
INFO: Run WriteHtmlCache Behavior [ RunTime:0.000718s ]
INFO: Run ShowRuntime Behavior [ RunTime:0.000936s ]
INFO: [ view_filter ] --END-- [ RunTime:0.003617s ]
INFO: [ view_end ] --START--
INFO: Run ShowPageTrace Behavior [ RunTime:0.001075s ]
INFO: [ view_end ] --END-- [ RunTime:0.001128s ]

[ 2013-03-30T08:50:09+08:00 ] ERR: (ThinkException) 非法操作:show
[ 2013-03-30T08:50:09+08:00 ] 127.0.0.1 /index.php/admin/Comment/show
INFO: [ route_check ] --START--
INFO: Run CheckRoute Behavior [ RunTime:0.000821s ]
INFO: [ route_check ] --END-- [ RunTime:0.000898s ]
INFO: [ app_begin ] --START--
INFO: Run ReadHtmlCache Behavior [ RunTime:0.000636s ]
INFO: [ app_begin ] --END-- [ RunTime:0.000691s ]
NOTIC: [8] Undefined index:  class D:\ThinkPHP\Lib\Core\ThinkException.class.php 第 63 行.
NOTIC: [8] Undefined index:  type D:\ThinkPHP\Lib\Core\ThinkException.class.php 第 63 行.
NOTIC: [8] Undefined index:  file D:\ThinkPHP\Lib\Core\ThinkException.class.php 第 62 行.
NOTIC: [8] Undefined index:  line D:\ThinkPHP\Lib\Core\ThinkException.class.php 第 62 行.
NOTIC: [4096] Object of class CommentAction could not be converted to string D:\ThinkPHP\Lib\Core\ThinkException.class.php 第 64 行.
NOTIC: [8] Array to string conversion D:\ThinkPHP\Lib\Core\ThinkException.class.php 第 64 行.
NOTIC: [8] Undefined index:  class D:\ThinkPHP\Lib\Core\ThinkException.class.php 第 63 行.
NOTIC: [8] Undefined index:  type D:\ThinkPHP\Lib\Core\ThinkException.class.php 第 63 行.
NOTIC: [8] Undefined index:  class D:\ThinkPHP\Lib\Core\ThinkException.class.php 第 63 行.
NOTIC: [8] Undefined index:  type D:\ThinkPHP\Lib\Core\ThinkException.class.php 第 63 行.

[ 2013-03-30T08:50:13+08:00 ] 127.0.0.1 /index.php/admin/Product/index
INFO: [ route_check ] --START--
INFO: Run CheckRoute Behavior [ RunTime:0.000834s ]
INFO: [ route_check ] --END-- [ RunTime:0.000913s ]
INFO: [ app_begin ] --START--
INFO: Run ReadHtmlCache Behavior [ RunTime:0.000576s ]
INFO: [ app_begin ] --END-- [ RunTime:0.000645s ]
SQL: SHOW COLUMNS FROM `shop_product` [ RunTime:0.002565s ]
SQL: SELECT COUNT(*) AS tp_count FROM `shop_product` LIMIT 1   [ RunTime:0.000447s ]
SQL: SELECT shop_Product.id as id,shop_Productimg.id as imgid,shop_Product.Name as product_name,shop_Producttype.id as typeid,shop_Producttype.name as Type_name,`Status`,`DbNum`,`Img`,`Price`,`ProductImgId`,`ProductTypeId`,`AddTime`,`Status`,`MarketPrice` FROM `shop_product` LEFT JOIN shop_Productimg on shop_Product.id=ProductId LEFT JOIN shop_Producttype on shop_Product.ProductTypeId=shop_Producttype.id LIMIT 0,25   [ RunTime:0.000859s ]
INFO: [ view_template ] --START--
INFO: Run LocationTemplate Behavior [ RunTime:0.000436s ]
INFO: [ view_template ] --END-- [ RunTime:0.000495s ]
INFO: [ view_parse ] --START--
INFO: Run ParseTemplate Behavior [ RunTime:0.010567s ]
INFO: [ view_parse ] --END-- [ RunTime:0.010639s ]
INFO: [ view_filter ] --START--
INFO: Run ContentReplace Behavior [ RunTime:0.000501s ]
INFO: Run TokenBuild Behavior [ RunTime:0.000387s ]
INFO: Run WriteHtmlCache Behavior [ RunTime:0.000262s ]
INFO: Run ShowRuntime Behavior [ RunTime:0.000466s ]
INFO: [ view_filter ] --END-- [ RunTime:0.001764s ]
INFO: [ view_end ] --START--
INFO: Run ShowPageTrace Behavior [ RunTime:0.000566s ]
INFO: [ view_end ] --END-- [ RunTime:0.000619s ]

[ 2013-03-30T08:50:18+08:00 ] ERR: (ThinkException) 非法操作:show
[ 2013-03-30T08:50:18+08:00 ] 127.0.0.1 /index.php/admin/Comment/show
INFO: [ route_check ] --START--
INFO: Run CheckRoute Behavior [ RunTime:0.000959s ]
INFO: [ route_check ] --END-- [ RunTime:0.001038s ]
INFO: [ app_begin ] --START--
INFO: Run ReadHtmlCache Behavior [ RunTime:0.000572s ]
INFO: [ app_begin ] --END-- [ RunTime:0.000632s ]
NOTIC: [8] Undefined index:  class D:\ThinkPHP\Lib\Core\ThinkException.class.php 第 63 行.
NOTIC: [8] Undefined index:  type D:\ThinkPHP\Lib\Core\ThinkException.class.php 第 63 行.
NOTIC: [8] Undefined index:  file D:\ThinkPHP\Lib\Core\ThinkException.class.php 第 62 行.
NOTIC: [8] Undefined index:  line D:\ThinkPHP\Lib\Core\ThinkException.class.php 第 62 行.
NOTIC: [4096] Object of class CommentAction could not be converted to string D:\ThinkPHP\Lib\Core\ThinkException.class.php 第 64 行.
NOTIC: [8] Array to string conversion D:\ThinkPHP\Lib\Core\ThinkException.class.php 第 64 行.
NOTIC: [8] Undefined index:  class D:\ThinkPHP\Lib\Core\ThinkException.class.php 第 63 行.
NOTIC: [8] Undefined index:  type D:\ThinkPHP\Lib\Core\ThinkException.class.php 第 63 行.
NOTIC: [8] Undefined index:  class D:\ThinkPHP\Lib\Core\ThinkException.class.php 第 63 行.
NOTIC: [8] Undefined index:  type D:\ThinkPHP\Lib\Core\ThinkException.class.php 第 63 行.

[ 2013-03-30T08:50:50+08:00 ] 127.0.0.1 /index.php/admin/Product/index
INFO: [ route_check ] --START--
INFO: Run CheckRoute Behavior [ RunTime:0.001206s ]
INFO: [ route_check ] --END-- [ RunTime:0.001299s ]
INFO: [ app_begin ] --START--
INFO: Run ReadHtmlCache Behavior [ RunTime:0.000507s ]
INFO: [ app_begin ] --END-- [ RunTime:0.000564s ]
SQL: SHOW COLUMNS FROM `shop_product` [ RunTime:0.002440s ]
SQL: SELECT COUNT(*) AS tp_count FROM `shop_product` LIMIT 1   [ RunTime:0.000476s ]
SQL: SELECT shop_Product.id as id,shop_Productimg.id as imgid,shop_Product.Name as product_name,shop_Producttype.id as typeid,shop_Producttype.name as Type_name,`Status`,`DbNum`,`Img`,`Price`,`ProductImgId`,`ProductTypeId`,`AddTime`,`Status`,`MarketPrice` FROM `shop_product` LEFT JOIN shop_Productimg on shop_Product.id=ProductId LEFT JOIN shop_Producttype on shop_Product.ProductTypeId=shop_Producttype.id LIMIT 0,25   [ RunTime:0.000819s ]
INFO: [ view_template ] --START--
INFO: Run LocationTemplate Behavior [ RunTime:0.000441s ]
INFO: [ view_template ] --END-- [ RunTime:0.000496s ]
INFO: [ view_parse ] --START--
INFO: Run ParseTemplate Behavior [ RunTime:0.010533s ]
INFO: [ view_parse ] --END-- [ RunTime:0.010602s ]
INFO: [ view_filter ] --START--
INFO: Run ContentReplace Behavior [ RunTime:0.000475s ]
INFO: Run TokenBuild Behavior [ RunTime:0.000370s ]
INFO: Run WriteHtmlCache Behavior [ RunTime:0.000264s ]
INFO: Run ShowRuntime Behavior [ RunTime:0.000449s ]
INFO: [ view_filter ] --END-- [ RunTime:0.001707s ]
INFO: [ view_end ] --START--
INFO: Run ShowPageTrace Behavior [ RunTime:0.000576s ]
INFO: [ view_end ] --END-- [ RunTime:0.000629s ]

[ 2013-03-30T08:50:52+08:00 ] ERR: [1] Class 'Page' not found E:\www\MyTmall\Lib\Action\Admin\CommentAction.class.php 第 24 行.
[ 2013-03-30T08:51:25+08:00 ] ERR: [1] Unsupported operand types D:\ThinkPHP\Extend\Library\ORG\Util\Page.class.php 第 52 行.
[ 2013-03-30T08:52:12+08:00 ] 127.0.0.1 /index.php/admin/Product/index
INFO: [ route_check ] --START--
INFO: Run CheckRoute Behavior [ RunTime:0.001311s ]
INFO: [ route_check ] --END-- [ RunTime:0.001388s ]
INFO: [ app_begin ] --START--
INFO: Run ReadHtmlCache Behavior [ RunTime:0.001028s ]
INFO: [ app_begin ] --END-- [ RunTime:0.001095s ]
SQL: SHOW COLUMNS FROM `shop_product` [ RunTime:0.002553s ]
SQL: SELECT COUNT(*) AS tp_count FROM `shop_product` LIMIT 1   [ RunTime:0.000501s ]
SQL: SELECT shop_Product.id as id,shop_Productimg.id as imgid,shop_Product.Name as product_name,shop_Producttype.id as typeid,shop_Producttype.name as Type_name,`Status`,`DbNum`,`Img`,`Price`,`ProductImgId`,`ProductTypeId`,`AddTime`,`Status`,`MarketPrice` FROM `shop_product` LEFT JOIN shop_Productimg on shop_Product.id=ProductId LEFT JOIN shop_Producttype on shop_Product.ProductTypeId=shop_Producttype.id LIMIT 0,25   [ RunTime:0.000858s ]
INFO: [ view_template ] --START--
INFO: Run LocationTemplate Behavior [ RunTime:0.001632s ]
INFO: [ view_template ] --END-- [ RunTime:0.001699s ]
INFO: [ view_parse ] --START--
INFO: Run ParseTemplate Behavior [ RunTime:0.013118s ]
INFO: [ view_parse ] --END-- [ RunTime:0.013185s ]
INFO: [ view_filter ] --START--
INFO: Run ContentReplace Behavior [ RunTime:0.000945s ]
INFO: Run TokenBuild Behavior [ RunTime:0.000834s ]
INFO: Run WriteHtmlCache Behavior [ RunTime:0.000693s ]
INFO: Run ShowRuntime Behavior [ RunTime:0.000933s ]
INFO: [ view_filter ] --END-- [ RunTime:0.003552s ]
INFO: [ view_end ] --START--
INFO: Run ShowPageTrace Behavior [ RunTime:0.001023s ]
INFO: [ view_end ] --END-- [ RunTime:0.001084s ]

[ 2013-03-30T08:52:13+08:00 ] ERR: [1] Unsupported operand types D:\ThinkPHP\Extend\Library\ORG\Util\Page.class.php 第 52 行.
[ 2013-03-30T08:53:16+08:00 ] 127.0.0.1 /index.php/admin/Product/index
INFO: [ route_check ] --START--
INFO: Run CheckRoute Behavior [ RunTime:0.000780s ]
INFO: [ route_check ] --END-- [ RunTime:0.000852s ]
INFO: [ app_begin ] --START--
INFO: Run ReadHtmlCache Behavior [ RunTime:0.000526s ]
INFO: [ app_begin ] --END-- [ RunTime:0.000583s ]
SQL: SHOW COLUMNS FROM `shop_product` [ RunTime:0.002559s ]
SQL: SELECT COUNT(*) AS tp_count FROM `shop_product` LIMIT 1   [ RunTime:0.000410s ]
SQL: SELECT shop_Product.id as id,shop_Productimg.id as imgid,shop_Product.Name as product_name,shop_Producttype.id as typeid,shop_Producttype.name as Type_name,`Status`,`DbNum`,`Img`,`Price`,`ProductImgId`,`ProductTypeId`,`AddTime`,`Status`,`MarketPrice` FROM `shop_product` LEFT JOIN shop_Productimg on shop_Product.id=ProductId LEFT JOIN shop_Producttype on shop_Product.ProductTypeId=shop_Producttype.id LIMIT 0,25   [ RunTime:0.000890s ]
INFO: [ view_template ] --START--
INFO: Run LocationTemplate Behavior [ RunTime:0.000473s ]
INFO: [ view_template ] --END-- [ RunTime:0.000533s ]
INFO: [ view_parse ] --START--
INFO: Run ParseTemplate Behavior [ RunTime:0.010468s ]
INFO: [ view_parse ] --END-- [ RunTime:0.010529s ]
INFO: [ view_filter ] --START--
INFO: Run ContentReplace Behavior [ RunTime:0.000482s ]
INFO: Run TokenBuild Behavior [ RunTime:0.000364s ]
INFO: Run WriteHtmlCache Behavior [ RunTime:0.000267s ]
INFO: Run ShowRuntime Behavior [ RunTime:0.000448s ]
INFO: [ view_filter ] --END-- [ RunTime:0.001703s ]
INFO: [ view_end ] --START--
INFO: Run ShowPageTrace Behavior [ RunTime:0.000625s ]
INFO: [ view_end ] --END-- [ RunTime:0.000679s ]

[ 2013-03-30T08:53:17+08:00 ] ERR: [1] Unsupported operand types D:\ThinkPHP\Extend\Library\ORG\Util\Page.class.php 第 52 行.
[ 2013-03-30T08:54:02+08:00 ] ERR: [1] Unsupported operand types D:\ThinkPHP\Extend\Library\ORG\Util\Page.class.php 第 52 行.
[ 2013-03-30T08:54:05+08:00 ] ERR: [1] Unsupported operand types D:\ThinkPHP\Extend\Library\ORG\Util\Page.class.php 第 52 行.
[ 2013-03-30T08:54:39+08:00 ] 127.0.0.1 /index.php/admin/Product/index
INFO: [ route_check ] --START--
INFO: Run CheckRoute Behavior [ RunTime:0.001270s ]
INFO: [ route_check ] --END-- [ RunTime:0.001342s ]
INFO: [ app_begin ] --START--
INFO: Run ReadHtmlCache Behavior [ RunTime:0.000978s ]
INFO: [ app_begin ] --END-- [ RunTime:0.001035s ]
SQL: SHOW COLUMNS FROM `shop_product` [ RunTime:0.002458s ]
SQL: SELECT COUNT(*) AS tp_count FROM `shop_product` LIMIT 1   [ RunTime:0.000538s ]
SQL: SELECT shop_Product.id as id,shop_Productimg.id as imgid,shop_Product.Name as product_name,shop_Producttype.id as typeid,shop_Producttype.name as Type_name,`Status`,`DbNum`,`Img`,`Price`,`ProductImgId`,`ProductTypeId`,`AddTime`,`Status`,`MarketPrice` FROM `shop_product` LEFT JOIN shop_Productimg on shop_Product.id=ProductId LEFT JOIN shop_Producttype on shop_Product.ProductTypeId=shop_Producttype.id LIMIT 0,25   [ RunTime:0.000885s ]
INFO: [ view_template ] --START--
INFO: Run LocationTemplate Behavior [ RunTime:0.001675s ]
INFO: [ view_template ] --END-- [ RunTime:0.001737s ]
INFO: [ view_parse ] --START--
INFO: Run ParseTemplate Behavior [ RunTime:0.013396s ]
INFO: [ view_parse ] --END-- [ RunTime:0.013463s ]
INFO: [ view_filter ] --START--
INFO: Run ContentReplace Behavior [ RunTime:0.000967s ]
INFO: Run TokenBuild Behavior [ RunTime:0.000834s ]
INFO: Run WriteHtmlCache Behavior [ RunTime:0.000717s ]
INFO: Run ShowRuntime Behavior [ RunTime:0.000966s ]
INFO: [ view_filter ] --END-- [ RunTime:0.003631s ]
INFO: [ view_end ] --START--
INFO: Run ShowPageTrace Behavior [ RunTime:0.001102s ]
INFO: [ view_end ] --END-- [ RunTime:0.001155s ]

[ 2013-03-30T08:54:42+08:00 ] ERR: [1] Unsupported operand types D:\ThinkPHP\Extend\Library\ORG\Util\Page.class.php 第 52 行.
[ 2013-03-30T08:54:59+08:00 ] 127.0.0.1 /index.php/admin/Product/index
INFO: [ route_check ] --START--
INFO: Run CheckRoute Behavior [ RunTime:0.000792s ]
INFO: [ route_check ] --END-- [ RunTime:0.000865s ]
INFO: [ app_begin ] --START--
INFO: Run ReadHtmlCache Behavior [ RunTime:0.000539s ]
INFO: [ app_begin ] --END-- [ RunTime:0.000594s ]
SQL: SHOW COLUMNS FROM `shop_product` [ RunTime:0.002582s ]
SQL: SELECT COUNT(*) AS tp_count FROM `shop_product` LIMIT 1   [ RunTime:0.000480s ]
SQL: SELECT shop_Product.id as id,shop_Productimg.id as imgid,shop_Product.Name as product_name,shop_Producttype.id as typeid,shop_Producttype.name as Type_name,`Status`,`DbNum`,`Img`,`Price`,`ProductImgId`,`ProductTypeId`,`AddTime`,`Status`,`MarketPrice` FROM `shop_product` LEFT JOIN shop_Productimg on shop_Product.id=ProductId LEFT JOIN shop_Producttype on shop_Product.ProductTypeId=shop_Producttype.id LIMIT 0,25   [ RunTime:0.000864s ]
INFO: [ view_template ] --START--
INFO: Run LocationTemplate Behavior [ RunTime:0.000452s ]
INFO: [ view_template ] --END-- [ RunTime:0.000513s ]
INFO: [ view_parse ] --START--
INFO: Run ParseTemplate Behavior [ RunTime:0.010614s ]
INFO: [ view_parse ] --END-- [ RunTime:0.010723s ]
INFO: [ view_filter ] --START--
INFO: Run ContentReplace Behavior [ RunTime:0.000489s ]
INFO: Run TokenBuild Behavior [ RunTime:0.000387s ]
INFO: Run WriteHtmlCache Behavior [ RunTime:0.000254s ]
INFO: Run ShowRuntime Behavior [ RunTime:0.000475s ]
INFO: [ view_filter ] --END-- [ RunTime:0.001758s ]
INFO: [ view_end ] --START--
INFO: Run ShowPageTrace Behavior [ RunTime:0.000597s ]
INFO: [ view_end ] --END-- [ RunTime:0.000648s ]

[ 2013-03-30T08:55:01+08:00 ] 127.0.0.1 /index.php/admin/Comment/showComment
INFO: [ route_check ] --START--
INFO: Run CheckRoute Behavior [ RunTime:0.000795s ]
INFO: [ route_check ] --END-- [ RunTime:0.000871s ]
INFO: [ app_begin ] --START--
INFO: Run ReadHtmlCache Behavior [ RunTime:0.000578s ]
INFO: [ app_begin ] --END-- [ RunTime:0.000634s ]
SQL: SHOW COLUMNS FROM `shop_productcomment` [ RunTime:0.002356s ]
SQL: SELECT * FROM `shop_productcomment`  [ RunTime:0.001076s ]

[ 2013-03-30T08:56:28+08:00 ] 127.0.0.1 /index.php/admin/Product/index
INFO: [ route_check ] --START--
INFO: Run CheckRoute Behavior [ RunTime:0.000926s ]
INFO: [ route_check ] --END-- [ RunTime:0.001028s ]
INFO: [ app_begin ] --START--
INFO: Run ReadHtmlCache Behavior [ RunTime:0.000538s ]
INFO: [ app_begin ] --END-- [ RunTime:0.000598s ]
SQL: SHOW COLUMNS FROM `shop_product` [ RunTime:0.002533s ]
SQL: SELECT COUNT(*) AS tp_count FROM `shop_product` LIMIT 1   [ RunTime:0.000466s ]
SQL: SELECT shop_Product.id as id,shop_Productimg.id as imgid,shop_Product.Name as product_name,shop_Producttype.id as typeid,shop_Producttype.name as Type_name,`Status`,`DbNum`,`Img`,`Price`,`ProductImgId`,`ProductTypeId`,`AddTime`,`Status`,`MarketPrice` FROM `shop_product` LEFT JOIN shop_Productimg on shop_Product.id=ProductId LEFT JOIN shop_Producttype on shop_Product.ProductTypeId=shop_Producttype.id LIMIT 0,25   [ RunTime:0.000863s ]
INFO: [ view_template ] --START--
INFO: Run LocationTemplate Behavior [ RunTime:0.000446s ]
INFO: [ view_template ] --END-- [ RunTime:0.000503s ]
INFO: [ view_parse ] --START--
INFO: Run ParseTemplate Behavior [ RunTime:0.010636s ]
INFO: [ view_parse ] --END-- [ RunTime:0.010701s ]
INFO: [ view_filter ] --START--
INFO: Run ContentReplace Behavior [ RunTime:0.000472s ]
INFO: Run TokenBuild Behavior [ RunTime:0.000372s ]
INFO: Run WriteHtmlCache Behavior [ RunTime:0.000394s ]
INFO: Run ShowRuntime Behavior [ RunTime:0.000484s ]
INFO: [ view_filter ] --END-- [ RunTime:0.001867s ]
INFO: [ view_end ] --START--
INFO: Run ShowPageTrace Behavior [ RunTime:0.000568s ]
INFO: [ view_end ] --END-- [ RunTime:0.000635s ]

[ 2013-03-30T08:56:30+08:00 ] 127.0.0.1 /index.php/admin/Comment/showComment
INFO: [ route_check ] --START--
INFO: Run CheckRoute Behavior [ RunTime:0.001000s ]
INFO: [ route_check ] --END-- [ RunTime:0.001092s ]
INFO: [ app_begin ] --START--
INFO: Run ReadHtmlCache Behavior [ RunTime:0.000699s ]
INFO: [ app_begin ] --END-- [ RunTime:0.000772s ]
SQL: SHOW COLUMNS FROM `shop_productcomment` [ RunTime:0.002379s ]
SQL: SELECT * FROM `shop_productcomment` WHERE ( `Product_id` = 43 )  [ RunTime:0.000488s ]

[ 2013-03-30T08:56:54+08:00 ] ERR: [1] Unsupported operand types D:\ThinkPHP\Extend\Library\ORG\Util\Page.class.php 第 52 行.
[ 2013-03-30T08:58:14+08:00 ] 127.0.0.1 /index.php/admin/Product/index
INFO: [ route_check ] --START--
INFO: Run CheckRoute Behavior [ RunTime:0.000833s ]
INFO: [ route_check ] --END-- [ RunTime:0.000912s ]
INFO: [ app_begin ] --START--
INFO: Run ReadHtmlCache Behavior [ RunTime:0.000563s ]
INFO: [ app_begin ] --END-- [ RunTime:0.000620s ]
SQL: SHOW COLUMNS FROM `shop_product` [ RunTime:0.002595s ]
SQL: SELECT COUNT(*) AS tp_count FROM `shop_product` LIMIT 1   [ RunTime:0.000526s ]
SQL: SELECT shop_Product.id as id,shop_Productimg.id as imgid,shop_Product.Name as product_name,shop_Producttype.id as typeid,shop_Producttype.name as Type_name,`Status`,`DbNum`,`Img`,`Price`,`ProductImgId`,`ProductTypeId`,`AddTime`,`Status`,`MarketPrice` FROM `shop_product` LEFT JOIN shop_Productimg on shop_Product.id=ProductId LEFT JOIN shop_Producttype on shop_Product.ProductTypeId=shop_Producttype.id LIMIT 0,25   [ RunTime:0.000870s ]
INFO: [ view_template ] --START--
INFO: Run LocationTemplate Behavior [ RunTime:0.001677s ]
INFO: [ view_template ] --END-- [ RunTime:0.001737s ]
INFO: [ view_parse ] --START--
INFO: Run ParseTemplate Behavior [ RunTime:0.013823s ]
INFO: [ view_parse ] --END-- [ RunTime:0.013894s ]
INFO: [ view_filter ] --START--
INFO: Run ContentReplace Behavior [ RunTime:0.000976s ]
INFO: Run TokenBuild Behavior [ RunTime:0.000921s ]
INFO: Run WriteHtmlCache Behavior [ RunTime:0.000735s ]
INFO: Run ShowRuntime Behavior [ RunTime:0.001032s ]
INFO: [ view_filter ] --END-- [ RunTime:0.003854s ]
INFO: [ view_end ] --START--
INFO: Run ShowPageTrace Behavior [ RunTime:0.001077s ]
INFO: [ view_end ] --END-- [ RunTime:0.001128s ]

[ 2013-03-30T08:58:16+08:00 ] 127.0.0.1 /index.php/admin/Comment/showComment
INFO: [ route_check ] --START--
INFO: Run CheckRoute Behavior [ RunTime:0.000830s ]
INFO: [ route_check ] --END-- [ RunTime:0.000917s ]
INFO: [ app_begin ] --START--
INFO: Run ReadHtmlCache Behavior [ RunTime:0.000614s ]
INFO: [ app_begin ] --END-- [ RunTime:0.000680s ]
SQL: SHOW COLUMNS FROM `shop_productcomment` [ RunTime:0.002509s ]
SQL: SELECT * FROM `shop_productcomment` WHERE ( `Product_id` = 43 )  [ RunTime:0.000574s ]
SQL: SELECT * FROM `shop_productcomment` WHERE ( `Product_id` = 43 )  [ RunTime:0.000212s ]

[ 2013-03-30T08:58:43+08:00 ] 127.0.0.1 /index.php/admin/Product/index
INFO: [ route_check ] --START--
INFO: Run CheckRoute Behavior [ RunTime:0.000812s ]
INFO: [ route_check ] --END-- [ RunTime:0.000888s ]
INFO: [ app_begin ] --START--
INFO: Run ReadHtmlCache Behavior [ RunTime:0.000528s ]
INFO: [ app_begin ] --END-- [ RunTime:0.000585s ]
SQL: SHOW COLUMNS FROM `shop_product` [ RunTime:0.002494s ]
SQL: SELECT COUNT(*) AS tp_count FROM `shop_product` LIMIT 1   [ RunTime:0.000533s ]
SQL: SELECT shop_Product.id as id,shop_Productimg.id as imgid,shop_Product.Name as product_name,shop_Producttype.id as typeid,shop_Producttype.name as Type_name,`Status`,`DbNum`,`Img`,`Price`,`ProductImgId`,`ProductTypeId`,`AddTime`,`Status`,`MarketPrice` FROM `shop_product` LEFT JOIN shop_Productimg on shop_Product.id=ProductId LEFT JOIN shop_Producttype on shop_Product.ProductTypeId=shop_Producttype.id LIMIT 0,25   [ RunTime:0.000835s ]
INFO: [ view_template ] --START--
INFO: Run LocationTemplate Behavior [ RunTime:0.000427s ]
INFO: [ view_template ] --END-- [ RunTime:0.000486s ]
INFO: [ view_parse ] --START--
INFO: Run ParseTemplate Behavior [ RunTime:0.010515s ]
INFO: [ view_parse ] --END-- [ RunTime:0.010578s ]
INFO: [ view_filter ] --START--
INFO: Run ContentReplace Behavior [ RunTime:0.000479s ]
INFO: Run TokenBuild Behavior [ RunTime:0.000380s ]
INFO: Run WriteHtmlCache Behavior [ RunTime:0.000265s ]
INFO: Run ShowRuntime Behavior [ RunTime:0.000467s ]
INFO: [ view_filter ] --END-- [ RunTime:0.001740s ]
INFO: [ view_end ] --START--
INFO: Run ShowPageTrace Behavior [ RunTime:0.000555s ]
INFO: [ view_end ] --END-- [ RunTime:0.000607s ]

[ 2013-03-30T08:58:47+08:00 ] 127.0.0.1 /index.php/admin/Comment/showComment
INFO: [ route_check ] --START--
INFO: Run CheckRoute Behavior [ RunTime:0.000799s ]
INFO: [ route_check ] --END-- [ RunTime:0.000871s ]
INFO: [ app_begin ] --START--
INFO: Run ReadHtmlCache Behavior [ RunTime:0.000542s ]
INFO: [ app_begin ] --END-- [ RunTime:0.000593s ]
SQL: SHOW COLUMNS FROM `shop_productcomment` [ RunTime:0.002392s ]
SQL: SELECT * FROM `shop_productcomment` WHERE ( `Product_id` = 43 )  [ RunTime:0.000645s ]
SQL: SELECT * FROM `shop_productcomment` WHERE ( `Product_id` = 43 )  [ RunTime:0.000199s ]

[ 2013-03-30T08:59:22+08:00 ] 127.0.0.1 /index.php/admin/Product/index
INFO: [ route_check ] --START--
INFO: Run CheckRoute Behavior [ RunTime:0.001238s ]
INFO: [ route_check ] --END-- [ RunTime:0.001309s ]
INFO: [ app_begin ] --START--
INFO: Run ReadHtmlCache Behavior [ RunTime:0.000986s ]
INFO: [ app_begin ] --END-- [ RunTime:0.001044s ]
SQL: SHOW COLUMNS FROM `shop_product` [ RunTime:0.002509s ]
SQL: SELECT COUNT(*) AS tp_count FROM `shop_product` LIMIT 1   [ RunTime:0.000581s ]
SQL: SELECT shop_Product.id as id,shop_Productimg.id as imgid,shop_Product.Name as product_name,shop_Producttype.id as typeid,shop_Producttype.name as Type_name,`Status`,`DbNum`,`Img`,`Price`,`ProductImgId`,`ProductTypeId`,`AddTime`,`Status`,`MarketPrice` FROM `shop_product` LEFT JOIN shop_Productimg on shop_Product.id=ProductId LEFT JOIN shop_Producttype on shop_Product.ProductTypeId=shop_Producttype.id LIMIT 0,25   [ RunTime:0.000827s ]
INFO: [ view_template ] --START--
INFO: Run LocationTemplate Behavior [ RunTime:0.000424s ]
INFO: [ view_template ] --END-- [ RunTime:0.000483s ]
INFO: [ view_parse ] --START--
INFO: Run ParseTemplate Behavior [ RunTime:0.010850s ]
INFO: [ view_parse ] --END-- [ RunTime:0.010920s ]
INFO: [ view_filter ] --START--
INFO: Run ContentReplace Behavior [ RunTime:0.000502s ]
INFO: Run TokenBuild Behavior [ RunTime:0.000382s ]
INFO: Run WriteHtmlCache Behavior [ RunTime:0.000260s ]
INFO: Run ShowRuntime Behavior [ RunTime:0.000463s ]
INFO: [ view_filter ] --END-- [ RunTime:0.001756s ]
INFO: [ view_end ] --START--
INFO: Run ShowPageTrace Behavior [ RunTime:0.000597s ]
INFO: [ view_end ] --END-- [ RunTime:0.000652s ]

[ 2013-03-30T08:59:24+08:00 ] 127.0.0.1 /index.php/admin/Comment/showComment
INFO: [ route_check ] --START--
INFO: Run CheckRoute Behavior [ RunTime:0.000824s ]
INFO: [ route_check ] --END-- [ RunTime:0.000904s ]
INFO: [ app_begin ] --START--
INFO: Run ReadHtmlCache Behavior [ RunTime:0.000725s ]
INFO: [ app_begin ] --END-- [ RunTime:0.000798s ]
SQL: SHOW COLUMNS FROM `shop_productcomment` [ RunTime:0.002478s ]
SQL: SELECT COUNT(*) AS tp_count FROM `shop_productcomment` WHERE ( `Product_id` = 43 ) LIMIT 1   [ RunTime:0.000566s ]
NOTIC: [8] Undefined property: Page::$lastRows E:\www\MyTmall\Lib\Action\Admin\CommentAction.class.php 第 28 行.
SQL: SELECT * FROM `shop_productcomment` WHERE ( `Product_id` = 43 ) LIMIT 0,   [ RunTime:0.000140s ]
ERR: You have an error in your SQL syntax; check the manual that corresponds to your MySQL server version for the right syntax to use near '' at line 1
 [ SQL语句 ] : SELECT * FROM `shop_productcomment` WHERE ( `Product_id` = 43 ) LIMIT 0,  

[ 2013-03-30T09:02:43+08:00 ] 127.0.0.1 /index.php/admin/Product/index
INFO: [ route_check ] --START--
INFO: Run CheckRoute Behavior [ RunTime:0.001318s ]
INFO: [ route_check ] --END-- [ RunTime:0.001395s ]
INFO: [ app_begin ] --START--
INFO: Run ReadHtmlCache Behavior [ RunTime:0.001058s ]
INFO: [ app_begin ] --END-- [ RunTime:0.001121s ]
SQL: SHOW COLUMNS FROM `shop_product` [ RunTime:0.002665s ]
SQL: SELECT COUNT(*) AS tp_count FROM `shop_product` LIMIT 1   [ RunTime:0.000512s ]
SQL: SELECT shop_Product.id as id,shop_Productimg.id as imgid,shop_Product.Name as product_name,shop_Producttype.id as typeid,shop_Producttype.name as Type_name,`Status`,`DbNum`,`Img`,`Price`,`ProductImgId`,`ProductTypeId`,`AddTime`,`Status`,`MarketPrice` FROM `shop_product` LEFT JOIN shop_Productimg on shop_Product.id=ProductId LEFT JOIN shop_Producttype on shop_Product.ProductTypeId=shop_Producttype.id LIMIT 0,25   [ RunTime:0.000918s ]
INFO: [ view_template ] --START--
INFO: Run LocationTemplate Behavior [ RunTime:0.001672s ]
INFO: [ view_template ] --END-- [ RunTime:0.001734s ]
INFO: [ view_parse ] --START--
INFO: Run ParseTemplate Behavior [ RunTime:0.013655s ]
INFO: [ view_parse ] --END-- [ RunTime:0.013723s ]
INFO: [ view_filter ] --START--
INFO: Run ContentReplace Behavior [ RunTime:0.000955s ]
INFO: Run TokenBuild Behavior [ RunTime:0.000833s ]
INFO: Run WriteHtmlCache Behavior [ RunTime:0.000746s ]
INFO: Run ShowRuntime Behavior [ RunTime:0.001091s ]
INFO: [ view_filter ] --END-- [ RunTime:0.003776s ]
INFO: [ view_end ] --START--
INFO: Run ShowPageTrace Behavior [ RunTime:0.001063s ]
INFO: [ view_end ] --END-- [ RunTime:0.001118s ]

[ 2013-03-30T09:02:45+08:00 ] ERR: (ThinkException) Action:ajaxRetrun您所请求的方法不存在！
[ 2013-03-30T09:02:45+08:00 ] 127.0.0.1 /index.php/admin/Comment/showComment
INFO: [ route_check ] --START--
INFO: Run CheckRoute Behavior [ RunTime:0.000881s ]
INFO: [ route_check ] --END-- [ RunTime:0.000962s ]
INFO: [ app_begin ] --START--
INFO: Run ReadHtmlCache Behavior [ RunTime:0.000542s ]
INFO: [ app_begin ] --END-- [ RunTime:0.000596s ]
SQL: SHOW COLUMNS FROM `shop_productcomment` [ RunTime:0.002418s ]
SQL: SELECT COUNT(*) AS tp_count FROM `shop_productcomment` WHERE ( `Product_id` = 43 ) LIMIT 1   [ RunTime:0.000595s ]
NOTIC: [8] Undefined property: Page::$lastRows E:\www\MyTmall\Lib\Action\Admin\CommentAction.class.php 第 26 行.
SQL: SELECT * FROM `shop_productcomment` WHERE ( `Product_id` = 43 ) LIMIT 0,   [ RunTime:0.000140s ]
ERR: You have an error in your SQL syntax; check the manual that corresponds to your MySQL server version for the right syntax to use near '' at line 1
 [ SQL语句 ] : SELECT * FROM `shop_productcomment` WHERE ( `Product_id` = 43 ) LIMIT 0,  
NOTIC: [8] Array to string conversion D:\ThinkPHP\Lib\Core\ThinkException.class.php 第 64 行.
NOTIC: [8] Array to string conversion D:\ThinkPHP\Lib\Core\ThinkException.class.php 第 64 行.
NOTIC: [8] Array to string conversion D:\ThinkPHP\Lib\Core\ThinkException.class.php 第 64 行.
NOTIC: [8] Undefined index:  file D:\ThinkPHP\Lib\Core\ThinkException.class.php 第 62 行.
NOTIC: [8] Undefined index:  line D:\ThinkPHP\Lib\Core\ThinkException.class.php 第 62 行.
NOTIC: [4096] Object of class CommentAction could not be converted to string D:\ThinkPHP\Lib\Core\ThinkException.class.php 第 64 行.
NOTIC: [8] Undefined index:  class D:\ThinkPHP\Lib\Core\ThinkException.class.php 第 63 行.
NOTIC: [8] Undefined index:  type D:\ThinkPHP\Lib\Core\ThinkException.class.php 第 63 行.
NOTIC: [8] Undefined index:  class D:\ThinkPHP\Lib\Core\ThinkException.class.php 第 63 行.
NOTIC: [8] Undefined index:  type D:\ThinkPHP\Lib\Core\ThinkException.class.php 第 63 行.

[ 2013-03-30T09:02:57+08:00 ] 127.0.0.1 /index.php/admin/Product/index
INFO: [ route_check ] --START--
INFO: Run CheckRoute Behavior [ RunTime:0.000808s ]
INFO: [ route_check ] --END-- [ RunTime:0.000886s ]
INFO: [ app_begin ] --START--
INFO: Run ReadHtmlCache Behavior [ RunTime:0.000563s ]
INFO: [ app_begin ] --END-- [ RunTime:0.000634s ]
SQL: SHOW COLUMNS FROM `shop_product` [ RunTime:0.002625s ]
SQL: SELECT COUNT(*) AS tp_count FROM `shop_product` LIMIT 1   [ RunTime:0.000451s ]
SQL: SELECT shop_Product.id as id,shop_Productimg.id as imgid,shop_Product.Name as product_name,shop_Producttype.id as typeid,shop_Producttype.name as Type_name,`Status`,`DbNum`,`Img`,`Price`,`ProductImgId`,`ProductTypeId`,`AddTime`,`Status`,`MarketPrice` FROM `shop_product` LEFT JOIN shop_Productimg on shop_Product.id=ProductId LEFT JOIN shop_Producttype on shop_Product.ProductTypeId=shop_Producttype.id LIMIT 0,25   [ RunTime:0.000831s ]
INFO: [ view_template ] --START--
INFO: Run LocationTemplate Behavior [ RunTime:0.000453s ]
INFO: [ view_template ] --END-- [ RunTime:0.000512s ]
INFO: [ view_parse ] --START--
INFO: Run ParseTemplate Behavior [ RunTime:0.010851s ]
INFO: [ view_parse ] --END-- [ RunTime:0.010919s ]
INFO: [ view_filter ] --START--
INFO: Run ContentReplace Behavior [ RunTime:0.000477s ]
INFO: Run TokenBuild Behavior [ RunTime:0.000385s ]
INFO: Run WriteHtmlCache Behavior [ RunTime:0.000252s ]
INFO: Run ShowRuntime Behavior [ RunTime:0.000447s ]
INFO: [ view_filter ] --END-- [ RunTime:0.001702s ]
INFO: [ view_end ] --START--
INFO: Run ShowPageTrace Behavior [ RunTime:0.000542s ]
INFO: [ view_end ] --END-- [ RunTime:0.000593s ]

[ 2013-03-30T09:02:59+08:00 ] 127.0.0.1 /index.php/admin/Comment/showComment
INFO: [ route_check ] --START--
INFO: Run CheckRoute Behavior [ RunTime:0.000819s ]
INFO: [ route_check ] --END-- [ RunTime:0.000897s ]
INFO: [ app_begin ] --START--
INFO: Run ReadHtmlCache Behavior [ RunTime:0.000559s ]
INFO: [ app_begin ] --END-- [ RunTime:0.000622s ]
SQL: SHOW COLUMNS FROM `shop_productcomment` [ RunTime:0.002570s ]
SQL: SELECT COUNT(*) AS tp_count FROM `shop_productcomment` WHERE ( `Product_id` = 43 ) LIMIT 1   [ RunTime:0.000499s ]
NOTIC: [8] Undefined property: Page::$lastRows E:\www\MyTmall\Lib\Action\Admin\CommentAction.class.php 第 26 行.
SQL: SELECT * FROM `shop_productcomment` WHERE ( `Product_id` = 43 ) LIMIT 0,   [ RunTime:0.000140s ]
ERR: You have an error in your SQL syntax; check the manual that corresponds to your MySQL server version for the right syntax to use near '' at line 1
 [ SQL语句 ] : SELECT * FROM `shop_productcomment` WHERE ( `Product_id` = 43 ) LIMIT 0,  

[ 2013-03-30T09:03:15+08:00 ] 127.0.0.1 /index.php/admin/Comment/showComment
INFO: [ route_check ] --START--
INFO: Run CheckRoute Behavior [ RunTime:0.000787s ]
INFO: [ route_check ] --END-- [ RunTime:0.000861s ]
INFO: [ app_begin ] --START--
INFO: Run ReadHtmlCache Behavior [ RunTime:0.000515s ]
INFO: [ app_begin ] --END-- [ RunTime:0.000566s ]
SQL: SHOW COLUMNS FROM `shop_productcomment` [ RunTime:0.002494s ]
SQL: SELECT COUNT(*) AS tp_count FROM `shop_productcomment` WHERE ( `Product_id` = 43 ) LIMIT 1   [ RunTime:0.000574s ]
NOTIC: [8] Undefined property: Page::$lastRows E:\www\MyTmall\Lib\Action\Admin\CommentAction.class.php 第 26 行.
SQL: SELECT * FROM `shop_productcomment` WHERE ( `Product_id` = 43 ) LIMIT 0,   [ RunTime:0.000151s ]
ERR: You have an error in your SQL syntax; check the manual that corresponds to your MySQL server version for the right syntax to use near '' at line 1
 [ SQL语句 ] : SELECT * FROM `shop_productcomment` WHERE ( `Product_id` = 43 ) LIMIT 0,  

[ 2013-03-30T09:03:39+08:00 ] 127.0.0.1 /index.php/admin/Product/index
INFO: [ route_check ] --START--
INFO: Run CheckRoute Behavior [ RunTime:0.001235s ]
INFO: [ route_check ] --END-- [ RunTime:0.001344s ]
INFO: [ app_begin ] --START--
INFO: Run ReadHtmlCache Behavior [ RunTime:0.000526s ]
INFO: [ app_begin ] --END-- [ RunTime:0.000590s ]
SQL: SHOW COLUMNS FROM `shop_product` [ RunTime:0.002933s ]
SQL: SELECT COUNT(*) AS tp_count FROM `shop_product` LIMIT 1   [ RunTime:0.000381s ]
SQL: SELECT shop_Product.id as id,shop_Productimg.id as imgid,shop_Product.Name as product_name,shop_Producttype.id as typeid,shop_Producttype.name as Type_name,`Status`,`DbNum`,`Img`,`Price`,`ProductImgId`,`ProductTypeId`,`AddTime`,`Status`,`MarketPrice` FROM `shop_product` LEFT JOIN shop_Productimg on shop_Product.id=ProductId LEFT JOIN shop_Producttype on shop_Product.ProductTypeId=shop_Producttype.id LIMIT 0,25   [ RunTime:0.000934s ]
INFO: [ view_template ] --START--
INFO: Run LocationTemplate Behavior [ RunTime:0.000447s ]
INFO: [ view_template ] --END-- [ RunTime:0.000508s ]
INFO: [ view_parse ] --START--
INFO: Run ParseTemplate Behavior [ RunTime:0.011087s ]
INFO: [ view_parse ] --END-- [ RunTime:0.011167s ]
INFO: [ view_filter ] --START--
INFO: Run ContentReplace Behavior [ RunTime:0.000558s ]
INFO: Run TokenBuild Behavior [ RunTime:0.000634s ]
INFO: Run WriteHtmlCache Behavior [ RunTime:0.000315s ]
INFO: Run ShowRuntime Behavior [ RunTime:0.000500s ]
INFO: [ view_filter ] --END-- [ RunTime:0.002201s ]
INFO: [ view_end ] --START--
INFO: Run ShowPageTrace Behavior [ RunTime:0.000607s ]
INFO: [ view_end ] --END-- [ RunTime:0.000661s ]

[ 2013-03-30T09:03:40+08:00 ] 127.0.0.1 /index.php/admin/Product/index
INFO: [ route_check ] --START--
INFO: Run CheckRoute Behavior [ RunTime:0.000786s ]
INFO: [ route_check ] --END-- [ RunTime:0.000858s ]
INFO: [ app_begin ] --START--
INFO: Run ReadHtmlCache Behavior [ RunTime:0.000535s ]
INFO: [ app_begin ] --END-- [ RunTime:0.000593s ]
SQL: SHOW COLUMNS FROM `shop_product` [ RunTime:0.002849s ]
SQL: SELECT COUNT(*) AS tp_count FROM `shop_product` LIMIT 1   [ RunTime:0.000510s ]
SQL: SELECT shop_Product.id as id,shop_Productimg.id as imgid,shop_Product.Name as product_name,shop_Producttype.id as typeid,shop_Producttype.name as Type_name,`Status`,`DbNum`,`Img`,`Price`,`ProductImgId`,`ProductTypeId`,`AddTime`,`Status`,`MarketPrice` FROM `shop_product` LEFT JOIN shop_Productimg on shop_Product.id=ProductId LEFT JOIN shop_Producttype on shop_Product.ProductTypeId=shop_Producttype.id LIMIT 0,25   [ RunTime:0.000847s ]
INFO: [ view_template ] --START--
INFO: Run LocationTemplate Behavior [ RunTime:0.000449s ]
INFO: [ view_template ] --END-- [ RunTime:0.000508s ]
INFO: [ view_parse ] --START--
INFO: Run ParseTemplate Behavior [ RunTime:0.010706s ]
INFO: [ view_parse ] --END-- [ RunTime:0.010774s ]
INFO: [ view_filter ] --START--
INFO: Run ContentReplace Behavior [ RunTime:0.000521s ]
INFO: Run TokenBuild Behavior [ RunTime:0.000385s ]
INFO: Run WriteHtmlCache Behavior [ RunTime:0.000256s ]
INFO: Run ShowRuntime Behavior [ RunTime:0.000547s ]
INFO: [ view_filter ] --END-- [ RunTime:0.001856s ]
INFO: [ view_end ] --START--
INFO: Run ShowPageTrace Behavior [ RunTime:0.000584s ]
INFO: [ view_end ] --END-- [ RunTime:0.000635s ]

[ 2013-03-30T09:03:42+08:00 ] 127.0.0.1 /index.php/admin/Comment/showComment
INFO: [ route_check ] --START--
INFO: Run CheckRoute Behavior [ RunTime:0.000861s ]
INFO: [ route_check ] --END-- [ RunTime:0.000949s ]
INFO: [ app_begin ] --START--
INFO: Run ReadHtmlCache Behavior [ RunTime:0.000543s ]
INFO: [ app_begin ] --END-- [ RunTime:0.000599s ]
SQL: SHOW COLUMNS FROM `shop_productcomment` [ RunTime:0.003232s ]
SQL: SELECT COUNT(*) AS tp_count FROM `shop_productcomment` WHERE ( `Product_id` = 43 ) LIMIT 1   [ RunTime:0.000274s ]
NOTIC: [8] Undefined property: Page::$lastRows E:\www\MyTmall\Lib\Action\Admin\CommentAction.class.php 第 26 行.
SQL: SELECT * FROM `shop_productcomment` WHERE ( `Product_id` = 43 ) LIMIT 0,   [ RunTime:0.000133s ]
ERR: You have an error in your SQL syntax; check the manual that corresponds to your MySQL server version for the right syntax to use near '' at line 1
 [ SQL语句 ] : SELECT * FROM `shop_productcomment` WHERE ( `Product_id` = 43 ) LIMIT 0,  

[ 2013-03-30T09:04:12+08:00 ] 127.0.0.1 /index.php/admin/Product/index
INFO: [ route_check ] --START--
INFO: Run CheckRoute Behavior [ RunTime:0.000780s ]
INFO: [ route_check ] --END-- [ RunTime:0.000862s ]
INFO: [ app_begin ] --START--
INFO: Run ReadHtmlCache Behavior [ RunTime:0.000509s ]
INFO: [ app_begin ] --END-- [ RunTime:0.000566s ]
SQL: SHOW COLUMNS FROM `shop_product` [ RunTime:0.002811s ]
SQL: SELECT COUNT(*) AS tp_count FROM `shop_product` LIMIT 1   [ RunTime:0.000455s ]
SQL: SELECT shop_Product.id as id,shop_Productimg.id as imgid,shop_Product.Name as product_name,shop_Producttype.id as typeid,shop_Producttype.name as Type_name,`Status`,`DbNum`,`Img`,`Price`,`ProductImgId`,`ProductTypeId`,`AddTime`,`Status`,`MarketPrice` FROM `shop_product` LEFT JOIN shop_Productimg on shop_Product.id=ProductId LEFT JOIN shop_Producttype on shop_Product.ProductTypeId=shop_Producttype.id LIMIT 0,25   [ RunTime:0.000863s ]
INFO: [ view_template ] --START--
INFO: Run LocationTemplate Behavior [ RunTime:0.000449s ]
INFO: [ view_template ] --END-- [ RunTime:0.000507s ]
INFO: [ view_parse ] --START--
INFO: Run ParseTemplate Behavior [ RunTime:0.010868s ]
INFO: [ view_parse ] --END-- [ RunTime:0.010952s ]
INFO: [ view_filter ] --START--
INFO: Run ContentReplace Behavior [ RunTime:0.000550s ]
INFO: Run TokenBuild Behavior [ RunTime:0.000385s ]
INFO: Run WriteHtmlCache Behavior [ RunTime:0.000289s ]
INFO: Run ShowRuntime Behavior [ RunTime:0.000486s ]
INFO: [ view_filter ] --END-- [ RunTime:0.001869s ]
INFO: [ view_end ] --START--
INFO: Run ShowPageTrace Behavior [ RunTime:0.000566s ]
INFO: [ view_end ] --END-- [ RunTime:0.000618s ]

[ 2013-03-30T09:04:14+08:00 ] 127.0.0.1 /index.php/admin/Comment/showComment
INFO: [ route_check ] --START--
INFO: Run CheckRoute Behavior [ RunTime:0.001220s ]
INFO: [ route_check ] --END-- [ RunTime:0.001330s ]
INFO: [ app_begin ] --START--
INFO: Run ReadHtmlCache Behavior [ RunTime:0.000803s ]
INFO: [ app_begin ] --END-- [ RunTime:0.000884s ]
SQL: SHOW COLUMNS FROM `shop_productcomment` [ RunTime:0.002390s ]
SQL: SELECT COUNT(*) AS tp_count FROM `shop_productcomment` WHERE ( `Product_id` = 43 ) LIMIT 1   [ RunTime:0.000546s ]
NOTIC: [8] Undefined property: Page::$lastRows E:\www\MyTmall\Lib\Action\Admin\CommentAction.class.php 第 26 行.
SQL: SELECT * FROM `shop_productcomment` WHERE ( `Product_id` = 43 ) LIMIT 0,   [ RunTime:0.000114s ]
ERR: You have an error in your SQL syntax; check the manual that corresponds to your MySQL server version for the right syntax to use near '' at line 1
 [ SQL语句 ] : SELECT * FROM `shop_productcomment` WHERE ( `Product_id` = 43 ) LIMIT 0,  

[ 2013-03-30T09:04:48+08:00 ] 127.0.0.1 /index.php/admin/Product/index
INFO: [ route_check ] --START--
INFO: Run CheckRoute Behavior [ RunTime:0.001357s ]
INFO: [ route_check ] --END-- [ RunTime:0.001446s ]
INFO: [ app_begin ] --START--
INFO: Run ReadHtmlCache Behavior [ RunTime:0.000978s ]
INFO: [ app_begin ] --END-- [ RunTime:0.001037s ]
SQL: SHOW COLUMNS FROM `shop_product` [ RunTime:0.002525s ]
SQL: SELECT COUNT(*) AS tp_count FROM `shop_product` LIMIT 1   [ RunTime:0.000501s ]
SQL: SELECT shop_Product.id as id,shop_Productimg.id as imgid,shop_Product.Name as product_name,shop_Producttype.id as typeid,shop_Producttype.name as Type_name,`Status`,`DbNum`,`Img`,`Price`,`ProductImgId`,`ProductTypeId`,`AddTime`,`Status`,`MarketPrice` FROM `shop_product` LEFT JOIN shop_Productimg on shop_Product.id=ProductId LEFT JOIN shop_Producttype on shop_Product.ProductTypeId=shop_Producttype.id LIMIT 0,25   [ RunTime:0.000859s ]
INFO: [ view_template ] --START--
INFO: Run LocationTemplate Behavior [ RunTime:0.001778s ]
INFO: [ view_template ] --END-- [ RunTime:0.001846s ]
INFO: [ view_parse ] --START--
INFO: Run ParseTemplate Behavior [ RunTime:0.013191s ]
INFO: [ view_parse ] --END-- [ RunTime:0.013254s ]
INFO: [ view_filter ] --START--
INFO: Run ContentReplace Behavior [ RunTime:0.000953s ]
INFO: Run TokenBuild Behavior [ RunTime:0.000936s ]
INFO: Run WriteHtmlCache Behavior [ RunTime:0.000855s ]
INFO: Run ShowRuntime Behavior [ RunTime:0.000963s ]
INFO: [ view_filter ] --END-- [ RunTime:0.003865s ]
INFO: [ view_end ] --START--
INFO: Run ShowPageTrace Behavior [ RunTime:0.001044s ]
INFO: [ view_end ] --END-- [ RunTime:0.001098s ]

[ 2013-03-30T09:04:50+08:00 ] 127.0.0.1 /index.php/admin/Comment/showComment
INFO: [ route_check ] --START--
INFO: Run CheckRoute Behavior [ RunTime:0.000784s ]
INFO: [ route_check ] --END-- [ RunTime:0.000857s ]
INFO: [ app_begin ] --START--
INFO: Run ReadHtmlCache Behavior [ RunTime:0.000568s ]
INFO: [ app_begin ] --END-- [ RunTime:0.000622s ]
SQL: SHOW COLUMNS FROM `shop_productcomment` [ RunTime:0.002419s ]
SQL: SELECT COUNT(*) AS tp_count FROM `shop_productcomment` WHERE ( `Product_id` = 43 ) LIMIT 1   [ RunTime:0.000527s ]
NOTIC: [8] Undefined property: Page::$lastRows E:\www\MyTmall\Lib\Action\Admin\CommentAction.class.php 第 26 行.
SQL: SELECT * FROM `shop_productcomment` WHERE ( `Product_id` = 43 ) LIMIT 0,   [ RunTime:0.000109s ]
ERR: You have an error in your SQL syntax; check the manual that corresponds to your MySQL server version for the right syntax to use near '' at line 1
 [ SQL语句 ] : SELECT * FROM `shop_productcomment` WHERE ( `Product_id` = 43 ) LIMIT 0,  

[ 2013-03-30T09:06:11+08:00 ] 127.0.0.1 /index.php/admin/Product/index
INFO: [ route_check ] --START--
INFO: Run CheckRoute Behavior [ RunTime:0.000787s ]
INFO: [ route_check ] --END-- [ RunTime:0.000858s ]
INFO: [ app_begin ] --START--
INFO: Run ReadHtmlCache Behavior [ RunTime:0.000556s ]
INFO: [ app_begin ] --END-- [ RunTime:0.000612s ]
SQL: SHOW COLUMNS FROM `shop_product` [ RunTime:0.002889s ]
SQL: SELECT COUNT(*) AS tp_count FROM `shop_product` LIMIT 1   [ RunTime:0.000564s ]
SQL: SELECT shop_Product.id as id,shop_Productimg.id as imgid,shop_Product.Name as product_name,shop_Producttype.id as typeid,shop_Producttype.name as Type_name,`Status`,`DbNum`,`Img`,`Price`,`ProductImgId`,`ProductTypeId`,`AddTime`,`Status`,`MarketPrice` FROM `shop_product` LEFT JOIN shop_Productimg on shop_Product.id=ProductId LEFT JOIN shop_Producttype on shop_Product.ProductTypeId=shop_Producttype.id LIMIT 0,25   [ RunTime:0.001396s ]
INFO: [ view_template ] --START--
INFO: Run LocationTemplate Behavior [ RunTime:0.000457s ]
INFO: [ view_template ] --END-- [ RunTime:0.000518s ]
INFO: [ view_parse ] --START--
INFO: Run ParseTemplate Behavior [ RunTime:0.010661s ]
INFO: [ view_parse ] --END-- [ RunTime:0.010724s ]
INFO: [ view_filter ] --START--
INFO: Run ContentReplace Behavior [ RunTime:0.000490s ]
INFO: Run TokenBuild Behavior [ RunTime:0.000366s ]
INFO: Run WriteHtmlCache Behavior [ RunTime:0.000279s ]
INFO: Run ShowRuntime Behavior [ RunTime:0.000449s ]
INFO: [ view_filter ] --END-- [ RunTime:0.001724s ]
INFO: [ view_end ] --START--
INFO: Run ShowPageTrace Behavior [ RunTime:0.000552s ]
INFO: [ view_end ] --END-- [ RunTime:0.000601s ]

[ 2013-03-30T09:06:13+08:00 ] 127.0.0.1 /index.php/admin/Comment/showComment
INFO: [ route_check ] --START--
INFO: Run CheckRoute Behavior [ RunTime:0.000825s ]
INFO: [ route_check ] --END-- [ RunTime:0.000901s ]
INFO: [ app_begin ] --START--
INFO: Run ReadHtmlCache Behavior [ RunTime:0.000548s ]
INFO: [ app_begin ] --END-- [ RunTime:0.000600s ]
SQL: SHOW COLUMNS FROM `shop_productcomment` [ RunTime:0.002831s ]
SQL: SELECT COUNT(*) AS tp_count FROM `shop_productcomment` WHERE ( `Product_id` = 43 ) LIMIT 1   [ RunTime:0.000640s ]
NOTIC: [8] Undefined property: Page::$lastRows E:\www\MyTmall\Lib\Action\Admin\CommentAction.class.php 第 26 行.
SQL: SELECT * FROM `shop_productcomment` WHERE ( `Product_id` = 43 ) LIMIT 0,   [ RunTime:0.000132s ]
ERR: You have an error in your SQL syntax; check the manual that corresponds to your MySQL server version for the right syntax to use near '' at line 1
 [ SQL语句 ] : SELECT * FROM `shop_productcomment` WHERE ( `Product_id` = 43 ) LIMIT 0,  

[ 2013-03-30T09:06:42+08:00 ] 127.0.0.1 /index.php/admin/Product/index
INFO: [ route_check ] --START--
INFO: Run CheckRoute Behavior [ RunTime:0.001264s ]
INFO: [ route_check ] --END-- [ RunTime:0.001375s ]
INFO: [ app_begin ] --START--
INFO: Run ReadHtmlCache Behavior [ RunTime:0.000842s ]
INFO: [ app_begin ] --END-- [ RunTime:0.000936s ]
SQL: SHOW COLUMNS FROM `shop_product` [ RunTime:0.002512s ]
SQL: SELECT COUNT(*) AS tp_count FROM `shop_product` LIMIT 1   [ RunTime:0.000544s ]
SQL: SELECT shop_Product.id as id,shop_Productimg.id as imgid,shop_Product.Name as product_name,shop_Producttype.id as typeid,shop_Producttype.name as Type_name,`Status`,`DbNum`,`Img`,`Price`,`ProductImgId`,`ProductTypeId`,`AddTime`,`Status`,`MarketPrice` FROM `shop_product` LEFT JOIN shop_Productimg on shop_Product.id=ProductId LEFT JOIN shop_Producttype on shop_Product.ProductTypeId=shop_Producttype.id LIMIT 0,25   [ RunTime:0.000853s ]
INFO: [ view_template ] --START--
INFO: Run LocationTemplate Behavior [ RunTime:0.000426s ]
INFO: [ view_template ] --END-- [ RunTime:0.000482s ]
INFO: [ view_parse ] --START--
INFO: Run ParseTemplate Behavior [ RunTime:0.010673s ]
INFO: [ view_parse ] --END-- [ RunTime:0.010750s ]
INFO: [ view_filter ] --START--
INFO: Run ContentReplace Behavior [ RunTime:0.000501s ]
INFO: Run TokenBuild Behavior [ RunTime:0.000386s ]
INFO: Run WriteHtmlCache Behavior [ RunTime:0.000288s ]
INFO: Run ShowRuntime Behavior [ RunTime:0.000523s ]
INFO: [ view_filter ] --END-- [ RunTime:0.001847s ]
INFO: [ view_end ] --START--
INFO: Run ShowPageTrace Behavior [ RunTime:0.000565s ]
INFO: [ view_end ] --END-- [ RunTime:0.000618s ]

[ 2013-03-30T09:06:45+08:00 ] 127.0.0.1 /index.php/admin/Comment/showComment
INFO: [ route_check ] --START--
INFO: Run CheckRoute Behavior [ RunTime:0.001245s ]
INFO: [ route_check ] --END-- [ RunTime:0.001319s ]
INFO: [ app_begin ] --START--
INFO: Run ReadHtmlCache Behavior [ RunTime:0.000988s ]
INFO: [ app_begin ] --END-- [ RunTime:0.001049s ]
SQL: SHOW COLUMNS FROM `shop_productcomment` [ RunTime:0.002487s ]
SQL: SELECT COUNT(*) AS tp_count FROM `shop_productcomment` WHERE ( `Product_id` = 43 ) LIMIT 1   [ RunTime:0.000554s ]
NOTIC: [8] Undefined property: Page::$lastRows E:\www\MyTmall\Lib\Action\Admin\CommentAction.class.php 第 26 行.
SQL: SELECT * FROM `shop_productcomment` WHERE ( `Product_id` = 43 ) LIMIT 0,   [ RunTime:0.000110s ]
ERR: You have an error in your SQL syntax; check the manual that corresponds to your MySQL server version for the right syntax to use near '' at line 1
 [ SQL语句 ] : SELECT * FROM `shop_productcomment` WHERE ( `Product_id` = 43 ) LIMIT 0,  

[ 2013-03-30T09:07:02+08:00 ] 127.0.0.1 /index.php/admin/Product/index
INFO: [ route_check ] --START--
INFO: Run CheckRoute Behavior [ RunTime:0.000799s ]
INFO: [ route_check ] --END-- [ RunTime:0.000872s ]
INFO: [ app_begin ] --START--
INFO: Run ReadHtmlCache Behavior [ RunTime:0.000543s ]
INFO: [ app_begin ] --END-- [ RunTime:0.000602s ]
SQL: SHOW COLUMNS FROM `shop_product` [ RunTime:0.002610s ]
SQL: SELECT COUNT(*) AS tp_count FROM `shop_product` LIMIT 1   [ RunTime:0.000574s ]
SQL: SELECT shop_Product.id as id,shop_Productimg.id as imgid,shop_Product.Name as product_name,shop_Producttype.id as typeid,shop_Producttype.name as Type_name,`Status`,`DbNum`,`Img`,`Price`,`ProductImgId`,`ProductTypeId`,`AddTime`,`Status`,`MarketPrice` FROM `shop_product` LEFT JOIN shop_Productimg on shop_Product.id=ProductId LEFT JOIN shop_Producttype on shop_Product.ProductTypeId=shop_Producttype.id LIMIT 0,25   [ RunTime:0.000835s ]
INFO: [ view_template ] --START--
INFO: Run LocationTemplate Behavior [ RunTime:0.001664s ]
INFO: [ view_template ] --END-- [ RunTime:0.001724s ]
INFO: [ view_parse ] --START--
INFO: Run ParseTemplate Behavior [ RunTime:0.013718s ]
INFO: [ view_parse ] --END-- [ RunTime:0.013790s ]
INFO: [ view_filter ] --START--
INFO: Run ContentReplace Behavior [ RunTime:0.000984s ]
INFO: Run TokenBuild Behavior [ RunTime:0.000864s ]
INFO: Run WriteHtmlCache Behavior [ RunTime:0.000726s ]
INFO: Run ShowRuntime Behavior [ RunTime:0.000987s ]
INFO: [ view_filter ] --END-- [ RunTime:0.003714s ]
INFO: [ view_end ] --START--
INFO: Run ShowPageTrace Behavior [ RunTime:0.001050s ]
INFO: [ view_end ] --END-- [ RunTime:0.001103s ]

[ 2013-03-30T09:07:04+08:00 ] 127.0.0.1 /index.php/admin/Comment/showComment
INFO: [ route_check ] --START--
INFO: Run CheckRoute Behavior [ RunTime:0.000847s ]
INFO: [ route_check ] --END-- [ RunTime:0.000927s ]
INFO: [ app_begin ] --START--
INFO: Run ReadHtmlCache Behavior [ RunTime:0.000532s ]
INFO: [ app_begin ] --END-- [ RunTime:0.000583s ]
SQL: SHOW COLUMNS FROM `shop_productcomment` [ RunTime:0.002473s ]
SQL: SELECT COUNT(*) AS tp_count FROM `shop_productcomment` WHERE ( `Product_id` = 44 ) LIMIT 1   [ RunTime:0.011341s ]
NOTIC: [8] Undefined property: Page::$lastRows E:\www\MyTmall\Lib\Action\Admin\CommentAction.class.php 第 26 行.
SQL: SELECT * FROM `shop_productcomment` WHERE ( `Product_id` = 44 ) LIMIT 0,   [ RunTime:0.000183s ]
ERR: You have an error in your SQL syntax; check the manual that corresponds to your MySQL server version for the right syntax to use near '' at line 1
 [ SQL语句 ] : SELECT * FROM `shop_productcomment` WHERE ( `Product_id` = 44 ) LIMIT 0,  

[ 2013-03-30T09:07:23+08:00 ] 127.0.0.1 /index.php/admin/Product/index
INFO: [ route_check ] --START--
INFO: Run CheckRoute Behavior [ RunTime:0.000840s ]
INFO: [ route_check ] --END-- [ RunTime:0.000920s ]
INFO: [ app_begin ] --START--
INFO: Run ReadHtmlCache Behavior [ RunTime:0.000560s ]
INFO: [ app_begin ] --END-- [ RunTime:0.000624s ]
SQL: SHOW COLUMNS FROM `shop_product` [ RunTime:0.002628s ]
SQL: SELECT COUNT(*) AS tp_count FROM `shop_product` LIMIT 1   [ RunTime:0.000495s ]
SQL: SELECT shop_Product.id as id,shop_Productimg.id as imgid,shop_Product.Name as product_name,shop_Producttype.id as typeid,shop_Producttype.name as Type_name,`Status`,`DbNum`,`Img`,`Price`,`ProductImgId`,`ProductTypeId`,`AddTime`,`Status`,`MarketPrice` FROM `shop_product` LEFT JOIN shop_Productimg on shop_Product.id=ProductId LEFT JOIN shop_Producttype on shop_Product.ProductTypeId=shop_Producttype.id LIMIT 0,25   [ RunTime:0.000866s ]
INFO: [ view_template ] --START--
INFO: Run LocationTemplate Behavior [ RunTime:0.000447s ]
INFO: [ view_template ] --END-- [ RunTime:0.000507s ]
INFO: [ view_parse ] --START--
INFO: Run ParseTemplate Behavior [ RunTime:0.010702s ]
INFO: [ view_parse ] --END-- [ RunTime:0.010768s ]
INFO: [ view_filter ] --START--
INFO: Run ContentReplace Behavior [ RunTime:0.000488s ]
INFO: Run TokenBuild Behavior [ RunTime:0.000425s ]
INFO: Run WriteHtmlCache Behavior [ RunTime:0.000268s ]
INFO: Run ShowRuntime Behavior [ RunTime:0.000590s ]
INFO: [ view_filter ] --END-- [ RunTime:0.001922s ]
INFO: [ view_end ] --START--
INFO: Run ShowPageTrace Behavior [ RunTime:0.000565s ]
INFO: [ view_end ] --END-- [ RunTime:0.000619s ]

[ 2013-03-30T09:07:24+08:00 ] 127.0.0.1 /index.php/admin/Comment/showComment
INFO: [ route_check ] --START--
INFO: Run CheckRoute Behavior [ RunTime:0.000814s ]
INFO: [ route_check ] --END-- [ RunTime:0.000891s ]
INFO: [ app_begin ] --START--
INFO: Run ReadHtmlCache Behavior [ RunTime:0.000527s ]
INFO: [ app_begin ] --END-- [ RunTime:0.000579s ]
SQL: SHOW COLUMNS FROM `shop_productcomment` [ RunTime:0.002473s ]
SQL: SELECT COUNT(*) AS tp_count FROM `shop_productcomment` WHERE ( `Product_id` = 43 ) LIMIT 1   [ RunTime:0.000563s ]
NOTIC: [8] Undefined property: Page::$lastRows E:\www\MyTmall\Lib\Action\Admin\CommentAction.class.php 第 26 行.
SQL: SELECT * FROM `shop_productcomment` WHERE ( `Product_id` = 43 ) LIMIT 0,   [ RunTime:0.000108s ]
ERR: You have an error in your SQL syntax; check the manual that corresponds to your MySQL server version for the right syntax to use near '' at line 1
 [ SQL语句 ] : SELECT * FROM `shop_productcomment` WHERE ( `Product_id` = 43 ) LIMIT 0,  

[ 2013-03-30T09:08:22+08:00 ] 127.0.0.1 /index.php/admin/Product/index
INFO: [ route_check ] --START--
INFO: Run CheckRoute Behavior [ RunTime:0.000803s ]
INFO: [ route_check ] --END-- [ RunTime:0.000878s ]
INFO: [ app_begin ] --START--
INFO: Run ReadHtmlCache Behavior [ RunTime:0.000529s ]
INFO: [ app_begin ] --END-- [ RunTime:0.000585s ]
SQL: SHOW COLUMNS FROM `shop_product` [ RunTime:0.002573s ]
SQL: SELECT COUNT(*) AS tp_count FROM `shop_product` LIMIT 1   [ RunTime:0.000535s ]
SQL: SELECT shop_Product.id as id,shop_Productimg.id as imgid,shop_Product.Name as product_name,shop_Producttype.id as typeid,shop_Producttype.name as Type_name,`Status`,`DbNum`,`Img`,`Price`,`ProductImgId`,`ProductTypeId`,`AddTime`,`Status`,`MarketPrice` FROM `shop_product` LEFT JOIN shop_Productimg on shop_Product.id=ProductId LEFT JOIN shop_Producttype on shop_Product.ProductTypeId=shop_Producttype.id LIMIT 0,25   [ RunTime:0.000863s ]
INFO: [ view_template ] --START--
INFO: Run LocationTemplate Behavior [ RunTime:0.000462s ]
INFO: [ view_template ] --END-- [ RunTime:0.000520s ]
INFO: [ view_parse ] --START--
INFO: Run ParseTemplate Behavior [ RunTime:0.010413s ]
INFO: [ view_parse ] --END-- [ RunTime:0.010472s ]
INFO: [ view_filter ] --START--
INFO: Run ContentReplace Behavior [ RunTime:0.000499s ]
INFO: Run TokenBuild Behavior [ RunTime:0.000369s ]
INFO: Run WriteHtmlCache Behavior [ RunTime:0.000272s ]
INFO: Run ShowRuntime Behavior [ RunTime:0.000445s ]
INFO: [ view_filter ] --END-- [ RunTime:0.001729s ]
INFO: [ view_end ] --START--
INFO: Run ShowPageTrace Behavior [ RunTime:0.000667s ]
INFO: [ view_end ] --END-- [ RunTime:0.000726s ]

[ 2013-03-30T09:08:23+08:00 ] 127.0.0.1 /index.php/admin/Comment/showComment
INFO: [ route_check ] --START--
INFO: Run CheckRoute Behavior [ RunTime:0.001291s ]
INFO: [ route_check ] --END-- [ RunTime:0.001404s ]
INFO: [ app_begin ] --START--
INFO: Run ReadHtmlCache Behavior [ RunTime:0.000879s ]
INFO: [ app_begin ] --END-- [ RunTime:0.000970s ]
SQL: SHOW COLUMNS FROM `shop_productcomment` [ RunTime:0.002403s ]
SQL: SELECT COUNT(*) AS tp_count FROM `shop_productcomment` WHERE ( `Product_id` = 43 ) LIMIT 1   [ RunTime:0.000584s ]
SQL: SELECT * FROM `shop_productcomment` WHERE ( `Product_id` = 43 ) LIMIT 0,25   [ RunTime:0.000184s ]

[ 2013-03-30T09:08:35+08:00 ] 127.0.0.1 /index.php/admin/Product/index
INFO: [ route_check ] --START--
INFO: Run CheckRoute Behavior [ RunTime:0.001048s ]
INFO: [ route_check ] --END-- [ RunTime:0.001128s ]
INFO: [ app_begin ] --START--
INFO: Run ReadHtmlCache Behavior [ RunTime:0.000596s ]
INFO: [ app_begin ] --END-- [ RunTime:0.000656s ]
SQL: SHOW COLUMNS FROM `shop_product` [ RunTime:0.002642s ]
SQL: SELECT COUNT(*) AS tp_count FROM `shop_product` LIMIT 1   [ RunTime:0.000512s ]
SQL: SELECT shop_Product.id as id,shop_Productimg.id as imgid,shop_Product.Name as product_name,shop_Producttype.id as typeid,shop_Producttype.name as Type_name,`Status`,`DbNum`,`Img`,`Price`,`ProductImgId`,`ProductTypeId`,`AddTime`,`Status`,`MarketPrice` FROM `shop_product` LEFT JOIN shop_Productimg on shop_Product.id=ProductId LEFT JOIN shop_Producttype on shop_Product.ProductTypeId=shop_Producttype.id LIMIT 0,25   [ RunTime:0.000871s ]
INFO: [ view_template ] --START--
INFO: Run LocationTemplate Behavior [ RunTime:0.000467s ]
INFO: [ view_template ] --END-- [ RunTime:0.000530s ]
INFO: [ view_parse ] --START--
INFO: Run ParseTemplate Behavior [ RunTime:0.010644s ]
INFO: [ view_parse ] --END-- [ RunTime:0.010711s ]
INFO: [ view_filter ] --START--
INFO: Run ContentReplace Behavior [ RunTime:0.000534s ]
INFO: Run TokenBuild Behavior [ RunTime:0.000661s ]
INFO: Run WriteHtmlCache Behavior [ RunTime:0.000292s ]
INFO: Run ShowRuntime Behavior [ RunTime:0.000482s ]
INFO: [ view_filter ] --END-- [ RunTime:0.002118s ]
INFO: [ view_end ] --START--
INFO: Run ShowPageTrace Behavior [ RunTime:0.000564s ]
INFO: [ view_end ] --END-- [ RunTime:0.000618s ]

[ 2013-03-30T09:08:37+08:00 ] 127.0.0.1 /index.php/admin/Comment/showComment
INFO: [ route_check ] --START--
INFO: Run CheckRoute Behavior [ RunTime:0.000809s ]
INFO: [ route_check ] --END-- [ RunTime:0.000886s ]
INFO: [ app_begin ] --START--
INFO: Run ReadHtmlCache Behavior [ RunTime:0.000586s ]
INFO: [ app_begin ] --END-- [ RunTime:0.000651s ]
SQL: SHOW COLUMNS FROM `shop_productcomment` [ RunTime:0.002410s ]
SQL: SELECT COUNT(*) AS tp_count FROM `shop_productcomment` WHERE ( `Product_id` = 43 ) LIMIT 1   [ RunTime:0.000624s ]
SQL: SELECT * FROM `shop_productcomment` WHERE ( `Product_id` = 43 ) LIMIT 0,25   [ RunTime:0.000230s ]

[ 2013-03-30T10:39:18+08:00 ] 127.0.0.1 /
INFO: [ app_begin ] --START--
INFO: Run ReadHtmlCache Behavior [ RunTime:0.001004s ]
INFO: [ app_begin ] --END-- [ RunTime:0.001087s ]
SQL: SHOW COLUMNS FROM `shop_product` [ RunTime:0.015802s ]
SQL: SELECT shop_Product.id as id,shop_Productimg.id as imgid,`DbNum`,`Name`,`Img`,`Price`,`ProductImgId`,`Status`,`MarketPrice` FROM `shop_product` LEFT JOIN shop_Productimg on shop_Product.id=ProductId WHERE ( Status=1 ) LIMIT 50   [ RunTime:0.038116s ]
INFO: [ view_template ] --START--
INFO: Run LocationTemplate Behavior [ RunTime:0.003432s ]
INFO: [ view_template ] --END-- [ RunTime:0.003557s ]
INFO: [ view_parse ] --START--
INFO: Run ParseTemplate Behavior [ RunTime:0.044322s ]
INFO: [ view_parse ] --END-- [ RunTime:0.044431s ]
INFO: [ view_filter ] --START--
INFO: Run ContentReplace Behavior [ RunTime:0.001334s ]
INFO: Run TokenBuild Behavior [ RunTime:0.001221s ]
INFO: Run WriteHtmlCache Behavior [ RunTime:0.001037s ]
INFO: Run ShowRuntime Behavior [ RunTime:0.001539s ]
INFO: [ view_filter ] --END-- [ RunTime:0.005353s ]
INFO: [ view_end ] --START--
INFO: Run ShowPageTrace Behavior [ RunTime:0.001541s ]
INFO: [ view_end ] --END-- [ RunTime:0.001621s ]

[ 2013-03-30T10:39:18+08:00 ] ERR: (ThinkException) 无法加载模块:favicon
[ 2013-03-30T10:39:18+08:00 ] ERR: (ThinkException) 无法加载模块:favicon
[ 2013-03-30T10:39:18+08:00 ] ERR: (ThinkException) 无法加载模块:favicon
