[ 2013-03-26T21:48:56+08:00 ] 127.0.0.1 /index.php/admin/Admanager/insert
INFO: [ route_check ] --START--
INFO: Run CheckRoute Behavior [ RunTime:0.001974s ]
INFO: [ route_check ] --END-- [ RunTime:0.002279s ]
INFO: [ app_begin ] --START--
INFO: Run ReadHtmlCache Behavior [ RunTime:0.001119s ]
INFO: [ app_begin ] --END-- [ RunTime:0.001298s ]
SQL: SHOW COLUMNS FROM `shop_adurl` [ RunTime:0.004818s ]
SQL: INSERT INTO `shop_adurl` (`Name`,`Url`,`start_time`,`end_time`) VALUES ('ad','http://www.baidu.com','2013-03-26 21:21:21','2013-03-26 21:21:21') [ RunTime:0.001594s ]
NOTIC: [8] Undefined variable: data E:\www\MyTmall\Lib\Action\Admin\AdmanagerAction.class.php 第 24 行.

[ 2013-03-26T21:50:16+08:00 ] 127.0.0.1 /index.php/admin/Admanager/index
INFO: [ route_check ] --START--
INFO: Run CheckRoute Behavior [ RunTime:0.000966s ]
INFO: [ route_check ] --END-- [ RunTime:0.001119s ]
INFO: [ app_begin ] --START--
INFO: Run ReadHtmlCache Behavior [ RunTime:0.000716s ]
INFO: [ app_begin ] --END-- [ RunTime:0.000836s ]
SQL: SHOW COLUMNS FROM `shop_adurl` [ RunTime:0.004374s ]
SQL: SELECT * FROM `shop_adurl`  [ RunTime:0.000397s ]
INFO: [ view_template ] --START--
INFO: Run LocationTemplate Behavior [ RunTime:0.001487s ]
INFO: [ view_template ] --END-- [ RunTime:0.001617s ]
INFO: [ view_parse ] --START--
INFO: Run ParseTemplate Behavior [ RunTime:0.010653s ]
INFO: [ view_parse ] --END-- [ RunTime:0.010814s ]
INFO: [ view_filter ] --START--
INFO: Run ContentReplace Behavior [ RunTime:0.000814s ]
INFO: Run TokenBuild Behavior [ RunTime:0.000904s ]
INFO: Run WriteHtmlCache Behavior [ RunTime:0.000684s ]
INFO: Run ShowRuntime Behavior [ RunTime:0.000996s ]
INFO: [ view_filter ] --END-- [ RunTime:0.003740s ]
INFO: [ view_end ] --START--
INFO: Run ShowPageTrace Behavior [ RunTime:0.001072s ]
INFO: [ view_end ] --END-- [ RunTime:0.001195s ]

[ 2013-03-26T21:50:51+08:00 ] 127.0.0.1 /index.php/admin/Admanager/insert
INFO: [ route_check ] --START--
INFO: Run CheckRoute Behavior [ RunTime:0.001283s ]
INFO: [ route_check ] --END-- [ RunTime:0.001429s ]
INFO: [ app_begin ] --START--
INFO: Run ReadHtmlCache Behavior [ RunTime:0.001089s ]
INFO: [ app_begin ] --END-- [ RunTime:0.001212s ]
SQL: SHOW COLUMNS FROM `shop_adurl` [ RunTime:0.004572s ]
SQL: INSERT INTO `shop_adurl` (`Name`,`Url`,`start_time`,`end_time`) VALUES ('kele','http://www.baidu.com','2013-03-26 21:50:00','2013-03-26 21:50:01') [ RunTime:0.028124s ]
NOTIC: [8] Undefined variable: data E:\www\MyTmall\Lib\Action\Admin\AdmanagerAction.class.php 第 24 行.

